2018-06-27 14:01:48,058 INFO [com.netflix.discovery.shared.resolver.aws.ConfigClusterResolver:43] Resolving eureka endpoints via configuration
2018-06-27 14:06:48,063 INFO [com.netflix.discovery.shared.resolver.aws.ConfigClusterResolver:43] Resolving eureka endpoints via configuration
2018-06-27 14:11:48,065 INFO [com.netflix.discovery.shared.resolver.aws.ConfigClusterResolver:43] Resolving eureka endpoints via configuration
2018-06-27 14:12:29,398 INFO [com.xunyu.config.logs.GlobalExceptionHandler:43] GlobalExceptionHandler,捕获异常:null;eString:java.lang.NullPointerException
	at com.xunyu.xunyu_tactics.controller.CarrierNumConfigController.editNums(CarrierNumConfigController.java:35)
	at sun.reflect.NativeMethodAccessorImpl.invoke0(Native Method)
	at sun.reflect.NativeMethodAccessorImpl.invoke(NativeMethodAccessorImpl.java:62)
	at sun.reflect.DelegatingMethodAccessorImpl.invoke(DelegatingMethodAccessorImpl.java:43)
	at java.lang.reflect.Method.invoke(Method.java:498)
	at org.springframework.web.method.support.InvocableHandlerMethod.doInvoke(InvocableHandlerMethod.java:205)
	at org.springframework.web.method.support.InvocableHandlerMethod.invokeForRequest(InvocableHandlerMethod.java:133)
	at org.springframework.web.servlet.mvc.method.annotation.ServletInvocableHandlerMethod.invokeAndHandle(ServletInvocableHandlerMethod.java:97)
	at org.springframework.web.servlet.mvc.method.annotation.RequestMappingHandlerAdapter.invokeHandlerMethod(RequestMappingHandlerAdapter.java:827)
	at org.springframework.web.servlet.mvc.method.annotation.RequestMappingHandlerAdapter.handleInternal(RequestMappingHandlerAdapter.java:738)
	at org.springframework.web.servlet.mvc.method.AbstractHandlerMethodAdapter.handle(AbstractHandlerMethodAdapter.java:85)
	at org.springframework.web.servlet.DispatcherServlet.doDispatch(DispatcherServlet.java:967)
	at org.springframework.web.servlet.DispatcherServlet.doService(DispatcherServlet.java:901)
	at org.springframework.web.servlet.FrameworkServlet.processRequest(FrameworkServlet.java:970)
	at org.springframework.web.servlet.FrameworkServlet.doPost(FrameworkServlet.java:872)
	at javax.servlet.http.HttpServlet.service(HttpServlet.java:661)
	at org.springframework.web.servlet.FrameworkServlet.service(FrameworkServlet.java:846)
	at javax.servlet.http.HttpServlet.service(HttpServlet.java:742)
	at org.apache.catalina.core.ApplicationFilterChain.internalDoFilter(ApplicationFilterChain.java:231)
	at org.apache.catalina.core.ApplicationFilterChain.doFilter(ApplicationFilterChain.java:166)
	at org.apache.tomcat.websocket.server.WsFilter.doFilter(WsFilter.java:52)
	at org.apache.catalina.core.ApplicationFilterChain.internalDoFilter(ApplicationFilterChain.java:193)
	at org.apache.catalina.core.ApplicationFilterChain.doFilter(ApplicationFilterChain.java:166)
	at org.springframework.boot.web.filter.ApplicationContextHeaderFilter.doFilterInternal(ApplicationContextHeaderFilter.java:55)
	at org.springframework.web.filter.OncePerRequestFilter.doFilter(OncePerRequestFilter.java:107)
	at org.apache.catalina.core.ApplicationFilterChain.internalDoFilter(ApplicationFilterChain.java:193)
	at org.apache.catalina.core.ApplicationFilterChain.doFilter(ApplicationFilterChain.java:166)
	at com.xunyu.config.filter.SessionFilter.doFilter(SessionFilter.java:35)
	at org.apache.catalina.core.ApplicationFilterChain.internalDoFilter(ApplicationFilterChain.java:193)
	at org.apache.catalina.core.ApplicationFilterChain.doFilter(ApplicationFilterChain.java:166)
	at com.alibaba.druid.support.http.WebStatFilter.doFilter(WebStatFilter.java:123)
	at org.apache.catalina.core.ApplicationFilterChain.internalDoFilter(ApplicationFilterChain.java:193)
	at org.apache.catalina.core.ApplicationFilterChain.doFilter(ApplicationFilterChain.java:166)
	at org.springframework.boot.actuate.trace.WebRequestTraceFilter.doFilterInternal(WebRequestTraceFilter.java:110)
	at org.springframework.web.filter.OncePerRequestFilter.doFilter(OncePerRequestFilter.java:107)
	at org.apache.catalina.core.ApplicationFilterChain.internalDoFilter(ApplicationFilterChain.java:193)
	at org.apache.catalina.core.ApplicationFilterChain.doFilter(ApplicationFilterChain.java:166)
	at org.springframework.web.filter.RequestContextFilter.doFilterInternal(RequestContextFilter.java:99)
	at org.springframework.web.filter.OncePerRequestFilter.doFilter(OncePerRequestFilter.java:107)
	at org.apache.catalina.core.ApplicationFilterChain.internalDoFilter(ApplicationFilterChain.java:193)
	at org.apache.catalina.core.ApplicationFilterChain.doFilter(ApplicationFilterChain.java:166)
	at org.springframework.web.filter.HttpPutFormContentFilter.doFilterInternal(HttpPutFormContentFilter.java:108)
	at org.springframework.web.filter.OncePerRequestFilter.doFilter(OncePerRequestFilter.java:107)
	at org.apache.catalina.core.ApplicationFilterChain.internalDoFilter(ApplicationFilterChain.java:193)
	at org.apache.catalina.core.ApplicationFilterChain.doFilter(ApplicationFilterChain.java:166)
	at org.springframework.web.filter.HiddenHttpMethodFilter.doFilterInternal(HiddenHttpMethodFilter.java:81)
	at org.springframework.web.filter.OncePerRequestFilter.doFilter(OncePerRequestFilter.java:107)
	at org.apache.catalina.core.ApplicationFilterChain.internalDoFilter(ApplicationFilterChain.java:193)
	at org.apache.catalina.core.ApplicationFilterChain.doFilter(ApplicationFilterChain.java:166)
	at org.springframework.web.filter.CharacterEncodingFilter.doFilterInternal(CharacterEncodingFilter.java:197)
	at org.springframework.web.filter.OncePerRequestFilter.doFilter(OncePerRequestFilter.java:107)
	at org.apache.catalina.core.ApplicationFilterChain.internalDoFilter(ApplicationFilterChain.java:193)
	at org.apache.catalina.core.ApplicationFilterChain.doFilter(ApplicationFilterChain.java:166)
	at org.springframework.boot.actuate.autoconfigure.MetricsFilter.doFilterInternal(MetricsFilter.java:106)
	at org.springframework.web.filter.OncePerRequestFilter.doFilter(OncePerRequestFilter.java:107)
	at org.apache.catalina.core.ApplicationFilterChain.internalDoFilter(ApplicationFilterChain.java:193)
	at org.apache.catalina.core.ApplicationFilterChain.doFilter(ApplicationFilterChain.java:166)
	at org.apache.catalina.core.StandardWrapperValve.invoke(StandardWrapperValve.java:198)
	at org.apache.catalina.core.StandardContextValve.invoke(StandardContextValve.java:96)
	at org.apache.catalina.authenticator.AuthenticatorBase.invoke(AuthenticatorBase.java:478)
	at org.apache.catalina.core.StandardHostValve.invoke(StandardHostValve.java:140)
	at org.apache.catalina.valves.ErrorReportValve.invoke(ErrorReportValve.java:80)
	at org.apache.catalina.core.StandardEngineValve.invoke(StandardEngineValve.java:87)
	at org.apache.catalina.connector.CoyoteAdapter.service(CoyoteAdapter.java:342)
	at org.apache.coyote.http11.Http11Processor.service(Http11Processor.java:799)
	at org.apache.coyote.AbstractProcessorLight.process(AbstractProcessorLight.java:66)
	at org.apache.coyote.AbstractProtocol$ConnectionHandler.process(AbstractProtocol.java:868)
	at org.apache.tomcat.util.net.NioEndpoint$SocketProcessor.doRun(NioEndpoint.java:1457)
	at org.apache.tomcat.util.net.SocketProcessorBase.run(SocketProcessorBase.java:49)
	at java.util.concurrent.ThreadPoolExecutor.runWorker(ThreadPoolExecutor.java:1149)
	at java.util.concurrent.ThreadPoolExecutor$Worker.run(ThreadPoolExecutor.java:624)
	at org.apache.tomcat.util.threads.TaskThread$WrappingRunnable.run(TaskThread.java:61)
	at java.lang.Thread.run(Thread.java:748)

2018-06-27 14:16:48,066 INFO [com.netflix.discovery.shared.resolver.aws.ConfigClusterResolver:43] Resolving eureka endpoints via configuration
2018-06-27 14:21:19,763 INFO [org.springframework.boot.SpringApplication:597] The following profiles are active: dev
2018-06-27 14:21:19,797 INFO [org.springframework.context.support.AbstractApplicationContext:583] Refreshing org.springframework.boot.context.embedded.AnnotationConfigEmbeddedWebApplicationContext@11de56e6: startup date [Wed Jun 27 14:21:19 CST 2018]; parent: org.springframework.context.annotation.AnnotationConfigApplicationContext@6bca7e0d
2018-06-27 14:21:21,195 INFO [org.springframework.beans.factory.support.DefaultListableBeanFactory:828] Overriding bean definition for bean 'registrationBean' with a different definition: replacing [Root bean: class [null]; scope=; abstract=false; lazyInit=false; autowireMode=3; dependencyCheck=0; autowireCandidate=true; primary=false; factoryBeanName=com.xunyu.config.DruidConfiguration$Druid; factoryMethodName=registrationBean; initMethodName=null; destroyMethodName=(inferred); defined in class path resource [com/xunyu/config/DruidConfiguration$Druid.class]] with [Root bean: class [null]; scope=; abstract=false; lazyInit=false; autowireMode=3; dependencyCheck=0; autowireCandidate=true; primary=false; factoryBeanName=druidConfiguration; factoryMethodName=registrationBean; initMethodName=null; destroyMethodName=(inferred); defined in class path resource [com/xunyu/config/DruidConfiguration.class]]
2018-06-27 14:21:21,196 INFO [org.springframework.beans.factory.support.DefaultListableBeanFactory:828] Overriding bean definition for bean 'filterRegistrationBean' with a different definition: replacing [Root bean: class [null]; scope=; abstract=false; lazyInit=false; autowireMode=3; dependencyCheck=0; autowireCandidate=true; primary=false; factoryBeanName=com.xunyu.config.DruidConfiguration$Druid; factoryMethodName=filterRegistrationBean; initMethodName=null; destroyMethodName=(inferred); defined in class path resource [com/xunyu/config/DruidConfiguration$Druid.class]] with [Root bean: class [null]; scope=; abstract=false; lazyInit=false; autowireMode=3; dependencyCheck=0; autowireCandidate=true; primary=false; factoryBeanName=druidConfiguration; factoryMethodName=filterRegistrationBean; initMethodName=null; destroyMethodName=(inferred); defined in class path resource [com/xunyu/config/DruidConfiguration.class]]
2018-06-27 14:21:21,448 WARN [org.mybatis.spring.mapper.ClassPathMapperScanner:167] No MyBatis mapper was found in '[com.xunyu.xunyu_tactics]' package. Please check your configuration.
2018-06-27 14:21:21,617 INFO [org.springframework.data.repository.config.RepositoryConfigurationDelegate:165] Multiple Spring Data modules found, entering strict repository configuration mode!
2018-06-27 14:21:22,110 INFO [org.springframework.cloud.context.scope.GenericScope:263] BeanFactory id=631d8fa4-79c2-3d6f-9cbc-acc3d7f82ba3
2018-06-27 14:21:22,152 INFO [org.springframework.beans.factory.annotation.AutowiredAnnotationBeanPostProcessor:155] JSR-330 'javax.inject.Inject' annotation found and supported for autowiring
2018-06-27 14:21:22,318 INFO [org.springframework.context.support.PostProcessorRegistrationDelegate$BeanPostProcessorChecker:325] Bean 'org.springframework.cloud.netflix.metrics.MetricsInterceptorConfiguration$MetricsRestTemplateConfiguration' of type [org.springframework.cloud.netflix.metrics.MetricsInterceptorConfiguration$MetricsRestTemplateConfiguration$$EnhancerBySpringCGLIB$$2bacddf] is not eligible for getting processed by all BeanPostProcessors (for example: not eligible for auto-proxying)
2018-06-27 14:21:22,359 INFO [org.springframework.context.support.PostProcessorRegistrationDelegate$BeanPostProcessorChecker:325] Bean 'redisConfig' of type [com.xunyu.config.redis.RedisConfig$$EnhancerBySpringCGLIB$$cb3bb24f] is not eligible for getting processed by all BeanPostProcessors (for example: not eligible for auto-proxying)
2018-06-27 14:21:22,371 INFO [org.springframework.context.support.PostProcessorRegistrationDelegate$BeanPostProcessorChecker:325] Bean 'org.springframework.transaction.annotation.ProxyTransactionManagementConfiguration' of type [org.springframework.transaction.annotation.ProxyTransactionManagementConfiguration$$EnhancerBySpringCGLIB$$d08e279e] is not eligible for getting processed by all BeanPostProcessors (for example: not eligible for auto-proxying)
2018-06-27 14:21:22,427 INFO [org.springframework.context.support.PostProcessorRegistrationDelegate$BeanPostProcessorChecker:325] Bean 'org.springframework.cache.annotation.ProxyCachingConfiguration' of type [org.springframework.cache.annotation.ProxyCachingConfiguration$$EnhancerBySpringCGLIB$$19a05dbc] is not eligible for getting processed by all BeanPostProcessors (for example: not eligible for auto-proxying)
2018-06-27 14:21:22,494 INFO [org.springframework.context.support.PostProcessorRegistrationDelegate$BeanPostProcessorChecker:325] Bean 'org.springframework.cloud.autoconfigure.ConfigurationPropertiesRebinderAutoConfiguration' of type [org.springframework.cloud.autoconfigure.ConfigurationPropertiesRebinderAutoConfiguration$$EnhancerBySpringCGLIB$$eca82a9b] is not eligible for getting processed by all BeanPostProcessors (for example: not eligible for auto-proxying)
2018-06-27 14:21:23,037 INFO [org.springframework.boot.context.embedded.tomcat.TomcatEmbeddedServletContainer:89] Tomcat initialized with port(s): 8009 (http)
2018-06-27 14:21:23,068 INFO [org.apache.juli.logging.DirectJDKLog:179] Starting service [Tomcat]
2018-06-27 14:21:23,070 INFO [org.apache.juli.logging.DirectJDKLog:179] Starting Servlet Engine: Apache Tomcat/8.5.20
2018-06-27 14:21:23,241 INFO [org.apache.juli.logging.DirectJDKLog:179] Initializing Spring embedded WebApplicationContext
2018-06-27 14:21:23,241 INFO [org.springframework.boot.context.embedded.EmbeddedWebApplicationContext:276] Root WebApplicationContext: initialization completed in 3444 ms
2018-06-27 14:21:23,637 INFO [org.springframework.boot.web.servlet.ServletRegistrationBean:190] Mapping servlet: 'statViewServlet' to [/druid/*]
2018-06-27 14:21:23,639 INFO [org.springframework.boot.web.servlet.ServletRegistrationBean:190] Mapping servlet: 'dispatcherServlet' to [/]
2018-06-27 14:21:23,645 INFO [org.springframework.boot.web.servlet.AbstractFilterRegistrationBean:258] Mapping filter: 'metricsFilter' to: [/*]
2018-06-27 14:21:23,645 INFO [org.springframework.boot.web.servlet.AbstractFilterRegistrationBean:258] Mapping filter: 'characterEncodingFilter' to: [/*]
2018-06-27 14:21:23,645 INFO [org.springframework.boot.web.servlet.AbstractFilterRegistrationBean:258] Mapping filter: 'hiddenHttpMethodFilter' to: [/*]
2018-06-27 14:21:23,646 INFO [org.springframework.boot.web.servlet.AbstractFilterRegistrationBean:258] Mapping filter: 'httpPutFormContentFilter' to: [/*]
2018-06-27 14:21:23,646 INFO [org.springframework.boot.web.servlet.AbstractFilterRegistrationBean:258] Mapping filter: 'requestContextFilter' to: [/*]
2018-06-27 14:21:23,646 INFO [org.springframework.boot.web.servlet.AbstractFilterRegistrationBean:258] Mapping filter: 'webRequestLoggingFilter' to: [/*]
2018-06-27 14:21:23,646 INFO [org.springframework.boot.web.servlet.AbstractFilterRegistrationBean:271] Mapping filter: 'webStatFilter' to urls: [/*]
2018-06-27 14:21:23,647 INFO [org.springframework.boot.web.servlet.AbstractFilterRegistrationBean:271] Mapping filter: 'sessionFilter' to urls: [/*]
2018-06-27 14:21:23,647 INFO [org.springframework.boot.web.servlet.AbstractFilterRegistrationBean:258] Mapping filter: 'applicationContextIdFilter' to: [/*]
2018-06-27 14:21:24,099 INFO [com.xunyu.config.DruidConfiguration$Druid:114] DruidConfiguration init completed................
2018-06-27 14:21:26,104 WARN [com.netflix.config.sources.URLConfigurationSource:121] No URLs will be polled as dynamic configuration sources.
2018-06-27 14:21:26,105 INFO [com.netflix.config.sources.URLConfigurationSource:122] To enable URLs as dynamic configuration sources, define System property archaius.configurationSource.additionalUrls or make config.properties available on classpath.
2018-06-27 14:21:26,109 WARN [com.netflix.config.sources.URLConfigurationSource:121] No URLs will be polled as dynamic configuration sources.
2018-06-27 14:21:26,109 INFO [com.netflix.config.sources.URLConfigurationSource:122] To enable URLs as dynamic configuration sources, define System property archaius.configurationSource.additionalUrls or make config.properties available on classpath.
2018-06-27 14:21:26,347 INFO [org.apache.juli.logging.DirectJDKLog:179] jolokia: No access restrictor found, access to any MBean is allowed
2018-06-27 14:21:26,882 INFO [org.springframework.web.servlet.mvc.method.annotation.RequestMappingHandlerAdapter:534] Looking for @ControllerAdvice: org.springframework.boot.context.embedded.AnnotationConfigEmbeddedWebApplicationContext@11de56e6: startup date [Wed Jun 27 14:21:19 CST 2018]; parent: org.springframework.context.annotation.AnnotationConfigApplicationContext@6bca7e0d
2018-06-27 14:21:27,010 INFO [org.springframework.web.servlet.handler.AbstractHandlerMethodMapping$MappingRegistry:543] Mapped "{[/blacklistkeyword/addkeyword],methods=[POST]}" onto public com.commons.core.message.Result<java.lang.String> com.xunyu.xunyu_tactics.controller.BlacklistKeywordController.addKeyword(com.xunyu.model.tactics.BlacklistKeywordModel)
2018-06-27 14:21:27,012 INFO [org.springframework.web.servlet.handler.AbstractHandlerMethodMapping$MappingRegistry:543] Mapped "{[/blacklistkeyword/delkeyword],methods=[POST]}" onto public com.commons.core.message.Result<java.lang.String> com.xunyu.xunyu_tactics.controller.BlacklistKeywordController.deleteKeyword(com.xunyu.model.tactics.BlacklistKeywordModel)
2018-06-27 14:21:27,012 INFO [org.springframework.web.servlet.handler.AbstractHandlerMethodMapping$MappingRegistry:543] Mapped "{[/blacklistkeyword/exceladdkeyword],methods=[POST]}" onto public com.commons.core.message.Result<java.lang.String> com.xunyu.xunyu_tactics.controller.BlacklistKeywordController.excelAddKeyword(javax.servlet.http.HttpServletRequest,java.lang.String) throws java.lang.Exception
2018-06-27 14:21:27,013 INFO [org.springframework.web.servlet.handler.AbstractHandlerMethodMapping$MappingRegistry:543] Mapped "{[/blacklistkeyword/getkeywordlist],methods=[POST]}" onto public com.commons.core.message.Result<java.util.List<com.xunyu.xunyu_tactics.pojo.BlacklistKeyword>> com.xunyu.xunyu_tactics.controller.BlacklistKeywordController.getKeywordList(com.xunyu.model.tactics.BlacklistKeywordModel)
2018-06-27 14:21:27,014 INFO [org.springframework.web.servlet.handler.AbstractHandlerMethodMapping$MappingRegistry:543] Mapped "{[/blacklistkeyword/batchdelkeyword],methods=[POST]}" onto public com.commons.core.message.Result<java.lang.String> com.xunyu.xunyu_tactics.controller.BlacklistKeywordController.batchDeleteKeyword(com.xunyu.model.tactics.BlacklistKeywordModel)
2018-06-27 14:21:27,016 INFO [org.springframework.web.servlet.handler.AbstractHandlerMethodMapping$MappingRegistry:543] Mapped "{[/carrierNum/editNums]}" onto public com.commons.core.message.Result<java.lang.String> com.xunyu.xunyu_tactics.controller.CarrierNumConfigController.editNums(com.xunyu.model.tactics.CarrierNumConfigModel)
2018-06-27 14:21:27,018 INFO [org.springframework.web.servlet.handler.AbstractHandlerMethodMapping$MappingRegistry:543] Mapped "{[/blacklist/addblacklist],methods=[POST]}" onto public com.commons.core.message.Result<java.lang.String> com.xunyu.xunyu_tactics.controller.NormalBlacklistController.addBlacklist(com.xunyu.model.tactics.NormalBlacklistModel) throws java.lang.Exception
2018-06-27 14:21:27,018 INFO [org.springframework.web.servlet.handler.AbstractHandlerMethodMapping$MappingRegistry:543] Mapped "{[/blacklist/deleteblacklist],methods=[POST]}" onto public com.commons.core.message.Result<java.lang.String> com.xunyu.xunyu_tactics.controller.NormalBlacklistController.deleteBlacklist(com.xunyu.model.tactics.NormalBlacklistModel)
2018-06-27 14:21:27,019 INFO [org.springframework.web.servlet.handler.AbstractHandlerMethodMapping$MappingRegistry:543] Mapped "{[/blacklist/getblacklist],methods=[POST]}" onto public com.commons.core.message.Result<java.util.List<com.xunyu.xunyu_tactics.vo.NormalBlacklistVO>> com.xunyu.xunyu_tactics.controller.NormalBlacklistController.getBlacklist(com.xunyu.model.tactics.NormalBlacklistModel)
2018-06-27 14:21:27,019 INFO [org.springframework.web.servlet.handler.AbstractHandlerMethodMapping$MappingRegistry:543] Mapped "{[/blacklist/exceladdblacklist],methods=[POST]}" onto public com.commons.core.message.Result<java.lang.String> com.xunyu.xunyu_tactics.controller.NormalBlacklistController.excelAddBlacklist(javax.servlet.http.HttpServletRequest,java.lang.String) throws java.lang.Exception
2018-06-27 14:21:27,019 INFO [org.springframework.web.servlet.handler.AbstractHandlerMethodMapping$MappingRegistry:543] Mapped "{[/blacklist/exceldelblacklist],methods=[POST]}" onto public com.commons.core.message.Result<java.lang.String> com.xunyu.xunyu_tactics.controller.NormalBlacklistController.excelDeleteBlacklist(javax.servlet.http.HttpServletRequest,java.lang.String) throws java.lang.Exception
2018-06-27 14:21:27,020 INFO [org.springframework.web.servlet.handler.AbstractHandlerMethodMapping$MappingRegistry:543] Mapped "{[/blacklist/batchdeleteblacklist],methods=[POST]}" onto public com.commons.core.message.Result<java.lang.String> com.xunyu.xunyu_tactics.controller.NormalBlacklistController.batchDeleteBlacklist(com.xunyu.model.tactics.NormalBlacklistModel)
2018-06-27 14:21:27,023 INFO [org.springframework.web.servlet.handler.AbstractHandlerMethodMapping$MappingRegistry:543] Mapped "{[/whitelist/addwhitelist],methods=[POST]}" onto public com.commons.core.message.Result<java.lang.String> com.xunyu.xunyu_tactics.controller.NormalWhitelistController.addWhitelist(com.xunyu.model.tactics.NormalWhitelistModel) throws java.lang.Exception
2018-06-27 14:21:27,024 INFO [org.springframework.web.servlet.handler.AbstractHandlerMethodMapping$MappingRegistry:543] Mapped "{[/whitelist/delwhitelist],methods=[POST]}" onto public com.commons.core.message.Result<java.lang.String> com.xunyu.xunyu_tactics.controller.NormalWhitelistController.deleteWhiteList(com.xunyu.model.tactics.NormalWhitelistModel)
2018-06-27 14:21:27,025 INFO [org.springframework.web.servlet.handler.AbstractHandlerMethodMapping$MappingRegistry:543] Mapped "{[/whitelist/getwhitelist],methods=[POST]}" onto public com.commons.core.message.Result<java.util.List<com.xunyu.xunyu_tactics.pojo.NormalWhitelist>> com.xunyu.xunyu_tactics.controller.NormalWhitelistController.getWhitelist(com.xunyu.model.tactics.NormalWhitelistModel)
2018-06-27 14:21:27,025 INFO [org.springframework.web.servlet.handler.AbstractHandlerMethodMapping$MappingRegistry:543] Mapped "{[/whitelist/batchdelwhitelist],methods=[POST]}" onto public com.commons.core.message.Result<java.lang.String> com.xunyu.xunyu_tactics.controller.NormalWhitelistController.batchDeleteWhitelist(com.xunyu.model.tactics.NormalWhitelistModel) throws java.lang.Exception
2018-06-27 14:21:27,026 INFO [org.springframework.web.servlet.handler.AbstractHandlerMethodMapping$MappingRegistry:543] Mapped "{[/whitelist/exceladdwhitelist],methods=[POST]}" onto public com.commons.core.message.Result<java.lang.String> com.xunyu.xunyu_tactics.controller.NormalWhitelistController.excelAddWhiteList(java.lang.String,javax.servlet.http.HttpServletRequest)
2018-06-27 14:21:27,027 INFO [org.springframework.web.servlet.handler.AbstractHandlerMethodMapping$MappingRegistry:543] Mapped "{[/rmblacklistkeyword/addkeyword],methods=[POST]}" onto public com.commons.core.message.Result<java.lang.String> com.xunyu.xunyu_tactics.controller.RmBlacklistKeywordController.addKeyword(com.xunyu.model.tactics.RmBlacklistKeywordModel)
2018-06-27 14:21:27,028 INFO [org.springframework.web.servlet.handler.AbstractHandlerMethodMapping$MappingRegistry:543] Mapped "{[/rmblacklistkeyword/delkeyword],methods=[POST]}" onto public com.commons.core.message.Result<java.lang.String> com.xunyu.xunyu_tactics.controller.RmBlacklistKeywordController.deleteKeyword(com.xunyu.model.tactics.RmBlacklistKeywordModel)
2018-06-27 14:21:27,029 INFO [org.springframework.web.servlet.handler.AbstractHandlerMethodMapping$MappingRegistry:543] Mapped "{[/rmblacklistkeyword/exceladdkeyword],methods=[POST]}" onto public com.commons.core.message.Result<java.lang.String> com.xunyu.xunyu_tactics.controller.RmBlacklistKeywordController.excelAddKeyword(javax.servlet.http.HttpServletRequest,java.lang.String) throws java.lang.Exception
2018-06-27 14:21:27,029 INFO [org.springframework.web.servlet.handler.AbstractHandlerMethodMapping$MappingRegistry:543] Mapped "{[/rmblacklistkeyword/getkeywordlist],methods=[POST]}" onto public com.commons.core.message.Result<java.util.List<com.xunyu.xunyu_tactics.pojo.RmBlacklistKeyword>> com.xunyu.xunyu_tactics.controller.RmBlacklistKeywordController.getKeywordList(com.xunyu.model.tactics.RmBlacklistKeywordModel)
2018-06-27 14:21:27,029 INFO [org.springframework.web.servlet.handler.AbstractHandlerMethodMapping$MappingRegistry:543] Mapped "{[/rmblacklistkeyword/batchdelkeyword],methods=[POST]}" onto public com.commons.core.message.Result<java.lang.String> com.xunyu.xunyu_tactics.controller.RmBlacklistKeywordController.batchDeleteKeyword(com.xunyu.model.tactics.RmBlacklistKeywordModel)
2018-06-27 14:21:27,032 INFO [org.springframework.web.servlet.handler.AbstractHandlerMethodMapping$MappingRegistry:543] Mapped "{[/auditkeyword/addkeyword],methods=[POST]}" onto public com.commons.core.message.Result<java.lang.String> com.xunyu.xunyu_tactics.controller.SysAuditKeywordController.addKeyword(com.xunyu.model.tactics.SysAuditKeywordModel)
2018-06-27 14:21:27,033 INFO [org.springframework.web.servlet.handler.AbstractHandlerMethodMapping$MappingRegistry:543] Mapped "{[/auditkeyword/delkeyword],methods=[POST]}" onto public com.commons.core.message.Result<java.lang.String> com.xunyu.xunyu_tactics.controller.SysAuditKeywordController.deleteKeyword(com.xunyu.model.tactics.SysAuditKeywordModel)
2018-06-27 14:21:27,034 INFO [org.springframework.web.servlet.handler.AbstractHandlerMethodMapping$MappingRegistry:543] Mapped "{[/auditkeyword/exceladdkeyword],methods=[POST]}" onto public com.commons.core.message.Result<java.lang.String> com.xunyu.xunyu_tactics.controller.SysAuditKeywordController.excelAddKeyword(javax.servlet.http.HttpServletRequest,java.lang.String) throws java.lang.Exception
2018-06-27 14:21:27,035 INFO [org.springframework.web.servlet.handler.AbstractHandlerMethodMapping$MappingRegistry:543] Mapped "{[/auditkeyword/getkeywordlist],methods=[POST]}" onto public com.commons.core.message.Result<java.lang.String> com.xunyu.xunyu_tactics.controller.SysAuditKeywordController.getKeywordList(com.xunyu.model.tactics.SysAuditKeywordModel)
2018-06-27 14:21:27,036 INFO [org.springframework.web.servlet.handler.AbstractHandlerMethodMapping$MappingRegistry:543] Mapped "{[/auditkeyword/checkkeyword],methods=[POST]}" onto public com.commons.core.message.Result<java.lang.String> com.xunyu.xunyu_tactics.controller.SysAuditKeywordController.checkKeyword(com.xunyu.model.tactics.SysAuditKeywordModel)
2018-06-27 14:21:27,036 INFO [org.springframework.web.servlet.handler.AbstractHandlerMethodMapping$MappingRegistry:543] Mapped "{[/auditkeyword/exceldelkeyword],methods=[POST]}" onto public com.commons.core.message.Result<java.lang.String> com.xunyu.xunyu_tactics.controller.SysAuditKeywordController.excelDelKeyword(javax.servlet.http.HttpServletRequest,java.lang.String) throws java.lang.Exception
2018-06-27 14:21:27,037 INFO [org.springframework.web.servlet.handler.AbstractHandlerMethodMapping$MappingRegistry:543] Mapped "{[/auditkeyword/batchdelkeyword],methods=[POST]}" onto public com.commons.core.message.Result<java.lang.String> com.xunyu.xunyu_tactics.controller.SysAuditKeywordController.batchDeleteKeyword(com.xunyu.model.tactics.SysAuditKeywordModel)
2018-06-27 14:21:27,038 INFO [org.springframework.web.servlet.handler.AbstractHandlerMethodMapping$MappingRegistry:543] Mapped "{[/inckeyword/addkeyword],methods=[POST]}" onto public com.commons.core.message.Result<java.lang.String> com.xunyu.xunyu_tactics.controller.SysInterceptKeywordController.addKeyword(com.xunyu.model.tactics.SysInterceptKeywordModel) throws java.lang.Exception
2018-06-27 14:21:27,042 INFO [org.springframework.web.servlet.handler.AbstractHandlerMethodMapping$MappingRegistry:543] Mapped "{[/inckeyword/delkeyword],methods=[POST]}" onto public com.commons.core.message.Result<java.lang.String> com.xunyu.xunyu_tactics.controller.SysInterceptKeywordController.deleteKeyword(com.xunyu.model.tactics.SysInterceptKeywordModel) throws java.lang.Exception
2018-06-27 14:21:27,043 INFO [org.springframework.web.servlet.handler.AbstractHandlerMethodMapping$MappingRegistry:543] Mapped "{[/inckeyword/exceladdkeyword],methods=[POST]}" onto public com.commons.core.message.Result<java.lang.String> com.xunyu.xunyu_tactics.controller.SysInterceptKeywordController.excelAddKeyword(javax.servlet.http.HttpServletRequest,java.lang.String) throws java.lang.Exception
2018-06-27 14:21:27,043 INFO [org.springframework.web.servlet.handler.AbstractHandlerMethodMapping$MappingRegistry:543] Mapped "{[/inckeyword/getkeywordlist],methods=[POST]}" onto public com.commons.core.message.Result<java.util.List<com.xunyu.xunyu_tactics.pojo.SysInterceptKeyword>> com.xunyu.xunyu_tactics.controller.SysInterceptKeywordController.getKeywordList(com.xunyu.model.tactics.SysInterceptKeywordModel)
2018-06-27 14:21:27,043 INFO [org.springframework.web.servlet.handler.AbstractHandlerMethodMapping$MappingRegistry:543] Mapped "{[/inckeyword/checkkeyword],methods=[POST]}" onto public com.commons.core.message.Result<java.util.List<java.lang.String>> com.xunyu.xunyu_tactics.controller.SysInterceptKeywordController.checkKeyword(com.xunyu.model.tactics.SysInterceptKeywordModel) throws java.lang.Exception
2018-06-27 14:21:27,044 INFO [org.springframework.web.servlet.handler.AbstractHandlerMethodMapping$MappingRegistry:543] Mapped "{[/inckeyword/exceldelkeyword],methods=[POST]}" onto public com.commons.core.message.Result<java.lang.String> com.xunyu.xunyu_tactics.controller.SysInterceptKeywordController.excelDelKeyword(javax.servlet.http.HttpServletRequest,java.lang.String) throws java.lang.Exception
2018-06-27 14:21:27,047 INFO [org.springframework.web.servlet.handler.AbstractHandlerMethodMapping$MappingRegistry:543] Mapped "{[/inckeyword/batchdelkeyword],methods=[POST]}" onto public com.commons.core.message.Result<java.lang.String> com.xunyu.xunyu_tactics.controller.SysInterceptKeywordController.batchDeleteKeyword(com.xunyu.model.tactics.SysInterceptKeywordModel)
2018-06-27 14:21:27,048 INFO [org.springframework.web.servlet.handler.AbstractHandlerMethodMapping$MappingRegistry:543] Mapped "{[/sysredlist/addredlist],methods=[POST]}" onto public com.commons.core.message.Result<java.lang.String> com.xunyu.xunyu_tactics.controller.SysRedlistController.addRedlist(com.xunyu.model.tactics.SysRedlistModel)
2018-06-27 14:21:27,049 INFO [org.springframework.web.servlet.handler.AbstractHandlerMethodMapping$MappingRegistry:543] Mapped "{[/sysredlist/exceladdredlist],methods=[POST]}" onto public com.commons.core.message.Result<java.lang.String> com.xunyu.xunyu_tactics.controller.SysRedlistController.excelAddRedlist(javax.servlet.http.HttpServletRequest,java.lang.String)
2018-06-27 14:21:27,049 INFO [org.springframework.web.servlet.handler.AbstractHandlerMethodMapping$MappingRegistry:543] Mapped "{[/sysredlist/delredlist],methods=[POST]}" onto public com.commons.core.message.Result<java.lang.String> com.xunyu.xunyu_tactics.controller.SysRedlistController.deleteRedlist(com.xunyu.model.tactics.SysRedlistModel)
2018-06-27 14:21:27,050 INFO [org.springframework.web.servlet.handler.AbstractHandlerMethodMapping$MappingRegistry:543] Mapped "{[/sysredlist/getredlist],methods=[POST]}" onto public com.commons.core.message.Result<java.util.List<com.xunyu.xunyu_tactics.vo.SysRedlistVO>> com.xunyu.xunyu_tactics.controller.SysRedlistController.getRedlist(com.xunyu.model.tactics.SysRedlistModel)
2018-06-27 14:21:27,050 INFO [org.springframework.web.servlet.handler.AbstractHandlerMethodMapping$MappingRegistry:543] Mapped "{[/sysredlist/clearredlist],methods=[POST]}" onto public com.commons.core.message.Result com.xunyu.xunyu_tactics.controller.SysRedlistController.clearRedlist()
2018-06-27 14:21:27,050 INFO [org.springframework.web.servlet.handler.AbstractHandlerMethodMapping$MappingRegistry:543] Mapped "{[/sysredlist/batchdelredlist],methods=[POST]}" onto public com.commons.core.message.Result<java.lang.String> com.xunyu.xunyu_tactics.controller.SysRedlistController.batchDeleteRedlist(com.xunyu.model.tactics.SysRedlistModel) throws java.lang.Exception
2018-06-27 14:21:27,051 INFO [org.springframework.web.servlet.handler.AbstractHandlerMethodMapping$MappingRegistry:543] Mapped "{[/sysredlist/exceldelredlist],methods=[POST]}" onto public com.commons.core.message.Result com.xunyu.xunyu_tactics.controller.SysRedlistController.excelDeleteRedlist(javax.servlet.http.HttpServletRequest,com.xunyu.model.tactics.SysRedlistModel)
2018-06-27 14:21:27,052 INFO [org.springframework.web.servlet.handler.AbstractHandlerMethodMapping$MappingRegistry:543] Mapped "{[/syswhitelist/addwhitelist],methods=[POST]}" onto public com.commons.core.message.Result<java.lang.String> com.xunyu.xunyu_tactics.controller.SysWhitelistController.addWhitelist(com.xunyu.model.tactics.SysWhitelistModel)
2018-06-27 14:21:27,052 INFO [org.springframework.web.servlet.handler.AbstractHandlerMethodMapping$MappingRegistry:543] Mapped "{[/syswhitelist/delwhitelist],methods=[POST]}" onto public com.commons.core.message.Result<java.lang.String> com.xunyu.xunyu_tactics.controller.SysWhitelistController.deleteWhiteList(com.xunyu.model.tactics.SysWhitelistModel)
2018-06-27 14:21:27,053 INFO [org.springframework.web.servlet.handler.AbstractHandlerMethodMapping$MappingRegistry:543] Mapped "{[/syswhitelist/getwhitelist],methods=[POST]}" onto public com.commons.core.message.Result<java.util.List<com.xunyu.xunyu_tactics.pojo.SysWhitelist>> com.xunyu.xunyu_tactics.controller.SysWhitelistController.getWhitelist(com.xunyu.model.tactics.SysWhitelistModel)
2018-06-27 14:21:27,053 INFO [org.springframework.web.servlet.handler.AbstractHandlerMethodMapping$MappingRegistry:543] Mapped "{[/syswhitelist/batchdelwhitelist],methods=[POST]}" onto public com.commons.core.message.Result<java.lang.String> com.xunyu.xunyu_tactics.controller.SysWhitelistController.batchDeleteWhitelist(com.xunyu.model.tactics.SysWhitelistModel) throws java.lang.Exception
2018-06-27 14:21:27,053 INFO [org.springframework.web.servlet.handler.AbstractHandlerMethodMapping$MappingRegistry:543] Mapped "{[/syswhitelist/exceladdwhitelist],methods=[POST]}" onto public com.commons.core.message.Result<java.lang.String> com.xunyu.xunyu_tactics.controller.SysWhitelistController.excelAddWhiteList(java.lang.String,javax.servlet.http.HttpServletRequest) throws java.lang.Exception
2018-06-27 14:21:27,055 INFO [org.springframework.web.servlet.handler.AbstractHandlerMethodMapping$MappingRegistry:543] Mapped "{[/whitekeyword/addkeyword],methods=[POST]}" onto public com.commons.core.message.Result<java.lang.String> com.xunyu.xunyu_tactics.controller.SysWhitelistKeywordController.addKeyword(com.xunyu.model.tactics.SysWhitelistKeywordModel)
2018-06-27 14:21:27,056 INFO [org.springframework.web.servlet.handler.AbstractHandlerMethodMapping$MappingRegistry:543] Mapped "{[/whitekeyword/delkeyword],methods=[POST]}" onto public com.commons.core.message.Result<java.lang.String> com.xunyu.xunyu_tactics.controller.SysWhitelistKeywordController.deleteKeyword(com.xunyu.model.tactics.SysWhitelistKeywordModel)
2018-06-27 14:21:27,056 INFO [org.springframework.web.servlet.handler.AbstractHandlerMethodMapping$MappingRegistry:543] Mapped "{[/whitekeyword/exceladdkeyword],methods=[POST]}" onto public com.commons.core.message.Result<java.lang.String> com.xunyu.xunyu_tactics.controller.SysWhitelistKeywordController.excelAddKeyword(javax.servlet.http.HttpServletRequest,java.lang.String) throws java.lang.Exception
2018-06-27 14:21:27,056 INFO [org.springframework.web.servlet.handler.AbstractHandlerMethodMapping$MappingRegistry:543] Mapped "{[/whitekeyword/getkeywordlist],methods=[POST]}" onto public com.commons.core.message.Result<java.lang.String> com.xunyu.xunyu_tactics.controller.SysWhitelistKeywordController.getKeywordList(com.xunyu.model.tactics.SysWhitelistKeywordModel)
2018-06-27 14:21:27,057 INFO [org.springframework.web.servlet.handler.AbstractHandlerMethodMapping$MappingRegistry:543] Mapped "{[/whitekeyword/checkkeyword],methods=[POST]}" onto public com.commons.core.message.Result<java.lang.String> com.xunyu.xunyu_tactics.controller.SysWhitelistKeywordController.checkKeyword(com.xunyu.model.tactics.SysWhitelistKeywordModel)
2018-06-27 14:21:27,057 INFO [org.springframework.web.servlet.handler.AbstractHandlerMethodMapping$MappingRegistry:543] Mapped "{[/whitekeyword/batchdelkeyword],methods=[POST]}" onto public com.commons.core.message.Result<java.lang.String> com.xunyu.xunyu_tactics.controller.SysWhitelistKeywordController.batchDeleteKeyword(com.xunyu.model.tactics.SysWhitelistKeywordModel)
2018-06-27 14:21:27,063 INFO [org.springframework.web.servlet.handler.AbstractHandlerMethodMapping$MappingRegistry:543] Mapped "{[/wrongnum/addwrongnum],methods=[POST]}" onto public com.commons.core.message.Result<java.lang.String> com.xunyu.xunyu_tactics.controller.WrongNumberConfigController.addWrongNumber(com.xunyu.model.tactics.WrongNumberConfigModel) throws java.lang.Exception
2018-06-27 14:21:27,063 INFO [org.springframework.web.servlet.handler.AbstractHandlerMethodMapping$MappingRegistry:543] Mapped "{[/wrongnum/delwrongnum],methods=[POST]}" onto public com.commons.core.message.Result<java.lang.String> com.xunyu.xunyu_tactics.controller.WrongNumberConfigController.deleteWrongNumber(com.xunyu.model.tactics.WrongNumberConfigModel)
2018-06-27 14:21:27,064 INFO [org.springframework.web.servlet.handler.AbstractHandlerMethodMapping$MappingRegistry:543] Mapped "{[/wrongnum/batchdelwrongnum],methods=[POST]}" onto public com.commons.core.message.Result<java.lang.String> com.xunyu.xunyu_tactics.controller.WrongNumberConfigController.batchDeleteWrongNumber(com.xunyu.model.tactics.WrongNumberConfigModel) throws java.lang.Exception
2018-06-27 14:21:27,064 INFO [org.springframework.web.servlet.handler.AbstractHandlerMethodMapping$MappingRegistry:543] Mapped "{[/wrongnum/exceladdwrongnum],methods=[POST]}" onto public com.commons.core.message.Result<java.lang.String> com.xunyu.xunyu_tactics.controller.WrongNumberConfigController.excelAddWrongNumber(java.lang.String,javax.servlet.http.HttpServletRequest)
2018-06-27 14:21:27,064 INFO [org.springframework.web.servlet.handler.AbstractHandlerMethodMapping$MappingRegistry:543] Mapped "{[/wrongnum/getwrongnumlist],methods=[POST]}" onto public com.commons.core.message.Result<java.util.List<com.xunyu.xunyu_tactics.pojo.WrongNumConfig>> com.xunyu.xunyu_tactics.controller.WrongNumberConfigController.getWrongNumberList(com.xunyu.model.tactics.WrongNumberConfigModel)
2018-06-27 14:21:27,066 INFO [org.springframework.web.servlet.handler.AbstractHandlerMethodMapping$MappingRegistry:543] Mapped "{[/error]}" onto public org.springframework.http.ResponseEntity<java.util.Map<java.lang.String, java.lang.Object>> org.springframework.boot.autoconfigure.web.BasicErrorController.error(javax.servlet.http.HttpServletRequest)
2018-06-27 14:21:27,067 INFO [org.springframework.web.servlet.handler.AbstractHandlerMethodMapping$MappingRegistry:543] Mapped "{[/error],produces=[text/html]}" onto public org.springframework.web.servlet.ModelAndView org.springframework.boot.autoconfigure.web.BasicErrorController.errorHtml(javax.servlet.http.HttpServletRequest,javax.servlet.http.HttpServletResponse)
2018-06-27 14:21:27,128 INFO [org.springframework.web.servlet.handler.AbstractUrlHandlerMapping:362] Mapped URL path [/webjars/**] onto handler of type [class org.springframework.web.servlet.resource.ResourceHttpRequestHandler]
2018-06-27 14:21:27,129 INFO [org.springframework.web.servlet.handler.AbstractUrlHandlerMapping:362] Mapped URL path [/**] onto handler of type [class org.springframework.web.servlet.resource.ResourceHttpRequestHandler]
2018-06-27 14:21:27,163 INFO [org.springframework.web.servlet.mvc.method.annotation.ExceptionHandlerExceptionResolver:273] Detected @ExceptionHandler methods in globalExceptionHandler
2018-06-27 14:21:27,203 INFO [org.springframework.web.servlet.handler.AbstractUrlHandlerMapping:362] Mapped URL path [/**/favicon.ico] onto handler of type [class org.springframework.web.servlet.resource.ResourceHttpRequestHandler]
2018-06-27 14:21:28,531 INFO [org.springframework.web.servlet.handler.AbstractHandlerMethodMapping$MappingRegistry:543] Mapped "{[/logfile || /logfile.json],methods=[GET || HEAD]}" onto public void org.springframework.boot.actuate.endpoint.mvc.LogFileMvcEndpoint.invoke(javax.servlet.http.HttpServletRequest,javax.servlet.http.HttpServletResponse) throws javax.servlet.ServletException,java.io.IOException
2018-06-27 14:21:28,532 INFO [org.springframework.web.servlet.handler.AbstractHandlerMethodMapping$MappingRegistry:543] Mapped "{[/env],methods=[POST]}" onto public java.lang.Object org.springframework.cloud.context.environment.EnvironmentManagerMvcEndpoint.value(java.util.Map<java.lang.String, java.lang.String>)
2018-06-27 14:21:28,532 INFO [org.springframework.web.servlet.handler.AbstractHandlerMethodMapping$MappingRegistry:543] Mapped "{[/env/reset],methods=[POST]}" onto public java.util.Map<java.lang.String, java.lang.Object> org.springframework.cloud.context.environment.EnvironmentManagerMvcEndpoint.reset()
2018-06-27 14:21:28,533 INFO [org.springframework.web.servlet.handler.AbstractHandlerMethodMapping$MappingRegistry:543] Mapped "{[/archaius || /archaius.json],methods=[GET],produces=[application/vnd.spring-boot.actuator.v1+json || application/json]}" onto public java.lang.Object org.springframework.boot.actuate.endpoint.mvc.EndpointMvcAdapter.invoke()
2018-06-27 14:21:28,534 INFO [org.springframework.web.servlet.handler.AbstractHandlerMethodMapping$MappingRegistry:543] Mapped "{[/beans || /beans.json],methods=[GET],produces=[application/vnd.spring-boot.actuator.v1+json || application/json]}" onto public java.lang.Object org.springframework.boot.actuate.endpoint.mvc.EndpointMvcAdapter.invoke()
2018-06-27 14:21:28,535 INFO [org.springframework.web.servlet.handler.AbstractHandlerMethodMapping$MappingRegistry:543] Mapped "{[/env/{name:.*}],methods=[GET],produces=[application/vnd.spring-boot.actuator.v1+json || application/json]}" onto public java.lang.Object org.springframework.boot.actuate.endpoint.mvc.EnvironmentMvcEndpoint.value(java.lang.String)
2018-06-27 14:21:28,535 INFO [org.springframework.web.servlet.handler.AbstractHandlerMethodMapping$MappingRegistry:543] Mapped "{[/env || /env.json],methods=[GET],produces=[application/vnd.spring-boot.actuator.v1+json || application/json]}" onto public java.lang.Object org.springframework.boot.actuate.endpoint.mvc.EndpointMvcAdapter.invoke()
2018-06-27 14:21:28,536 INFO [org.springframework.web.servlet.handler.AbstractHandlerMethodMapping$MappingRegistry:543] Mapped "{[/configprops || /configprops.json],methods=[GET],produces=[application/vnd.spring-boot.actuator.v1+json || application/json]}" onto public java.lang.Object org.springframework.boot.actuate.endpoint.mvc.EndpointMvcAdapter.invoke()
2018-06-27 14:21:28,536 INFO [org.springframework.web.servlet.handler.AbstractHandlerMethodMapping$MappingRegistry:543] Mapped "{[/dump || /dump.json],methods=[GET],produces=[application/vnd.spring-boot.actuator.v1+json || application/json]}" onto public java.lang.Object org.springframework.boot.actuate.endpoint.mvc.EndpointMvcAdapter.invoke()
2018-06-27 14:21:28,536 INFO [org.springframework.web.servlet.handler.AbstractHandlerMethodMapping$MappingRegistry:543] Mapped "{[/refresh || /refresh.json],methods=[POST]}" onto public java.lang.Object org.springframework.cloud.endpoint.GenericPostableMvcEndpoint.invoke()
2018-06-27 14:21:28,537 INFO [org.springframework.web.servlet.handler.AbstractHandlerMethodMapping$MappingRegistry:543] Mapped "{[/info || /info.json],methods=[GET],produces=[application/vnd.spring-boot.actuator.v1+json || application/json]}" onto public java.lang.Object org.springframework.boot.actuate.endpoint.mvc.EndpointMvcAdapter.invoke()
2018-06-27 14:21:28,537 INFO [org.springframework.web.servlet.handler.AbstractHandlerMethodMapping$MappingRegistry:543] Mapped "{[/features || /features.json],methods=[GET],produces=[application/vnd.spring-boot.actuator.v1+json || application/json]}" onto public java.lang.Object org.springframework.boot.actuate.endpoint.mvc.EndpointMvcAdapter.invoke()
2018-06-27 14:21:28,538 INFO [org.springframework.web.servlet.handler.AbstractHandlerMethodMapping$MappingRegistry:543] Mapped "{[/service-registry/instance-status],methods=[POST]}" onto public org.springframework.http.ResponseEntity<?> org.springframework.cloud.client.serviceregistry.endpoint.ServiceRegistryEndpoint.setStatus(java.lang.String)
2018-06-27 14:21:28,538 INFO [org.springframework.web.servlet.handler.AbstractHandlerMethodMapping$MappingRegistry:543] Mapped "{[/service-registry/instance-status],methods=[GET]}" onto public org.springframework.http.ResponseEntity org.springframework.cloud.client.serviceregistry.endpoint.ServiceRegistryEndpoint.getStatus()
2018-06-27 14:21:28,538 INFO [org.springframework.web.servlet.handler.AbstractHandlerMethodMapping$MappingRegistry:543] Mapped "{[/resume || /resume.json],methods=[POST]}" onto public java.lang.Object org.springframework.cloud.endpoint.GenericPostableMvcEndpoint.invoke()
2018-06-27 14:21:28,540 INFO [org.springframework.web.servlet.handler.AbstractHandlerMethodMapping$MappingRegistry:543] Mapped "{[/jolokia/**]}" onto public org.springframework.web.servlet.ModelAndView org.springframework.boot.actuate.endpoint.mvc.JolokiaMvcEndpoint.handle(javax.servlet.http.HttpServletRequest,javax.servlet.http.HttpServletResponse) throws java.lang.Exception
2018-06-27 14:21:28,540 INFO [org.springframework.web.servlet.handler.AbstractHandlerMethodMapping$MappingRegistry:543] Mapped "{[/restart || /restart.json],methods=[POST]}" onto public java.lang.Object org.springframework.cloud.context.restart.RestartMvcEndpoint.invoke()
2018-06-27 14:21:28,541 INFO [org.springframework.web.servlet.handler.AbstractHandlerMethodMapping$MappingRegistry:543] Mapped "{[/mappings || /mappings.json],methods=[GET],produces=[application/vnd.spring-boot.actuator.v1+json || application/json]}" onto public java.lang.Object org.springframework.boot.actuate.endpoint.mvc.EndpointMvcAdapter.invoke()
2018-06-27 14:21:28,543 INFO [org.springframework.web.servlet.handler.AbstractHandlerMethodMapping$MappingRegistry:543] Mapped "{[/loggers/{name:.*}],methods=[GET],produces=[application/vnd.spring-boot.actuator.v1+json || application/json]}" onto public java.lang.Object org.springframework.boot.actuate.endpoint.mvc.LoggersMvcEndpoint.get(java.lang.String)
2018-06-27 14:21:28,544 INFO [org.springframework.web.servlet.handler.AbstractHandlerMethodMapping$MappingRegistry:543] Mapped "{[/loggers/{name:.*}],methods=[POST],consumes=[application/vnd.spring-boot.actuator.v1+json || application/json],produces=[application/vnd.spring-boot.actuator.v1+json || application/json]}" onto public java.lang.Object org.springframework.boot.actuate.endpoint.mvc.LoggersMvcEndpoint.set(java.lang.String,java.util.Map<java.lang.String, java.lang.String>)
2018-06-27 14:21:28,544 INFO [org.springframework.web.servlet.handler.AbstractHandlerMethodMapping$MappingRegistry:543] Mapped "{[/loggers || /loggers.json],methods=[GET],produces=[application/vnd.spring-boot.actuator.v1+json || application/json]}" onto public java.lang.Object org.springframework.boot.actuate.endpoint.mvc.EndpointMvcAdapter.invoke()
2018-06-27 14:21:28,545 INFO [org.springframework.web.servlet.handler.AbstractHandlerMethodMapping$MappingRegistry:543] Mapped "{[/auditevents || /auditevents.json],methods=[GET],produces=[application/vnd.spring-boot.actuator.v1+json || application/json]}" onto public org.springframework.http.ResponseEntity<?> org.springframework.boot.actuate.endpoint.mvc.AuditEventsMvcEndpoint.findByPrincipalAndAfterAndType(java.lang.String,java.util.Date,java.lang.String)
2018-06-27 14:21:28,546 INFO [org.springframework.web.servlet.handler.AbstractHandlerMethodMapping$MappingRegistry:543] Mapped "{[/health || /health.json],methods=[GET],produces=[application/vnd.spring-boot.actuator.v1+json || application/json]}" onto public java.lang.Object org.springframework.boot.actuate.endpoint.mvc.HealthMvcEndpoint.invoke(javax.servlet.http.HttpServletRequest,java.security.Principal)
2018-06-27 14:21:28,547 INFO [org.springframework.web.servlet.handler.AbstractHandlerMethodMapping$MappingRegistry:543] Mapped "{[/trace || /trace.json],methods=[GET],produces=[application/vnd.spring-boot.actuator.v1+json || application/json]}" onto public java.lang.Object org.springframework.boot.actuate.endpoint.mvc.EndpointMvcAdapter.invoke()
2018-06-27 14:21:28,547 INFO [org.springframework.web.servlet.handler.AbstractHandlerMethodMapping$MappingRegistry:543] Mapped "{[/pause || /pause.json],methods=[POST]}" onto public java.lang.Object org.springframework.cloud.endpoint.GenericPostableMvcEndpoint.invoke()
2018-06-27 14:21:28,548 INFO [org.springframework.web.servlet.handler.AbstractHandlerMethodMapping$MappingRegistry:543] Mapped "{[/metrics/{name:.*}],methods=[GET],produces=[application/vnd.spring-boot.actuator.v1+json || application/json]}" onto public java.lang.Object org.springframework.boot.actuate.endpoint.mvc.MetricsMvcEndpoint.value(java.lang.String)
2018-06-27 14:21:28,548 INFO [org.springframework.web.servlet.handler.AbstractHandlerMethodMapping$MappingRegistry:543] Mapped "{[/metrics || /metrics.json],methods=[GET],produces=[application/vnd.spring-boot.actuator.v1+json || application/json]}" onto public java.lang.Object org.springframework.boot.actuate.endpoint.mvc.EndpointMvcAdapter.invoke()
2018-06-27 14:21:28,549 INFO [org.springframework.web.servlet.handler.AbstractHandlerMethodMapping$MappingRegistry:543] Mapped "{[/autoconfig || /autoconfig.json],methods=[GET],produces=[application/vnd.spring-boot.actuator.v1+json || application/json]}" onto public java.lang.Object org.springframework.boot.actuate.endpoint.mvc.EndpointMvcAdapter.invoke()
2018-06-27 14:21:28,550 INFO [org.springframework.web.servlet.handler.AbstractHandlerMethodMapping$MappingRegistry:543] Mapped "{[/heapdump || /heapdump.json],methods=[GET],produces=[application/octet-stream]}" onto public void org.springframework.boot.actuate.endpoint.mvc.HeapdumpMvcEndpoint.invoke(boolean,javax.servlet.http.HttpServletRequest,javax.servlet.http.HttpServletResponse) throws java.io.IOException,javax.servlet.ServletException
2018-06-27 14:21:29,331 INFO [org.springframework.jmx.export.MBeanExporter:431] Registering beans for JMX exposure on startup
2018-06-27 14:21:29,332 INFO [org.springframework.jmx.export.MBeanExporter:916] Bean with name 'dataSource' has been autodetected for JMX exposure
2018-06-27 14:21:29,342 INFO [org.springframework.jmx.export.MBeanExporter:916] Bean with name 'environmentManager' has been autodetected for JMX exposure
2018-06-27 14:21:29,346 INFO [org.springframework.jmx.export.MBeanExporter:916] Bean with name 'configurationPropertiesRebinder' has been autodetected for JMX exposure
2018-06-27 14:21:29,346 INFO [org.springframework.jmx.export.MBeanExporter:916] Bean with name 'refreshEndpoint' has been autodetected for JMX exposure
2018-06-27 14:21:29,346 INFO [org.springframework.jmx.export.MBeanExporter:916] Bean with name 'restartEndpoint' has been autodetected for JMX exposure
2018-06-27 14:21:29,347 INFO [org.springframework.jmx.export.MBeanExporter:916] Bean with name 'serviceRegistryEndpoint' has been autodetected for JMX exposure
2018-06-27 14:21:29,348 INFO [org.springframework.jmx.export.MBeanExporter:916] Bean with name 'refreshScope' has been autodetected for JMX exposure
2018-06-27 14:21:29,351 INFO [org.springframework.jmx.export.MBeanExporter:678] Located managed bean 'environmentManager': registering with JMX server as MBean [org.springframework.cloud.context.environment:name=environmentManager,type=EnvironmentManager]
2018-06-27 14:21:29,366 INFO [org.springframework.jmx.export.MBeanExporter:678] Located managed bean 'restartEndpoint': registering with JMX server as MBean [org.springframework.cloud.context.restart:name=restartEndpoint,type=RestartEndpoint]
2018-06-27 14:21:29,382 INFO [org.springframework.jmx.export.MBeanExporter:678] Located managed bean 'serviceRegistryEndpoint': registering with JMX server as MBean [org.springframework.cloud.client.serviceregistry.endpoint:name=serviceRegistryEndpoint,type=ServiceRegistryEndpoint]
2018-06-27 14:21:29,389 INFO [org.springframework.jmx.export.MBeanExporter:678] Located managed bean 'refreshScope': registering with JMX server as MBean [org.springframework.cloud.context.scope.refresh:name=refreshScope,type=RefreshScope]
2018-06-27 14:21:29,403 INFO [org.springframework.jmx.export.MBeanExporter:678] Located managed bean 'configurationPropertiesRebinder': registering with JMX server as MBean [org.springframework.cloud.context.properties:name=configurationPropertiesRebinder,context=11de56e6,type=ConfigurationPropertiesRebinder]
2018-06-27 14:21:29,407 INFO [org.springframework.jmx.export.MBeanExporter:671] Located MBean 'dataSource': registering with JMX server as MBean [com.alibaba.druid.pool:name=dataSource,type=DruidDataSource]
2018-06-27 14:21:29,409 INFO [org.springframework.jmx.export.MBeanExporter:678] Located managed bean 'refreshEndpoint': registering with JMX server as MBean [org.springframework.cloud.endpoint:name=refreshEndpoint,type=RefreshEndpoint]
2018-06-27 14:21:29,774 INFO [org.apache.juli.logging.DirectJDKLog:179] jolokia: No access restrictor found, access to any MBean is allowed
2018-06-27 14:21:29,781 INFO [org.apache.juli.logging.DirectJDKLog:179] jolokia: jolokia:type=Config is already registered. Adding it with jolokia:type=Config,uuid=17885a48-ef0f-40cd-8898-ae053ea0959e, but you should revise your setup in order to either use a qualifier or ensure, that only a single agent gets registered (otherwise history functionality might not work)
2018-06-27 14:21:29,781 INFO [org.apache.juli.logging.DirectJDKLog:179] jolokia: Cannot register (legacy) MBean handler for config store with name jmx4perl:type=Config since it already exists. This is the case if another agent has been already started within the same JVM. The registration is skipped.
2018-06-27 14:21:29,781 INFO [org.apache.juli.logging.DirectJDKLog:179] jolokia: Jolokia Discovery MBean registration is skipped because there is already one registered.
2018-06-27 14:21:29,859 INFO [org.springframework.context.support.DefaultLifecycleProcessor$LifecycleGroup:343] Starting beans in phase 0
2018-06-27 14:21:29,867 INFO [org.springframework.cloud.netflix.eureka.InstanceInfoFactory:70] Setting initial instance status as: STARTING
2018-06-27 14:21:29,935 INFO [com.netflix.discovery.DiscoveryClient:344] Initializing Eureka in region us-east-1
2018-06-27 14:21:30,047 INFO [com.netflix.discovery.provider.DiscoveryJerseyProvider:70] Using JSON encoding codec LegacyJacksonJson
2018-06-27 14:21:30,047 INFO [com.netflix.discovery.provider.DiscoveryJerseyProvider:71] Using JSON decoding codec LegacyJacksonJson
2018-06-27 14:21:30,211 INFO [com.netflix.discovery.provider.DiscoveryJerseyProvider:80] Using XML encoding codec XStreamXml
2018-06-27 14:21:30,212 INFO [com.netflix.discovery.provider.DiscoveryJerseyProvider:81] Using XML decoding codec XStreamXml
2018-06-27 14:21:30,567 INFO [com.netflix.discovery.shared.resolver.aws.ConfigClusterResolver:43] Resolving eureka endpoints via configuration
2018-06-27 14:21:30,676 INFO [com.netflix.discovery.DiscoveryClient:920] Disable delta property : false
2018-06-27 14:21:30,676 INFO [com.netflix.discovery.DiscoveryClient:921] Single vip registry refresh property : null
2018-06-27 14:21:30,677 INFO [com.netflix.discovery.DiscoveryClient:922] Force full registry fetch : false
2018-06-27 14:21:30,677 INFO [com.netflix.discovery.DiscoveryClient:923] Application is null : false
2018-06-27 14:21:30,678 INFO [com.netflix.discovery.DiscoveryClient:924] Registered Applications size is zero : true
2018-06-27 14:21:30,678 INFO [com.netflix.discovery.DiscoveryClient:926] Application version is -1: true
2018-06-27 14:21:30,678 INFO [com.netflix.discovery.DiscoveryClient:1009] Getting all instance registry info from the eureka server
2018-06-27 14:21:30,878 INFO [com.netflix.discovery.DiscoveryClient:1018] The response status is 200
2018-06-27 14:21:30,880 INFO [com.netflix.discovery.DiscoveryClient:1244] Starting heartbeat executor: renew interval is: 30
2018-06-27 14:21:30,882 INFO [com.netflix.discovery.InstanceInfoReplicator:59] InstanceInfoReplicator onDemand update allowed rate per min is 4
2018-06-27 14:21:30,885 INFO [com.netflix.discovery.DiscoveryClient:425] Discovery Client initialized at timestamp 1530080490884 with initial instances count: 2
2018-06-27 14:21:30,909 INFO [org.springframework.cloud.netflix.eureka.serviceregistry.EurekaServiceRegistry:40] Registering application xunyu-tactics with eureka with status UP
2018-06-27 14:21:30,909 INFO [com.netflix.discovery.DiscoveryClient$3:1279] Saw local status change event StatusChangeEvent [timestamp=1530080490909, current=UP, previous=STARTING]
2018-06-27 14:21:30,910 INFO [com.netflix.discovery.DiscoveryClient:795] DiscoveryClient_XUNYU-TACTICS/192.168.3.10:8009: registering service...
2018-06-27 14:21:30,941 INFO [com.netflix.discovery.DiscoveryClient:804] DiscoveryClient_XUNYU-TACTICS/192.168.3.10:8009 - registration status: 204
2018-06-27 14:21:31,068 INFO [org.springframework.boot.context.embedded.tomcat.TomcatEmbeddedServletContainer:201] Tomcat started on port(s): 8009 (http)
2018-06-27 14:21:31,069 INFO [org.springframework.cloud.netflix.eureka.serviceregistry.EurekaAutoServiceRegistration:117] Updating port to 8009
2018-06-27 14:21:31,075 INFO [org.springframework.boot.StartupInfoLogger:57] Started XunyuTacticsApplication in 14.145 seconds (JVM running for 16.424)
2018-06-27 14:21:31,695 INFO [org.apache.juli.logging.DirectJDKLog:179] Initializing Spring FrameworkServlet 'dispatcherServlet'
2018-06-27 14:21:31,696 INFO [org.springframework.web.servlet.FrameworkServlet:489] FrameworkServlet 'dispatcherServlet': initialization started
2018-06-27 14:21:31,723 INFO [org.springframework.web.servlet.FrameworkServlet:508] FrameworkServlet 'dispatcherServlet': initialization completed in 27 ms
2018-06-27 14:21:41,972 INFO [com.alibaba.druid.pool.DruidDataSource:922] {dataSource-1} inited
2018-06-27 14:26:30,682 INFO [com.netflix.discovery.shared.resolver.aws.ConfigClusterResolver:43] Resolving eureka endpoints via configuration
2018-06-27 14:31:30,684 INFO [com.netflix.discovery.shared.resolver.aws.ConfigClusterResolver:43] Resolving eureka endpoints via configuration
2018-06-27 14:36:30,686 INFO [com.netflix.discovery.shared.resolver.aws.ConfigClusterResolver:43] Resolving eureka endpoints via configuration
2018-06-27 14:41:30,687 INFO [com.netflix.discovery.shared.resolver.aws.ConfigClusterResolver:43] Resolving eureka endpoints via configuration
2018-06-27 14:46:30,688 INFO [com.netflix.discovery.shared.resolver.aws.ConfigClusterResolver:43] Resolving eureka endpoints via configuration
2018-06-27 14:51:30,690 INFO [com.netflix.discovery.shared.resolver.aws.ConfigClusterResolver:43] Resolving eureka endpoints via configuration
2018-06-27 14:56:30,691 INFO [com.netflix.discovery.shared.resolver.aws.ConfigClusterResolver:43] Resolving eureka endpoints via configuration
