2018-04-16 12:00:02,613 INFO [org.springframework.boot.SpringApplication:597] The following profiles are active: core
2018-04-16 12:00:02,635 INFO [org.springframework.context.support.AbstractApplicationContext:583] Refreshing org.springframework.boot.context.embedded.AnnotationConfigEmbeddedWebApplicationContext@5486887b: startup date [Mon Apr 16 12:00:02 CST 2018]; parent: org.springframework.context.annotation.AnnotationConfigApplicationContext@2663e964
2018-04-16 12:00:03,793 WARN [org.mybatis.spring.mapper.ClassPathMapperScanner:167] No MyBatis mapper was found in '[com.xunyu.provider]' package. Please check your configuration.
2018-04-16 12:00:04,105 INFO [org.springframework.cloud.context.scope.GenericScope:263] BeanFactory id=2c92597b-e681-37fa-93a3-509718fe3541
2018-04-16 12:00:04,136 INFO [org.springframework.beans.factory.annotation.AutowiredAnnotationBeanPostProcessor:155] JSR-330 'javax.inject.Inject' annotation found and supported for autowiring
2018-04-16 12:00:04,330 INFO [org.springframework.context.support.PostProcessorRegistrationDelegate$BeanPostProcessorChecker:325] Bean 'org.springframework.transaction.annotation.ProxyTransactionManagementConfiguration' of type [org.springframework.transaction.annotation.ProxyTransactionManagementConfiguration$$EnhancerBySpringCGLIB$$39db9914] is not eligible for getting processed by all BeanPostProcessors (for example: not eligible for auto-proxying)
2018-04-16 12:00:04,397 INFO [org.springframework.context.support.PostProcessorRegistrationDelegate$BeanPostProcessorChecker:325] Bean 'org.springframework.cloud.autoconfigure.ConfigurationPropertiesRebinderAutoConfiguration' of type [org.springframework.cloud.autoconfigure.ConfigurationPropertiesRebinderAutoConfiguration$$EnhancerBySpringCGLIB$$55f59c11] is not eligible for getting processed by all BeanPostProcessors (for example: not eligible for auto-proxying)
2018-04-16 12:00:04,846 INFO [org.springframework.boot.context.embedded.tomcat.TomcatEmbeddedServletContainer:89] Tomcat initialized with port(s): 17093 (http)
2018-04-16 12:00:04,866 INFO [org.apache.juli.logging.DirectJDKLog:179] Starting service [Tomcat]
2018-04-16 12:00:04,868 INFO [org.apache.juli.logging.DirectJDKLog:179] Starting Servlet Engine: Apache Tomcat/8.5.20
2018-04-16 12:00:05,410 INFO [org.apache.juli.logging.DirectJDKLog:179] Initializing Spring embedded WebApplicationContext
2018-04-16 12:00:05,410 INFO [org.springframework.boot.context.embedded.EmbeddedWebApplicationContext:276] Root WebApplicationContext: initialization completed in 2775 ms
2018-04-16 12:00:05,761 INFO [org.springframework.boot.web.servlet.ServletRegistrationBean:190] Mapping servlet: 'dispatcherServlet' to [/]
2018-04-16 12:00:05,774 INFO [org.springframework.boot.web.servlet.AbstractFilterRegistrationBean:258] Mapping filter: 'characterEncodingFilter' to: [/*]
2018-04-16 12:00:05,775 INFO [org.springframework.boot.web.servlet.AbstractFilterRegistrationBean:258] Mapping filter: 'hiddenHttpMethodFilter' to: [/*]
2018-04-16 12:00:05,775 INFO [org.springframework.boot.web.servlet.AbstractFilterRegistrationBean:258] Mapping filter: 'httpPutFormContentFilter' to: [/*]
2018-04-16 12:00:05,776 INFO [org.springframework.boot.web.servlet.AbstractFilterRegistrationBean:258] Mapping filter: 'requestContextFilter' to: [/*]
2018-04-16 12:00:06,034 INFO [com.xunyu.config.DruidConfiguration$Druid:60] DruidConfiguration init completed................
2018-04-16 12:00:06,470 INFO [org.springframework.boot.SpringApplication:597] The following profiles are active: core
2018-04-16 12:00:06,503 INFO [org.springframework.context.support.AbstractApplicationContext:583] Refreshing org.springframework.boot.context.embedded.AnnotationConfigEmbeddedWebApplicationContext@4d23015c: startup date [Mon Apr 16 12:00:06 CST 2018]; parent: org.springframework.context.annotation.AnnotationConfigApplicationContext@3d246ea3
2018-04-16 12:00:06,992 WARN [com.netflix.config.sources.URLConfigurationSource:121] No URLs will be polled as dynamic configuration sources.
2018-04-16 12:00:06,992 INFO [com.netflix.config.sources.URLConfigurationSource:122] To enable URLs as dynamic configuration sources, define System property archaius.configurationSource.additionalUrls or make config.properties available on classpath.
2018-04-16 12:00:06,998 WARN [com.netflix.config.sources.URLConfigurationSource:121] No URLs will be polled as dynamic configuration sources.
2018-04-16 12:00:06,999 INFO [com.netflix.config.sources.URLConfigurationSource:122] To enable URLs as dynamic configuration sources, define System property archaius.configurationSource.additionalUrls or make config.properties available on classpath.
2018-04-16 12:00:07,268 INFO [org.springframework.web.servlet.mvc.method.annotation.RequestMappingHandlerAdapter:534] Looking for @ControllerAdvice: org.springframework.boot.context.embedded.AnnotationConfigEmbeddedWebApplicationContext@5486887b: startup date [Mon Apr 16 12:00:02 CST 2018]; parent: org.springframework.context.annotation.AnnotationConfigApplicationContext@2663e964
2018-04-16 12:00:07,281 WARN [org.mybatis.spring.mapper.ClassPathMapperScanner:167] No MyBatis mapper was found in '[com.xunyu.**.mapper]' package. Please check your configuration.
2018-04-16 12:00:07,371 INFO [org.springframework.web.servlet.handler.AbstractHandlerMethodMapping$MappingRegistry:543] Mapped "{[/pro/listUser],methods=[POST]}" onto public com.commons.core.message.Result<java.util.List<com.xunyu.entity.User>> com.xunyu.provider.controller.UserController.listUserData(com.xunyu.model.user.UserModel)
2018-04-16 12:00:07,374 INFO [org.springframework.web.servlet.handler.AbstractHandlerMethodMapping$MappingRegistry:543] Mapped "{[/error]}" onto public org.springframework.http.ResponseEntity<java.util.Map<java.lang.String, java.lang.Object>> org.springframework.boot.autoconfigure.web.BasicErrorController.error(javax.servlet.http.HttpServletRequest)
2018-04-16 12:00:07,375 INFO [org.springframework.web.servlet.handler.AbstractHandlerMethodMapping$MappingRegistry:543] Mapped "{[/error],produces=[text/html]}" onto public org.springframework.web.servlet.ModelAndView org.springframework.boot.autoconfigure.web.BasicErrorController.errorHtml(javax.servlet.http.HttpServletRequest,javax.servlet.http.HttpServletResponse)
2018-04-16 12:00:07,434 INFO [org.springframework.web.servlet.handler.AbstractUrlHandlerMapping:362] Mapped URL path [/webjars/**] onto handler of type [class org.springframework.web.servlet.resource.ResourceHttpRequestHandler]
2018-04-16 12:00:07,434 INFO [org.springframework.web.servlet.handler.AbstractUrlHandlerMapping:362] Mapped URL path [/**] onto handler of type [class org.springframework.web.servlet.resource.ResourceHttpRequestHandler]
2018-04-16 12:00:07,442 WARN [org.mybatis.spring.mapper.ClassPathMapperScanner:167] No MyBatis mapper was found in '[com.xunyu.consume]' package. Please check your configuration.
2018-04-16 12:00:07,504 INFO [org.springframework.web.servlet.handler.AbstractUrlHandlerMapping:362] Mapped URL path [/**/favicon.ico] onto handler of type [class org.springframework.web.servlet.resource.ResourceHttpRequestHandler]
2018-04-16 12:00:07,797 INFO [org.springframework.cloud.context.scope.GenericScope:263] BeanFactory id=bf53feac-ff32-3943-8304-64e48598efa0
2018-04-16 12:00:07,822 INFO [org.springframework.beans.factory.annotation.AutowiredAnnotationBeanPostProcessor:155] JSR-330 'javax.inject.Inject' annotation found and supported for autowiring
2018-04-16 12:00:07,939 INFO [org.springframework.context.support.PostProcessorRegistrationDelegate$BeanPostProcessorChecker:325] Bean 'com.xunyu.consume.service.RPCService' of type [org.springframework.cloud.netflix.feign.FeignClientFactoryBean] is not eligible for getting processed by all BeanPostProcessors (for example: not eligible for auto-proxying)
2018-04-16 12:00:08,251 INFO [org.springframework.context.support.PostProcessorRegistrationDelegate$BeanPostProcessorChecker:325] Bean 'org.springframework.transaction.annotation.ProxyTransactionManagementConfiguration' of type [org.springframework.transaction.annotation.ProxyTransactionManagementConfiguration$$EnhancerBySpringCGLIB$$f5ae50a1] is not eligible for getting processed by all BeanPostProcessors (for example: not eligible for auto-proxying)
2018-04-16 12:00:08,325 INFO [org.springframework.context.support.PostProcessorRegistrationDelegate$BeanPostProcessorChecker:325] Bean 'org.springframework.cloud.autoconfigure.ConfigurationPropertiesRebinderAutoConfiguration' of type [org.springframework.cloud.autoconfigure.ConfigurationPropertiesRebinderAutoConfiguration$$EnhancerBySpringCGLIB$$11c8539e] is not eligible for getting processed by all BeanPostProcessors (for example: not eligible for auto-proxying)
2018-04-16 12:00:08,744 INFO [org.springframework.boot.context.embedded.tomcat.TomcatEmbeddedServletContainer:89] Tomcat initialized with port(s): 17092 (http)
2018-04-16 12:00:08,761 INFO [org.apache.juli.logging.DirectJDKLog:179] Starting service [Tomcat]
2018-04-16 12:00:08,762 INFO [org.apache.juli.logging.DirectJDKLog:179] Starting Servlet Engine: Apache Tomcat/8.5.20
2018-04-16 12:00:08,788 INFO [org.springframework.jmx.export.MBeanExporter:431] Registering beans for JMX exposure on startup
2018-04-16 12:00:08,812 INFO [org.springframework.jmx.export.MBeanExporter:916] Bean with name 'dataSource' has been autodetected for JMX exposure
2018-04-16 12:00:08,828 INFO [org.springframework.jmx.export.MBeanExporter:916] Bean with name 'environmentManager' has been autodetected for JMX exposure
2018-04-16 12:00:08,829 INFO [org.springframework.jmx.export.MBeanExporter:916] Bean with name 'configurationPropertiesRebinder' has been autodetected for JMX exposure
2018-04-16 12:00:08,830 INFO [org.springframework.jmx.export.MBeanExporter:916] Bean with name 'refreshScope' has been autodetected for JMX exposure
2018-04-16 12:00:08,833 INFO [org.springframework.jmx.export.MBeanExporter:678] Located managed bean 'environmentManager': registering with JMX server as MBean [org.springframework.cloud.context.environment:name=environmentManager,type=EnvironmentManager]
2018-04-16 12:00:08,862 INFO [org.springframework.jmx.export.MBeanExporter:678] Located managed bean 'refreshScope': registering with JMX server as MBean [org.springframework.cloud.context.scope.refresh:name=refreshScope,type=RefreshScope]
2018-04-16 12:00:08,889 INFO [org.springframework.jmx.export.MBeanExporter:678] Located managed bean 'configurationPropertiesRebinder': registering with JMX server as MBean [org.springframework.cloud.context.properties:name=configurationPropertiesRebinder,context=5486887b,type=ConfigurationPropertiesRebinder]
2018-04-16 12:00:08,899 INFO [org.springframework.jmx.export.MBeanExporter:671] Located MBean 'dataSource': registering with JMX server as MBean [com.alibaba.druid.pool:name=dataSource,type=DruidDataSource]
2018-04-16 12:00:09,058 INFO [org.apache.juli.logging.DirectJDKLog:179] Initializing Spring embedded WebApplicationContext
2018-04-16 12:00:09,058 INFO [org.springframework.boot.context.embedded.EmbeddedWebApplicationContext:276] Root WebApplicationContext: initialization completed in 2555 ms
2018-04-16 12:00:09,112 INFO [org.springframework.context.support.DefaultLifecycleProcessor$LifecycleGroup:343] Starting beans in phase 0
2018-04-16 12:00:09,139 INFO [org.springframework.cloud.netflix.eureka.InstanceInfoFactory:70] Setting initial instance status as: STARTING
2018-04-16 12:00:09,251 INFO [com.netflix.discovery.DiscoveryClient:344] Initializing Eureka in region us-east-1
2018-04-16 12:00:09,403 INFO [org.springframework.boot.web.servlet.ServletRegistrationBean:190] Mapping servlet: 'dispatcherServlet' to [/]
2018-04-16 12:00:09,409 INFO [org.springframework.boot.web.servlet.AbstractFilterRegistrationBean:258] Mapping filter: 'characterEncodingFilter' to: [/*]
2018-04-16 12:00:09,411 INFO [org.springframework.boot.web.servlet.AbstractFilterRegistrationBean:258] Mapping filter: 'hiddenHttpMethodFilter' to: [/*]
2018-04-16 12:00:09,412 INFO [org.springframework.boot.web.servlet.AbstractFilterRegistrationBean:258] Mapping filter: 'httpPutFormContentFilter' to: [/*]
2018-04-16 12:00:09,412 INFO [org.springframework.boot.web.servlet.AbstractFilterRegistrationBean:258] Mapping filter: 'requestContextFilter' to: [/*]
2018-04-16 12:00:09,459 INFO [com.netflix.discovery.provider.DiscoveryJerseyProvider:70] Using JSON encoding codec LegacyJacksonJson
2018-04-16 12:00:09,459 INFO [com.netflix.discovery.provider.DiscoveryJerseyProvider:71] Using JSON decoding codec LegacyJacksonJson
2018-04-16 12:00:09,486 INFO [org.springframework.aop.framework.CglibAopProxy:268] Final method [protected final void org.springframework.boot.web.support.SpringBootServletInitializer.setRegisterErrorPageFilter(boolean)] cannot get proxied via CGLIB: Calls to this method will NOT be routed to the target instance and might lead to NPEs against uninitialized fields in the proxy instance.
2018-04-16 12:00:09,599 INFO [com.netflix.discovery.provider.DiscoveryJerseyProvider:80] Using XML encoding codec XStreamXml
2018-04-16 12:00:09,599 INFO [com.netflix.discovery.provider.DiscoveryJerseyProvider:81] Using XML decoding codec XStreamXml
2018-04-16 12:00:09,639 INFO [com.xunyu.config.DruidConfiguration$Druid:60] DruidConfiguration init completed................
2018-04-16 12:00:10,150 INFO [org.springframework.context.support.AbstractApplicationContext:583] Refreshing org.springframework.context.annotation.AnnotationConfigApplicationContext@59498d94: startup date [Mon Apr 16 12:00:10 CST 2018]; parent: org.springframework.boot.context.embedded.AnnotationConfigEmbeddedWebApplicationContext@4d23015c
2018-04-16 12:00:10,177 INFO [org.springframework.beans.factory.annotation.AutowiredAnnotationBeanPostProcessor:155] JSR-330 'javax.inject.Inject' annotation found and supported for autowiring
2018-04-16 12:00:10,430 INFO [com.netflix.discovery.shared.resolver.aws.ConfigClusterResolver:43] Resolving eureka endpoints via configuration
2018-04-16 12:00:10,963 INFO [com.netflix.discovery.DiscoveryClient:920] Disable delta property : false
2018-04-16 12:00:10,963 INFO [com.netflix.discovery.DiscoveryClient:921] Single vip registry refresh property : null
2018-04-16 12:00:10,964 INFO [com.netflix.discovery.DiscoveryClient:922] Force full registry fetch : false
2018-04-16 12:00:10,964 INFO [com.netflix.discovery.DiscoveryClient:923] Application is null : false
2018-04-16 12:00:10,964 INFO [com.netflix.discovery.DiscoveryClient:924] Registered Applications size is zero : true
2018-04-16 12:00:10,964 INFO [com.netflix.discovery.DiscoveryClient:926] Application version is -1: true
2018-04-16 12:00:10,964 INFO [com.netflix.discovery.DiscoveryClient:1009] Getting all instance registry info from the eureka server
2018-04-16 12:00:11,278 INFO [com.netflix.discovery.DiscoveryClient:1018] The response status is 200
2018-04-16 12:00:11,281 INFO [com.netflix.discovery.DiscoveryClient:1244] Starting heartbeat executor: renew interval is: 5
2018-04-16 12:00:11,288 INFO [com.netflix.discovery.InstanceInfoReplicator:59] InstanceInfoReplicator onDemand update allowed rate per min is 4
2018-04-16 12:00:11,293 INFO [com.netflix.discovery.DiscoveryClient:425] Discovery Client initialized at timestamp 1523851211293 with initial instances count: 1
2018-04-16 12:00:11,315 INFO [org.springframework.cloud.netflix.eureka.serviceregistry.EurekaServiceRegistry:40] Registering application xunyu-provider with eureka with status UP
2018-04-16 12:00:11,320 INFO [com.netflix.discovery.DiscoveryClient$3:1279] Saw local status change event StatusChangeEvent [timestamp=1523851211320, current=UP, previous=STARTING]
2018-04-16 12:00:11,322 INFO [com.netflix.discovery.DiscoveryClient:795] DiscoveryClient_XUNYU-PROVIDER/DESKTOP-BLNIGML:xunyu-provider:17093: registering service...
2018-04-16 12:00:11,362 INFO [com.netflix.discovery.DiscoveryClient:804] DiscoveryClient_XUNYU-PROVIDER/DESKTOP-BLNIGML:xunyu-provider:17093 - registration status: 204
2018-04-16 12:00:11,405 INFO [org.springframework.boot.context.embedded.tomcat.TomcatEmbeddedServletContainer:201] Tomcat started on port(s): 17093 (http)
2018-04-16 12:00:11,430 INFO [org.springframework.cloud.netflix.eureka.serviceregistry.EurekaAutoServiceRegistration:117] Updating port to 17093
2018-04-16 12:00:11,434 INFO [org.springframework.boot.StartupInfoLogger:57] Started ProviderApplication in 11.595 seconds (JVM running for 14.203)
2018-04-16 12:00:11,965 WARN [com.netflix.config.sources.URLConfigurationSource:121] No URLs will be polled as dynamic configuration sources.
2018-04-16 12:00:11,965 INFO [com.netflix.config.sources.URLConfigurationSource:122] To enable URLs as dynamic configuration sources, define System property archaius.configurationSource.additionalUrls or make config.properties available on classpath.
2018-04-16 12:00:11,972 WARN [com.netflix.config.sources.URLConfigurationSource:121] No URLs will be polled as dynamic configuration sources.
2018-04-16 12:00:11,973 INFO [com.netflix.config.sources.URLConfigurationSource:122] To enable URLs as dynamic configuration sources, define System property archaius.configurationSource.additionalUrls or make config.properties available on classpath.
2018-04-16 12:00:12,310 INFO [org.springframework.web.servlet.mvc.method.annotation.RequestMappingHandlerAdapter:534] Looking for @ControllerAdvice: org.springframework.boot.context.embedded.AnnotationConfigEmbeddedWebApplicationContext@4d23015c: startup date [Mon Apr 16 12:00:06 CST 2018]; parent: org.springframework.context.annotation.AnnotationConfigApplicationContext@3d246ea3
2018-04-16 12:00:12,379 INFO [org.springframework.web.servlet.handler.AbstractHandlerMethodMapping$MappingRegistry:543] Mapped "{[/user/get],methods=[GET],produces=[application/json;charset=UTF-8]}" onto public com.xunyu.entity.UserInfo com.xunyu.consume.controller.UserController.getUserInfo(java.lang.Long)
2018-04-16 12:00:12,380 INFO [org.springframework.web.servlet.handler.AbstractHandlerMethodMapping$MappingRegistry:543] Mapped "{[/user/],methods=[GET]}" onto public java.lang.String com.xunyu.consume.controller.UserController.test()
2018-04-16 12:00:12,381 INFO [org.springframework.web.servlet.handler.AbstractHandlerMethodMapping$MappingRegistry:543] Mapped "{[/user/delUserInfoByIds],methods=[GET]}" onto public com.commons.core.message.Result<com.xunyu.entity.UserInfo> com.xunyu.consume.controller.UserController.deleteUserInfoByIdsData(java.lang.String)
2018-04-16 12:00:12,381 INFO [org.springframework.web.servlet.handler.AbstractHandlerMethodMapping$MappingRegistry:543] Mapped "{[/user/addUserInfo],methods=[GET]}" onto public com.commons.core.message.Result<com.xunyu.entity.UserInfo> com.xunyu.consume.controller.UserController.addUserInfoData(com.xunyu.entity.UserInfo)
2018-04-16 12:00:12,381 INFO [org.springframework.web.servlet.handler.AbstractHandlerMethodMapping$MappingRegistry:543] Mapped "{[/user/listUserInfo],methods=[GET]}" onto public com.commons.core.message.Result<java.util.List<com.xunyu.entity.UserInfo>> com.xunyu.consume.controller.UserController.listUserInfoData(com.xunyu.model.user.UserModel)
2018-04-16 12:00:12,382 INFO [org.springframework.web.servlet.handler.AbstractHandlerMethodMapping$MappingRegistry:543] Mapped "{[/user/listUserOther],methods=[GET]}" onto public com.commons.core.message.Result<java.util.List<com.xunyu.entity.User>> com.xunyu.consume.controller.UserController.listUserOther(com.xunyu.model.user.UserModel)
2018-04-16 12:00:12,384 INFO [org.springframework.web.servlet.handler.AbstractHandlerMethodMapping$MappingRegistry:543] Mapped "{[/error]}" onto public org.springframework.http.ResponseEntity<java.util.Map<java.lang.String, java.lang.Object>> org.springframework.boot.autoconfigure.web.BasicErrorController.error(javax.servlet.http.HttpServletRequest)
2018-04-16 12:00:12,385 INFO [org.springframework.web.servlet.handler.AbstractHandlerMethodMapping$MappingRegistry:543] Mapped "{[/error],produces=[text/html]}" onto public org.springframework.web.servlet.ModelAndView org.springframework.boot.autoconfigure.web.BasicErrorController.errorHtml(javax.servlet.http.HttpServletRequest,javax.servlet.http.HttpServletResponse)
2018-04-16 12:00:12,425 INFO [org.springframework.web.servlet.handler.AbstractUrlHandlerMapping:362] Mapped URL path [/webjars/**] onto handler of type [class org.springframework.web.servlet.resource.ResourceHttpRequestHandler]
2018-04-16 12:00:12,426 INFO [org.springframework.web.servlet.handler.AbstractUrlHandlerMapping:362] Mapped URL path [/**] onto handler of type [class org.springframework.web.servlet.resource.ResourceHttpRequestHandler]
2018-04-16 12:00:12,477 INFO [org.springframework.web.servlet.handler.AbstractUrlHandlerMapping:362] Mapped URL path [/**/favicon.ico] onto handler of type [class org.springframework.web.servlet.resource.ResourceHttpRequestHandler]
2018-04-16 12:00:13,094 INFO [org.springframework.jmx.export.MBeanExporter:431] Registering beans for JMX exposure on startup
2018-04-16 12:00:13,095 INFO [org.springframework.jmx.export.MBeanExporter:916] Bean with name 'dataSource' has been autodetected for JMX exposure
2018-04-16 12:00:13,106 INFO [org.springframework.jmx.export.MBeanExporter:916] Bean with name 'environmentManager' has been autodetected for JMX exposure
2018-04-16 12:00:13,108 INFO [org.springframework.jmx.export.MBeanExporter:916] Bean with name 'configurationPropertiesRebinder' has been autodetected for JMX exposure
2018-04-16 12:00:13,109 INFO [org.springframework.jmx.export.MBeanExporter:916] Bean with name 'refreshScope' has been autodetected for JMX exposure
2018-04-16 12:00:13,111 INFO [org.springframework.jmx.export.MBeanExporter:678] Located managed bean 'environmentManager': registering with JMX server as MBean [org.springframework.cloud.context.environment:name=environmentManager,type=EnvironmentManager]
2018-04-16 12:00:13,128 INFO [org.springframework.jmx.export.MBeanExporter:678] Located managed bean 'refreshScope': registering with JMX server as MBean [org.springframework.cloud.context.scope.refresh:name=refreshScope,type=RefreshScope]
2018-04-16 12:00:13,142 INFO [org.springframework.jmx.export.MBeanExporter:678] Located managed bean 'configurationPropertiesRebinder': registering with JMX server as MBean [org.springframework.cloud.context.properties:name=configurationPropertiesRebinder,context=4d23015c,type=ConfigurationPropertiesRebinder]
2018-04-16 12:00:13,148 INFO [org.springframework.jmx.export.MBeanExporter:671] Located MBean 'dataSource': registering with JMX server as MBean [com.alibaba.druid.pool:name=dataSource,type=DruidDataSource]
2018-04-16 12:00:13,349 INFO [org.springframework.context.support.DefaultLifecycleProcessor$LifecycleGroup:343] Starting beans in phase 0
2018-04-16 12:00:13,360 INFO [org.springframework.cloud.netflix.eureka.InstanceInfoFactory:70] Setting initial instance status as: STARTING
2018-04-16 12:00:13,454 INFO [com.netflix.discovery.DiscoveryClient:344] Initializing Eureka in region us-east-1
2018-04-16 12:00:13,519 INFO [com.netflix.discovery.provider.DiscoveryJerseyProvider:70] Using JSON encoding codec LegacyJacksonJson
2018-04-16 12:00:13,519 INFO [com.netflix.discovery.provider.DiscoveryJerseyProvider:71] Using JSON decoding codec LegacyJacksonJson
2018-04-16 12:00:13,610 INFO [com.netflix.discovery.provider.DiscoveryJerseyProvider:80] Using XML encoding codec XStreamXml
2018-04-16 12:00:13,610 INFO [com.netflix.discovery.provider.DiscoveryJerseyProvider:81] Using XML decoding codec XStreamXml
2018-04-16 12:00:13,995 INFO [com.netflix.discovery.shared.resolver.aws.ConfigClusterResolver:43] Resolving eureka endpoints via configuration
2018-04-16 12:00:14,086 INFO [com.netflix.discovery.DiscoveryClient:920] Disable delta property : false
2018-04-16 12:00:14,087 INFO [com.netflix.discovery.DiscoveryClient:921] Single vip registry refresh property : null
2018-04-16 12:00:14,087 INFO [com.netflix.discovery.DiscoveryClient:922] Force full registry fetch : false
2018-04-16 12:00:14,087 INFO [com.netflix.discovery.DiscoveryClient:923] Application is null : false
2018-04-16 12:00:14,087 INFO [com.netflix.discovery.DiscoveryClient:924] Registered Applications size is zero : true
2018-04-16 12:00:14,088 INFO [com.netflix.discovery.DiscoveryClient:926] Application version is -1: true
2018-04-16 12:00:14,088 INFO [com.netflix.discovery.DiscoveryClient:1009] Getting all instance registry info from the eureka server
2018-04-16 12:00:14,263 INFO [com.netflix.discovery.DiscoveryClient:1018] The response status is 200
2018-04-16 12:00:14,265 INFO [com.netflix.discovery.DiscoveryClient:1244] Starting heartbeat executor: renew interval is: 5
2018-04-16 12:00:14,268 INFO [com.netflix.discovery.InstanceInfoReplicator:59] InstanceInfoReplicator onDemand update allowed rate per min is 4
2018-04-16 12:00:14,272 INFO [com.netflix.discovery.DiscoveryClient:425] Discovery Client initialized at timestamp 1523851214272 with initial instances count: 1
2018-04-16 12:00:14,294 INFO [org.springframework.cloud.netflix.eureka.serviceregistry.EurekaServiceRegistry:40] Registering application xunyu-consume with eureka with status UP
2018-04-16 12:00:14,294 INFO [com.netflix.discovery.DiscoveryClient$3:1279] Saw local status change event StatusChangeEvent [timestamp=1523851214294, current=UP, previous=STARTING]
2018-04-16 12:00:14,302 INFO [com.netflix.discovery.DiscoveryClient:795] DiscoveryClient_XUNYU-CONSUME/DESKTOP-BLNIGML:xunyu-consume:17092: registering service...
2018-04-16 12:00:14,343 INFO [com.netflix.discovery.DiscoveryClient:804] DiscoveryClient_XUNYU-CONSUME/DESKTOP-BLNIGML:xunyu-consume:17092 - registration status: 204
2018-04-16 12:00:14,391 INFO [org.springframework.boot.context.embedded.tomcat.TomcatEmbeddedServletContainer:201] Tomcat started on port(s): 17092 (http)
2018-04-16 12:00:14,392 INFO [org.springframework.cloud.netflix.eureka.serviceregistry.EurekaAutoServiceRegistration:117] Updating port to 17092
2018-04-16 12:00:14,396 INFO [org.springframework.boot.StartupInfoLogger:57] Started ConsumeApplication in 10.121 seconds (JVM running for 12.491)
2018-04-16 12:02:08,184 INFO [org.apache.juli.logging.DirectJDKLog:179] Initializing Spring FrameworkServlet 'dispatcherServlet'
2018-04-16 12:02:08,184 INFO [org.springframework.web.servlet.FrameworkServlet:489] FrameworkServlet 'dispatcherServlet': initialization started
2018-04-16 12:02:08,211 INFO [org.springframework.web.servlet.FrameworkServlet:508] FrameworkServlet 'dispatcherServlet': initialization completed in 27 ms
2018-04-16 12:02:08,258 INFO [org.springframework.context.support.AbstractApplicationContext:583] Refreshing org.springframework.context.annotation.AnnotationConfigApplicationContext@570bd386: startup date [Mon Apr 16 12:02:08 CST 2018]; parent: org.springframework.boot.context.embedded.AnnotationConfigEmbeddedWebApplicationContext@4d23015c
2018-04-16 12:02:08,311 INFO [org.springframework.beans.factory.annotation.AutowiredAnnotationBeanPostProcessor:155] JSR-330 'javax.inject.Inject' annotation found and supported for autowiring
2018-04-16 12:02:08,516 INFO [com.netflix.config.ChainedDynamicProperty$ChainLink:115] Flipping property: xunyu-provider.ribbon.ActiveConnectionsLimit to use NEXT property: niws.loadbalancer.availabilityFilteringRule.activeConnectionsLimit = 2147483647
2018-04-16 12:02:08,539 INFO [com.netflix.util.concurrent.ShutdownEnabledTimer:58] Shutdown hook installed for: NFLoadBalancer-PingTimer-xunyu-provider
2018-04-16 12:02:08,564 INFO [com.netflix.loadbalancer.BaseLoadBalancer:192] Client: xunyu-provider instantiated a LoadBalancer: DynamicServerListLoadBalancer:{NFLoadBalancer:name=xunyu-provider,current list of Servers=[],Load balancer stats=Zone stats: {},Server stats: []}ServerList:null
2018-04-16 12:02:08,569 INFO [com.netflix.loadbalancer.DynamicServerListLoadBalancer:214] Using serverListUpdater PollingServerListUpdater
2018-04-16 12:02:08,596 INFO [com.netflix.config.ChainedDynamicProperty$ChainLink:115] Flipping property: xunyu-provider.ribbon.ActiveConnectionsLimit to use NEXT property: niws.loadbalancer.availabilityFilteringRule.activeConnectionsLimit = 2147483647
2018-04-16 12:02:08,597 INFO [com.netflix.loadbalancer.DynamicServerListLoadBalancer:150] DynamicServerListLoadBalancer for client xunyu-provider initialized: DynamicServerListLoadBalancer:{NFLoadBalancer:name=xunyu-provider,current list of Servers=[DESKTOP-BLNIGML:17093],Load balancer stats=Zone stats: {defaultzone=[Zone:defaultzone;	Instance count:1;	Active connections count: 0;	Circuit breaker tripped count: 0;	Active connections per server: 0.0;]
},Server stats: [[Server:DESKTOP-BLNIGML:17093;	Zone:defaultZone;	Total Requests:0;	Successive connection failure:0;	Total blackout seconds:0;	Last connection made:Thu Jan 01 08:00:00 CST 1970;	First connection made: Thu Jan 01 08:00:00 CST 1970;	Active Connections:0;	total failure count in last (1000) msecs:0;	average resp time:0.0;	90 percentile resp time:0.0;	95 percentile resp time:0.0;	min resp time:0.0;	max resp time:0.0;	stddev resp time:0.0]
]}ServerList:org.springframework.cloud.netflix.ribbon.eureka.DomainExtractingServerList@196735dd
2018-04-16 12:02:08,812 INFO [org.apache.juli.logging.DirectJDKLog:179] Initializing Spring FrameworkServlet 'dispatcherServlet'
2018-04-16 12:02:08,813 INFO [org.springframework.web.servlet.FrameworkServlet:489] FrameworkServlet 'dispatcherServlet': initialization started
2018-04-16 12:02:08,842 INFO [org.springframework.web.servlet.FrameworkServlet:508] FrameworkServlet 'dispatcherServlet': initialization completed in 29 ms
2018-04-16 12:02:09,576 INFO [com.netflix.config.ChainedDynamicProperty$ChainLink:115] Flipping property: xunyu-provider.ribbon.ActiveConnectionsLimit to use NEXT property: niws.loadbalancer.availabilityFilteringRule.activeConnectionsLimit = 2147483647
2018-04-16 12:02:11,792 INFO [com.alibaba.druid.pool.DruidDataSource:922] {dataSource-1} inited
2018-04-16 12:05:10,972 INFO [com.netflix.discovery.shared.resolver.aws.ConfigClusterResolver:43] Resolving eureka endpoints via configuration
2018-04-16 12:05:14,092 INFO [com.netflix.discovery.shared.resolver.aws.ConfigClusterResolver:43] Resolving eureka endpoints via configuration
2018-04-16 12:10:10,975 INFO [com.netflix.discovery.shared.resolver.aws.ConfigClusterResolver:43] Resolving eureka endpoints via configuration
2018-04-16 12:10:14,095 INFO [com.netflix.discovery.shared.resolver.aws.ConfigClusterResolver:43] Resolving eureka endpoints via configuration
2018-04-16 12:15:10,977 INFO [com.netflix.discovery.shared.resolver.aws.ConfigClusterResolver:43] Resolving eureka endpoints via configuration
2018-04-16 12:15:14,096 INFO [com.netflix.discovery.shared.resolver.aws.ConfigClusterResolver:43] Resolving eureka endpoints via configuration
2018-04-16 12:20:10,977 INFO [com.netflix.discovery.shared.resolver.aws.ConfigClusterResolver:43] Resolving eureka endpoints via configuration
2018-04-16 12:20:14,097 INFO [com.netflix.discovery.shared.resolver.aws.ConfigClusterResolver:43] Resolving eureka endpoints via configuration
2018-04-16 12:25:10,978 INFO [com.netflix.discovery.shared.resolver.aws.ConfigClusterResolver:43] Resolving eureka endpoints via configuration
2018-04-16 12:25:14,099 INFO [com.netflix.discovery.shared.resolver.aws.ConfigClusterResolver:43] Resolving eureka endpoints via configuration
2018-04-16 12:30:10,980 INFO [com.netflix.discovery.shared.resolver.aws.ConfigClusterResolver:43] Resolving eureka endpoints via configuration
2018-04-16 12:30:14,101 INFO [com.netflix.discovery.shared.resolver.aws.ConfigClusterResolver:43] Resolving eureka endpoints via configuration
2018-04-16 12:36:34,177 INFO [org.apache.http.impl.client.DefaultRequestDirector:695] I/O exception (org.apache.http.NoHttpResponseException) caught when processing request to {}->http://localhost:17081: The target server failed to respond
2018-04-16 12:36:34,178 INFO [org.apache.http.impl.client.DefaultRequestDirector:705] Retrying request to {}->http://localhost:17081
2018-04-16 12:36:34,193 ERROR [com.netflix.discovery.shared.transport.decorator.RedirectingEurekaHttpClient:91] Request execution error
com.sun.jersey.api.client.ClientHandlerException: org.apache.http.NoHttpResponseException: localhost:17081 failed to respond
	at com.sun.jersey.client.apache4.ApacheHttpClient4Handler.handle(ApacheHttpClient4Handler.java:187)
	at com.sun.jersey.api.client.filter.GZIPContentEncodingFilter.handle(GZIPContentEncodingFilter.java:123)
	at com.netflix.discovery.EurekaIdentityHeaderFilter.handle(EurekaIdentityHeaderFilter.java:27)
	at com.sun.jersey.api.client.Client.handle(Client.java:652)
	at com.sun.jersey.api.client.WebResource.handle(WebResource.java:682)
	at com.sun.jersey.api.client.WebResource.access$200(WebResource.java:74)
	at com.sun.jersey.api.client.WebResource$Builder.put(WebResource.java:529)
	at com.netflix.discovery.shared.transport.jersey.AbstractJerseyEurekaHttpClient.sendHeartBeat(AbstractJerseyEurekaHttpClient.java:102)
	at com.netflix.discovery.shared.transport.decorator.EurekaHttpClientDecorator$3.execute(EurekaHttpClientDecorator.java:92)
	at com.netflix.discovery.shared.transport.decorator.MetricsCollectingEurekaHttpClient.execute(MetricsCollectingEurekaHttpClient.java:73)
	at com.netflix.discovery.shared.transport.decorator.EurekaHttpClientDecorator.sendHeartBeat(EurekaHttpClientDecorator.java:89)
	at com.netflix.discovery.shared.transport.decorator.EurekaHttpClientDecorator$3.execute(EurekaHttpClientDecorator.java:92)
	at com.netflix.discovery.shared.transport.decorator.RedirectingEurekaHttpClient.execute(RedirectingEurekaHttpClient.java:89)
	at com.netflix.discovery.shared.transport.decorator.EurekaHttpClientDecorator.sendHeartBeat(EurekaHttpClientDecorator.java:89)
	at com.netflix.discovery.shared.transport.decorator.EurekaHttpClientDecorator$3.execute(EurekaHttpClientDecorator.java:92)
	at com.netflix.discovery.shared.transport.decorator.RetryableEurekaHttpClient.execute(RetryableEurekaHttpClient.java:119)
	at com.netflix.discovery.shared.transport.decorator.EurekaHttpClientDecorator.sendHeartBeat(EurekaHttpClientDecorator.java:89)
	at com.netflix.discovery.shared.transport.decorator.EurekaHttpClientDecorator$3.execute(EurekaHttpClientDecorator.java:92)
	at com.netflix.discovery.shared.transport.decorator.SessionedEurekaHttpClient.execute(SessionedEurekaHttpClient.java:77)
	at com.netflix.discovery.shared.transport.decorator.EurekaHttpClientDecorator.sendHeartBeat(EurekaHttpClientDecorator.java:89)
	at com.netflix.discovery.DiscoveryClient.renew(DiscoveryClient.java:815)
	at com.netflix.discovery.DiscoveryClient$HeartbeatThread.run(DiscoveryClient.java:1379)
	at java.util.concurrent.Executors$RunnableAdapter.call(Executors.java:511)
	at java.util.concurrent.FutureTask.run$$$capture(FutureTask.java:266)
	at java.util.concurrent.FutureTask.run(FutureTask.java)
	at java.util.concurrent.ThreadPoolExecutor.runWorker(ThreadPoolExecutor.java:1142)
	at java.util.concurrent.ThreadPoolExecutor$Worker.run(ThreadPoolExecutor.java:617)
	at java.lang.Thread.run(Thread.java:745)
Caused by: org.apache.http.NoHttpResponseException: localhost:17081 failed to respond
	at org.apache.http.impl.conn.DefaultHttpResponseParser.parseHead(DefaultHttpResponseParser.java:141)
	at org.apache.http.impl.conn.DefaultHttpResponseParser.parseHead(DefaultHttpResponseParser.java:56)
	at org.apache.http.impl.io.AbstractMessageParser.parse(AbstractMessageParser.java:259)
	at org.apache.http.impl.AbstractHttpClientConnection.receiveResponseHeader(AbstractHttpClientConnection.java:281)
	at org.apache.http.impl.conn.DefaultClientConnection.receiveResponseHeader(DefaultClientConnection.java:257)
	at org.apache.http.impl.conn.AbstractClientConnAdapter.receiveResponseHeader(AbstractClientConnAdapter.java:230)
	at org.apache.http.protocol.HttpRequestExecutor.doReceiveResponse(HttpRequestExecutor.java:273)
	at org.apache.http.protocol.HttpRequestExecutor.execute(HttpRequestExecutor.java:125)
	at org.apache.http.impl.client.DefaultRequestDirector.tryExecute(DefaultRequestDirector.java:684)
	at org.apache.http.impl.client.DefaultRequestDirector.execute(DefaultRequestDirector.java:486)
	at org.apache.http.impl.client.AbstractHttpClient.doExecute(AbstractHttpClient.java:835)
	at org.apache.http.impl.client.CloseableHttpClient.execute(CloseableHttpClient.java:118)
	at org.apache.http.impl.client.CloseableHttpClient.execute(CloseableHttpClient.java:56)
	at com.sun.jersey.client.apache4.ApacheHttpClient4Handler.handle(ApacheHttpClient4Handler.java:173)
	... 27 common frames omitted
2018-04-16 12:36:34,420 WARN [com.netflix.discovery.shared.transport.decorator.RetryableEurekaHttpClient:129] Request execution failed with message: org.apache.http.NoHttpResponseException: localhost:17081 failed to respond
2018-04-16 12:36:34,424 INFO [com.netflix.discovery.shared.transport.decorator.RetryableEurekaHttpClient:123] Request execution succeeded on retry #1
2018-04-16 12:38:00,147 INFO [com.netflix.discovery.shared.resolver.aws.ConfigClusterResolver:43] Resolving eureka endpoints via configuration
2018-04-16 12:38:03,268 INFO [com.netflix.discovery.shared.resolver.aws.ConfigClusterResolver:43] Resolving eureka endpoints via configuration
2018-04-16 12:43:00,148 INFO [com.netflix.discovery.shared.resolver.aws.ConfigClusterResolver:43] Resolving eureka endpoints via configuration
2018-04-16 12:43:03,269 INFO [com.netflix.discovery.shared.resolver.aws.ConfigClusterResolver:43] Resolving eureka endpoints via configuration
2018-04-16 12:48:00,149 INFO [com.netflix.discovery.shared.resolver.aws.ConfigClusterResolver:43] Resolving eureka endpoints via configuration
2018-04-16 12:48:03,270 INFO [com.netflix.discovery.shared.resolver.aws.ConfigClusterResolver:43] Resolving eureka endpoints via configuration
2018-04-16 12:53:00,149 INFO [com.netflix.discovery.shared.resolver.aws.ConfigClusterResolver:43] Resolving eureka endpoints via configuration
2018-04-16 12:53:03,271 INFO [com.netflix.discovery.shared.resolver.aws.ConfigClusterResolver:43] Resolving eureka endpoints via configuration
2018-04-16 12:58:00,151 INFO [com.netflix.discovery.shared.resolver.aws.ConfigClusterResolver:43] Resolving eureka endpoints via configuration
2018-04-16 12:58:03,272 INFO [com.netflix.discovery.shared.resolver.aws.ConfigClusterResolver:43] Resolving eureka endpoints via configuration
2018-04-16 13:03:00,152 INFO [com.netflix.discovery.shared.resolver.aws.ConfigClusterResolver:43] Resolving eureka endpoints via configuration
2018-04-16 13:03:03,272 INFO [com.netflix.discovery.shared.resolver.aws.ConfigClusterResolver:43] Resolving eureka endpoints via configuration
2018-04-16 13:08:00,285 INFO [com.netflix.discovery.shared.resolver.aws.ConfigClusterResolver:43] Resolving eureka endpoints via configuration
2018-04-16 13:08:03,329 INFO [com.netflix.discovery.shared.resolver.aws.ConfigClusterResolver:43] Resolving eureka endpoints via configuration
2018-04-16 13:13:00,286 INFO [com.netflix.discovery.shared.resolver.aws.ConfigClusterResolver:43] Resolving eureka endpoints via configuration
2018-04-16 13:13:03,331 INFO [com.netflix.discovery.shared.resolver.aws.ConfigClusterResolver:43] Resolving eureka endpoints via configuration
2018-04-16 13:18:00,288 INFO [com.netflix.discovery.shared.resolver.aws.ConfigClusterResolver:43] Resolving eureka endpoints via configuration
2018-04-16 13:18:03,332 INFO [com.netflix.discovery.shared.resolver.aws.ConfigClusterResolver:43] Resolving eureka endpoints via configuration
2018-04-16 13:23:00,291 INFO [com.netflix.discovery.shared.resolver.aws.ConfigClusterResolver:43] Resolving eureka endpoints via configuration
2018-04-16 13:23:03,334 INFO [com.netflix.discovery.shared.resolver.aws.ConfigClusterResolver:43] Resolving eureka endpoints via configuration
2018-04-16 13:28:00,292 INFO [com.netflix.discovery.shared.resolver.aws.ConfigClusterResolver:43] Resolving eureka endpoints via configuration
2018-04-16 13:28:03,335 INFO [com.netflix.discovery.shared.resolver.aws.ConfigClusterResolver:43] Resolving eureka endpoints via configuration
2018-04-16 13:33:00,294 INFO [com.netflix.discovery.shared.resolver.aws.ConfigClusterResolver:43] Resolving eureka endpoints via configuration
2018-04-16 13:33:03,336 INFO [com.netflix.discovery.shared.resolver.aws.ConfigClusterResolver:43] Resolving eureka endpoints via configuration
2018-04-16 13:37:37,208 INFO [org.springframework.boot.SpringApplication:597] The following profiles are active: core
2018-04-16 13:37:37,232 INFO [org.springframework.context.support.AbstractApplicationContext:583] Refreshing org.springframework.boot.context.embedded.AnnotationConfigEmbeddedWebApplicationContext@66596a88: startup date [Mon Apr 16 13:37:37 CST 2018]; parent: org.springframework.context.annotation.AnnotationConfigApplicationContext@1787bc24
2018-04-16 13:37:37,983 WARN [org.mybatis.spring.mapper.ClassPathMapperScanner:167] No MyBatis mapper was found in '[com.xunyu.**.mapper]' package. Please check your configuration.
2018-04-16 13:37:38,121 WARN [org.mybatis.spring.mapper.ClassPathMapperScanner:167] No MyBatis mapper was found in '[com.xunyu.consume]' package. Please check your configuration.
2018-04-16 13:37:38,309 INFO [org.springframework.cloud.context.scope.GenericScope:263] BeanFactory id=bf53feac-ff32-3943-8304-64e48598efa0
2018-04-16 13:37:38,325 INFO [org.springframework.beans.factory.annotation.AutowiredAnnotationBeanPostProcessor:155] JSR-330 'javax.inject.Inject' annotation found and supported for autowiring
2018-04-16 13:37:38,354 INFO [org.springframework.context.support.PostProcessorRegistrationDelegate$BeanPostProcessorChecker:325] Bean 'com.xunyu.consume.service.RPCService' of type [org.springframework.cloud.netflix.feign.FeignClientFactoryBean] is not eligible for getting processed by all BeanPostProcessors (for example: not eligible for auto-proxying)
2018-04-16 13:37:38,447 INFO [org.springframework.context.support.PostProcessorRegistrationDelegate$BeanPostProcessorChecker:325] Bean 'org.springframework.transaction.annotation.ProxyTransactionManagementConfiguration' of type [org.springframework.transaction.annotation.ProxyTransactionManagementConfiguration$$EnhancerBySpringCGLIB$$b9db71a7] is not eligible for getting processed by all BeanPostProcessors (for example: not eligible for auto-proxying)
2018-04-16 13:37:38,478 INFO [org.springframework.context.support.PostProcessorRegistrationDelegate$BeanPostProcessorChecker:325] Bean 'org.springframework.cloud.autoconfigure.ConfigurationPropertiesRebinderAutoConfiguration' of type [org.springframework.cloud.autoconfigure.ConfigurationPropertiesRebinderAutoConfiguration$$EnhancerBySpringCGLIB$$d5f574a4] is not eligible for getting processed by all BeanPostProcessors (for example: not eligible for auto-proxying)
2018-04-16 13:37:38,838 INFO [org.springframework.boot.context.embedded.tomcat.TomcatEmbeddedServletContainer:89] Tomcat initialized with port(s): 17092 (http)
2018-04-16 13:37:38,850 INFO [org.apache.juli.logging.DirectJDKLog:179] Starting service [Tomcat]
2018-04-16 13:37:38,851 INFO [org.apache.juli.logging.DirectJDKLog:179] Starting Servlet Engine: Apache Tomcat/8.5.20
2018-04-16 13:37:39,099 INFO [org.apache.juli.logging.DirectJDKLog:179] Initializing Spring embedded WebApplicationContext
2018-04-16 13:37:39,100 INFO [org.springframework.boot.context.embedded.EmbeddedWebApplicationContext:276] Root WebApplicationContext: initialization completed in 1868 ms
2018-04-16 13:37:39,262 INFO [org.springframework.boot.web.servlet.ServletRegistrationBean:190] Mapping servlet: 'dispatcherServlet' to [/]
2018-04-16 13:37:39,267 INFO [org.springframework.boot.web.servlet.AbstractFilterRegistrationBean:258] Mapping filter: 'characterEncodingFilter' to: [/*]
2018-04-16 13:37:39,268 INFO [org.springframework.boot.web.servlet.AbstractFilterRegistrationBean:258] Mapping filter: 'hiddenHttpMethodFilter' to: [/*]
2018-04-16 13:37:39,269 INFO [org.springframework.boot.web.servlet.AbstractFilterRegistrationBean:258] Mapping filter: 'httpPutFormContentFilter' to: [/*]
2018-04-16 13:37:39,269 INFO [org.springframework.boot.web.servlet.AbstractFilterRegistrationBean:258] Mapping filter: 'requestContextFilter' to: [/*]
2018-04-16 13:37:39,327 INFO [org.springframework.aop.framework.CglibAopProxy:268] Final method [protected final void org.springframework.boot.web.support.SpringBootServletInitializer.setRegisterErrorPageFilter(boolean)] cannot get proxied via CGLIB: Calls to this method will NOT be routed to the target instance and might lead to NPEs against uninitialized fields in the proxy instance.
2018-04-16 13:37:39,554 INFO [com.xunyu.config.DruidConfiguration$Druid:60] DruidConfiguration init completed................
2018-04-16 13:37:40,007 INFO [org.springframework.context.support.AbstractApplicationContext:583] Refreshing org.springframework.context.annotation.AnnotationConfigApplicationContext@38d80d65: startup date [Mon Apr 16 13:37:40 CST 2018]; parent: org.springframework.boot.context.embedded.AnnotationConfigEmbeddedWebApplicationContext@66596a88
2018-04-16 13:37:40,029 INFO [org.springframework.beans.factory.annotation.AutowiredAnnotationBeanPostProcessor:155] JSR-330 'javax.inject.Inject' annotation found and supported for autowiring
2018-04-16 13:37:41,022 WARN [com.netflix.config.sources.URLConfigurationSource:121] No URLs will be polled as dynamic configuration sources.
2018-04-16 13:37:41,022 INFO [com.netflix.config.sources.URLConfigurationSource:122] To enable URLs as dynamic configuration sources, define System property archaius.configurationSource.additionalUrls or make config.properties available on classpath.
2018-04-16 13:37:41,035 WARN [com.netflix.config.sources.URLConfigurationSource:121] No URLs will be polled as dynamic configuration sources.
2018-04-16 13:37:41,036 INFO [com.netflix.config.sources.URLConfigurationSource:122] To enable URLs as dynamic configuration sources, define System property archaius.configurationSource.additionalUrls or make config.properties available on classpath.
2018-04-16 13:37:41,183 INFO [org.springframework.web.servlet.mvc.method.annotation.RequestMappingHandlerAdapter:534] Looking for @ControllerAdvice: org.springframework.boot.context.embedded.AnnotationConfigEmbeddedWebApplicationContext@66596a88: startup date [Mon Apr 16 13:37:37 CST 2018]; parent: org.springframework.context.annotation.AnnotationConfigApplicationContext@1787bc24
2018-04-16 13:37:41,248 INFO [org.springframework.web.servlet.handler.AbstractHandlerMethodMapping$MappingRegistry:543] Mapped "{[/user/get],methods=[GET],produces=[application/json;charset=UTF-8]}" onto public com.xunyu.entity.UserInfo com.xunyu.consume.controller.UserController.getUserInfo(java.lang.Long)
2018-04-16 13:37:41,250 INFO [org.springframework.web.servlet.handler.AbstractHandlerMethodMapping$MappingRegistry:543] Mapped "{[/user/],methods=[GET]}" onto public java.lang.String com.xunyu.consume.controller.UserController.test()
2018-04-16 13:37:41,250 INFO [org.springframework.web.servlet.handler.AbstractHandlerMethodMapping$MappingRegistry:543] Mapped "{[/user/listUserInfo],methods=[GET]}" onto public com.commons.core.message.Result<java.util.List<com.xunyu.entity.UserInfo>> com.xunyu.consume.controller.UserController.listUserInfoData(com.xunyu.model.user.UserModel)
2018-04-16 13:37:41,251 INFO [org.springframework.web.servlet.handler.AbstractHandlerMethodMapping$MappingRegistry:543] Mapped "{[/user/addUserInfo],methods=[GET]}" onto public com.commons.core.message.Result<com.xunyu.entity.UserInfo> com.xunyu.consume.controller.UserController.addUserInfoData(com.xunyu.entity.UserInfo)
2018-04-16 13:37:41,251 INFO [org.springframework.web.servlet.handler.AbstractHandlerMethodMapping$MappingRegistry:543] Mapped "{[/user/listUserOther],methods=[GET]}" onto public com.commons.core.message.Result<java.util.List<com.xunyu.entity.User>> com.xunyu.consume.controller.UserController.listUserOther(com.xunyu.model.user.UserModel)
2018-04-16 13:37:41,251 INFO [org.springframework.web.servlet.handler.AbstractHandlerMethodMapping$MappingRegistry:543] Mapped "{[/user/delUserInfoByIds],methods=[GET]}" onto public com.commons.core.message.Result<com.xunyu.entity.UserInfo> com.xunyu.consume.controller.UserController.deleteUserInfoByIdsData(java.lang.String)
2018-04-16 13:37:41,257 INFO [org.springframework.web.servlet.handler.AbstractHandlerMethodMapping$MappingRegistry:543] Mapped "{[/error]}" onto public org.springframework.http.ResponseEntity<java.util.Map<java.lang.String, java.lang.Object>> org.springframework.boot.autoconfigure.web.BasicErrorController.error(javax.servlet.http.HttpServletRequest)
2018-04-16 13:37:41,257 INFO [org.springframework.web.servlet.handler.AbstractHandlerMethodMapping$MappingRegistry:543] Mapped "{[/error],produces=[text/html]}" onto public org.springframework.web.servlet.ModelAndView org.springframework.boot.autoconfigure.web.BasicErrorController.errorHtml(javax.servlet.http.HttpServletRequest,javax.servlet.http.HttpServletResponse)
2018-04-16 13:37:41,309 INFO [org.springframework.web.servlet.handler.AbstractUrlHandlerMapping:362] Mapped URL path [/webjars/**] onto handler of type [class org.springframework.web.servlet.resource.ResourceHttpRequestHandler]
2018-04-16 13:37:41,309 INFO [org.springframework.web.servlet.handler.AbstractUrlHandlerMapping:362] Mapped URL path [/**] onto handler of type [class org.springframework.web.servlet.resource.ResourceHttpRequestHandler]
2018-04-16 13:37:41,359 INFO [org.springframework.web.servlet.handler.AbstractUrlHandlerMapping:362] Mapped URL path [/**/favicon.ico] onto handler of type [class org.springframework.web.servlet.resource.ResourceHttpRequestHandler]
2018-04-16 13:37:41,983 INFO [org.springframework.jmx.export.MBeanExporter:431] Registering beans for JMX exposure on startup
2018-04-16 13:37:41,986 INFO [org.springframework.jmx.export.MBeanExporter:916] Bean with name 'dataSource' has been autodetected for JMX exposure
2018-04-16 13:37:41,994 INFO [org.springframework.jmx.export.MBeanExporter:916] Bean with name 'environmentManager' has been autodetected for JMX exposure
2018-04-16 13:37:41,996 INFO [org.springframework.jmx.export.MBeanExporter:916] Bean with name 'configurationPropertiesRebinder' has been autodetected for JMX exposure
2018-04-16 13:37:41,996 INFO [org.springframework.jmx.export.MBeanExporter:916] Bean with name 'refreshScope' has been autodetected for JMX exposure
2018-04-16 13:37:41,998 INFO [org.springframework.jmx.export.MBeanExporter:678] Located managed bean 'environmentManager': registering with JMX server as MBean [org.springframework.cloud.context.environment:name=environmentManager,type=EnvironmentManager]
2018-04-16 13:37:42,013 INFO [org.springframework.jmx.export.MBeanExporter:678] Located managed bean 'refreshScope': registering with JMX server as MBean [org.springframework.cloud.context.scope.refresh:name=refreshScope,type=RefreshScope]
2018-04-16 13:37:42,026 INFO [org.springframework.jmx.export.MBeanExporter:678] Located managed bean 'configurationPropertiesRebinder': registering with JMX server as MBean [org.springframework.cloud.context.properties:name=configurationPropertiesRebinder,context=66596a88,type=ConfigurationPropertiesRebinder]
2018-04-16 13:37:42,032 INFO [org.springframework.jmx.export.MBeanExporter:671] Located MBean 'dataSource': registering with JMX server as MBean [com.alibaba.druid.pool:name=dataSource,type=DruidDataSource]
2018-04-16 13:37:42,196 INFO [org.springframework.context.support.DefaultLifecycleProcessor$LifecycleGroup:343] Starting beans in phase 0
2018-04-16 13:37:42,206 INFO [org.springframework.cloud.netflix.eureka.InstanceInfoFactory:70] Setting initial instance status as: STARTING
2018-04-16 13:37:42,266 INFO [com.netflix.discovery.DiscoveryClient:344] Initializing Eureka in region us-east-1
2018-04-16 13:37:42,331 INFO [com.netflix.discovery.provider.DiscoveryJerseyProvider:70] Using JSON encoding codec LegacyJacksonJson
2018-04-16 13:37:42,331 INFO [com.netflix.discovery.provider.DiscoveryJerseyProvider:71] Using JSON decoding codec LegacyJacksonJson
2018-04-16 13:37:42,464 INFO [com.netflix.discovery.provider.DiscoveryJerseyProvider:80] Using XML encoding codec XStreamXml
2018-04-16 13:37:42,465 INFO [com.netflix.discovery.provider.DiscoveryJerseyProvider:81] Using XML decoding codec XStreamXml
2018-04-16 13:37:42,893 INFO [com.netflix.discovery.shared.resolver.aws.ConfigClusterResolver:43] Resolving eureka endpoints via configuration
2018-04-16 13:37:42,990 INFO [com.netflix.discovery.DiscoveryClient:920] Disable delta property : false
2018-04-16 13:37:42,990 INFO [com.netflix.discovery.DiscoveryClient:921] Single vip registry refresh property : null
2018-04-16 13:37:42,990 INFO [com.netflix.discovery.DiscoveryClient:922] Force full registry fetch : false
2018-04-16 13:37:42,990 INFO [com.netflix.discovery.DiscoveryClient:923] Application is null : false
2018-04-16 13:37:42,990 INFO [com.netflix.discovery.DiscoveryClient:924] Registered Applications size is zero : true
2018-04-16 13:37:42,991 INFO [com.netflix.discovery.DiscoveryClient:926] Application version is -1: true
2018-04-16 13:37:42,991 INFO [com.netflix.discovery.DiscoveryClient:1009] Getting all instance registry info from the eureka server
2018-04-16 13:37:43,219 INFO [com.netflix.discovery.DiscoveryClient:1018] The response status is 200
2018-04-16 13:37:43,222 INFO [com.netflix.discovery.DiscoveryClient:1244] Starting heartbeat executor: renew interval is: 30
2018-04-16 13:37:43,225 INFO [com.netflix.discovery.InstanceInfoReplicator:59] InstanceInfoReplicator onDemand update allowed rate per min is 4
2018-04-16 13:37:43,228 INFO [com.netflix.discovery.DiscoveryClient:425] Discovery Client initialized at timestamp 1523857063228 with initial instances count: 3
2018-04-16 13:37:43,244 INFO [org.springframework.cloud.netflix.eureka.serviceregistry.EurekaServiceRegistry:40] Registering application xunyu-consume with eureka with status UP
2018-04-16 13:37:43,244 INFO [com.netflix.discovery.DiscoveryClient$3:1279] Saw local status change event StatusChangeEvent [timestamp=1523857063244, current=UP, previous=STARTING]
2018-04-16 13:37:43,246 INFO [com.netflix.discovery.DiscoveryClient:795] DiscoveryClient_XUNYU-CONSUME/DESKTOP-BLNIGML:xunyu-consume:17092: registering service...
2018-04-16 13:37:43,295 INFO [com.netflix.discovery.DiscoveryClient:804] DiscoveryClient_XUNYU-CONSUME/DESKTOP-BLNIGML:xunyu-consume:17092 - registration status: 204
2018-04-16 13:37:43,322 INFO [org.springframework.boot.context.embedded.tomcat.TomcatEmbeddedServletContainer:201] Tomcat started on port(s): 17092 (http)
2018-04-16 13:37:43,323 INFO [org.springframework.cloud.netflix.eureka.serviceregistry.EurekaAutoServiceRegistration:117] Updating port to 17092
2018-04-16 13:37:43,326 INFO [org.springframework.boot.StartupInfoLogger:57] Started ConsumeApplication in 7.958 seconds (JVM running for 10.403)
2018-04-16 13:37:59,380 INFO [org.apache.juli.logging.DirectJDKLog:179] Initializing Spring FrameworkServlet 'dispatcherServlet'
2018-04-16 13:37:59,380 INFO [org.springframework.web.servlet.FrameworkServlet:489] FrameworkServlet 'dispatcherServlet': initialization started
2018-04-16 13:37:59,405 INFO [org.springframework.web.servlet.FrameworkServlet:508] FrameworkServlet 'dispatcherServlet': initialization completed in 25 ms
2018-04-16 13:37:59,462 INFO [org.springframework.context.support.AbstractApplicationContext:583] Refreshing org.springframework.context.annotation.AnnotationConfigApplicationContext@302de6eb: startup date [Mon Apr 16 13:37:59 CST 2018]; parent: org.springframework.boot.context.embedded.AnnotationConfigEmbeddedWebApplicationContext@66596a88
2018-04-16 13:37:59,532 INFO [org.springframework.beans.factory.annotation.AutowiredAnnotationBeanPostProcessor:155] JSR-330 'javax.inject.Inject' annotation found and supported for autowiring
2018-04-16 13:37:59,727 INFO [com.netflix.config.ChainedDynamicProperty$ChainLink:115] Flipping property: xunyu-provider.ribbon.ActiveConnectionsLimit to use NEXT property: niws.loadbalancer.availabilityFilteringRule.activeConnectionsLimit = 2147483647
2018-04-16 13:37:59,749 INFO [com.netflix.util.concurrent.ShutdownEnabledTimer:58] Shutdown hook installed for: NFLoadBalancer-PingTimer-xunyu-provider
2018-04-16 13:37:59,776 INFO [com.netflix.loadbalancer.BaseLoadBalancer:192] Client: xunyu-provider instantiated a LoadBalancer: DynamicServerListLoadBalancer:{NFLoadBalancer:name=xunyu-provider,current list of Servers=[],Load balancer stats=Zone stats: {},Server stats: []}ServerList:null
2018-04-16 13:37:59,782 INFO [com.netflix.loadbalancer.DynamicServerListLoadBalancer:214] Using serverListUpdater PollingServerListUpdater
2018-04-16 13:37:59,808 INFO [com.netflix.config.ChainedDynamicProperty$ChainLink:115] Flipping property: xunyu-provider.ribbon.ActiveConnectionsLimit to use NEXT property: niws.loadbalancer.availabilityFilteringRule.activeConnectionsLimit = 2147483647
2018-04-16 13:37:59,810 INFO [com.netflix.loadbalancer.DynamicServerListLoadBalancer:150] DynamicServerListLoadBalancer for client xunyu-provider initialized: DynamicServerListLoadBalancer:{NFLoadBalancer:name=xunyu-provider,current list of Servers=[DESKTOP-BLNIGML:17093],Load balancer stats=Zone stats: {defaultzone=[Zone:defaultzone;	Instance count:1;	Active connections count: 0;	Circuit breaker tripped count: 0;	Active connections per server: 0.0;]
},Server stats: [[Server:DESKTOP-BLNIGML:17093;	Zone:defaultZone;	Total Requests:0;	Successive connection failure:0;	Total blackout seconds:0;	Last connection made:Thu Jan 01 08:00:00 CST 1970;	First connection made: Thu Jan 01 08:00:00 CST 1970;	Active Connections:0;	total failure count in last (1000) msecs:0;	average resp time:0.0;	90 percentile resp time:0.0;	95 percentile resp time:0.0;	min resp time:0.0;	max resp time:0.0;	stddev resp time:0.0]
]}ServerList:org.springframework.cloud.netflix.ribbon.eureka.DomainExtractingServerList@27fcdc03
2018-04-16 13:38:00,297 INFO [com.netflix.discovery.shared.resolver.aws.ConfigClusterResolver:43] Resolving eureka endpoints via configuration
2018-04-16 13:38:00,786 INFO [com.netflix.config.ChainedDynamicProperty$ChainLink:115] Flipping property: xunyu-provider.ribbon.ActiveConnectionsLimit to use NEXT property: niws.loadbalancer.availabilityFilteringRule.activeConnectionsLimit = 2147483647
2018-04-16 13:43:00,299 INFO [com.netflix.discovery.shared.resolver.aws.ConfigClusterResolver:43] Resolving eureka endpoints via configuration
2018-04-16 13:48:00,301 INFO [com.netflix.discovery.shared.resolver.aws.ConfigClusterResolver:43] Resolving eureka endpoints via configuration
2018-04-16 13:53:00,302 INFO [com.netflix.discovery.shared.resolver.aws.ConfigClusterResolver:43] Resolving eureka endpoints via configuration
2018-04-16 13:58:00,304 INFO [com.netflix.discovery.shared.resolver.aws.ConfigClusterResolver:43] Resolving eureka endpoints via configuration
