2018-04-17 10:58:05,328 INFO [org.springframework.boot.SpringApplication:597] The following profiles are active: core
2018-04-17 10:58:05,357 INFO [org.springframework.context.support.AbstractApplicationContext:583] Refreshing org.springframework.boot.context.embedded.AnnotationConfigEmbeddedWebApplicationContext@1e6cc850: startup date [Tue Apr 17 10:58:05 CST 2018]; parent: org.springframework.context.annotation.AnnotationConfigApplicationContext@301eda63
2018-04-17 10:58:05,903 WARN [org.mybatis.spring.mapper.ClassPathMapperScanner:167] No MyBatis mapper was found in '[com.xunyu.**.mapper]' package. Please check your configuration.
2018-04-17 10:58:06,008 WARN [org.mybatis.spring.mapper.ClassPathMapperScanner:167] No MyBatis mapper was found in '[com.xunyu.consume]' package. Please check your configuration.
2018-04-17 10:58:06,190 INFO [org.springframework.cloud.context.scope.GenericScope:263] BeanFactory id=bf53feac-ff32-3943-8304-64e48598efa0
2018-04-17 10:58:06,207 INFO [org.springframework.beans.factory.annotation.AutowiredAnnotationBeanPostProcessor:155] JSR-330 'javax.inject.Inject' annotation found and supported for autowiring
2018-04-17 10:58:06,236 INFO [org.springframework.context.support.PostProcessorRegistrationDelegate$BeanPostProcessorChecker:325] Bean 'com.xunyu.consume.service.RPCService' of type [org.springframework.cloud.netflix.feign.FeignClientFactoryBean] is not eligible for getting processed by all BeanPostProcessors (for example: not eligible for auto-proxying)
2018-04-17 10:58:06,329 INFO [org.springframework.context.support.PostProcessorRegistrationDelegate$BeanPostProcessorChecker:325] Bean 'org.springframework.transaction.annotation.ProxyTransactionManagementConfiguration' of type [org.springframework.transaction.annotation.ProxyTransactionManagementConfiguration$$EnhancerBySpringCGLIB$$7afbc6d8] is not eligible for getting processed by all BeanPostProcessors (for example: not eligible for auto-proxying)
2018-04-17 10:58:06,359 INFO [org.springframework.context.support.PostProcessorRegistrationDelegate$BeanPostProcessorChecker:325] Bean 'org.springframework.cloud.autoconfigure.ConfigurationPropertiesRebinderAutoConfiguration' of type [org.springframework.cloud.autoconfigure.ConfigurationPropertiesRebinderAutoConfiguration$$EnhancerBySpringCGLIB$$9715c9d5] is not eligible for getting processed by all BeanPostProcessors (for example: not eligible for auto-proxying)
2018-04-17 10:58:06,713 INFO [org.springframework.boot.context.embedded.tomcat.TomcatEmbeddedServletContainer:89] Tomcat initialized with port(s): 17092 (http)
2018-04-17 10:58:06,730 INFO [org.apache.juli.logging.DirectJDKLog:179] Starting service [Tomcat]
2018-04-17 10:58:06,732 INFO [org.apache.juli.logging.DirectJDKLog:179] Starting Servlet Engine: Apache Tomcat/8.5.20
2018-04-17 10:58:07,021 INFO [org.apache.juli.logging.DirectJDKLog:179] Initializing Spring embedded WebApplicationContext
2018-04-17 10:58:07,021 INFO [org.springframework.boot.context.embedded.EmbeddedWebApplicationContext:276] Root WebApplicationContext: initialization completed in 1664 ms
2018-04-17 10:58:07,195 INFO [org.springframework.boot.web.servlet.ServletRegistrationBean:190] Mapping servlet: 'dispatcherServlet' to [/]
2018-04-17 10:58:07,202 INFO [org.springframework.boot.web.servlet.AbstractFilterRegistrationBean:258] Mapping filter: 'characterEncodingFilter' to: [/*]
2018-04-17 10:58:07,202 INFO [org.springframework.boot.web.servlet.AbstractFilterRegistrationBean:258] Mapping filter: 'hiddenHttpMethodFilter' to: [/*]
2018-04-17 10:58:07,203 INFO [org.springframework.boot.web.servlet.AbstractFilterRegistrationBean:258] Mapping filter: 'httpPutFormContentFilter' to: [/*]
2018-04-17 10:58:07,203 INFO [org.springframework.boot.web.servlet.AbstractFilterRegistrationBean:258] Mapping filter: 'requestContextFilter' to: [/*]
2018-04-17 10:58:07,256 INFO [org.springframework.aop.framework.CglibAopProxy:268] Final method [protected final void org.springframework.boot.web.support.SpringBootServletInitializer.setRegisterErrorPageFilter(boolean)] cannot get proxied via CGLIB: Calls to this method will NOT be routed to the target instance and might lead to NPEs against uninitialized fields in the proxy instance.
2018-04-17 10:58:07,405 INFO [com.xunyu.config.DruidConfiguration$Druid:60] DruidConfiguration init completed................
2018-04-17 10:58:07,730 INFO [org.springframework.context.support.AbstractApplicationContext:583] Refreshing org.springframework.context.annotation.AnnotationConfigApplicationContext@7fe07361: startup date [Tue Apr 17 10:58:07 CST 2018]; parent: org.springframework.boot.context.embedded.AnnotationConfigEmbeddedWebApplicationContext@1e6cc850
2018-04-17 10:58:07,752 INFO [org.springframework.beans.factory.annotation.AutowiredAnnotationBeanPostProcessor:155] JSR-330 'javax.inject.Inject' annotation found and supported for autowiring
2018-04-17 10:58:08,646 WARN [com.netflix.config.sources.URLConfigurationSource:121] No URLs will be polled as dynamic configuration sources.
2018-04-17 10:58:08,647 INFO [com.netflix.config.sources.URLConfigurationSource:122] To enable URLs as dynamic configuration sources, define System property archaius.configurationSource.additionalUrls or make config.properties available on classpath.
2018-04-17 10:58:08,661 WARN [com.netflix.config.sources.URLConfigurationSource:121] No URLs will be polled as dynamic configuration sources.
2018-04-17 10:58:08,662 INFO [com.netflix.config.sources.URLConfigurationSource:122] To enable URLs as dynamic configuration sources, define System property archaius.configurationSource.additionalUrls or make config.properties available on classpath.
2018-04-17 10:58:08,799 INFO [org.springframework.web.servlet.mvc.method.annotation.RequestMappingHandlerAdapter:534] Looking for @ControllerAdvice: org.springframework.boot.context.embedded.AnnotationConfigEmbeddedWebApplicationContext@1e6cc850: startup date [Tue Apr 17 10:58:05 CST 2018]; parent: org.springframework.context.annotation.AnnotationConfigApplicationContext@301eda63
2018-04-17 10:58:08,862 INFO [org.springframework.web.servlet.handler.AbstractHandlerMethodMapping$MappingRegistry:543] Mapped "{[/user/get],methods=[GET],produces=[application/json;charset=UTF-8]}" onto public com.xunyu.entity.UserInfo com.xunyu.consume.controller.UserController.getUserInfo(java.lang.Long)
2018-04-17 10:58:08,864 INFO [org.springframework.web.servlet.handler.AbstractHandlerMethodMapping$MappingRegistry:543] Mapped "{[/user/],methods=[GET]}" onto public java.lang.String com.xunyu.consume.controller.UserController.test()
2018-04-17 10:58:08,864 INFO [org.springframework.web.servlet.handler.AbstractHandlerMethodMapping$MappingRegistry:543] Mapped "{[/user/listUserOther],methods=[GET]}" onto public com.commons.core.message.Result<java.util.List<com.xunyu.entity.User>> com.xunyu.consume.controller.UserController.listUserOther(com.xunyu.model.user.UserModel)
2018-04-17 10:58:08,865 INFO [org.springframework.web.servlet.handler.AbstractHandlerMethodMapping$MappingRegistry:543] Mapped "{[/user/listUserInfo],methods=[GET]}" onto public com.commons.core.message.Result<java.util.List<com.xunyu.entity.UserInfo>> com.xunyu.consume.controller.UserController.listUserInfoData(com.xunyu.model.user.UserModel)
2018-04-17 10:58:08,865 INFO [org.springframework.web.servlet.handler.AbstractHandlerMethodMapping$MappingRegistry:543] Mapped "{[/user/addUserInfo],methods=[GET]}" onto public com.commons.core.message.Result<com.xunyu.entity.UserInfo> com.xunyu.consume.controller.UserController.addUserInfoData(com.xunyu.entity.UserInfo)
2018-04-17 10:58:08,865 INFO [org.springframework.web.servlet.handler.AbstractHandlerMethodMapping$MappingRegistry:543] Mapped "{[/user/delUserInfoByIds],methods=[GET]}" onto public com.commons.core.message.Result<com.xunyu.entity.UserInfo> com.xunyu.consume.controller.UserController.deleteUserInfoByIdsData(java.lang.String)
2018-04-17 10:58:08,868 INFO [org.springframework.web.servlet.handler.AbstractHandlerMethodMapping$MappingRegistry:543] Mapped "{[/error]}" onto public org.springframework.http.ResponseEntity<java.util.Map<java.lang.String, java.lang.Object>> org.springframework.boot.autoconfigure.web.BasicErrorController.error(javax.servlet.http.HttpServletRequest)
2018-04-17 10:58:08,869 INFO [org.springframework.web.servlet.handler.AbstractHandlerMethodMapping$MappingRegistry:543] Mapped "{[/error],produces=[text/html]}" onto public org.springframework.web.servlet.ModelAndView org.springframework.boot.autoconfigure.web.BasicErrorController.errorHtml(javax.servlet.http.HttpServletRequest,javax.servlet.http.HttpServletResponse)
2018-04-17 10:58:08,914 INFO [org.springframework.web.servlet.handler.AbstractUrlHandlerMapping:362] Mapped URL path [/webjars/**] onto handler of type [class org.springframework.web.servlet.resource.ResourceHttpRequestHandler]
2018-04-17 10:58:08,914 INFO [org.springframework.web.servlet.handler.AbstractUrlHandlerMapping:362] Mapped URL path [/**] onto handler of type [class org.springframework.web.servlet.resource.ResourceHttpRequestHandler]
2018-04-17 10:58:08,962 INFO [org.springframework.web.servlet.handler.AbstractUrlHandlerMapping:362] Mapped URL path [/**/favicon.ico] onto handler of type [class org.springframework.web.servlet.resource.ResourceHttpRequestHandler]
2018-04-17 10:58:09,552 INFO [org.springframework.jmx.export.MBeanExporter:431] Registering beans for JMX exposure on startup
2018-04-17 10:58:09,554 INFO [org.springframework.jmx.export.MBeanExporter:916] Bean with name 'dataSource' has been autodetected for JMX exposure
2018-04-17 10:58:09,562 INFO [org.springframework.jmx.export.MBeanExporter:916] Bean with name 'environmentManager' has been autodetected for JMX exposure
2018-04-17 10:58:09,564 INFO [org.springframework.jmx.export.MBeanExporter:916] Bean with name 'configurationPropertiesRebinder' has been autodetected for JMX exposure
2018-04-17 10:58:09,564 INFO [org.springframework.jmx.export.MBeanExporter:916] Bean with name 'refreshScope' has been autodetected for JMX exposure
2018-04-17 10:58:09,566 INFO [org.springframework.jmx.export.MBeanExporter:678] Located managed bean 'environmentManager': registering with JMX server as MBean [org.springframework.cloud.context.environment:name=environmentManager,type=EnvironmentManager]
2018-04-17 10:58:09,583 INFO [org.springframework.jmx.export.MBeanExporter:678] Located managed bean 'refreshScope': registering with JMX server as MBean [org.springframework.cloud.context.scope.refresh:name=refreshScope,type=RefreshScope]
2018-04-17 10:58:09,598 INFO [org.springframework.jmx.export.MBeanExporter:678] Located managed bean 'configurationPropertiesRebinder': registering with JMX server as MBean [org.springframework.cloud.context.properties:name=configurationPropertiesRebinder,context=1e6cc850,type=ConfigurationPropertiesRebinder]
2018-04-17 10:58:09,604 INFO [org.springframework.jmx.export.MBeanExporter:671] Located MBean 'dataSource': registering with JMX server as MBean [com.alibaba.druid.pool:name=dataSource,type=DruidDataSource]
2018-04-17 10:58:09,777 INFO [org.springframework.context.support.DefaultLifecycleProcessor$LifecycleGroup:343] Starting beans in phase 0
2018-04-17 10:58:09,785 INFO [org.springframework.cloud.netflix.eureka.InstanceInfoFactory:70] Setting initial instance status as: STARTING
2018-04-17 10:58:09,858 INFO [com.netflix.discovery.DiscoveryClient:344] Initializing Eureka in region us-east-1
2018-04-17 10:58:09,920 INFO [com.netflix.discovery.provider.DiscoveryJerseyProvider:70] Using JSON encoding codec LegacyJacksonJson
2018-04-17 10:58:09,920 INFO [com.netflix.discovery.provider.DiscoveryJerseyProvider:71] Using JSON decoding codec LegacyJacksonJson
2018-04-17 10:58:10,050 INFO [com.netflix.discovery.provider.DiscoveryJerseyProvider:80] Using XML encoding codec XStreamXml
2018-04-17 10:58:10,050 INFO [com.netflix.discovery.provider.DiscoveryJerseyProvider:81] Using XML decoding codec XStreamXml
2018-04-17 10:58:10,473 INFO [com.netflix.discovery.shared.resolver.aws.ConfigClusterResolver:43] Resolving eureka endpoints via configuration
2018-04-17 10:58:10,563 INFO [com.netflix.discovery.DiscoveryClient:920] Disable delta property : false
2018-04-17 10:58:10,564 INFO [com.netflix.discovery.DiscoveryClient:921] Single vip registry refresh property : null
2018-04-17 10:58:10,564 INFO [com.netflix.discovery.DiscoveryClient:922] Force full registry fetch : false
2018-04-17 10:58:10,564 INFO [com.netflix.discovery.DiscoveryClient:923] Application is null : false
2018-04-17 10:58:10,564 INFO [com.netflix.discovery.DiscoveryClient:924] Registered Applications size is zero : true
2018-04-17 10:58:10,565 INFO [com.netflix.discovery.DiscoveryClient:926] Application version is -1: true
2018-04-17 10:58:10,565 INFO [com.netflix.discovery.DiscoveryClient:1009] Getting all instance registry info from the eureka server
2018-04-17 10:58:10,697 INFO [com.netflix.discovery.DiscoveryClient:1018] The response status is 200
2018-04-17 10:58:10,698 INFO [com.netflix.discovery.DiscoveryClient:1244] Starting heartbeat executor: renew interval is: 30
2018-04-17 10:58:10,701 INFO [com.netflix.discovery.InstanceInfoReplicator:59] InstanceInfoReplicator onDemand update allowed rate per min is 4
2018-04-17 10:58:10,706 INFO [com.netflix.discovery.DiscoveryClient:425] Discovery Client initialized at timestamp 1523933890706 with initial instances count: 0
2018-04-17 10:58:10,724 INFO [org.springframework.cloud.netflix.eureka.serviceregistry.EurekaServiceRegistry:40] Registering application xunyu-consume with eureka with status UP
2018-04-17 10:58:10,725 INFO [com.netflix.discovery.DiscoveryClient$3:1279] Saw local status change event StatusChangeEvent [timestamp=1523933890725, current=UP, previous=STARTING]
2018-04-17 10:58:10,729 INFO [com.netflix.discovery.DiscoveryClient:795] DiscoveryClient_XUNYU-CONSUME/DESKTOP-BLNIGML:xunyu-consume:17092: registering service...
2018-04-17 10:58:10,819 INFO [com.netflix.discovery.DiscoveryClient:804] DiscoveryClient_XUNYU-CONSUME/DESKTOP-BLNIGML:xunyu-consume:17092 - registration status: 204
2018-04-17 10:58:10,847 INFO [org.springframework.boot.context.embedded.tomcat.TomcatEmbeddedServletContainer:201] Tomcat started on port(s): 17092 (http)
2018-04-17 10:58:10,848 INFO [org.springframework.cloud.netflix.eureka.serviceregistry.EurekaAutoServiceRegistration:117] Updating port to 17092
2018-04-17 10:58:10,851 INFO [org.springframework.boot.StartupInfoLogger:57] Started ConsumeApplication in 7.036 seconds (JVM running for 10.159)
2018-04-17 10:58:40,701 INFO [com.netflix.discovery.DiscoveryClient:920] Disable delta property : false
2018-04-17 10:58:40,706 INFO [com.netflix.discovery.DiscoveryClient:921] Single vip registry refresh property : null
2018-04-17 10:58:40,706 INFO [com.netflix.discovery.DiscoveryClient:922] Force full registry fetch : false
2018-04-17 10:58:40,706 INFO [com.netflix.discovery.DiscoveryClient:923] Application is null : false
2018-04-17 10:58:40,707 INFO [com.netflix.discovery.DiscoveryClient:924] Registered Applications size is zero : true
2018-04-17 10:58:40,708 INFO [com.netflix.discovery.DiscoveryClient:926] Application version is -1: false
2018-04-17 10:58:40,708 INFO [com.netflix.discovery.DiscoveryClient:1009] Getting all instance registry info from the eureka server
2018-04-17 10:58:40,744 INFO [com.netflix.discovery.DiscoveryClient:1018] The response status is 200
