2018-06-25 17:04:41,582 INFO [com.netflix.discovery.shared.resolver.aws.ConfigClusterResolver:43] Resolving eureka endpoints via configuration
2018-06-25 17:09:41,597 INFO [com.netflix.discovery.shared.resolver.aws.ConfigClusterResolver:43] Resolving eureka endpoints via configuration
2018-06-25 17:14:41,599 INFO [com.netflix.discovery.shared.resolver.aws.ConfigClusterResolver:43] Resolving eureka endpoints via configuration
2018-06-25 17:19:41,601 INFO [com.netflix.discovery.shared.resolver.aws.ConfigClusterResolver:43] Resolving eureka endpoints via configuration
2018-06-25 17:24:42,429 INFO [org.springframework.boot.SpringApplication:597] The following profiles are active: dev
2018-06-25 17:24:42,448 INFO [org.springframework.context.support.AbstractApplicationContext:583] Refreshing org.springframework.boot.context.embedded.AnnotationConfigEmbeddedWebApplicationContext@58294867: startup date [Mon Jun 25 17:24:42 CST 2018]; parent: org.springframework.context.annotation.AnnotationConfigApplicationContext@479460a6
2018-06-25 17:24:43,817 INFO [org.springframework.beans.factory.support.DefaultListableBeanFactory:828] Overriding bean definition for bean 'registrationBean' with a different definition: replacing [Root bean: class [null]; scope=; abstract=false; lazyInit=false; autowireMode=3; dependencyCheck=0; autowireCandidate=true; primary=false; factoryBeanName=com.xunyu.config.DruidConfiguration$Druid; factoryMethodName=registrationBean; initMethodName=null; destroyMethodName=(inferred); defined in class path resource [com/xunyu/config/DruidConfiguration$Druid.class]] with [Root bean: class [null]; scope=; abstract=false; lazyInit=false; autowireMode=3; dependencyCheck=0; autowireCandidate=true; primary=false; factoryBeanName=druidConfiguration; factoryMethodName=registrationBean; initMethodName=null; destroyMethodName=(inferred); defined in class path resource [com/xunyu/config/DruidConfiguration.class]]
2018-06-25 17:24:43,818 INFO [org.springframework.beans.factory.support.DefaultListableBeanFactory:828] Overriding bean definition for bean 'filterRegistrationBean' with a different definition: replacing [Root bean: class [null]; scope=; abstract=false; lazyInit=false; autowireMode=3; dependencyCheck=0; autowireCandidate=true; primary=false; factoryBeanName=com.xunyu.config.DruidConfiguration$Druid; factoryMethodName=filterRegistrationBean; initMethodName=null; destroyMethodName=(inferred); defined in class path resource [com/xunyu/config/DruidConfiguration$Druid.class]] with [Root bean: class [null]; scope=; abstract=false; lazyInit=false; autowireMode=3; dependencyCheck=0; autowireCandidate=true; primary=false; factoryBeanName=druidConfiguration; factoryMethodName=filterRegistrationBean; initMethodName=null; destroyMethodName=(inferred); defined in class path resource [com/xunyu/config/DruidConfiguration.class]]
2018-06-25 17:24:44,017 WARN [org.mybatis.spring.mapper.ClassPathMapperScanner:167] No MyBatis mapper was found in '[com.xunyu.operator]' package. Please check your configuration.
2018-06-25 17:24:44,195 INFO [org.springframework.data.repository.config.RepositoryConfigurationDelegate:165] Multiple Spring Data modules found, entering strict repository configuration mode!
2018-06-25 17:24:44,500 INFO [org.springframework.cloud.context.scope.GenericScope:263] BeanFactory id=9ed86561-abbc-34e6-83a0-600e2670281b
2018-06-25 17:24:44,539 INFO [org.springframework.beans.factory.annotation.AutowiredAnnotationBeanPostProcessor:155] JSR-330 'javax.inject.Inject' annotation found and supported for autowiring
2018-06-25 17:24:44,588 INFO [org.springframework.context.support.PostProcessorRegistrationDelegate$BeanPostProcessorChecker:325] Bean 'com.xunyu.operator.utils.syslog.CrmService' of type [org.springframework.cloud.netflix.feign.FeignClientFactoryBean] is not eligible for getting processed by all BeanPostProcessors (for example: not eligible for auto-proxying)
2018-06-25 17:24:44,589 INFO [org.springframework.context.support.PostProcessorRegistrationDelegate$BeanPostProcessorChecker:325] Bean 'com.xunyu.operator.utils.syslog.LogService2' of type [org.springframework.cloud.netflix.feign.FeignClientFactoryBean] is not eligible for getting processed by all BeanPostProcessors (for example: not eligible for auto-proxying)
2018-06-25 17:24:44,667 INFO [org.springframework.context.support.PostProcessorRegistrationDelegate$BeanPostProcessorChecker:325] Bean 'org.springframework.cloud.netflix.metrics.MetricsInterceptorConfiguration$MetricsRestTemplateConfiguration' of type [org.springframework.cloud.netflix.metrics.MetricsInterceptorConfiguration$MetricsRestTemplateConfiguration$$EnhancerBySpringCGLIB$$90d35b35] is not eligible for getting processed by all BeanPostProcessors (for example: not eligible for auto-proxying)
2018-06-25 17:24:44,692 INFO [org.springframework.context.support.PostProcessorRegistrationDelegate$BeanPostProcessorChecker:325] Bean 'redisConfig' of type [com.xunyu.config.redis.RedisConfig$$EnhancerBySpringCGLIB$$59543fa5] is not eligible for getting processed by all BeanPostProcessors (for example: not eligible for auto-proxying)
2018-06-25 17:24:44,701 INFO [org.springframework.context.support.PostProcessorRegistrationDelegate$BeanPostProcessorChecker:325] Bean 'org.springframework.transaction.annotation.ProxyTransactionManagementConfiguration' of type [org.springframework.transaction.annotation.ProxyTransactionManagementConfiguration$$EnhancerBySpringCGLIB$$5ea6b4f4] is not eligible for getting processed by all BeanPostProcessors (for example: not eligible for auto-proxying)
2018-06-25 17:24:44,757 INFO [org.springframework.context.support.PostProcessorRegistrationDelegate$BeanPostProcessorChecker:325] Bean 'org.springframework.cache.annotation.ProxyCachingConfiguration' of type [org.springframework.cache.annotation.ProxyCachingConfiguration$$EnhancerBySpringCGLIB$$a7b8eb12] is not eligible for getting processed by all BeanPostProcessors (for example: not eligible for auto-proxying)
2018-06-25 17:24:44,837 INFO [org.springframework.context.support.PostProcessorRegistrationDelegate$BeanPostProcessorChecker:325] Bean 'org.springframework.cloud.autoconfigure.ConfigurationPropertiesRebinderAutoConfiguration' of type [org.springframework.cloud.autoconfigure.ConfigurationPropertiesRebinderAutoConfiguration$$EnhancerBySpringCGLIB$$7ac0b7f1] is not eligible for getting processed by all BeanPostProcessors (for example: not eligible for auto-proxying)
2018-06-25 17:24:45,348 INFO [org.springframework.boot.context.embedded.tomcat.TomcatEmbeddedServletContainer:89] Tomcat initialized with port(s): 8015 (http)
2018-06-25 17:24:45,362 INFO [org.apache.juli.logging.DirectJDKLog:179] Starting service [Tomcat]
2018-06-25 17:24:45,364 INFO [org.apache.juli.logging.DirectJDKLog:179] Starting Servlet Engine: Apache Tomcat/8.5.20
2018-06-25 17:24:45,544 INFO [org.apache.juli.logging.DirectJDKLog:179] Initializing Spring embedded WebApplicationContext
2018-06-25 17:24:45,544 INFO [org.springframework.boot.context.embedded.EmbeddedWebApplicationContext:276] Root WebApplicationContext: initialization completed in 3096 ms
2018-06-25 17:24:45,956 INFO [org.springframework.boot.web.servlet.ServletRegistrationBean:190] Mapping servlet: 'statViewServlet' to [/druid/*]
2018-06-25 17:24:45,957 INFO [org.springframework.boot.web.servlet.ServletRegistrationBean:190] Mapping servlet: 'dispatcherServlet' to [/]
2018-06-25 17:24:45,962 INFO [org.springframework.boot.web.servlet.AbstractFilterRegistrationBean:258] Mapping filter: 'metricsFilter' to: [/*]
2018-06-25 17:24:45,962 INFO [org.springframework.boot.web.servlet.AbstractFilterRegistrationBean:258] Mapping filter: 'characterEncodingFilter' to: [/*]
2018-06-25 17:24:45,962 INFO [org.springframework.boot.web.servlet.AbstractFilterRegistrationBean:258] Mapping filter: 'hiddenHttpMethodFilter' to: [/*]
2018-06-25 17:24:45,963 INFO [org.springframework.boot.web.servlet.AbstractFilterRegistrationBean:258] Mapping filter: 'httpPutFormContentFilter' to: [/*]
2018-06-25 17:24:45,963 INFO [org.springframework.boot.web.servlet.AbstractFilterRegistrationBean:258] Mapping filter: 'requestContextFilter' to: [/*]
2018-06-25 17:24:45,963 INFO [org.springframework.boot.web.servlet.AbstractFilterRegistrationBean:258] Mapping filter: 'webRequestLoggingFilter' to: [/*]
2018-06-25 17:24:45,963 INFO [org.springframework.boot.web.servlet.AbstractFilterRegistrationBean:271] Mapping filter: 'webStatFilter' to urls: [/*]
2018-06-25 17:24:45,963 INFO [org.springframework.boot.web.servlet.AbstractFilterRegistrationBean:271] Mapping filter: 'sessionFilter' to urls: [/*]
2018-06-25 17:24:45,964 INFO [org.springframework.boot.web.servlet.AbstractFilterRegistrationBean:258] Mapping filter: 'applicationContextIdFilter' to: [/*]
2018-06-25 17:24:46,423 INFO [com.xunyu.config.DruidConfiguration$Druid:114] DruidConfiguration init completed................
2018-06-25 17:24:47,171 INFO [org.springframework.context.support.AbstractApplicationContext:583] Refreshing org.springframework.context.annotation.AnnotationConfigApplicationContext@30cafd13: startup date [Mon Jun 25 17:24:47 CST 2018]; parent: org.springframework.boot.context.embedded.AnnotationConfigEmbeddedWebApplicationContext@58294867
2018-06-25 17:24:47,200 INFO [org.springframework.beans.factory.annotation.AutowiredAnnotationBeanPostProcessor:155] JSR-330 'javax.inject.Inject' annotation found and supported for autowiring
2018-06-25 17:24:47,449 INFO [org.apache.juli.logging.DirectJDKLog:179] jolokia: No access restrictor found, access to any MBean is allowed
2018-06-25 17:24:47,754 INFO [org.springframework.context.support.AbstractApplicationContext:583] Refreshing org.springframework.context.annotation.AnnotationConfigApplicationContext@dae5e0: startup date [Mon Jun 25 17:24:47 CST 2018]; parent: org.springframework.boot.context.embedded.AnnotationConfigEmbeddedWebApplicationContext@58294867
2018-06-25 17:24:47,771 INFO [org.springframework.beans.factory.annotation.AutowiredAnnotationBeanPostProcessor:155] JSR-330 'javax.inject.Inject' annotation found and supported for autowiring
2018-06-25 17:24:48,765 WARN [com.netflix.config.sources.URLConfigurationSource:121] No URLs will be polled as dynamic configuration sources.
2018-06-25 17:24:48,765 INFO [com.netflix.config.sources.URLConfigurationSource:122] To enable URLs as dynamic configuration sources, define System property archaius.configurationSource.additionalUrls or make config.properties available on classpath.
2018-06-25 17:24:48,770 WARN [com.netflix.config.sources.URLConfigurationSource:121] No URLs will be polled as dynamic configuration sources.
2018-06-25 17:24:48,770 INFO [com.netflix.config.sources.URLConfigurationSource:122] To enable URLs as dynamic configuration sources, define System property archaius.configurationSource.additionalUrls or make config.properties available on classpath.
2018-06-25 17:24:48,965 INFO [org.springframework.web.servlet.mvc.method.annotation.RequestMappingHandlerAdapter:534] Looking for @ControllerAdvice: org.springframework.boot.context.embedded.AnnotationConfigEmbeddedWebApplicationContext@58294867: startup date [Mon Jun 25 17:24:42 CST 2018]; parent: org.springframework.context.annotation.AnnotationConfigApplicationContext@479460a6
2018-06-25 17:24:49,126 INFO [org.springframework.web.servlet.handler.AbstractHandlerMethodMapping$MappingRegistry:543] Mapped "{[/outConfig/addConfigShunt]}" onto public com.commons.core.message.Result com.xunyu.operator.controller.GatewayOutConfigController.addConfigShunt(com.xunyu.model.operator.out.GatewayOutConfigModel,org.springframework.validation.BindingResult)
2018-06-25 17:24:49,128 INFO [org.springframework.web.servlet.handler.AbstractHandlerMethodMapping$MappingRegistry:543] Mapped "{[/outConfig/addGatewayConfig]}" onto public com.commons.core.message.Result<java.lang.String> com.xunyu.operator.controller.GatewayOutConfigController.addGatewayConfig(com.xunyu.model.operator.out.GatewayOutConfigModel,org.springframework.validation.BindingResult)
2018-06-25 17:24:49,128 INFO [org.springframework.web.servlet.handler.AbstractHandlerMethodMapping$MappingRegistry:543] Mapped "{[/outConfig/stopUsing]}" onto public com.commons.core.message.Result<java.lang.String> com.xunyu.operator.controller.GatewayOutConfigController.stopUsing(com.xunyu.model.operator.out.GatewayOutConfigModel)
2018-06-25 17:24:49,128 INFO [org.springframework.web.servlet.handler.AbstractHandlerMethodMapping$MappingRegistry:543] Mapped "{[/outConfig/abandon]}" onto public com.commons.core.message.Result<java.lang.String> com.xunyu.operator.controller.GatewayOutConfigController.abandon(com.xunyu.model.operator.out.GatewayOutConfigModel)
2018-06-25 17:24:49,129 INFO [org.springframework.web.servlet.handler.AbstractHandlerMethodMapping$MappingRegistry:543] Mapped "{[/outConfig/recharge]}" onto public com.commons.core.message.Result<java.lang.String> com.xunyu.operator.controller.GatewayOutConfigController.recharge(com.xunyu.model.operator.out.RechargeRecordModel,org.springframework.validation.BindingResult)
2018-06-25 17:24:49,129 INFO [org.springframework.web.servlet.handler.AbstractHandlerMethodMapping$MappingRegistry:543] Mapped "{[/outConfig/viewDetail]}" onto public com.commons.core.message.Result<com.xunyu.operator.vo.out.GatewayOutConfigVO> com.xunyu.operator.controller.GatewayOutConfigController.viewDetail(com.xunyu.model.operator.out.GatewayOutConfigModel)
2018-06-25 17:24:49,132 INFO [org.springframework.web.servlet.handler.AbstractHandlerMethodMapping$MappingRegistry:543] Mapped "{[/outConfig/recover]}" onto public com.commons.core.message.Result<java.lang.String> com.xunyu.operator.controller.GatewayOutConfigController.recover(com.xunyu.model.operator.out.GatewayOutConfigModel)
2018-06-25 17:24:49,132 INFO [org.springframework.web.servlet.handler.AbstractHandlerMethodMapping$MappingRegistry:543] Mapped "{[/outConfig/startUsing]}" onto public com.commons.core.message.Result<java.lang.String> com.xunyu.operator.controller.GatewayOutConfigController.startUsing(com.xunyu.model.operator.out.GatewayOutConfigModel)
2018-06-25 17:24:49,133 INFO [org.springframework.web.servlet.handler.AbstractHandlerMethodMapping$MappingRegistry:543] Mapped "{[/outConfig/firstComeInDetail]}" onto public com.commons.core.message.Result<com.xunyu.operator.vo.out.GatewayOutConfigVO> com.xunyu.operator.controller.GatewayOutConfigController.firstComeInDetail(com.xunyu.model.operator.out.GatewayOutConfigModel)
2018-06-25 17:24:49,133 INFO [org.springframework.web.servlet.handler.AbstractHandlerMethodMapping$MappingRegistry:543] Mapped "{[/outConfig/addConfigStraight]}" onto public com.commons.core.message.Result com.xunyu.operator.controller.GatewayOutConfigController.addConfigStraight(com.xunyu.model.operator.out.GatewayOutConfigModel,org.springframework.validation.BindingResult)
2018-06-25 17:24:49,133 INFO [org.springframework.web.servlet.handler.AbstractHandlerMethodMapping$MappingRegistry:543] Mapped "{[/outConfig/updateConfigStraight]}" onto public com.commons.core.message.Result<java.lang.String> com.xunyu.operator.controller.GatewayOutConfigController.updateGatewayOutConfigStraight(com.xunyu.model.operator.out.GatewayOutConfigModel,org.springframework.validation.BindingResult)
2018-06-25 17:24:49,134 INFO [org.springframework.web.servlet.handler.AbstractHandlerMethodMapping$MappingRegistry:543] Mapped "{[/outConfig/getConfigList]}" onto public com.commons.core.message.Result<java.util.List<com.xunyu.operator.vo.out.GatewayOutConfigListVO>> com.xunyu.operator.controller.GatewayOutConfigController.getGatewayOutListConfig(com.xunyu.model.operator.out.GatewayOutConfigModel)
2018-06-25 17:24:49,134 INFO [org.springframework.web.servlet.handler.AbstractHandlerMethodMapping$MappingRegistry:543] Mapped "{[/outConfig/selectAccessConfig]}" onto public com.commons.core.message.Result<com.xunyu.operator.vo.out.OperAccessCoreConfigVO> com.xunyu.operator.controller.GatewayOutConfigController.selectAccessConfig(com.xunyu.model.operator.out.GatewayOutConfigModel)
2018-06-25 17:24:49,135 INFO [org.springframework.web.servlet.handler.AbstractHandlerMethodMapping$MappingRegistry:543] Mapped "{[/outConfig/updateConfigShunt]}" onto public com.commons.core.message.Result<java.lang.String> com.xunyu.operator.controller.GatewayOutConfigController.updateGatewayOutConfigShunt(com.xunyu.model.operator.out.GatewayOutConfigModel,org.springframework.validation.BindingResult)
2018-06-25 17:24:49,135 INFO [org.springframework.web.servlet.handler.AbstractHandlerMethodMapping$MappingRegistry:543] Mapped "{[/outConfig/deleteGatewayConfig]}" onto public com.commons.core.message.Result<java.lang.String> com.xunyu.operator.controller.GatewayOutConfigController.deleteGatewayConfig(com.xunyu.model.operator.out.GatewayOutConfigModel)
2018-06-25 17:24:49,135 INFO [org.springframework.web.servlet.handler.AbstractHandlerMethodMapping$MappingRegistry:543] Mapped "{[/outConfig/firstComeInList]}" onto public com.commons.core.message.Result<com.xunyu.operator.vo.out.GatewayOutConfigListVO> com.xunyu.operator.controller.GatewayOutConfigController.firstComeInListPage(com.xunyu.model.operator.out.GatewayOutConfigModel)
2018-06-25 17:24:49,136 INFO [org.springframework.web.servlet.handler.AbstractHandlerMethodMapping$MappingRegistry:543] Mapped "{[/outConfig/deleteConfig]}" onto public com.commons.core.message.Result<java.lang.String> com.xunyu.operator.controller.GatewayOutConfigController.deleteGatewayOutConfig(com.xunyu.model.operator.out.GatewayOutConfigModel)
2018-06-25 17:24:49,136 INFO [org.springframework.web.servlet.handler.AbstractHandlerMethodMapping$MappingRegistry:543] Mapped "{[/outConfig/clearGatewayConfig]}" onto public com.commons.core.message.Result<java.lang.String> com.xunyu.operator.controller.GatewayOutConfigController.clearGatewayConfig(com.xunyu.model.operator.out.GatewayOutConfigModel)
2018-06-25 17:24:49,137 INFO [org.springframework.web.servlet.handler.AbstractHandlerMethodMapping$MappingRegistry:543] Mapped "{[/access/updateOperAccess],methods=[POST]}" onto public com.commons.core.message.Result<com.xunyu.operator.pojo.access.OperAccessCoreConfig> com.xunyu.operator.controller.OperAccessController.updateOperAccessData(javax.servlet.http.HttpServletRequest,com.xunyu.operator.pojo.access.OperAccessCoreConfig)
2018-06-25 17:24:49,138 INFO [org.springframework.web.servlet.handler.AbstractHandlerMethodMapping$MappingRegistry:543] Mapped "{[/access/delOperAccess],methods=[POST]}" onto public com.commons.core.message.Result<com.xunyu.operator.pojo.access.OperAccessCoreConfig> com.xunyu.operator.controller.OperAccessController.delOperAccessData(javax.servlet.http.HttpServletRequest,com.xunyu.model.operator.access.OperAccessModel)
2018-06-25 17:24:49,138 INFO [org.springframework.web.servlet.handler.AbstractHandlerMethodMapping$MappingRegistry:543] Mapped "{[/access/getOperAccessDetail],methods=[POST]}" onto public com.commons.core.message.Result<com.xunyu.operator.pojo.access.OperAccessCoreConfig> com.xunyu.operator.controller.OperAccessController.getOperAccessDetail(javax.servlet.http.HttpServletRequest,com.xunyu.model.operator.access.OperAccessModel)
2018-06-25 17:24:49,138 INFO [org.springframework.web.servlet.handler.AbstractHandlerMethodMapping$MappingRegistry:543] Mapped "{[/access/listOperAccess],methods=[POST]}" onto public com.commons.core.message.Result<java.util.List<com.xunyu.operator.pojo.access.OperAccessCoreConfig>> com.xunyu.operator.controller.OperAccessController.listOperAccessData(javax.servlet.http.HttpServletRequest,com.xunyu.model.operator.access.OperAccessModel)
2018-06-25 17:24:49,139 INFO [org.springframework.web.servlet.handler.AbstractHandlerMethodMapping$MappingRegistry:543] Mapped "{[/access/saveOperAccess],methods=[POST]}" onto public com.commons.core.message.Result<com.xunyu.operator.pojo.access.OperAccessCoreConfig> com.xunyu.operator.controller.OperAccessController.saveOperAccessData(javax.servlet.http.HttpServletRequest,com.xunyu.operator.pojo.access.OperAccessCoreConfig)
2018-06-25 17:24:49,141 INFO [org.springframework.web.servlet.handler.AbstractHandlerMethodMapping$MappingRegistry:543] Mapped "{[/error]}" onto public org.springframework.http.ResponseEntity<java.util.Map<java.lang.String, java.lang.Object>> org.springframework.boot.autoconfigure.web.BasicErrorController.error(javax.servlet.http.HttpServletRequest)
2018-06-25 17:24:49,142 INFO [org.springframework.web.servlet.handler.AbstractHandlerMethodMapping$MappingRegistry:543] Mapped "{[/error],produces=[text/html]}" onto public org.springframework.web.servlet.ModelAndView org.springframework.boot.autoconfigure.web.BasicErrorController.errorHtml(javax.servlet.http.HttpServletRequest,javax.servlet.http.HttpServletResponse)
2018-06-25 17:24:49,192 INFO [org.springframework.web.servlet.handler.AbstractUrlHandlerMapping:362] Mapped URL path [/webjars/**] onto handler of type [class org.springframework.web.servlet.resource.ResourceHttpRequestHandler]
2018-06-25 17:24:49,193 INFO [org.springframework.web.servlet.handler.AbstractUrlHandlerMapping:362] Mapped URL path [/**] onto handler of type [class org.springframework.web.servlet.resource.ResourceHttpRequestHandler]
2018-06-25 17:24:49,233 INFO [org.springframework.web.servlet.mvc.method.annotation.ExceptionHandlerExceptionResolver:273] Detected @ExceptionHandler methods in globalExceptionHandler
2018-06-25 17:24:49,291 INFO [org.springframework.web.servlet.handler.AbstractUrlHandlerMapping:362] Mapped URL path [/**/favicon.ico] onto handler of type [class org.springframework.web.servlet.resource.ResourceHttpRequestHandler]
2018-06-25 17:24:50,214 INFO [org.springframework.web.servlet.handler.AbstractHandlerMethodMapping$MappingRegistry:543] Mapped "{[/mappings || /mappings.json],methods=[GET],produces=[application/vnd.spring-boot.actuator.v1+json || application/json]}" onto public java.lang.Object org.springframework.boot.actuate.endpoint.mvc.EndpointMvcAdapter.invoke()
2018-06-25 17:24:50,215 INFO [org.springframework.web.servlet.handler.AbstractHandlerMethodMapping$MappingRegistry:543] Mapped "{[/service-registry/instance-status],methods=[GET]}" onto public org.springframework.http.ResponseEntity org.springframework.cloud.client.serviceregistry.endpoint.ServiceRegistryEndpoint.getStatus()
2018-06-25 17:24:50,216 INFO [org.springframework.web.servlet.handler.AbstractHandlerMethodMapping$MappingRegistry:543] Mapped "{[/service-registry/instance-status],methods=[POST]}" onto public org.springframework.http.ResponseEntity<?> org.springframework.cloud.client.serviceregistry.endpoint.ServiceRegistryEndpoint.setStatus(java.lang.String)
2018-06-25 17:24:50,217 INFO [org.springframework.web.servlet.handler.AbstractHandlerMethodMapping$MappingRegistry:543] Mapped "{[/trace || /trace.json],methods=[GET],produces=[application/vnd.spring-boot.actuator.v1+json || application/json]}" onto public java.lang.Object org.springframework.boot.actuate.endpoint.mvc.EndpointMvcAdapter.invoke()
2018-06-25 17:24:50,217 INFO [org.springframework.web.servlet.handler.AbstractHandlerMethodMapping$MappingRegistry:543] Mapped "{[/env],methods=[POST]}" onto public java.lang.Object org.springframework.cloud.context.environment.EnvironmentManagerMvcEndpoint.value(java.util.Map<java.lang.String, java.lang.String>)
2018-06-25 17:24:50,217 INFO [org.springframework.web.servlet.handler.AbstractHandlerMethodMapping$MappingRegistry:543] Mapped "{[/env/reset],methods=[POST]}" onto public java.util.Map<java.lang.String, java.lang.Object> org.springframework.cloud.context.environment.EnvironmentManagerMvcEndpoint.reset()
2018-06-25 17:24:50,219 INFO [org.springframework.web.servlet.handler.AbstractHandlerMethodMapping$MappingRegistry:543] Mapped "{[/configprops || /configprops.json],methods=[GET],produces=[application/vnd.spring-boot.actuator.v1+json || application/json]}" onto public java.lang.Object org.springframework.boot.actuate.endpoint.mvc.EndpointMvcAdapter.invoke()
2018-06-25 17:24:50,220 INFO [org.springframework.web.servlet.handler.AbstractHandlerMethodMapping$MappingRegistry:543] Mapped "{[/restart || /restart.json],methods=[POST]}" onto public java.lang.Object org.springframework.cloud.context.restart.RestartMvcEndpoint.invoke()
2018-06-25 17:24:50,220 INFO [org.springframework.web.servlet.handler.AbstractHandlerMethodMapping$MappingRegistry:543] Mapped "{[/archaius || /archaius.json],methods=[GET],produces=[application/vnd.spring-boot.actuator.v1+json || application/json]}" onto public java.lang.Object org.springframework.boot.actuate.endpoint.mvc.EndpointMvcAdapter.invoke()
2018-06-25 17:24:50,220 INFO [org.springframework.web.servlet.handler.AbstractHandlerMethodMapping$MappingRegistry:543] Mapped "{[/info || /info.json],methods=[GET],produces=[application/vnd.spring-boot.actuator.v1+json || application/json]}" onto public java.lang.Object org.springframework.boot.actuate.endpoint.mvc.EndpointMvcAdapter.invoke()
2018-06-25 17:24:50,221 INFO [org.springframework.web.servlet.handler.AbstractHandlerMethodMapping$MappingRegistry:543] Mapped "{[/health || /health.json],methods=[GET],produces=[application/vnd.spring-boot.actuator.v1+json || application/json]}" onto public java.lang.Object org.springframework.boot.actuate.endpoint.mvc.HealthMvcEndpoint.invoke(javax.servlet.http.HttpServletRequest,java.security.Principal)
2018-06-25 17:24:50,223 INFO [org.springframework.web.servlet.handler.AbstractHandlerMethodMapping$MappingRegistry:543] Mapped "{[/loggers/{name:.*}],methods=[GET],produces=[application/vnd.spring-boot.actuator.v1+json || application/json]}" onto public java.lang.Object org.springframework.boot.actuate.endpoint.mvc.LoggersMvcEndpoint.get(java.lang.String)
2018-06-25 17:24:50,223 INFO [org.springframework.web.servlet.handler.AbstractHandlerMethodMapping$MappingRegistry:543] Mapped "{[/loggers/{name:.*}],methods=[POST],consumes=[application/vnd.spring-boot.actuator.v1+json || application/json],produces=[application/vnd.spring-boot.actuator.v1+json || application/json]}" onto public java.lang.Object org.springframework.boot.actuate.endpoint.mvc.LoggersMvcEndpoint.set(java.lang.String,java.util.Map<java.lang.String, java.lang.String>)
2018-06-25 17:24:50,224 INFO [org.springframework.web.servlet.handler.AbstractHandlerMethodMapping$MappingRegistry:543] Mapped "{[/loggers || /loggers.json],methods=[GET],produces=[application/vnd.spring-boot.actuator.v1+json || application/json]}" onto public java.lang.Object org.springframework.boot.actuate.endpoint.mvc.EndpointMvcAdapter.invoke()
2018-06-25 17:24:50,224 INFO [org.springframework.web.servlet.handler.AbstractHandlerMethodMapping$MappingRegistry:543] Mapped "{[/pause || /pause.json],methods=[POST]}" onto public java.lang.Object org.springframework.cloud.endpoint.GenericPostableMvcEndpoint.invoke()
2018-06-25 17:24:50,225 INFO [org.springframework.web.servlet.handler.AbstractHandlerMethodMapping$MappingRegistry:543] Mapped "{[/autoconfig || /autoconfig.json],methods=[GET],produces=[application/vnd.spring-boot.actuator.v1+json || application/json]}" onto public java.lang.Object org.springframework.boot.actuate.endpoint.mvc.EndpointMvcAdapter.invoke()
2018-06-25 17:24:50,226 INFO [org.springframework.web.servlet.handler.AbstractHandlerMethodMapping$MappingRegistry:543] Mapped "{[/auditevents || /auditevents.json],methods=[GET],produces=[application/vnd.spring-boot.actuator.v1+json || application/json]}" onto public org.springframework.http.ResponseEntity<?> org.springframework.boot.actuate.endpoint.mvc.AuditEventsMvcEndpoint.findByPrincipalAndAfterAndType(java.lang.String,java.util.Date,java.lang.String)
2018-06-25 17:24:50,227 INFO [org.springframework.web.servlet.handler.AbstractHandlerMethodMapping$MappingRegistry:543] Mapped "{[/jolokia/**]}" onto public org.springframework.web.servlet.ModelAndView org.springframework.boot.actuate.endpoint.mvc.JolokiaMvcEndpoint.handle(javax.servlet.http.HttpServletRequest,javax.servlet.http.HttpServletResponse) throws java.lang.Exception
2018-06-25 17:24:50,228 INFO [org.springframework.web.servlet.handler.AbstractHandlerMethodMapping$MappingRegistry:543] Mapped "{[/env/{name:.*}],methods=[GET],produces=[application/vnd.spring-boot.actuator.v1+json || application/json]}" onto public java.lang.Object org.springframework.boot.actuate.endpoint.mvc.EnvironmentMvcEndpoint.value(java.lang.String)
2018-06-25 17:24:50,228 INFO [org.springframework.web.servlet.handler.AbstractHandlerMethodMapping$MappingRegistry:543] Mapped "{[/env || /env.json],methods=[GET],produces=[application/vnd.spring-boot.actuator.v1+json || application/json]}" onto public java.lang.Object org.springframework.boot.actuate.endpoint.mvc.EndpointMvcAdapter.invoke()
2018-06-25 17:24:50,229 INFO [org.springframework.web.servlet.handler.AbstractHandlerMethodMapping$MappingRegistry:543] Mapped "{[/logfile || /logfile.json],methods=[GET || HEAD]}" onto public void org.springframework.boot.actuate.endpoint.mvc.LogFileMvcEndpoint.invoke(javax.servlet.http.HttpServletRequest,javax.servlet.http.HttpServletResponse) throws javax.servlet.ServletException,java.io.IOException
2018-06-25 17:24:50,230 INFO [org.springframework.web.servlet.handler.AbstractHandlerMethodMapping$MappingRegistry:543] Mapped "{[/features || /features.json],methods=[GET],produces=[application/vnd.spring-boot.actuator.v1+json || application/json]}" onto public java.lang.Object org.springframework.boot.actuate.endpoint.mvc.EndpointMvcAdapter.invoke()
2018-06-25 17:24:50,230 INFO [org.springframework.web.servlet.handler.AbstractHandlerMethodMapping$MappingRegistry:543] Mapped "{[/beans || /beans.json],methods=[GET],produces=[application/vnd.spring-boot.actuator.v1+json || application/json]}" onto public java.lang.Object org.springframework.boot.actuate.endpoint.mvc.EndpointMvcAdapter.invoke()
2018-06-25 17:24:50,231 INFO [org.springframework.web.servlet.handler.AbstractHandlerMethodMapping$MappingRegistry:543] Mapped "{[/refresh || /refresh.json],methods=[POST]}" onto public java.lang.Object org.springframework.cloud.endpoint.GenericPostableMvcEndpoint.invoke()
2018-06-25 17:24:50,231 INFO [org.springframework.web.servlet.handler.AbstractHandlerMethodMapping$MappingRegistry:543] Mapped "{[/resume || /resume.json],methods=[POST]}" onto public java.lang.Object org.springframework.cloud.endpoint.GenericPostableMvcEndpoint.invoke()
2018-06-25 17:24:50,232 INFO [org.springframework.web.servlet.handler.AbstractHandlerMethodMapping$MappingRegistry:543] Mapped "{[/dump || /dump.json],methods=[GET],produces=[application/vnd.spring-boot.actuator.v1+json || application/json]}" onto public java.lang.Object org.springframework.boot.actuate.endpoint.mvc.EndpointMvcAdapter.invoke()
2018-06-25 17:24:50,233 INFO [org.springframework.web.servlet.handler.AbstractHandlerMethodMapping$MappingRegistry:543] Mapped "{[/heapdump || /heapdump.json],methods=[GET],produces=[application/octet-stream]}" onto public void org.springframework.boot.actuate.endpoint.mvc.HeapdumpMvcEndpoint.invoke(boolean,javax.servlet.http.HttpServletRequest,javax.servlet.http.HttpServletResponse) throws java.io.IOException,javax.servlet.ServletException
2018-06-25 17:24:50,233 INFO [org.springframework.web.servlet.handler.AbstractHandlerMethodMapping$MappingRegistry:543] Mapped "{[/metrics/{name:.*}],methods=[GET],produces=[application/vnd.spring-boot.actuator.v1+json || application/json]}" onto public java.lang.Object org.springframework.boot.actuate.endpoint.mvc.MetricsMvcEndpoint.value(java.lang.String)
2018-06-25 17:24:50,234 INFO [org.springframework.web.servlet.handler.AbstractHandlerMethodMapping$MappingRegistry:543] Mapped "{[/metrics || /metrics.json],methods=[GET],produces=[application/vnd.spring-boot.actuator.v1+json || application/json]}" onto public java.lang.Object org.springframework.boot.actuate.endpoint.mvc.EndpointMvcAdapter.invoke()
2018-06-25 17:24:50,816 INFO [org.springframework.jmx.export.MBeanExporter:431] Registering beans for JMX exposure on startup
2018-06-25 17:24:50,831 INFO [org.springframework.jmx.export.MBeanExporter:916] Bean with name 'dataSource' has been autodetected for JMX exposure
2018-06-25 17:24:50,839 INFO [org.springframework.jmx.export.MBeanExporter:916] Bean with name 'environmentManager' has been autodetected for JMX exposure
2018-06-25 17:24:50,845 INFO [org.springframework.jmx.export.MBeanExporter:916] Bean with name 'configurationPropertiesRebinder' has been autodetected for JMX exposure
2018-06-25 17:24:50,846 INFO [org.springframework.jmx.export.MBeanExporter:916] Bean with name 'refreshEndpoint' has been autodetected for JMX exposure
2018-06-25 17:24:50,847 INFO [org.springframework.jmx.export.MBeanExporter:916] Bean with name 'restartEndpoint' has been autodetected for JMX exposure
2018-06-25 17:24:50,848 INFO [org.springframework.jmx.export.MBeanExporter:916] Bean with name 'serviceRegistryEndpoint' has been autodetected for JMX exposure
2018-06-25 17:24:50,849 INFO [org.springframework.jmx.export.MBeanExporter:916] Bean with name 'refreshScope' has been autodetected for JMX exposure
2018-06-25 17:24:50,854 INFO [org.springframework.jmx.export.MBeanExporter:678] Located managed bean 'environmentManager': registering with JMX server as MBean [org.springframework.cloud.context.environment:name=environmentManager,type=EnvironmentManager]
2018-06-25 17:24:50,869 INFO [org.springframework.jmx.export.MBeanExporter:678] Located managed bean 'restartEndpoint': registering with JMX server as MBean [org.springframework.cloud.context.restart:name=restartEndpoint,type=RestartEndpoint]
2018-06-25 17:24:50,881 INFO [org.springframework.jmx.export.MBeanExporter:678] Located managed bean 'serviceRegistryEndpoint': registering with JMX server as MBean [org.springframework.cloud.client.serviceregistry.endpoint:name=serviceRegistryEndpoint,type=ServiceRegistryEndpoint]
2018-06-25 17:24:50,886 INFO [org.springframework.jmx.export.MBeanExporter:678] Located managed bean 'refreshScope': registering with JMX server as MBean [org.springframework.cloud.context.scope.refresh:name=refreshScope,type=RefreshScope]
2018-06-25 17:24:50,898 INFO [org.springframework.jmx.export.MBeanExporter:678] Located managed bean 'configurationPropertiesRebinder': registering with JMX server as MBean [org.springframework.cloud.context.properties:name=configurationPropertiesRebinder,context=58294867,type=ConfigurationPropertiesRebinder]
2018-06-25 17:24:50,902 INFO [org.springframework.jmx.export.MBeanExporter:671] Located MBean 'dataSource': registering with JMX server as MBean [com.alibaba.druid.pool:name=dataSource,type=DruidDataSource]
2018-06-25 17:24:50,904 INFO [org.springframework.jmx.export.MBeanExporter:678] Located managed bean 'refreshEndpoint': registering with JMX server as MBean [org.springframework.cloud.endpoint:name=refreshEndpoint,type=RefreshEndpoint]
2018-06-25 17:24:51,283 INFO [org.apache.juli.logging.DirectJDKLog:179] jolokia: No access restrictor found, access to any MBean is allowed
2018-06-25 17:24:51,287 INFO [org.apache.juli.logging.DirectJDKLog:179] jolokia: jolokia:type=Config is already registered. Adding it with jolokia:type=Config,uuid=dc00311b-6aaf-496c-8a33-af6d7fa1dbed, but you should revise your setup in order to either use a qualifier or ensure, that only a single agent gets registered (otherwise history functionality might not work)
2018-06-25 17:24:51,288 INFO [org.apache.juli.logging.DirectJDKLog:179] jolokia: Cannot register (legacy) MBean handler for config store with name jmx4perl:type=Config since it already exists. This is the case if another agent has been already started within the same JVM. The registration is skipped.
2018-06-25 17:24:51,288 INFO [org.apache.juli.logging.DirectJDKLog:179] jolokia: Jolokia Discovery MBean registration is skipped because there is already one registered.
2018-06-25 17:24:51,371 INFO [org.springframework.context.support.DefaultLifecycleProcessor$LifecycleGroup:343] Starting beans in phase 0
2018-06-25 17:24:51,386 INFO [org.springframework.cloud.netflix.eureka.InstanceInfoFactory:70] Setting initial instance status as: STARTING
2018-06-25 17:24:51,461 INFO [com.netflix.discovery.DiscoveryClient:344] Initializing Eureka in region us-east-1
2018-06-25 17:24:51,547 INFO [com.netflix.discovery.provider.DiscoveryJerseyProvider:70] Using JSON encoding codec LegacyJacksonJson
2018-06-25 17:24:51,548 INFO [com.netflix.discovery.provider.DiscoveryJerseyProvider:71] Using JSON decoding codec LegacyJacksonJson
2018-06-25 17:24:51,673 INFO [com.netflix.discovery.provider.DiscoveryJerseyProvider:80] Using XML encoding codec XStreamXml
2018-06-25 17:24:51,673 INFO [com.netflix.discovery.provider.DiscoveryJerseyProvider:81] Using XML decoding codec XStreamXml
2018-06-25 17:24:52,034 INFO [com.netflix.discovery.shared.resolver.aws.ConfigClusterResolver:43] Resolving eureka endpoints via configuration
2018-06-25 17:24:52,157 INFO [com.netflix.discovery.DiscoveryClient:920] Disable delta property : false
2018-06-25 17:24:52,158 INFO [com.netflix.discovery.DiscoveryClient:921] Single vip registry refresh property : null
2018-06-25 17:24:52,158 INFO [com.netflix.discovery.DiscoveryClient:922] Force full registry fetch : false
2018-06-25 17:24:52,158 INFO [com.netflix.discovery.DiscoveryClient:923] Application is null : false
2018-06-25 17:24:52,159 INFO [com.netflix.discovery.DiscoveryClient:924] Registered Applications size is zero : true
2018-06-25 17:24:52,159 INFO [com.netflix.discovery.DiscoveryClient:926] Application version is -1: true
2018-06-25 17:24:52,159 INFO [com.netflix.discovery.DiscoveryClient:1009] Getting all instance registry info from the eureka server
2018-06-25 17:24:52,398 INFO [com.netflix.discovery.DiscoveryClient:1018] The response status is 200
2018-06-25 17:24:52,400 INFO [com.netflix.discovery.DiscoveryClient:1244] Starting heartbeat executor: renew interval is: 30
2018-06-25 17:24:52,402 INFO [com.netflix.discovery.InstanceInfoReplicator:59] InstanceInfoReplicator onDemand update allowed rate per min is 4
2018-06-25 17:24:52,405 INFO [com.netflix.discovery.DiscoveryClient:425] Discovery Client initialized at timestamp 1529918692405 with initial instances count: 2
2018-06-25 17:24:52,427 INFO [org.springframework.cloud.netflix.eureka.serviceregistry.EurekaServiceRegistry:40] Registering application xunyu-operator with eureka with status UP
2018-06-25 17:24:52,427 INFO [com.netflix.discovery.DiscoveryClient$3:1279] Saw local status change event StatusChangeEvent [timestamp=1529918692427, current=UP, previous=STARTING]
2018-06-25 17:24:52,428 INFO [com.netflix.discovery.DiscoveryClient:795] DiscoveryClient_XUNYU-OPERATOR/192.168.3.10:8015: registering service...
2018-06-25 17:24:52,458 INFO [com.netflix.discovery.DiscoveryClient:804] DiscoveryClient_XUNYU-OPERATOR/192.168.3.10:8015 - registration status: 204
2018-06-25 17:24:52,554 INFO [org.springframework.boot.context.embedded.tomcat.TomcatEmbeddedServletContainer:201] Tomcat started on port(s): 8015 (http)
2018-06-25 17:24:52,554 INFO [org.springframework.cloud.netflix.eureka.serviceregistry.EurekaAutoServiceRegistration:117] Updating port to 8015
2018-06-25 17:24:52,559 INFO [org.springframework.boot.StartupInfoLogger:57] Started OperApplication in 12.365 seconds (JVM running for 13.915)
2018-06-25 17:24:55,131 INFO [com.alibaba.druid.pool.DruidDataSource:922] {dataSource-1} inited
2018-06-25 17:25:32,304 INFO [org.apache.juli.logging.DirectJDKLog:179] Initializing Spring FrameworkServlet 'dispatcherServlet'
2018-06-25 17:25:32,304 INFO [org.springframework.web.servlet.FrameworkServlet:489] FrameworkServlet 'dispatcherServlet': initialization started
2018-06-25 17:25:32,537 INFO [org.springframework.web.servlet.FrameworkServlet:508] FrameworkServlet 'dispatcherServlet': initialization completed in 233 ms
2018-06-25 17:29:52,163 INFO [com.netflix.discovery.shared.resolver.aws.ConfigClusterResolver:43] Resolving eureka endpoints via configuration
2018-06-25 17:34:52,165 INFO [com.netflix.discovery.shared.resolver.aws.ConfigClusterResolver:43] Resolving eureka endpoints via configuration
2018-06-25 17:39:52,167 INFO [com.netflix.discovery.shared.resolver.aws.ConfigClusterResolver:43] Resolving eureka endpoints via configuration
2018-06-25 17:44:52,168 INFO [com.netflix.discovery.shared.resolver.aws.ConfigClusterResolver:43] Resolving eureka endpoints via configuration
2018-06-25 17:49:52,170 INFO [com.netflix.discovery.shared.resolver.aws.ConfigClusterResolver:43] Resolving eureka endpoints via configuration
2018-06-25 17:54:52,173 INFO [com.netflix.discovery.shared.resolver.aws.ConfigClusterResolver:43] Resolving eureka endpoints via configuration
2018-06-25 17:59:52,175 INFO [com.netflix.discovery.shared.resolver.aws.ConfigClusterResolver:43] Resolving eureka endpoints via configuration
