2018-06-26 13:00:19,708 INFO [com.netflix.discovery.shared.resolver.aws.ConfigClusterResolver:43] Resolving eureka endpoints via configuration
2018-06-26 13:05:19,713 INFO [com.netflix.discovery.shared.resolver.aws.ConfigClusterResolver:43] Resolving eureka endpoints via configuration
2018-06-26 13:10:19,714 INFO [com.netflix.discovery.shared.resolver.aws.ConfigClusterResolver:43] Resolving eureka endpoints via configuration
2018-06-26 13:15:19,716 INFO [com.netflix.discovery.shared.resolver.aws.ConfigClusterResolver:43] Resolving eureka endpoints via configuration
2018-06-26 13:20:19,718 INFO [com.netflix.discovery.shared.resolver.aws.ConfigClusterResolver:43] Resolving eureka endpoints via configuration
2018-06-26 13:25:19,720 INFO [com.netflix.discovery.shared.resolver.aws.ConfigClusterResolver:43] Resolving eureka endpoints via configuration
2018-06-26 13:30:19,721 INFO [com.netflix.discovery.shared.resolver.aws.ConfigClusterResolver:43] Resolving eureka endpoints via configuration
2018-06-26 13:35:19,723 INFO [com.netflix.discovery.shared.resolver.aws.ConfigClusterResolver:43] Resolving eureka endpoints via configuration
2018-06-26 13:40:19,724 INFO [com.netflix.discovery.shared.resolver.aws.ConfigClusterResolver:43] Resolving eureka endpoints via configuration
2018-06-26 13:45:19,726 INFO [com.netflix.discovery.shared.resolver.aws.ConfigClusterResolver:43] Resolving eureka endpoints via configuration
2018-06-26 13:50:19,727 INFO [com.netflix.discovery.shared.resolver.aws.ConfigClusterResolver:43] Resolving eureka endpoints via configuration
2018-06-26 13:55:19,729 INFO [com.netflix.discovery.shared.resolver.aws.ConfigClusterResolver:43] Resolving eureka endpoints via configuration
2018-06-26 13:58:50,560 INFO [org.springframework.boot.SpringApplication:597] The following profiles are active: dev
2018-06-26 13:58:50,581 INFO [org.springframework.context.support.AbstractApplicationContext:583] Refreshing org.springframework.boot.context.embedded.AnnotationConfigEmbeddedWebApplicationContext@6d4c273c: startup date [Tue Jun 26 13:58:50 CST 2018]; parent: org.springframework.context.annotation.AnnotationConfigApplicationContext@49c66ade
2018-06-26 13:58:51,395 INFO [org.springframework.beans.factory.support.DefaultListableBeanFactory:828] Overriding bean definition for bean 'registrationBean' with a different definition: replacing [Root bean: class [null]; scope=; abstract=false; lazyInit=false; autowireMode=3; dependencyCheck=0; autowireCandidate=true; primary=false; factoryBeanName=com.xunyu.config.DruidConfiguration$Druid; factoryMethodName=registrationBean; initMethodName=null; destroyMethodName=(inferred); defined in class path resource [com/xunyu/config/DruidConfiguration$Druid.class]] with [Root bean: class [null]; scope=; abstract=false; lazyInit=false; autowireMode=3; dependencyCheck=0; autowireCandidate=true; primary=false; factoryBeanName=druidConfiguration; factoryMethodName=registrationBean; initMethodName=null; destroyMethodName=(inferred); defined in class path resource [com/xunyu/config/DruidConfiguration.class]]
2018-06-26 13:58:51,396 INFO [org.springframework.beans.factory.support.DefaultListableBeanFactory:828] Overriding bean definition for bean 'filterRegistrationBean' with a different definition: replacing [Root bean: class [null]; scope=; abstract=false; lazyInit=false; autowireMode=3; dependencyCheck=0; autowireCandidate=true; primary=false; factoryBeanName=com.xunyu.config.DruidConfiguration$Druid; factoryMethodName=filterRegistrationBean; initMethodName=null; destroyMethodName=(inferred); defined in class path resource [com/xunyu/config/DruidConfiguration$Druid.class]] with [Root bean: class [null]; scope=; abstract=false; lazyInit=false; autowireMode=3; dependencyCheck=0; autowireCandidate=true; primary=false; factoryBeanName=druidConfiguration; factoryMethodName=filterRegistrationBean; initMethodName=null; destroyMethodName=(inferred); defined in class path resource [com/xunyu/config/DruidConfiguration.class]]
2018-06-26 13:58:51,558 WARN [org.mybatis.spring.mapper.ClassPathMapperScanner:167] No MyBatis mapper was found in '[com.xunyu.operator]' package. Please check your configuration.
2018-06-26 13:58:51,708 INFO [org.springframework.data.repository.config.RepositoryConfigurationDelegate:165] Multiple Spring Data modules found, entering strict repository configuration mode!
2018-06-26 13:58:52,039 INFO [org.springframework.cloud.context.scope.GenericScope:263] BeanFactory id=9ed86561-abbc-34e6-83a0-600e2670281b
2018-06-26 13:58:52,166 INFO [org.springframework.beans.factory.annotation.AutowiredAnnotationBeanPostProcessor:155] JSR-330 'javax.inject.Inject' annotation found and supported for autowiring
2018-06-26 13:58:52,347 INFO [org.springframework.context.support.PostProcessorRegistrationDelegate$BeanPostProcessorChecker:325] Bean 'com.xunyu.operator.utils.syslog.CrmService' of type [org.springframework.cloud.netflix.feign.FeignClientFactoryBean] is not eligible for getting processed by all BeanPostProcessors (for example: not eligible for auto-proxying)
2018-06-26 13:58:52,351 INFO [org.springframework.context.support.PostProcessorRegistrationDelegate$BeanPostProcessorChecker:325] Bean 'com.xunyu.operator.utils.syslog.LogService2' of type [org.springframework.cloud.netflix.feign.FeignClientFactoryBean] is not eligible for getting processed by all BeanPostProcessors (for example: not eligible for auto-proxying)
2018-06-26 13:58:52,508 INFO [org.springframework.context.support.PostProcessorRegistrationDelegate$BeanPostProcessorChecker:325] Bean 'org.springframework.cloud.netflix.metrics.MetricsInterceptorConfiguration$MetricsRestTemplateConfiguration' of type [org.springframework.cloud.netflix.metrics.MetricsInterceptorConfiguration$MetricsRestTemplateConfiguration$$EnhancerBySpringCGLIB$$509c961] is not eligible for getting processed by all BeanPostProcessors (for example: not eligible for auto-proxying)
2018-06-26 13:58:52,595 INFO [org.springframework.context.support.PostProcessorRegistrationDelegate$BeanPostProcessorChecker:325] Bean 'redisConfig' of type [com.xunyu.config.redis.RedisConfig$$EnhancerBySpringCGLIB$$cd8aadd1] is not eligible for getting processed by all BeanPostProcessors (for example: not eligible for auto-proxying)
2018-06-26 13:58:52,631 INFO [org.springframework.context.support.PostProcessorRegistrationDelegate$BeanPostProcessorChecker:325] Bean 'org.springframework.transaction.annotation.ProxyTransactionManagementConfiguration' of type [org.springframework.transaction.annotation.ProxyTransactionManagementConfiguration$$EnhancerBySpringCGLIB$$d2dd2320] is not eligible for getting processed by all BeanPostProcessors (for example: not eligible for auto-proxying)
2018-06-26 13:58:52,712 INFO [org.springframework.context.support.PostProcessorRegistrationDelegate$BeanPostProcessorChecker:325] Bean 'org.springframework.cache.annotation.ProxyCachingConfiguration' of type [org.springframework.cache.annotation.ProxyCachingConfiguration$$EnhancerBySpringCGLIB$$1bef593e] is not eligible for getting processed by all BeanPostProcessors (for example: not eligible for auto-proxying)
2018-06-26 13:58:52,764 INFO [org.springframework.context.support.PostProcessorRegistrationDelegate$BeanPostProcessorChecker:325] Bean 'org.springframework.cloud.autoconfigure.ConfigurationPropertiesRebinderAutoConfiguration' of type [org.springframework.cloud.autoconfigure.ConfigurationPropertiesRebinderAutoConfiguration$$EnhancerBySpringCGLIB$$eef7261d] is not eligible for getting processed by all BeanPostProcessors (for example: not eligible for auto-proxying)
2018-06-26 13:58:53,145 INFO [org.springframework.boot.context.embedded.tomcat.TomcatEmbeddedServletContainer:89] Tomcat initialized with port(s): 8015 (http)
2018-06-26 13:58:53,155 INFO [org.apache.juli.logging.DirectJDKLog:179] Starting service [Tomcat]
2018-06-26 13:58:53,156 INFO [org.apache.juli.logging.DirectJDKLog:179] Starting Servlet Engine: Apache Tomcat/8.5.20
2018-06-26 13:58:53,310 INFO [org.apache.juli.logging.DirectJDKLog:179] Initializing Spring embedded WebApplicationContext
2018-06-26 13:58:53,310 INFO [org.springframework.boot.context.embedded.EmbeddedWebApplicationContext:276] Root WebApplicationContext: initialization completed in 2729 ms
2018-06-26 13:58:53,675 INFO [org.springframework.boot.web.servlet.ServletRegistrationBean:190] Mapping servlet: 'statViewServlet' to [/druid/*]
2018-06-26 13:58:53,677 INFO [org.springframework.boot.web.servlet.ServletRegistrationBean:190] Mapping servlet: 'dispatcherServlet' to [/]
2018-06-26 13:58:53,680 INFO [org.springframework.boot.web.servlet.AbstractFilterRegistrationBean:258] Mapping filter: 'metricsFilter' to: [/*]
2018-06-26 13:58:53,681 INFO [org.springframework.boot.web.servlet.AbstractFilterRegistrationBean:258] Mapping filter: 'characterEncodingFilter' to: [/*]
2018-06-26 13:58:53,681 INFO [org.springframework.boot.web.servlet.AbstractFilterRegistrationBean:258] Mapping filter: 'hiddenHttpMethodFilter' to: [/*]
2018-06-26 13:58:53,681 INFO [org.springframework.boot.web.servlet.AbstractFilterRegistrationBean:258] Mapping filter: 'httpPutFormContentFilter' to: [/*]
2018-06-26 13:58:53,682 INFO [org.springframework.boot.web.servlet.AbstractFilterRegistrationBean:258] Mapping filter: 'requestContextFilter' to: [/*]
2018-06-26 13:58:53,682 INFO [org.springframework.boot.web.servlet.AbstractFilterRegistrationBean:258] Mapping filter: 'webRequestLoggingFilter' to: [/*]
2018-06-26 13:58:53,682 INFO [org.springframework.boot.web.servlet.AbstractFilterRegistrationBean:271] Mapping filter: 'webStatFilter' to urls: [/*]
2018-06-26 13:58:53,682 INFO [org.springframework.boot.web.servlet.AbstractFilterRegistrationBean:271] Mapping filter: 'sessionFilter' to urls: [/*]
2018-06-26 13:58:53,682 INFO [org.springframework.boot.web.servlet.AbstractFilterRegistrationBean:258] Mapping filter: 'applicationContextIdFilter' to: [/*]
2018-06-26 13:58:54,113 INFO [com.xunyu.config.DruidConfiguration$Druid:114] DruidConfiguration init completed................
2018-06-26 13:58:54,828 INFO [org.springframework.context.support.AbstractApplicationContext:583] Refreshing org.springframework.context.annotation.AnnotationConfigApplicationContext@699e0bf0: startup date [Tue Jun 26 13:58:54 CST 2018]; parent: org.springframework.boot.context.embedded.AnnotationConfigEmbeddedWebApplicationContext@6d4c273c
2018-06-26 13:58:54,848 INFO [org.springframework.beans.factory.annotation.AutowiredAnnotationBeanPostProcessor:155] JSR-330 'javax.inject.Inject' annotation found and supported for autowiring
2018-06-26 13:58:55,059 INFO [org.apache.juli.logging.DirectJDKLog:179] jolokia: No access restrictor found, access to any MBean is allowed
2018-06-26 13:58:55,352 INFO [org.springframework.context.support.AbstractApplicationContext:583] Refreshing org.springframework.context.annotation.AnnotationConfigApplicationContext@369ad7da: startup date [Tue Jun 26 13:58:55 CST 2018]; parent: org.springframework.boot.context.embedded.AnnotationConfigEmbeddedWebApplicationContext@6d4c273c
2018-06-26 13:58:55,368 INFO [org.springframework.beans.factory.annotation.AutowiredAnnotationBeanPostProcessor:155] JSR-330 'javax.inject.Inject' annotation found and supported for autowiring
2018-06-26 13:58:56,288 WARN [com.netflix.config.sources.URLConfigurationSource:121] No URLs will be polled as dynamic configuration sources.
2018-06-26 13:58:56,289 INFO [com.netflix.config.sources.URLConfigurationSource:122] To enable URLs as dynamic configuration sources, define System property archaius.configurationSource.additionalUrls or make config.properties available on classpath.
2018-06-26 13:58:56,293 WARN [com.netflix.config.sources.URLConfigurationSource:121] No URLs will be polled as dynamic configuration sources.
2018-06-26 13:58:56,294 INFO [com.netflix.config.sources.URLConfigurationSource:122] To enable URLs as dynamic configuration sources, define System property archaius.configurationSource.additionalUrls or make config.properties available on classpath.
2018-06-26 13:58:56,498 INFO [org.springframework.web.servlet.mvc.method.annotation.RequestMappingHandlerAdapter:534] Looking for @ControllerAdvice: org.springframework.boot.context.embedded.AnnotationConfigEmbeddedWebApplicationContext@6d4c273c: startup date [Tue Jun 26 13:58:50 CST 2018]; parent: org.springframework.context.annotation.AnnotationConfigApplicationContext@49c66ade
2018-06-26 13:58:56,625 INFO [org.springframework.web.servlet.handler.AbstractHandlerMethodMapping$MappingRegistry:543] Mapped "{[/outConfig/addConfigShunt]}" onto public com.commons.core.message.Result com.xunyu.operator.controller.GatewayOutConfigController.addConfigShunt(com.xunyu.model.operator.out.GatewayOutConfigModel,org.springframework.validation.BindingResult)
2018-06-26 13:58:56,626 INFO [org.springframework.web.servlet.handler.AbstractHandlerMethodMapping$MappingRegistry:543] Mapped "{[/outConfig/recharge]}" onto public com.commons.core.message.Result<java.lang.String> com.xunyu.operator.controller.GatewayOutConfigController.recharge(com.xunyu.model.operator.out.RechargeRecordModel,org.springframework.validation.BindingResult)
2018-06-26 13:58:56,627 INFO [org.springframework.web.servlet.handler.AbstractHandlerMethodMapping$MappingRegistry:543] Mapped "{[/outConfig/addGatewayConfig]}" onto public com.commons.core.message.Result<java.lang.String> com.xunyu.operator.controller.GatewayOutConfigController.addGatewayConfig(com.xunyu.model.operator.out.GatewayOutConfigModel,org.springframework.validation.BindingResult)
2018-06-26 13:58:56,627 INFO [org.springframework.web.servlet.handler.AbstractHandlerMethodMapping$MappingRegistry:543] Mapped "{[/outConfig/startUsing]}" onto public com.commons.core.message.Result<java.lang.String> com.xunyu.operator.controller.GatewayOutConfigController.startUsing(com.xunyu.model.operator.out.GatewayOutConfigModel)
2018-06-26 13:58:56,628 INFO [org.springframework.web.servlet.handler.AbstractHandlerMethodMapping$MappingRegistry:543] Mapped "{[/outConfig/viewDetail]}" onto public com.commons.core.message.Result<com.xunyu.operator.vo.out.GatewayOutConfigVO> com.xunyu.operator.controller.GatewayOutConfigController.viewDetail(com.xunyu.model.operator.out.GatewayOutConfigModel)
2018-06-26 13:58:56,628 INFO [org.springframework.web.servlet.handler.AbstractHandlerMethodMapping$MappingRegistry:543] Mapped "{[/outConfig/recover]}" onto public com.commons.core.message.Result<java.lang.String> com.xunyu.operator.controller.GatewayOutConfigController.recover(com.xunyu.model.operator.out.GatewayOutConfigModel)
2018-06-26 13:58:56,630 INFO [org.springframework.web.servlet.handler.AbstractHandlerMethodMapping$MappingRegistry:543] Mapped "{[/outConfig/abandon]}" onto public com.commons.core.message.Result<java.lang.String> com.xunyu.operator.controller.GatewayOutConfigController.abandon(com.xunyu.model.operator.out.GatewayOutConfigModel)
2018-06-26 13:58:56,630 INFO [org.springframework.web.servlet.handler.AbstractHandlerMethodMapping$MappingRegistry:543] Mapped "{[/outConfig/stopUsing]}" onto public com.commons.core.message.Result<java.lang.String> com.xunyu.operator.controller.GatewayOutConfigController.stopUsing(com.xunyu.model.operator.out.GatewayOutConfigModel)
2018-06-26 13:58:56,631 INFO [org.springframework.web.servlet.handler.AbstractHandlerMethodMapping$MappingRegistry:543] Mapped "{[/outConfig/selectAccessConfig]}" onto public com.commons.core.message.Result<com.xunyu.operator.vo.out.OperAccessCoreConfigVO> com.xunyu.operator.controller.GatewayOutConfigController.selectAccessConfig(com.xunyu.model.operator.out.GatewayOutConfigModel)
2018-06-26 13:58:56,631 INFO [org.springframework.web.servlet.handler.AbstractHandlerMethodMapping$MappingRegistry:543] Mapped "{[/outConfig/deleteGatewayConfig]}" onto public com.commons.core.message.Result<java.lang.String> com.xunyu.operator.controller.GatewayOutConfigController.deleteGatewayConfig(com.xunyu.model.operator.out.GatewayOutConfigModel)
2018-06-26 13:58:56,632 INFO [org.springframework.web.servlet.handler.AbstractHandlerMethodMapping$MappingRegistry:543] Mapped "{[/outConfig/clearGatewayConfig]}" onto public com.commons.core.message.Result<java.lang.String> com.xunyu.operator.controller.GatewayOutConfigController.clearGatewayConfig(com.xunyu.model.operator.out.GatewayOutConfigModel)
2018-06-26 13:58:56,632 INFO [org.springframework.web.servlet.handler.AbstractHandlerMethodMapping$MappingRegistry:543] Mapped "{[/outConfig/getConfigList]}" onto public com.commons.core.message.Result<java.util.List<com.xunyu.operator.vo.out.GatewayOutConfigListVO>> com.xunyu.operator.controller.GatewayOutConfigController.getGatewayOutListConfig(com.xunyu.model.operator.out.GatewayOutConfigModel)
2018-06-26 13:58:56,632 INFO [org.springframework.web.servlet.handler.AbstractHandlerMethodMapping$MappingRegistry:543] Mapped "{[/outConfig/deleteConfig]}" onto public com.commons.core.message.Result<java.lang.String> com.xunyu.operator.controller.GatewayOutConfigController.deleteGatewayOutConfig(com.xunyu.model.operator.out.GatewayOutConfigModel)
2018-06-26 13:58:56,633 INFO [org.springframework.web.servlet.handler.AbstractHandlerMethodMapping$MappingRegistry:543] Mapped "{[/outConfig/updateConfigStraight]}" onto public com.commons.core.message.Result<java.lang.String> com.xunyu.operator.controller.GatewayOutConfigController.updateGatewayOutConfigStraight(com.xunyu.model.operator.out.GatewayOutConfigModel,org.springframework.validation.BindingResult)
2018-06-26 13:58:56,633 INFO [org.springframework.web.servlet.handler.AbstractHandlerMethodMapping$MappingRegistry:543] Mapped "{[/outConfig/addConfigStraight]}" onto public com.commons.core.message.Result com.xunyu.operator.controller.GatewayOutConfigController.addConfigStraight(com.xunyu.model.operator.out.GatewayOutConfigModel,org.springframework.validation.BindingResult)
2018-06-26 13:58:56,633 INFO [org.springframework.web.servlet.handler.AbstractHandlerMethodMapping$MappingRegistry:543] Mapped "{[/outConfig/firstComeInDetail]}" onto public com.commons.core.message.Result<com.xunyu.operator.vo.out.GatewayOutConfigVO> com.xunyu.operator.controller.GatewayOutConfigController.firstComeInDetail(com.xunyu.model.operator.out.GatewayOutConfigModel)
2018-06-26 13:58:56,634 INFO [org.springframework.web.servlet.handler.AbstractHandlerMethodMapping$MappingRegistry:543] Mapped "{[/outConfig/updateConfigShunt]}" onto public com.commons.core.message.Result<java.lang.String> com.xunyu.operator.controller.GatewayOutConfigController.updateGatewayOutConfigShunt(com.xunyu.model.operator.out.GatewayOutConfigModel,org.springframework.validation.BindingResult)
2018-06-26 13:58:56,634 INFO [org.springframework.web.servlet.handler.AbstractHandlerMethodMapping$MappingRegistry:543] Mapped "{[/outConfig/firstComeInList]}" onto public com.commons.core.message.Result<com.xunyu.operator.vo.out.GatewayOutConfigListVO> com.xunyu.operator.controller.GatewayOutConfigController.firstComeInListPage(com.xunyu.model.operator.out.GatewayOutConfigModel)
2018-06-26 13:58:56,635 INFO [org.springframework.web.servlet.handler.AbstractHandlerMethodMapping$MappingRegistry:543] Mapped "{[/access/delOperAccess],methods=[POST]}" onto public com.commons.core.message.Result<com.xunyu.operator.pojo.access.OperAccessCoreConfig> com.xunyu.operator.controller.OperAccessController.delOperAccessData(javax.servlet.http.HttpServletRequest,com.xunyu.model.operator.access.OperAccessModel)
2018-06-26 13:58:56,636 INFO [org.springframework.web.servlet.handler.AbstractHandlerMethodMapping$MappingRegistry:543] Mapped "{[/access/saveOperAccess],methods=[POST]}" onto public com.commons.core.message.Result<com.xunyu.operator.pojo.access.OperAccessCoreConfig> com.xunyu.operator.controller.OperAccessController.saveOperAccessData(javax.servlet.http.HttpServletRequest,com.xunyu.operator.pojo.access.OperAccessCoreConfig)
2018-06-26 13:58:56,636 INFO [org.springframework.web.servlet.handler.AbstractHandlerMethodMapping$MappingRegistry:543] Mapped "{[/access/updateOperAccess],methods=[POST]}" onto public com.commons.core.message.Result<com.xunyu.operator.pojo.access.OperAccessCoreConfig> com.xunyu.operator.controller.OperAccessController.updateOperAccessData(javax.servlet.http.HttpServletRequest,com.xunyu.operator.pojo.access.OperAccessCoreConfig)
2018-06-26 13:58:56,636 INFO [org.springframework.web.servlet.handler.AbstractHandlerMethodMapping$MappingRegistry:543] Mapped "{[/access/getOperAccessDetail],methods=[POST]}" onto public com.commons.core.message.Result<com.xunyu.operator.pojo.access.OperAccessCoreConfig> com.xunyu.operator.controller.OperAccessController.getOperAccessDetail(javax.servlet.http.HttpServletRequest,com.xunyu.model.operator.access.OperAccessModel)
2018-06-26 13:58:56,637 INFO [org.springframework.web.servlet.handler.AbstractHandlerMethodMapping$MappingRegistry:543] Mapped "{[/access/listOperAccess],methods=[POST]}" onto public com.commons.core.message.Result<java.util.List<com.xunyu.operator.pojo.access.OperAccessCoreConfig>> com.xunyu.operator.controller.OperAccessController.listOperAccessData(javax.servlet.http.HttpServletRequest,com.xunyu.model.operator.access.OperAccessModel)
2018-06-26 13:58:56,639 INFO [org.springframework.web.servlet.handler.AbstractHandlerMethodMapping$MappingRegistry:543] Mapped "{[/error]}" onto public org.springframework.http.ResponseEntity<java.util.Map<java.lang.String, java.lang.Object>> org.springframework.boot.autoconfigure.web.BasicErrorController.error(javax.servlet.http.HttpServletRequest)
2018-06-26 13:58:56,639 INFO [org.springframework.web.servlet.handler.AbstractHandlerMethodMapping$MappingRegistry:543] Mapped "{[/error],produces=[text/html]}" onto public org.springframework.web.servlet.ModelAndView org.springframework.boot.autoconfigure.web.BasicErrorController.errorHtml(javax.servlet.http.HttpServletRequest,javax.servlet.http.HttpServletResponse)
2018-06-26 13:58:56,682 INFO [org.springframework.web.servlet.handler.AbstractUrlHandlerMapping:362] Mapped URL path [/webjars/**] onto handler of type [class org.springframework.web.servlet.resource.ResourceHttpRequestHandler]
2018-06-26 13:58:56,683 INFO [org.springframework.web.servlet.handler.AbstractUrlHandlerMapping:362] Mapped URL path [/**] onto handler of type [class org.springframework.web.servlet.resource.ResourceHttpRequestHandler]
2018-06-26 13:58:56,708 INFO [org.springframework.web.servlet.mvc.method.annotation.ExceptionHandlerExceptionResolver:273] Detected @ExceptionHandler methods in globalExceptionHandler
2018-06-26 13:58:56,745 INFO [org.springframework.web.servlet.handler.AbstractUrlHandlerMapping:362] Mapped URL path [/**/favicon.ico] onto handler of type [class org.springframework.web.servlet.resource.ResourceHttpRequestHandler]
2018-06-26 13:58:57,560 INFO [org.springframework.web.servlet.handler.AbstractHandlerMethodMapping$MappingRegistry:543] Mapped "{[/beans || /beans.json],methods=[GET],produces=[application/vnd.spring-boot.actuator.v1+json || application/json]}" onto public java.lang.Object org.springframework.boot.actuate.endpoint.mvc.EndpointMvcAdapter.invoke()
2018-06-26 13:58:57,562 INFO [org.springframework.web.servlet.handler.AbstractHandlerMethodMapping$MappingRegistry:543] Mapped "{[/jolokia/**]}" onto public org.springframework.web.servlet.ModelAndView org.springframework.boot.actuate.endpoint.mvc.JolokiaMvcEndpoint.handle(javax.servlet.http.HttpServletRequest,javax.servlet.http.HttpServletResponse) throws java.lang.Exception
2018-06-26 13:58:57,563 INFO [org.springframework.web.servlet.handler.AbstractHandlerMethodMapping$MappingRegistry:543] Mapped "{[/archaius || /archaius.json],methods=[GET],produces=[application/vnd.spring-boot.actuator.v1+json || application/json]}" onto public java.lang.Object org.springframework.boot.actuate.endpoint.mvc.EndpointMvcAdapter.invoke()
2018-06-26 13:58:57,563 INFO [org.springframework.web.servlet.handler.AbstractHandlerMethodMapping$MappingRegistry:543] Mapped "{[/metrics/{name:.*}],methods=[GET],produces=[application/vnd.spring-boot.actuator.v1+json || application/json]}" onto public java.lang.Object org.springframework.boot.actuate.endpoint.mvc.MetricsMvcEndpoint.value(java.lang.String)
2018-06-26 13:58:57,563 INFO [org.springframework.web.servlet.handler.AbstractHandlerMethodMapping$MappingRegistry:543] Mapped "{[/metrics || /metrics.json],methods=[GET],produces=[application/vnd.spring-boot.actuator.v1+json || application/json]}" onto public java.lang.Object org.springframework.boot.actuate.endpoint.mvc.EndpointMvcAdapter.invoke()
2018-06-26 13:58:57,564 INFO [org.springframework.web.servlet.handler.AbstractHandlerMethodMapping$MappingRegistry:543] Mapped "{[/env],methods=[POST]}" onto public java.lang.Object org.springframework.cloud.context.environment.EnvironmentManagerMvcEndpoint.value(java.util.Map<java.lang.String, java.lang.String>)
2018-06-26 13:58:57,564 INFO [org.springframework.web.servlet.handler.AbstractHandlerMethodMapping$MappingRegistry:543] Mapped "{[/env/reset],methods=[POST]}" onto public java.util.Map<java.lang.String, java.lang.Object> org.springframework.cloud.context.environment.EnvironmentManagerMvcEndpoint.reset()
2018-06-26 13:58:57,565 INFO [org.springframework.web.servlet.handler.AbstractHandlerMethodMapping$MappingRegistry:543] Mapped "{[/pause || /pause.json],methods=[POST]}" onto public java.lang.Object org.springframework.cloud.endpoint.GenericPostableMvcEndpoint.invoke()
2018-06-26 13:58:57,566 INFO [org.springframework.web.servlet.handler.AbstractHandlerMethodMapping$MappingRegistry:543] Mapped "{[/logfile || /logfile.json],methods=[GET || HEAD]}" onto public void org.springframework.boot.actuate.endpoint.mvc.LogFileMvcEndpoint.invoke(javax.servlet.http.HttpServletRequest,javax.servlet.http.HttpServletResponse) throws javax.servlet.ServletException,java.io.IOException
2018-06-26 13:58:57,566 INFO [org.springframework.web.servlet.handler.AbstractHandlerMethodMapping$MappingRegistry:543] Mapped "{[/configprops || /configprops.json],methods=[GET],produces=[application/vnd.spring-boot.actuator.v1+json || application/json]}" onto public java.lang.Object org.springframework.boot.actuate.endpoint.mvc.EndpointMvcAdapter.invoke()
2018-06-26 13:58:57,567 INFO [org.springframework.web.servlet.handler.AbstractHandlerMethodMapping$MappingRegistry:543] Mapped "{[/resume || /resume.json],methods=[POST]}" onto public java.lang.Object org.springframework.cloud.endpoint.GenericPostableMvcEndpoint.invoke()
2018-06-26 13:58:57,567 INFO [org.springframework.web.servlet.handler.AbstractHandlerMethodMapping$MappingRegistry:543] Mapped "{[/service-registry/instance-status],methods=[POST]}" onto public org.springframework.http.ResponseEntity<?> org.springframework.cloud.client.serviceregistry.endpoint.ServiceRegistryEndpoint.setStatus(java.lang.String)
2018-06-26 13:58:57,567 INFO [org.springframework.web.servlet.handler.AbstractHandlerMethodMapping$MappingRegistry:543] Mapped "{[/service-registry/instance-status],methods=[GET]}" onto public org.springframework.http.ResponseEntity org.springframework.cloud.client.serviceregistry.endpoint.ServiceRegistryEndpoint.getStatus()
2018-06-26 13:58:57,569 INFO [org.springframework.web.servlet.handler.AbstractHandlerMethodMapping$MappingRegistry:543] Mapped "{[/loggers/{name:.*}],methods=[GET],produces=[application/vnd.spring-boot.actuator.v1+json || application/json]}" onto public java.lang.Object org.springframework.boot.actuate.endpoint.mvc.LoggersMvcEndpoint.get(java.lang.String)
2018-06-26 13:58:57,569 INFO [org.springframework.web.servlet.handler.AbstractHandlerMethodMapping$MappingRegistry:543] Mapped "{[/loggers/{name:.*}],methods=[POST],consumes=[application/vnd.spring-boot.actuator.v1+json || application/json],produces=[application/vnd.spring-boot.actuator.v1+json || application/json]}" onto public java.lang.Object org.springframework.boot.actuate.endpoint.mvc.LoggersMvcEndpoint.set(java.lang.String,java.util.Map<java.lang.String, java.lang.String>)
2018-06-26 13:58:57,569 INFO [org.springframework.web.servlet.handler.AbstractHandlerMethodMapping$MappingRegistry:543] Mapped "{[/loggers || /loggers.json],methods=[GET],produces=[application/vnd.spring-boot.actuator.v1+json || application/json]}" onto public java.lang.Object org.springframework.boot.actuate.endpoint.mvc.EndpointMvcAdapter.invoke()
2018-06-26 13:58:57,570 INFO [org.springframework.web.servlet.handler.AbstractHandlerMethodMapping$MappingRegistry:543] Mapped "{[/features || /features.json],methods=[GET],produces=[application/vnd.spring-boot.actuator.v1+json || application/json]}" onto public java.lang.Object org.springframework.boot.actuate.endpoint.mvc.EndpointMvcAdapter.invoke()
2018-06-26 13:58:57,571 INFO [org.springframework.web.servlet.handler.AbstractHandlerMethodMapping$MappingRegistry:543] Mapped "{[/health || /health.json],methods=[GET],produces=[application/vnd.spring-boot.actuator.v1+json || application/json]}" onto public java.lang.Object org.springframework.boot.actuate.endpoint.mvc.HealthMvcEndpoint.invoke(javax.servlet.http.HttpServletRequest,java.security.Principal)
2018-06-26 13:58:57,572 INFO [org.springframework.web.servlet.handler.AbstractHandlerMethodMapping$MappingRegistry:543] Mapped "{[/auditevents || /auditevents.json],methods=[GET],produces=[application/vnd.spring-boot.actuator.v1+json || application/json]}" onto public org.springframework.http.ResponseEntity<?> org.springframework.boot.actuate.endpoint.mvc.AuditEventsMvcEndpoint.findByPrincipalAndAfterAndType(java.lang.String,java.util.Date,java.lang.String)
2018-06-26 13:58:57,572 INFO [org.springframework.web.servlet.handler.AbstractHandlerMethodMapping$MappingRegistry:543] Mapped "{[/mappings || /mappings.json],methods=[GET],produces=[application/vnd.spring-boot.actuator.v1+json || application/json]}" onto public java.lang.Object org.springframework.boot.actuate.endpoint.mvc.EndpointMvcAdapter.invoke()
2018-06-26 13:58:57,573 INFO [org.springframework.web.servlet.handler.AbstractHandlerMethodMapping$MappingRegistry:543] Mapped "{[/trace || /trace.json],methods=[GET],produces=[application/vnd.spring-boot.actuator.v1+json || application/json]}" onto public java.lang.Object org.springframework.boot.actuate.endpoint.mvc.EndpointMvcAdapter.invoke()
2018-06-26 13:58:57,573 INFO [org.springframework.web.servlet.handler.AbstractHandlerMethodMapping$MappingRegistry:543] Mapped "{[/dump || /dump.json],methods=[GET],produces=[application/vnd.spring-boot.actuator.v1+json || application/json]}" onto public java.lang.Object org.springframework.boot.actuate.endpoint.mvc.EndpointMvcAdapter.invoke()
2018-06-26 13:58:57,574 INFO [org.springframework.web.servlet.handler.AbstractHandlerMethodMapping$MappingRegistry:543] Mapped "{[/env/{name:.*}],methods=[GET],produces=[application/vnd.spring-boot.actuator.v1+json || application/json]}" onto public java.lang.Object org.springframework.boot.actuate.endpoint.mvc.EnvironmentMvcEndpoint.value(java.lang.String)
2018-06-26 13:58:57,574 INFO [org.springframework.web.servlet.handler.AbstractHandlerMethodMapping$MappingRegistry:543] Mapped "{[/env || /env.json],methods=[GET],produces=[application/vnd.spring-boot.actuator.v1+json || application/json]}" onto public java.lang.Object org.springframework.boot.actuate.endpoint.mvc.EndpointMvcAdapter.invoke()
2018-06-26 13:58:57,574 INFO [org.springframework.web.servlet.handler.AbstractHandlerMethodMapping$MappingRegistry:543] Mapped "{[/restart || /restart.json],methods=[POST]}" onto public java.lang.Object org.springframework.cloud.context.restart.RestartMvcEndpoint.invoke()
2018-06-26 13:58:57,575 INFO [org.springframework.web.servlet.handler.AbstractHandlerMethodMapping$MappingRegistry:543] Mapped "{[/heapdump || /heapdump.json],methods=[GET],produces=[application/octet-stream]}" onto public void org.springframework.boot.actuate.endpoint.mvc.HeapdumpMvcEndpoint.invoke(boolean,javax.servlet.http.HttpServletRequest,javax.servlet.http.HttpServletResponse) throws java.io.IOException,javax.servlet.ServletException
2018-06-26 13:58:57,576 INFO [org.springframework.web.servlet.handler.AbstractHandlerMethodMapping$MappingRegistry:543] Mapped "{[/info || /info.json],methods=[GET],produces=[application/vnd.spring-boot.actuator.v1+json || application/json]}" onto public java.lang.Object org.springframework.boot.actuate.endpoint.mvc.EndpointMvcAdapter.invoke()
2018-06-26 13:58:57,576 INFO [org.springframework.web.servlet.handler.AbstractHandlerMethodMapping$MappingRegistry:543] Mapped "{[/refresh || /refresh.json],methods=[POST]}" onto public java.lang.Object org.springframework.cloud.endpoint.GenericPostableMvcEndpoint.invoke()
2018-06-26 13:58:57,577 INFO [org.springframework.web.servlet.handler.AbstractHandlerMethodMapping$MappingRegistry:543] Mapped "{[/autoconfig || /autoconfig.json],methods=[GET],produces=[application/vnd.spring-boot.actuator.v1+json || application/json]}" onto public java.lang.Object org.springframework.boot.actuate.endpoint.mvc.EndpointMvcAdapter.invoke()
2018-06-26 13:58:58,115 INFO [org.springframework.jmx.export.MBeanExporter:431] Registering beans for JMX exposure on startup
2018-06-26 13:58:58,116 INFO [org.springframework.jmx.export.MBeanExporter:916] Bean with name 'dataSource' has been autodetected for JMX exposure
2018-06-26 13:58:58,124 INFO [org.springframework.jmx.export.MBeanExporter:916] Bean with name 'environmentManager' has been autodetected for JMX exposure
2018-06-26 13:58:58,127 INFO [org.springframework.jmx.export.MBeanExporter:916] Bean with name 'configurationPropertiesRebinder' has been autodetected for JMX exposure
2018-06-26 13:58:58,128 INFO [org.springframework.jmx.export.MBeanExporter:916] Bean with name 'refreshEndpoint' has been autodetected for JMX exposure
2018-06-26 13:58:58,128 INFO [org.springframework.jmx.export.MBeanExporter:916] Bean with name 'restartEndpoint' has been autodetected for JMX exposure
2018-06-26 13:58:58,129 INFO [org.springframework.jmx.export.MBeanExporter:916] Bean with name 'serviceRegistryEndpoint' has been autodetected for JMX exposure
2018-06-26 13:58:58,130 INFO [org.springframework.jmx.export.MBeanExporter:916] Bean with name 'refreshScope' has been autodetected for JMX exposure
2018-06-26 13:58:58,132 INFO [org.springframework.jmx.export.MBeanExporter:678] Located managed bean 'environmentManager': registering with JMX server as MBean [org.springframework.cloud.context.environment:name=environmentManager,type=EnvironmentManager]
2018-06-26 13:58:58,145 INFO [org.springframework.jmx.export.MBeanExporter:678] Located managed bean 'restartEndpoint': registering with JMX server as MBean [org.springframework.cloud.context.restart:name=restartEndpoint,type=RestartEndpoint]
2018-06-26 13:58:58,155 INFO [org.springframework.jmx.export.MBeanExporter:678] Located managed bean 'serviceRegistryEndpoint': registering with JMX server as MBean [org.springframework.cloud.client.serviceregistry.endpoint:name=serviceRegistryEndpoint,type=ServiceRegistryEndpoint]
2018-06-26 13:58:58,160 INFO [org.springframework.jmx.export.MBeanExporter:678] Located managed bean 'refreshScope': registering with JMX server as MBean [org.springframework.cloud.context.scope.refresh:name=refreshScope,type=RefreshScope]
2018-06-26 13:58:58,171 INFO [org.springframework.jmx.export.MBeanExporter:678] Located managed bean 'configurationPropertiesRebinder': registering with JMX server as MBean [org.springframework.cloud.context.properties:name=configurationPropertiesRebinder,context=6d4c273c,type=ConfigurationPropertiesRebinder]
2018-06-26 13:58:58,175 INFO [org.springframework.jmx.export.MBeanExporter:671] Located MBean 'dataSource': registering with JMX server as MBean [com.alibaba.druid.pool:name=dataSource,type=DruidDataSource]
2018-06-26 13:58:58,177 INFO [org.springframework.jmx.export.MBeanExporter:678] Located managed bean 'refreshEndpoint': registering with JMX server as MBean [org.springframework.cloud.endpoint:name=refreshEndpoint,type=RefreshEndpoint]
2018-06-26 13:58:58,522 INFO [org.apache.juli.logging.DirectJDKLog:179] jolokia: No access restrictor found, access to any MBean is allowed
2018-06-26 13:58:58,526 INFO [org.apache.juli.logging.DirectJDKLog:179] jolokia: jolokia:type=Config is already registered. Adding it with jolokia:type=Config,uuid=671f3dd5-b33b-4b30-bdcd-cf6080f806c0, but you should revise your setup in order to either use a qualifier or ensure, that only a single agent gets registered (otherwise history functionality might not work)
2018-06-26 13:58:58,527 INFO [org.apache.juli.logging.DirectJDKLog:179] jolokia: Cannot register (legacy) MBean handler for config store with name jmx4perl:type=Config since it already exists. This is the case if another agent has been already started within the same JVM. The registration is skipped.
2018-06-26 13:58:58,527 INFO [org.apache.juli.logging.DirectJDKLog:179] jolokia: Jolokia Discovery MBean registration is skipped because there is already one registered.
2018-06-26 13:58:58,606 INFO [org.springframework.context.support.DefaultLifecycleProcessor$LifecycleGroup:343] Starting beans in phase 0
2018-06-26 13:58:58,613 INFO [org.springframework.cloud.netflix.eureka.InstanceInfoFactory:70] Setting initial instance status as: STARTING
2018-06-26 13:58:58,648 INFO [com.netflix.discovery.DiscoveryClient:344] Initializing Eureka in region us-east-1
2018-06-26 13:58:58,696 INFO [com.netflix.discovery.provider.DiscoveryJerseyProvider:70] Using JSON encoding codec LegacyJacksonJson
2018-06-26 13:58:58,697 INFO [com.netflix.discovery.provider.DiscoveryJerseyProvider:71] Using JSON decoding codec LegacyJacksonJson
2018-06-26 13:58:58,792 INFO [com.netflix.discovery.provider.DiscoveryJerseyProvider:80] Using XML encoding codec XStreamXml
2018-06-26 13:58:58,792 INFO [com.netflix.discovery.provider.DiscoveryJerseyProvider:81] Using XML decoding codec XStreamXml
2018-06-26 13:58:59,067 INFO [com.netflix.discovery.shared.resolver.aws.ConfigClusterResolver:43] Resolving eureka endpoints via configuration
2018-06-26 13:58:59,176 INFO [com.netflix.discovery.DiscoveryClient:920] Disable delta property : false
2018-06-26 13:58:59,177 INFO [com.netflix.discovery.DiscoveryClient:921] Single vip registry refresh property : null
2018-06-26 13:58:59,177 INFO [com.netflix.discovery.DiscoveryClient:922] Force full registry fetch : false
2018-06-26 13:58:59,177 INFO [com.netflix.discovery.DiscoveryClient:923] Application is null : false
2018-06-26 13:58:59,177 INFO [com.netflix.discovery.DiscoveryClient:924] Registered Applications size is zero : true
2018-06-26 13:58:59,178 INFO [com.netflix.discovery.DiscoveryClient:926] Application version is -1: true
2018-06-26 13:58:59,178 INFO [com.netflix.discovery.DiscoveryClient:1009] Getting all instance registry info from the eureka server
2018-06-26 13:58:59,331 INFO [com.netflix.discovery.DiscoveryClient:1018] The response status is 200
2018-06-26 13:58:59,333 INFO [com.netflix.discovery.DiscoveryClient:1244] Starting heartbeat executor: renew interval is: 30
2018-06-26 13:58:59,335 INFO [com.netflix.discovery.InstanceInfoReplicator:59] InstanceInfoReplicator onDemand update allowed rate per min is 4
2018-06-26 13:58:59,338 INFO [com.netflix.discovery.DiscoveryClient:425] Discovery Client initialized at timestamp 1529992739338 with initial instances count: 2
2018-06-26 13:58:59,361 INFO [org.springframework.cloud.netflix.eureka.serviceregistry.EurekaServiceRegistry:40] Registering application xunyu-operator with eureka with status UP
2018-06-26 13:58:59,362 INFO [com.netflix.discovery.DiscoveryClient$3:1279] Saw local status change event StatusChangeEvent [timestamp=1529992739361, current=UP, previous=STARTING]
2018-06-26 13:58:59,363 INFO [com.netflix.discovery.DiscoveryClient:795] DiscoveryClient_XUNYU-OPERATOR/192.168.3.10:8015: registering service...
2018-06-26 13:58:59,398 INFO [com.netflix.discovery.DiscoveryClient:804] DiscoveryClient_XUNYU-OPERATOR/192.168.3.10:8015 - registration status: 204
2018-06-26 13:58:59,533 INFO [org.springframework.boot.context.embedded.tomcat.TomcatEmbeddedServletContainer:201] Tomcat started on port(s): 8015 (http)
2018-06-26 13:58:59,534 INFO [org.springframework.cloud.netflix.eureka.serviceregistry.EurekaAutoServiceRegistration:117] Updating port to 8015
2018-06-26 13:58:59,539 INFO [org.springframework.boot.StartupInfoLogger:57] Started OperApplication in 10.729 seconds (JVM running for 12.249)
2018-06-26 13:59:02,249 INFO [com.alibaba.druid.pool.DruidDataSource:922] {dataSource-1} inited
