2018-06-15 14:04:35,109 INFO [com.netflix.discovery.shared.resolver.aws.ConfigClusterResolver:43] Resolving eureka endpoints via configuration
2018-06-15 14:09:35,117 INFO [com.netflix.discovery.shared.resolver.aws.ConfigClusterResolver:43] Resolving eureka endpoints via configuration
2018-06-15 14:14:35,119 INFO [com.netflix.discovery.shared.resolver.aws.ConfigClusterResolver:43] Resolving eureka endpoints via configuration
2018-06-15 14:19:35,120 INFO [com.netflix.discovery.shared.resolver.aws.ConfigClusterResolver:43] Resolving eureka endpoints via configuration
2018-06-15 14:24:35,122 INFO [com.netflix.discovery.shared.resolver.aws.ConfigClusterResolver:43] Resolving eureka endpoints via configuration
2018-06-15 14:29:35,125 INFO [com.netflix.discovery.shared.resolver.aws.ConfigClusterResolver:43] Resolving eureka endpoints via configuration
2018-06-15 14:34:35,126 INFO [com.netflix.discovery.shared.resolver.aws.ConfigClusterResolver:43] Resolving eureka endpoints via configuration
2018-06-15 14:39:35,128 INFO [com.netflix.discovery.shared.resolver.aws.ConfigClusterResolver:43] Resolving eureka endpoints via configuration
2018-06-15 14:44:35,130 INFO [com.netflix.discovery.shared.resolver.aws.ConfigClusterResolver:43] Resolving eureka endpoints via configuration
2018-06-15 14:46:39,258 INFO [org.springframework.boot.SpringApplication:597] The following profiles are active: dev
2018-06-15 14:46:39,274 INFO [org.springframework.context.support.AbstractApplicationContext:583] Refreshing org.springframework.boot.context.embedded.AnnotationConfigEmbeddedWebApplicationContext@2c3dec30: startup date [Fri Jun 15 14:46:39 CST 2018]; parent: org.springframework.context.annotation.AnnotationConfigApplicationContext@1aafa419
2018-06-15 14:46:39,932 INFO [org.springframework.beans.factory.support.DefaultListableBeanFactory:828] Overriding bean definition for bean 'registrationBean' with a different definition: replacing [Root bean: class [null]; scope=; abstract=false; lazyInit=false; autowireMode=3; dependencyCheck=0; autowireCandidate=true; primary=false; factoryBeanName=com.xunyu.config.DruidConfiguration$Druid; factoryMethodName=registrationBean; initMethodName=null; destroyMethodName=(inferred); defined in class path resource [com/xunyu/config/DruidConfiguration$Druid.class]] with [Root bean: class [null]; scope=; abstract=false; lazyInit=false; autowireMode=3; dependencyCheck=0; autowireCandidate=true; primary=false; factoryBeanName=druidConfiguration; factoryMethodName=registrationBean; initMethodName=null; destroyMethodName=(inferred); defined in class path resource [com/xunyu/config/DruidConfiguration.class]]
2018-06-15 14:46:39,933 INFO [org.springframework.beans.factory.support.DefaultListableBeanFactory:828] Overriding bean definition for bean 'filterRegistrationBean' with a different definition: replacing [Root bean: class [null]; scope=; abstract=false; lazyInit=false; autowireMode=3; dependencyCheck=0; autowireCandidate=true; primary=false; factoryBeanName=com.xunyu.config.DruidConfiguration$Druid; factoryMethodName=filterRegistrationBean; initMethodName=null; destroyMethodName=(inferred); defined in class path resource [com/xunyu/config/DruidConfiguration$Druid.class]] with [Root bean: class [null]; scope=; abstract=false; lazyInit=false; autowireMode=3; dependencyCheck=0; autowireCandidate=true; primary=false; factoryBeanName=druidConfiguration; factoryMethodName=filterRegistrationBean; initMethodName=null; destroyMethodName=(inferred); defined in class path resource [com/xunyu/config/DruidConfiguration.class]]
2018-06-15 14:46:40,048 WARN [org.mybatis.spring.mapper.ClassPathMapperScanner:167] No MyBatis mapper was found in '[com.xunyu.operator]' package. Please check your configuration.
2018-06-15 14:46:40,178 INFO [org.springframework.data.repository.config.RepositoryConfigurationDelegate:165] Multiple Spring Data modules found, entering strict repository configuration mode!
2018-06-15 14:46:40,428 INFO [org.springframework.cloud.context.scope.GenericScope:263] BeanFactory id=1716198a-1207-37f2-af86-b6df7633b523
2018-06-15 14:46:40,467 INFO [org.springframework.beans.factory.annotation.AutowiredAnnotationBeanPostProcessor:155] JSR-330 'javax.inject.Inject' annotation found and supported for autowiring
2018-06-15 14:46:40,534 INFO [org.springframework.context.support.PostProcessorRegistrationDelegate$BeanPostProcessorChecker:325] Bean 'org.springframework.cloud.netflix.metrics.MetricsInterceptorConfiguration$MetricsRestTemplateConfiguration' of type [org.springframework.cloud.netflix.metrics.MetricsInterceptorConfiguration$MetricsRestTemplateConfiguration$$EnhancerBySpringCGLIB$$bb10a50c] is not eligible for getting processed by all BeanPostProcessors (for example: not eligible for auto-proxying)
2018-06-15 14:46:40,549 INFO [org.springframework.context.support.PostProcessorRegistrationDelegate$BeanPostProcessorChecker:325] Bean 'redisConfig' of type [com.xunyu.config.redis.RedisConfig$$EnhancerBySpringCGLIB$$8391897c] is not eligible for getting processed by all BeanPostProcessors (for example: not eligible for auto-proxying)
2018-06-15 14:46:40,557 INFO [org.springframework.context.support.PostProcessorRegistrationDelegate$BeanPostProcessorChecker:325] Bean 'org.springframework.transaction.annotation.ProxyTransactionManagementConfiguration' of type [org.springframework.transaction.annotation.ProxyTransactionManagementConfiguration$$EnhancerBySpringCGLIB$$88e3fecb] is not eligible for getting processed by all BeanPostProcessors (for example: not eligible for auto-proxying)
2018-06-15 14:46:40,580 INFO [org.springframework.context.support.PostProcessorRegistrationDelegate$BeanPostProcessorChecker:325] Bean 'org.springframework.cache.annotation.ProxyCachingConfiguration' of type [org.springframework.cache.annotation.ProxyCachingConfiguration$$EnhancerBySpringCGLIB$$d1f634e9] is not eligible for getting processed by all BeanPostProcessors (for example: not eligible for auto-proxying)
2018-06-15 14:46:40,622 INFO [org.springframework.context.support.PostProcessorRegistrationDelegate$BeanPostProcessorChecker:325] Bean 'org.springframework.cloud.autoconfigure.ConfigurationPropertiesRebinderAutoConfiguration' of type [org.springframework.cloud.autoconfigure.ConfigurationPropertiesRebinderAutoConfiguration$$EnhancerBySpringCGLIB$$a4fe01c8] is not eligible for getting processed by all BeanPostProcessors (for example: not eligible for auto-proxying)
2018-06-15 14:46:40,873 INFO [org.springframework.boot.context.embedded.tomcat.TomcatEmbeddedServletContainer:89] Tomcat initialized with port(s): 8015 (http)
2018-06-15 14:46:40,881 INFO [org.apache.juli.logging.DirectJDKLog:179] Starting service [Tomcat]
2018-06-15 14:46:40,882 INFO [org.apache.juli.logging.DirectJDKLog:179] Starting Servlet Engine: Apache Tomcat/8.5.20
2018-06-15 14:46:41,001 INFO [org.apache.juli.logging.DirectJDKLog:179] Initializing Spring embedded WebApplicationContext
2018-06-15 14:46:41,001 INFO [org.springframework.boot.context.embedded.EmbeddedWebApplicationContext:276] Root WebApplicationContext: initialization completed in 1727 ms
2018-06-15 14:46:41,351 INFO [org.springframework.boot.web.servlet.ServletRegistrationBean:190] Mapping servlet: 'statViewServlet' to [/druid/*]
2018-06-15 14:46:41,352 INFO [org.springframework.boot.web.servlet.ServletRegistrationBean:190] Mapping servlet: 'dispatcherServlet' to [/]
2018-06-15 14:46:41,355 INFO [org.springframework.boot.web.servlet.AbstractFilterRegistrationBean:258] Mapping filter: 'metricsFilter' to: [/*]
2018-06-15 14:46:41,356 INFO [org.springframework.boot.web.servlet.AbstractFilterRegistrationBean:258] Mapping filter: 'characterEncodingFilter' to: [/*]
2018-06-15 14:46:41,356 INFO [org.springframework.boot.web.servlet.AbstractFilterRegistrationBean:258] Mapping filter: 'hiddenHttpMethodFilter' to: [/*]
2018-06-15 14:46:41,356 INFO [org.springframework.boot.web.servlet.AbstractFilterRegistrationBean:258] Mapping filter: 'httpPutFormContentFilter' to: [/*]
2018-06-15 14:46:41,356 INFO [org.springframework.boot.web.servlet.AbstractFilterRegistrationBean:258] Mapping filter: 'requestContextFilter' to: [/*]
2018-06-15 14:46:41,357 INFO [org.springframework.boot.web.servlet.AbstractFilterRegistrationBean:258] Mapping filter: 'webRequestLoggingFilter' to: [/*]
2018-06-15 14:46:41,357 INFO [org.springframework.boot.web.servlet.AbstractFilterRegistrationBean:271] Mapping filter: 'webStatFilter' to urls: [/*]
2018-06-15 14:46:41,358 INFO [org.springframework.boot.web.servlet.AbstractFilterRegistrationBean:271] Mapping filter: 'sessionFilter' to urls: [/*]
2018-06-15 14:46:41,358 INFO [org.springframework.boot.web.servlet.AbstractFilterRegistrationBean:258] Mapping filter: 'applicationContextIdFilter' to: [/*]
2018-06-15 14:46:41,583 INFO [com.xunyu.config.DruidConfiguration$Druid:114] DruidConfiguration init completed................
2018-06-15 14:46:42,769 WARN [com.netflix.config.sources.URLConfigurationSource:121] No URLs will be polled as dynamic configuration sources.
2018-06-15 14:46:42,769 INFO [com.netflix.config.sources.URLConfigurationSource:122] To enable URLs as dynamic configuration sources, define System property archaius.configurationSource.additionalUrls or make config.properties available on classpath.
2018-06-15 14:46:42,773 WARN [com.netflix.config.sources.URLConfigurationSource:121] No URLs will be polled as dynamic configuration sources.
2018-06-15 14:46:42,773 INFO [com.netflix.config.sources.URLConfigurationSource:122] To enable URLs as dynamic configuration sources, define System property archaius.configurationSource.additionalUrls or make config.properties available on classpath.
2018-06-15 14:46:42,936 INFO [org.apache.juli.logging.DirectJDKLog:179] jolokia: No access restrictor found, access to any MBean is allowed
2018-06-15 14:46:43,193 INFO [org.springframework.web.servlet.mvc.method.annotation.RequestMappingHandlerAdapter:534] Looking for @ControllerAdvice: org.springframework.boot.context.embedded.AnnotationConfigEmbeddedWebApplicationContext@2c3dec30: startup date [Fri Jun 15 14:46:39 CST 2018]; parent: org.springframework.context.annotation.AnnotationConfigApplicationContext@1aafa419
2018-06-15 14:46:43,278 INFO [org.springframework.web.servlet.handler.AbstractHandlerMethodMapping$MappingRegistry:543] Mapped "{[/outConfig/getConfigList]}" onto public com.commons.core.message.Result<java.util.List<com.xunyu.operator.vo.out.GatewayOutConfigListVO>> com.xunyu.operator.controller.GatewayOutConfigController.getGatewayOutListConfig(com.xunyu.model.operator.out.GatewayOutConfigModel)
2018-06-15 14:46:43,280 INFO [org.springframework.web.servlet.handler.AbstractHandlerMethodMapping$MappingRegistry:543] Mapped "{[/outConfig/firstComeInDetail]}" onto public com.commons.core.message.Result<com.xunyu.operator.vo.out.GatewayOutConfigVO> com.xunyu.operator.controller.GatewayOutConfigController.firstComeInDetail(com.xunyu.model.operator.out.GatewayOutConfigModel)
2018-06-15 14:46:43,280 INFO [org.springframework.web.servlet.handler.AbstractHandlerMethodMapping$MappingRegistry:543] Mapped "{[/outConfig/firstComeInList]}" onto public com.commons.core.message.Result<com.xunyu.operator.vo.out.GatewayOutConfigListVO> com.xunyu.operator.controller.GatewayOutConfigController.firstComeInListPage(com.xunyu.model.operator.out.GatewayOutConfigModel)
2018-06-15 14:46:43,280 INFO [org.springframework.web.servlet.handler.AbstractHandlerMethodMapping$MappingRegistry:543] Mapped "{[/outConfig/addConfig]}" onto public com.commons.core.message.Result com.xunyu.operator.controller.GatewayOutConfigController.addConfig(com.xunyu.model.operator.out.GatewayOutConfigModel)
2018-06-15 14:46:43,282 INFO [org.springframework.web.servlet.handler.AbstractHandlerMethodMapping$MappingRegistry:543] Mapped "{[/access/listOperAccess],methods=[POST]}" onto public com.commons.core.message.Result<java.util.List<com.xunyu.operator.pojo.access.OperAccessCoreConfig>> com.xunyu.operator.controller.OperAccessController.listOperAccessData(javax.servlet.http.HttpServletRequest,com.xunyu.model.operator.access.OperAccessModel)
2018-06-15 14:46:43,282 INFO [org.springframework.web.servlet.handler.AbstractHandlerMethodMapping$MappingRegistry:543] Mapped "{[/access/saveOperAccess],methods=[POST]}" onto public com.commons.core.message.Result<com.xunyu.operator.pojo.access.OperAccessCoreConfig> com.xunyu.operator.controller.OperAccessController.saveOperAccessData(javax.servlet.http.HttpServletRequest,com.xunyu.operator.pojo.access.OperAccessCoreConfig)
2018-06-15 14:46:43,282 INFO [org.springframework.web.servlet.handler.AbstractHandlerMethodMapping$MappingRegistry:543] Mapped "{[/access/delOperAccess],methods=[POST]}" onto public com.commons.core.message.Result<com.xunyu.operator.pojo.access.OperAccessCoreConfig> com.xunyu.operator.controller.OperAccessController.delOperAccessData(javax.servlet.http.HttpServletRequest,com.xunyu.model.operator.access.OperAccessModel)
2018-06-15 14:46:43,283 INFO [org.springframework.web.servlet.handler.AbstractHandlerMethodMapping$MappingRegistry:543] Mapped "{[/access/updateOperAccess],methods=[POST]}" onto public com.commons.core.message.Result<com.xunyu.operator.pojo.access.OperAccessCoreConfig> com.xunyu.operator.controller.OperAccessController.updateOperAccessData(javax.servlet.http.HttpServletRequest,com.xunyu.operator.pojo.access.OperAccessCoreConfig)
2018-06-15 14:46:43,283 INFO [org.springframework.web.servlet.handler.AbstractHandlerMethodMapping$MappingRegistry:543] Mapped "{[/access/getOperAccessDetail],methods=[POST]}" onto public com.commons.core.message.Result<com.xunyu.operator.pojo.access.OperAccessCoreConfig> com.xunyu.operator.controller.OperAccessController.getOperAccessDetail(javax.servlet.http.HttpServletRequest,com.xunyu.model.operator.access.OperAccessModel)
2018-06-15 14:46:43,286 INFO [org.springframework.web.servlet.handler.AbstractHandlerMethodMapping$MappingRegistry:543] Mapped "{[/error]}" onto public org.springframework.http.ResponseEntity<java.util.Map<java.lang.String, java.lang.Object>> org.springframework.boot.autoconfigure.web.BasicErrorController.error(javax.servlet.http.HttpServletRequest)
2018-06-15 14:46:43,286 INFO [org.springframework.web.servlet.handler.AbstractHandlerMethodMapping$MappingRegistry:543] Mapped "{[/error],produces=[text/html]}" onto public org.springframework.web.servlet.ModelAndView org.springframework.boot.autoconfigure.web.BasicErrorController.errorHtml(javax.servlet.http.HttpServletRequest,javax.servlet.http.HttpServletResponse)
2018-06-15 14:46:43,323 INFO [org.springframework.web.servlet.handler.AbstractUrlHandlerMapping:362] Mapped URL path [/webjars/**] onto handler of type [class org.springframework.web.servlet.resource.ResourceHttpRequestHandler]
2018-06-15 14:46:43,323 INFO [org.springframework.web.servlet.handler.AbstractUrlHandlerMapping:362] Mapped URL path [/**] onto handler of type [class org.springframework.web.servlet.resource.ResourceHttpRequestHandler]
2018-06-15 14:46:43,358 INFO [org.springframework.web.servlet.mvc.method.annotation.ExceptionHandlerExceptionResolver:273] Detected @ExceptionHandler methods in globalExceptionHandler
2018-06-15 14:46:43,387 INFO [org.springframework.web.servlet.handler.AbstractUrlHandlerMapping:362] Mapped URL path [/**/favicon.ico] onto handler of type [class org.springframework.web.servlet.resource.ResourceHttpRequestHandler]
2018-06-15 14:46:44,195 INFO [org.springframework.web.servlet.handler.AbstractHandlerMethodMapping$MappingRegistry:543] Mapped "{[/resume || /resume.json],methods=[POST]}" onto public java.lang.Object org.springframework.cloud.endpoint.GenericPostableMvcEndpoint.invoke()
2018-06-15 14:46:44,198 INFO [org.springframework.web.servlet.handler.AbstractHandlerMethodMapping$MappingRegistry:543] Mapped "{[/loggers/{name:.*}],methods=[GET],produces=[application/vnd.spring-boot.actuator.v1+json || application/json]}" onto public java.lang.Object org.springframework.boot.actuate.endpoint.mvc.LoggersMvcEndpoint.get(java.lang.String)
2018-06-15 14:46:44,198 INFO [org.springframework.web.servlet.handler.AbstractHandlerMethodMapping$MappingRegistry:543] Mapped "{[/loggers/{name:.*}],methods=[POST],consumes=[application/vnd.spring-boot.actuator.v1+json || application/json],produces=[application/vnd.spring-boot.actuator.v1+json || application/json]}" onto public java.lang.Object org.springframework.boot.actuate.endpoint.mvc.LoggersMvcEndpoint.set(java.lang.String,java.util.Map<java.lang.String, java.lang.String>)
2018-06-15 14:46:44,198 INFO [org.springframework.web.servlet.handler.AbstractHandlerMethodMapping$MappingRegistry:543] Mapped "{[/loggers || /loggers.json],methods=[GET],produces=[application/vnd.spring-boot.actuator.v1+json || application/json]}" onto public java.lang.Object org.springframework.boot.actuate.endpoint.mvc.EndpointMvcAdapter.invoke()
2018-06-15 14:46:44,200 INFO [org.springframework.web.servlet.handler.AbstractHandlerMethodMapping$MappingRegistry:543] Mapped "{[/restart || /restart.json],methods=[POST]}" onto public java.lang.Object org.springframework.cloud.context.restart.RestartMvcEndpoint.invoke()
2018-06-15 14:46:44,202 INFO [org.springframework.web.servlet.handler.AbstractHandlerMethodMapping$MappingRegistry:543] Mapped "{[/archaius || /archaius.json],methods=[GET],produces=[application/vnd.spring-boot.actuator.v1+json || application/json]}" onto public java.lang.Object org.springframework.boot.actuate.endpoint.mvc.EndpointMvcAdapter.invoke()
2018-06-15 14:46:44,203 INFO [org.springframework.web.servlet.handler.AbstractHandlerMethodMapping$MappingRegistry:543] Mapped "{[/mappings || /mappings.json],methods=[GET],produces=[application/vnd.spring-boot.actuator.v1+json || application/json]}" onto public java.lang.Object org.springframework.boot.actuate.endpoint.mvc.EndpointMvcAdapter.invoke()
2018-06-15 14:46:44,203 INFO [org.springframework.web.servlet.handler.AbstractHandlerMethodMapping$MappingRegistry:543] Mapped "{[/heapdump || /heapdump.json],methods=[GET],produces=[application/octet-stream]}" onto public void org.springframework.boot.actuate.endpoint.mvc.HeapdumpMvcEndpoint.invoke(boolean,javax.servlet.http.HttpServletRequest,javax.servlet.http.HttpServletResponse) throws java.io.IOException,javax.servlet.ServletException
2018-06-15 14:46:44,204 INFO [org.springframework.web.servlet.handler.AbstractHandlerMethodMapping$MappingRegistry:543] Mapped "{[/features || /features.json],methods=[GET],produces=[application/vnd.spring-boot.actuator.v1+json || application/json]}" onto public java.lang.Object org.springframework.boot.actuate.endpoint.mvc.EndpointMvcAdapter.invoke()
2018-06-15 14:46:44,205 INFO [org.springframework.web.servlet.handler.AbstractHandlerMethodMapping$MappingRegistry:543] Mapped "{[/logfile || /logfile.json],methods=[GET || HEAD]}" onto public void org.springframework.boot.actuate.endpoint.mvc.LogFileMvcEndpoint.invoke(javax.servlet.http.HttpServletRequest,javax.servlet.http.HttpServletResponse) throws javax.servlet.ServletException,java.io.IOException
2018-06-15 14:46:44,208 INFO [org.springframework.web.servlet.handler.AbstractHandlerMethodMapping$MappingRegistry:543] Mapped "{[/jolokia/**]}" onto public org.springframework.web.servlet.ModelAndView org.springframework.boot.actuate.endpoint.mvc.JolokiaMvcEndpoint.handle(javax.servlet.http.HttpServletRequest,javax.servlet.http.HttpServletResponse) throws java.lang.Exception
2018-06-15 14:46:44,209 INFO [org.springframework.web.servlet.handler.AbstractHandlerMethodMapping$MappingRegistry:543] Mapped "{[/refresh || /refresh.json],methods=[POST]}" onto public java.lang.Object org.springframework.cloud.endpoint.GenericPostableMvcEndpoint.invoke()
2018-06-15 14:46:44,209 INFO [org.springframework.web.servlet.handler.AbstractHandlerMethodMapping$MappingRegistry:543] Mapped "{[/env],methods=[POST]}" onto public java.lang.Object org.springframework.cloud.context.environment.EnvironmentManagerMvcEndpoint.value(java.util.Map<java.lang.String, java.lang.String>)
2018-06-15 14:46:44,211 INFO [org.springframework.web.servlet.handler.AbstractHandlerMethodMapping$MappingRegistry:543] Mapped "{[/env/reset],methods=[POST]}" onto public java.util.Map<java.lang.String, java.lang.Object> org.springframework.cloud.context.environment.EnvironmentManagerMvcEndpoint.reset()
2018-06-15 14:46:44,211 INFO [org.springframework.web.servlet.handler.AbstractHandlerMethodMapping$MappingRegistry:543] Mapped "{[/info || /info.json],methods=[GET],produces=[application/vnd.spring-boot.actuator.v1+json || application/json]}" onto public java.lang.Object org.springframework.boot.actuate.endpoint.mvc.EndpointMvcAdapter.invoke()
2018-06-15 14:46:44,212 INFO [org.springframework.web.servlet.handler.AbstractHandlerMethodMapping$MappingRegistry:543] Mapped "{[/dump || /dump.json],methods=[GET],produces=[application/vnd.spring-boot.actuator.v1+json || application/json]}" onto public java.lang.Object org.springframework.boot.actuate.endpoint.mvc.EndpointMvcAdapter.invoke()
2018-06-15 14:46:44,213 INFO [org.springframework.web.servlet.handler.AbstractHandlerMethodMapping$MappingRegistry:543] Mapped "{[/health || /health.json],methods=[GET],produces=[application/vnd.spring-boot.actuator.v1+json || application/json]}" onto public java.lang.Object org.springframework.boot.actuate.endpoint.mvc.HealthMvcEndpoint.invoke(javax.servlet.http.HttpServletRequest,java.security.Principal)
2018-06-15 14:46:44,215 INFO [org.springframework.web.servlet.handler.AbstractHandlerMethodMapping$MappingRegistry:543] Mapped "{[/env/{name:.*}],methods=[GET],produces=[application/vnd.spring-boot.actuator.v1+json || application/json]}" onto public java.lang.Object org.springframework.boot.actuate.endpoint.mvc.EnvironmentMvcEndpoint.value(java.lang.String)
2018-06-15 14:46:44,215 INFO [org.springframework.web.servlet.handler.AbstractHandlerMethodMapping$MappingRegistry:543] Mapped "{[/env || /env.json],methods=[GET],produces=[application/vnd.spring-boot.actuator.v1+json || application/json]}" onto public java.lang.Object org.springframework.boot.actuate.endpoint.mvc.EndpointMvcAdapter.invoke()
2018-06-15 14:46:44,216 INFO [org.springframework.web.servlet.handler.AbstractHandlerMethodMapping$MappingRegistry:543] Mapped "{[/beans || /beans.json],methods=[GET],produces=[application/vnd.spring-boot.actuator.v1+json || application/json]}" onto public java.lang.Object org.springframework.boot.actuate.endpoint.mvc.EndpointMvcAdapter.invoke()
2018-06-15 14:46:44,217 INFO [org.springframework.web.servlet.handler.AbstractHandlerMethodMapping$MappingRegistry:543] Mapped "{[/metrics/{name:.*}],methods=[GET],produces=[application/vnd.spring-boot.actuator.v1+json || application/json]}" onto public java.lang.Object org.springframework.boot.actuate.endpoint.mvc.MetricsMvcEndpoint.value(java.lang.String)
2018-06-15 14:46:44,218 INFO [org.springframework.web.servlet.handler.AbstractHandlerMethodMapping$MappingRegistry:543] Mapped "{[/metrics || /metrics.json],methods=[GET],produces=[application/vnd.spring-boot.actuator.v1+json || application/json]}" onto public java.lang.Object org.springframework.boot.actuate.endpoint.mvc.EndpointMvcAdapter.invoke()
2018-06-15 14:46:44,218 INFO [org.springframework.web.servlet.handler.AbstractHandlerMethodMapping$MappingRegistry:543] Mapped "{[/configprops || /configprops.json],methods=[GET],produces=[application/vnd.spring-boot.actuator.v1+json || application/json]}" onto public java.lang.Object org.springframework.boot.actuate.endpoint.mvc.EndpointMvcAdapter.invoke()
2018-06-15 14:46:44,219 INFO [org.springframework.web.servlet.handler.AbstractHandlerMethodMapping$MappingRegistry:543] Mapped "{[/service-registry/instance-status],methods=[POST]}" onto public org.springframework.http.ResponseEntity<?> org.springframework.cloud.client.serviceregistry.endpoint.ServiceRegistryEndpoint.setStatus(java.lang.String)
2018-06-15 14:46:44,219 INFO [org.springframework.web.servlet.handler.AbstractHandlerMethodMapping$MappingRegistry:543] Mapped "{[/service-registry/instance-status],methods=[GET]}" onto public org.springframework.http.ResponseEntity org.springframework.cloud.client.serviceregistry.endpoint.ServiceRegistryEndpoint.getStatus()
2018-06-15 14:46:44,221 INFO [org.springframework.web.servlet.handler.AbstractHandlerMethodMapping$MappingRegistry:543] Mapped "{[/trace || /trace.json],methods=[GET],produces=[application/vnd.spring-boot.actuator.v1+json || application/json]}" onto public java.lang.Object org.springframework.boot.actuate.endpoint.mvc.EndpointMvcAdapter.invoke()
2018-06-15 14:46:44,222 INFO [org.springframework.web.servlet.handler.AbstractHandlerMethodMapping$MappingRegistry:543] Mapped "{[/pause || /pause.json],methods=[POST]}" onto public java.lang.Object org.springframework.cloud.endpoint.GenericPostableMvcEndpoint.invoke()
2018-06-15 14:46:44,223 INFO [org.springframework.web.servlet.handler.AbstractHandlerMethodMapping$MappingRegistry:543] Mapped "{[/auditevents || /auditevents.json],methods=[GET],produces=[application/vnd.spring-boot.actuator.v1+json || application/json]}" onto public org.springframework.http.ResponseEntity<?> org.springframework.boot.actuate.endpoint.mvc.AuditEventsMvcEndpoint.findByPrincipalAndAfterAndType(java.lang.String,java.util.Date,java.lang.String)
2018-06-15 14:46:44,223 INFO [org.springframework.web.servlet.handler.AbstractHandlerMethodMapping$MappingRegistry:543] Mapped "{[/autoconfig || /autoconfig.json],methods=[GET],produces=[application/vnd.spring-boot.actuator.v1+json || application/json]}" onto public java.lang.Object org.springframework.boot.actuate.endpoint.mvc.EndpointMvcAdapter.invoke()
2018-06-15 14:46:44,582 INFO [org.springframework.jmx.export.MBeanExporter:431] Registering beans for JMX exposure on startup
2018-06-15 14:46:44,583 INFO [org.springframework.jmx.export.MBeanExporter:916] Bean with name 'dataSource' has been autodetected for JMX exposure
2018-06-15 14:46:44,590 INFO [org.springframework.jmx.export.MBeanExporter:916] Bean with name 'environmentManager' has been autodetected for JMX exposure
2018-06-15 14:46:44,593 INFO [org.springframework.jmx.export.MBeanExporter:916] Bean with name 'configurationPropertiesRebinder' has been autodetected for JMX exposure
2018-06-15 14:46:44,593 INFO [org.springframework.jmx.export.MBeanExporter:916] Bean with name 'refreshEndpoint' has been autodetected for JMX exposure
2018-06-15 14:46:44,593 INFO [org.springframework.jmx.export.MBeanExporter:916] Bean with name 'restartEndpoint' has been autodetected for JMX exposure
2018-06-15 14:46:44,594 INFO [org.springframework.jmx.export.MBeanExporter:916] Bean with name 'serviceRegistryEndpoint' has been autodetected for JMX exposure
2018-06-15 14:46:44,595 INFO [org.springframework.jmx.export.MBeanExporter:916] Bean with name 'refreshScope' has been autodetected for JMX exposure
2018-06-15 14:46:44,597 INFO [org.springframework.jmx.export.MBeanExporter:678] Located managed bean 'environmentManager': registering with JMX server as MBean [org.springframework.cloud.context.environment:name=environmentManager,type=EnvironmentManager]
2018-06-15 14:46:44,608 INFO [org.springframework.jmx.export.MBeanExporter:678] Located managed bean 'restartEndpoint': registering with JMX server as MBean [org.springframework.cloud.context.restart:name=restartEndpoint,type=RestartEndpoint]
2018-06-15 14:46:44,617 INFO [org.springframework.jmx.export.MBeanExporter:678] Located managed bean 'serviceRegistryEndpoint': registering with JMX server as MBean [org.springframework.cloud.client.serviceregistry.endpoint:name=serviceRegistryEndpoint,type=ServiceRegistryEndpoint]
2018-06-15 14:46:44,622 INFO [org.springframework.jmx.export.MBeanExporter:678] Located managed bean 'refreshScope': registering with JMX server as MBean [org.springframework.cloud.context.scope.refresh:name=refreshScope,type=RefreshScope]
2018-06-15 14:46:44,629 INFO [org.springframework.jmx.export.MBeanExporter:678] Located managed bean 'configurationPropertiesRebinder': registering with JMX server as MBean [org.springframework.cloud.context.properties:name=configurationPropertiesRebinder,context=2c3dec30,type=ConfigurationPropertiesRebinder]
2018-06-15 14:46:44,633 INFO [org.springframework.jmx.export.MBeanExporter:671] Located MBean 'dataSource': registering with JMX server as MBean [com.alibaba.druid.pool:name=dataSource,type=DruidDataSource]
2018-06-15 14:46:44,635 INFO [org.springframework.jmx.export.MBeanExporter:678] Located managed bean 'refreshEndpoint': registering with JMX server as MBean [org.springframework.cloud.endpoint:name=refreshEndpoint,type=RefreshEndpoint]
2018-06-15 14:46:44,936 INFO [org.apache.juli.logging.DirectJDKLog:179] jolokia: No access restrictor found, access to any MBean is allowed
2018-06-15 14:46:44,942 INFO [org.apache.juli.logging.DirectJDKLog:179] jolokia: jolokia:type=Config is already registered. Adding it with jolokia:type=Config,uuid=8a8e5f8c-3a47-4f5f-ac5d-33f03e5991a1, but you should revise your setup in order to either use a qualifier or ensure, that only a single agent gets registered (otherwise history functionality might not work)
2018-06-15 14:46:44,943 INFO [org.apache.juli.logging.DirectJDKLog:179] jolokia: Cannot register (legacy) MBean handler for config store with name jmx4perl:type=Config since it already exists. This is the case if another agent has been already started within the same JVM. The registration is skipped.
2018-06-15 14:46:44,944 INFO [org.apache.juli.logging.DirectJDKLog:179] jolokia: Jolokia Discovery MBean registration is skipped because there is already one registered.
2018-06-15 14:46:45,017 INFO [org.springframework.context.support.DefaultLifecycleProcessor$LifecycleGroup:343] Starting beans in phase 0
2018-06-15 14:46:45,023 INFO [org.springframework.cloud.netflix.eureka.InstanceInfoFactory:70] Setting initial instance status as: STARTING
2018-06-15 14:46:45,052 INFO [com.netflix.discovery.DiscoveryClient:344] Initializing Eureka in region us-east-1
2018-06-15 14:46:45,096 INFO [com.netflix.discovery.provider.DiscoveryJerseyProvider:70] Using JSON encoding codec LegacyJacksonJson
2018-06-15 14:46:45,096 INFO [com.netflix.discovery.provider.DiscoveryJerseyProvider:71] Using JSON decoding codec LegacyJacksonJson
2018-06-15 14:46:45,174 INFO [com.netflix.discovery.provider.DiscoveryJerseyProvider:80] Using XML encoding codec XStreamXml
2018-06-15 14:46:45,174 INFO [com.netflix.discovery.provider.DiscoveryJerseyProvider:81] Using XML decoding codec XStreamXml
2018-06-15 14:46:45,372 INFO [com.netflix.discovery.shared.resolver.aws.ConfigClusterResolver:43] Resolving eureka endpoints via configuration
2018-06-15 14:46:45,457 INFO [com.netflix.discovery.DiscoveryClient:920] Disable delta property : false
2018-06-15 14:46:45,458 INFO [com.netflix.discovery.DiscoveryClient:921] Single vip registry refresh property : null
2018-06-15 14:46:45,458 INFO [com.netflix.discovery.DiscoveryClient:922] Force full registry fetch : false
2018-06-15 14:46:45,458 INFO [com.netflix.discovery.DiscoveryClient:923] Application is null : false
2018-06-15 14:46:45,458 INFO [com.netflix.discovery.DiscoveryClient:924] Registered Applications size is zero : true
2018-06-15 14:46:45,458 INFO [com.netflix.discovery.DiscoveryClient:926] Application version is -1: true
2018-06-15 14:46:45,458 INFO [com.netflix.discovery.DiscoveryClient:1009] Getting all instance registry info from the eureka server
2018-06-15 14:46:45,577 INFO [com.netflix.discovery.DiscoveryClient:1018] The response status is 200
2018-06-15 14:46:45,584 INFO [com.netflix.discovery.DiscoveryClient:1244] Starting heartbeat executor: renew interval is: 30
2018-06-15 14:46:45,587 INFO [com.netflix.discovery.InstanceInfoReplicator:59] InstanceInfoReplicator onDemand update allowed rate per min is 4
2018-06-15 14:46:45,589 INFO [com.netflix.discovery.DiscoveryClient:425] Discovery Client initialized at timestamp 1529045205589 with initial instances count: 2
2018-06-15 14:46:45,613 INFO [org.springframework.cloud.netflix.eureka.serviceregistry.EurekaServiceRegistry:40] Registering application xunyu-operator with eureka with status UP
2018-06-15 14:46:45,613 INFO [com.netflix.discovery.DiscoveryClient$3:1279] Saw local status change event StatusChangeEvent [timestamp=1529045205613, current=UP, previous=STARTING]
2018-06-15 14:46:45,615 INFO [com.netflix.discovery.DiscoveryClient:795] DiscoveryClient_XUNYU-OPERATOR/192.168.3.10:8015: registering service...
2018-06-15 14:46:45,644 INFO [com.netflix.discovery.DiscoveryClient:804] DiscoveryClient_XUNYU-OPERATOR/192.168.3.10:8015 - registration status: 204
2018-06-15 14:46:45,733 INFO [org.springframework.boot.context.embedded.tomcat.TomcatEmbeddedServletContainer:201] Tomcat started on port(s): 8015 (http)
2018-06-15 14:46:45,734 INFO [org.springframework.cloud.netflix.eureka.serviceregistry.EurekaAutoServiceRegistration:117] Updating port to 8015
2018-06-15 14:46:45,738 INFO [org.springframework.boot.StartupInfoLogger:57] Started OperApplication in 8.307 seconds (JVM running for 9.4)
2018-06-15 14:46:48,177 INFO [com.alibaba.druid.pool.DruidDataSource:922] {dataSource-1} inited
2018-06-15 14:47:57,913 INFO [org.apache.juli.logging.DirectJDKLog:179] Initializing Spring FrameworkServlet 'dispatcherServlet'
2018-06-15 14:47:57,914 INFO [org.springframework.web.servlet.FrameworkServlet:489] FrameworkServlet 'dispatcherServlet': initialization started
2018-06-15 14:47:57,937 INFO [org.springframework.web.servlet.FrameworkServlet:508] FrameworkServlet 'dispatcherServlet': initialization completed in 22 ms
2018-06-15 14:47:58,189 INFO [org.springframework.beans.factory.xml.XmlBeanDefinitionReader:317] Loading XML bean definitions from class path resource [org/springframework/jdbc/support/sql-error-codes.xml]
2018-06-15 14:47:58,216 INFO [org.springframework.jdbc.support.SQLErrorCodesFactory:127] SQLErrorCodes loaded: [DB2, Derby, H2, HSQL, Informix, MS-SQL, MySQL, Oracle, PostgreSQL, Sybase, Hana]
2018-06-15 14:47:58,224 INFO [com.xunyu.config.logs.GlobalExceptionHandler:43] GlobalExceptionHandler,捕获异常:
### Error querying database.  Cause: java.sql.SQLException: sql injection violation, syntax error: syntax error, error in :'     cus.customer_name,o.sp_access_', expect DOT, actual DOT pos 125, line 2, column 109, token DOT : select
      o.gateway_out_config_id,a.agree_name,c.channel_name,o.customer_type,o.enterprise_ip,cus.enter_contact
      cus.customer_name,o.sp_access_code,o.remainder_msg_num,o.is_used,o.isabled
    from tbl_gateway_out_config o
    LEFT JOIN tbl_gateway_access_config c on o.config_id = c.config_id
    LEFT JOIN tbl_sp_access_config s on s.sp_access_config_id = o.sp_access_config_id
    LEFT JOIN tbl_carrier_agree a on s.agree_type = a.agree_type
    LEFT JOIN tbl_customer cus on o.customer_id = cus.customer_id
    where 1=1
     
     
     
     
     
     
     
     
    limit ?,?
### The error may exist in file [D:\XunYuProjects\msg-xunyu-all\xunyu_operator\target\classes\mapper\GatewayOutConfigMapper.xml]
### The error may involve com.xunyu.operator.pojo.out.GatewayOutConfig.selectConfigList
### The error occurred while executing a query
### SQL: select       o.gateway_out_config_id,a.agree_name,c.channel_name,o.customer_type,o.enterprise_ip,cus.enter_contact       cus.customer_name,o.sp_access_code,o.remainder_msg_num,o.is_used,o.isabled     from tbl_gateway_out_config o     LEFT JOIN tbl_gateway_access_config c on o.config_id = c.config_id     LEFT JOIN tbl_sp_access_config s on s.sp_access_config_id = o.sp_access_config_id     LEFT JOIN tbl_carrier_agree a on s.agree_type = a.agree_type     LEFT JOIN tbl_customer cus on o.customer_id = cus.customer_id     where 1=1                                                     limit ?,?
### Cause: java.sql.SQLException: sql injection violation, syntax error: syntax error, error in :'     cus.customer_name,o.sp_access_', expect DOT, actual DOT pos 125, line 2, column 109, token DOT : select
      o.gateway_out_config_id,a.agree_name,c.channel_name,o.customer_type,o.enterprise_ip,cus.enter_contact
      cus.customer_name,o.sp_access_code,o.remainder_msg_num,o.is_used,o.isabled
    from tbl_gateway_out_config o
    LEFT JOIN tbl_gateway_access_config c on o.config_id = c.config_id
    LEFT JOIN tbl_sp_access_config s on s.sp_access_config_id = o.sp_access_config_id
    LEFT JOIN tbl_carrier_agree a on s.agree_type = a.agree_type
    LEFT JOIN tbl_customer cus on o.customer_id = cus.customer_id
    where 1=1
     
     
     
     
     
     
     
     
    limit ?,?
; uncategorized SQLException for SQL []; SQL state [null]; error code [0]; sql injection violation, syntax error: syntax error, error in :'     cus.customer_name,o.sp_access_', expect DOT, actual DOT pos 125, line 2, column 109, token DOT : select
      o.gateway_out_config_id,a.agree_name,c.channel_name,o.customer_type,o.enterprise_ip,cus.enter_contact
      cus.customer_name,o.sp_access_code,o.remainder_msg_num,o.is_used,o.isabled
    from tbl_gateway_out_config o
    LEFT JOIN tbl_gateway_access_config c on o.config_id = c.config_id
    LEFT JOIN tbl_sp_access_config s on s.sp_access_config_id = o.sp_access_config_id
    LEFT JOIN tbl_carrier_agree a on s.agree_type = a.agree_type
    LEFT JOIN tbl_customer cus on o.customer_id = cus.customer_id
    where 1=1
     
     
     
     
     
     
     
     
    limit ?,?; nested exception is java.sql.SQLException: sql injection violation, syntax error: syntax error, error in :'     cus.customer_name,o.sp_access_', expect DOT, actual DOT pos 125, line 2, column 109, token DOT : select
      o.gateway_out_config_id,a.agree_name,c.channel_name,o.customer_type,o.enterprise_ip,cus.enter_contact
      cus.customer_name,o.sp_access_code,o.remainder_msg_num,o.is_used,o.isabled
    from tbl_gateway_out_config o
    LEFT JOIN tbl_gateway_access_config c on o.config_id = c.config_id
    LEFT JOIN tbl_sp_access_config s on s.sp_access_config_id = o.sp_access_config_id
    LEFT JOIN tbl_carrier_agree a on s.agree_type = a.agree_type
    LEFT JOIN tbl_customer cus on o.customer_id = cus.customer_id
    where 1=1
     
     
     
     
     
     
     
     
    limit ?,?;eString:org.springframework.jdbc.UncategorizedSQLException: 
### Error querying database.  Cause: java.sql.SQLException: sql injection violation, syntax error: syntax error, error in :'     cus.customer_name,o.sp_access_', expect DOT, actual DOT pos 125, line 2, column 109, token DOT : select
      o.gateway_out_config_id,a.agree_name,c.channel_name,o.customer_type,o.enterprise_ip,cus.enter_contact
      cus.customer_name,o.sp_access_code,o.remainder_msg_num,o.is_used,o.isabled
    from tbl_gateway_out_config o
    LEFT JOIN tbl_gateway_access_config c on o.config_id = c.config_id
    LEFT JOIN tbl_sp_access_config s on s.sp_access_config_id = o.sp_access_config_id
    LEFT JOIN tbl_carrier_agree a on s.agree_type = a.agree_type
    LEFT JOIN tbl_customer cus on o.customer_id = cus.customer_id
    where 1=1
     
     
     
     
     
     
     
     
    limit ?,?
### The error may exist in file [D:\XunYuProjects\msg-xunyu-all\xunyu_operator\target\classes\mapper\GatewayOutConfigMapper.xml]
### The error may involve com.xunyu.operator.pojo.out.GatewayOutConfig.selectConfigList
### The error occurred while executing a query
### SQL: select       o.gateway_out_config_id,a.agree_name,c.channel_name,o.customer_type,o.enterprise_ip,cus.enter_contact       cus.customer_name,o.sp_access_code,o.remainder_msg_num,o.is_used,o.isabled     from tbl_gateway_out_config o     LEFT JOIN tbl_gateway_access_config c on o.config_id = c.config_id     LEFT JOIN tbl_sp_access_config s on s.sp_access_config_id = o.sp_access_config_id     LEFT JOIN tbl_carrier_agree a on s.agree_type = a.agree_type     LEFT JOIN tbl_customer cus on o.customer_id = cus.customer_id     where 1=1                                                     limit ?,?
### Cause: java.sql.SQLException: sql injection violation, syntax error: syntax error, error in :'     cus.customer_name,o.sp_access_', expect DOT, actual DOT pos 125, line 2, column 109, token DOT : select
      o.gateway_out_config_id,a.agree_name,c.channel_name,o.customer_type,o.enterprise_ip,cus.enter_contact
      cus.customer_name,o.sp_access_code,o.remainder_msg_num,o.is_used,o.isabled
    from tbl_gateway_out_config o
    LEFT JOIN tbl_gateway_access_config c on o.config_id = c.config_id
    LEFT JOIN tbl_sp_access_config s on s.sp_access_config_id = o.sp_access_config_id
    LEFT JOIN tbl_carrier_agree a on s.agree_type = a.agree_type
    LEFT JOIN tbl_customer cus on o.customer_id = cus.customer_id
    where 1=1
     
     
     
     
     
     
     
     
    limit ?,?
; uncategorized SQLException for SQL []; SQL state [null]; error code [0]; sql injection violation, syntax error: syntax error, error in :'     cus.customer_name,o.sp_access_', expect DOT, actual DOT pos 125, line 2, column 109, token DOT : select
      o.gateway_out_config_id,a.agree_name,c.channel_name,o.customer_type,o.enterprise_ip,cus.enter_contact
      cus.customer_name,o.sp_access_code,o.remainder_msg_num,o.is_used,o.isabled
    from tbl_gateway_out_config o
    LEFT JOIN tbl_gateway_access_config c on o.config_id = c.config_id
    LEFT JOIN tbl_sp_access_config s on s.sp_access_config_id = o.sp_access_config_id
    LEFT JOIN tbl_carrier_agree a on s.agree_type = a.agree_type
    LEFT JOIN tbl_customer cus on o.customer_id = cus.customer_id
    where 1=1
     
     
     
     
     
     
     
     
    limit ?,?; nested exception is java.sql.SQLException: sql injection violation, syntax error: syntax error, error in :'     cus.customer_name,o.sp_access_', expect DOT, actual DOT pos 125, line 2, column 109, token DOT : select
      o.gateway_out_config_id,a.agree_name,c.channel_name,o.customer_type,o.enterprise_ip,cus.enter_contact
      cus.customer_name,o.sp_access_code,o.remainder_msg_num,o.is_used,o.isabled
    from tbl_gateway_out_config o
    LEFT JOIN tbl_gateway_access_config c on o.config_id = c.config_id
    LEFT JOIN tbl_sp_access_config s on s.sp_access_config_id = o.sp_access_config_id
    LEFT JOIN tbl_carrier_agree a on s.agree_type = a.agree_type
    LEFT JOIN tbl_customer cus on o.customer_id = cus.customer_id
    where 1=1
     
     
     
     
     
     
     
     
    limit ?,?
	at org.springframework.jdbc.support.AbstractFallbackSQLExceptionTranslator.translate(AbstractFallbackSQLExceptionTranslator.java:84)
	at org.springframework.jdbc.support.AbstractFallbackSQLExceptionTranslator.translate(AbstractFallbackSQLExceptionTranslator.java:81)
	at org.springframework.jdbc.support.AbstractFallbackSQLExceptionTranslator.translate(AbstractFallbackSQLExceptionTranslator.java:81)
	at org.mybatis.spring.MyBatisExceptionTranslator.translateExceptionIfPossible(MyBatisExceptionTranslator.java:75)
	at org.mybatis.spring.SqlSessionTemplate$SqlSessionInterceptor.invoke(SqlSessionTemplate.java:447)
	at com.sun.proxy.$Proxy81.selectList(Unknown Source)
	at org.mybatis.spring.SqlSessionTemplate.selectList(SqlSessionTemplate.java:231)
	at com.xunyu.operator.dao.out.GatewayOutConfigDaoImpl.selectConfigList(GatewayOutConfigDaoImpl.java:44)
	at com.xunyu.operator.dao.out.GatewayOutConfigDaoImpl$$FastClassBySpringCGLIB$$a0bf756e.invoke(<generated>)
	at org.springframework.cglib.proxy.MethodProxy.invoke(MethodProxy.java:204)
	at org.springframework.aop.framework.CglibAopProxy$CglibMethodInvocation.invokeJoinpoint(CglibAopProxy.java:738)
	at org.springframework.aop.framework.ReflectiveMethodInvocation.proceed(ReflectiveMethodInvocation.java:157)
	at org.springframework.dao.support.PersistenceExceptionTranslationInterceptor.invoke(PersistenceExceptionTranslationInterceptor.java:136)
	at org.springframework.aop.framework.ReflectiveMethodInvocation.proceed(ReflectiveMethodInvocation.java:179)
	at org.springframework.aop.framework.CglibAopProxy$DynamicAdvisedInterceptor.intercept(CglibAopProxy.java:673)
	at com.xunyu.operator.dao.out.GatewayOutConfigDaoImpl$$EnhancerBySpringCGLIB$$7930f54a.selectConfigList(<generated>)
	at com.xunyu.operator.service.out.GatewayOutConfigServiceImpl.selectConfigList(GatewayOutConfigServiceImpl.java:59)
	at com.xunyu.operator.service.out.GatewayOutConfigServiceImpl$$FastClassBySpringCGLIB$$cf994634.invoke(<generated>)
	at org.springframework.cglib.proxy.MethodProxy.invoke(MethodProxy.java:204)
	at org.springframework.aop.framework.CglibAopProxy$DynamicAdvisedInterceptor.intercept(CglibAopProxy.java:669)
	at com.xunyu.operator.service.out.GatewayOutConfigServiceImpl$$EnhancerBySpringCGLIB$$158ca837.selectConfigList(<generated>)
	at com.xunyu.operator.controller.GatewayOutConfigController.getGatewayOutListConfig(GatewayOutConfigController.java:190)
	at sun.reflect.NativeMethodAccessorImpl.invoke0(Native Method)
	at sun.reflect.NativeMethodAccessorImpl.invoke(NativeMethodAccessorImpl.java:62)
	at sun.reflect.DelegatingMethodAccessorImpl.invoke(DelegatingMethodAccessorImpl.java:43)
	at java.lang.reflect.Method.invoke(Method.java:498)
	at org.springframework.web.method.support.InvocableHandlerMethod.doInvoke(InvocableHandlerMethod.java:205)
	at org.springframework.web.method.support.InvocableHandlerMethod.invokeForRequest(InvocableHandlerMethod.java:133)
	at org.springframework.web.servlet.mvc.method.annotation.ServletInvocableHandlerMethod.invokeAndHandle(ServletInvocableHandlerMethod.java:97)
	at org.springframework.web.servlet.mvc.method.annotation.RequestMappingHandlerAdapter.invokeHandlerMethod(RequestMappingHandlerAdapter.java:827)
	at org.springframework.web.servlet.mvc.method.annotation.RequestMappingHandlerAdapter.handleInternal(RequestMappingHandlerAdapter.java:738)
	at org.springframework.web.servlet.mvc.method.AbstractHandlerMethodAdapter.handle(AbstractHandlerMethodAdapter.java:85)
	at org.springframework.web.servlet.DispatcherServlet.doDispatch(DispatcherServlet.java:967)
	at org.springframework.web.servlet.DispatcherServlet.doService(DispatcherServlet.java:901)
	at org.springframework.web.servlet.FrameworkServlet.processRequest(FrameworkServlet.java:970)
	at org.springframework.web.servlet.FrameworkServlet.doPost(FrameworkServlet.java:872)
	at javax.servlet.http.HttpServlet.service(HttpServlet.java:661)
	at org.springframework.web.servlet.FrameworkServlet.service(FrameworkServlet.java:846)
	at javax.servlet.http.HttpServlet.service(HttpServlet.java:742)
	at org.apache.catalina.core.ApplicationFilterChain.internalDoFilter(ApplicationFilterChain.java:231)
	at org.apache.catalina.core.ApplicationFilterChain.doFilter(ApplicationFilterChain.java:166)
	at org.apache.tomcat.websocket.server.WsFilter.doFilter(WsFilter.java:52)
	at org.apache.catalina.core.ApplicationFilterChain.internalDoFilter(ApplicationFilterChain.java:193)
	at org.apache.catalina.core.ApplicationFilterChain.doFilter(ApplicationFilterChain.java:166)
	at org.springframework.boot.web.filter.ApplicationContextHeaderFilter.doFilterInternal(ApplicationContextHeaderFilter.java:55)
	at org.springframework.web.filter.OncePerRequestFilter.doFilter(OncePerRequestFilter.java:107)
	at org.apache.catalina.core.ApplicationFilterChain.internalDoFilter(ApplicationFilterChain.java:193)
	at org.apache.catalina.core.ApplicationFilterChain.doFilter(ApplicationFilterChain.java:166)
	at com.xunyu.config.filter.SessionFilter.doFilter(SessionFilter.java:35)
	at org.apache.catalina.core.ApplicationFilterChain.internalDoFilter(ApplicationFilterChain.java:193)
	at org.apache.catalina.core.ApplicationFilterChain.doFilter(ApplicationFilterChain.java:166)
	at com.alibaba.druid.support.http.WebStatFilter.doFilter(WebStatFilter.java:123)
	at org.apache.catalina.core.ApplicationFilterChain.internalDoFilter(ApplicationFilterChain.java:193)
	at org.apache.catalina.core.ApplicationFilterChain.doFilter(ApplicationFilterChain.java:166)
	at org.springframework.boot.actuate.trace.WebRequestTraceFilter.doFilterInternal(WebRequestTraceFilter.java:110)
	at org.springframework.web.filter.OncePerRequestFilter.doFilter(OncePerRequestFilter.java:107)
	at org.apache.catalina.core.ApplicationFilterChain.internalDoFilter(ApplicationFilterChain.java:193)
	at org.apache.catalina.core.ApplicationFilterChain.doFilter(ApplicationFilterChain.java:166)
	at org.springframework.web.filter.RequestContextFilter.doFilterInternal(RequestContextFilter.java:99)
	at org.springframework.web.filter.OncePerRequestFilter.doFilter(OncePerRequestFilter.java:107)
	at org.apache.catalina.core.ApplicationFilterChain.internalDoFilter(ApplicationFilterChain.java:193)
	at org.apache.catalina.core.ApplicationFilterChain.doFilter(ApplicationFilterChain.java:166)
	at org.springframework.web.filter.HttpPutFormContentFilter.doFilterInternal(HttpPutFormContentFilter.java:108)
	at org.springframework.web.filter.OncePerRequestFilter.doFilter(OncePerRequestFilter.java:107)
	at org.apache.catalina.core.ApplicationFilterChain.internalDoFilter(ApplicationFilterChain.java:193)
	at org.apache.catalina.core.ApplicationFilterChain.doFilter(ApplicationFilterChain.java:166)
	at org.springframework.web.filter.HiddenHttpMethodFilter.doFilterInternal(HiddenHttpMethodFilter.java:81)
	at org.springframework.web.filter.OncePerRequestFilter.doFilter(OncePerRequestFilter.java:107)
	at org.apache.catalina.core.ApplicationFilterChain.internalDoFilter(ApplicationFilterChain.java:193)
	at org.apache.catalina.core.ApplicationFilterChain.doFilter(ApplicationFilterChain.java:166)
	at org.springframework.web.filter.CharacterEncodingFilter.doFilterInternal(CharacterEncodingFilter.java:197)
	at org.springframework.web.filter.OncePerRequestFilter.doFilter(OncePerRequestFilter.java:107)
	at org.apache.catalina.core.ApplicationFilterChain.internalDoFilter(ApplicationFilterChain.java:193)
	at org.apache.catalina.core.ApplicationFilterChain.doFilter(ApplicationFilterChain.java:166)
	at org.springframework.boot.actuate.autoconfigure.MetricsFilter.doFilterInternal(MetricsFilter.java:106)
	at org.springframework.web.filter.OncePerRequestFilter.doFilter(OncePerRequestFilter.java:107)
	at org.apache.catalina.core.ApplicationFilterChain.internalDoFilter(ApplicationFilterChain.java:193)
	at org.apache.catalina.core.ApplicationFilterChain.doFilter(ApplicationFilterChain.java:166)
	at org.apache.catalina.core.StandardWrapperValve.invoke(StandardWrapperValve.java:198)
	at org.apache.catalina.core.StandardContextValve.invoke(StandardContextValve.java:96)
	at org.apache.catalina.authenticator.AuthenticatorBase.invoke(AuthenticatorBase.java:478)
	at org.apache.catalina.core.StandardHostValve.invoke(StandardHostValve.java:140)
	at org.apache.catalina.valves.ErrorReportValve.invoke(ErrorReportValve.java:80)
	at org.apache.catalina.core.StandardEngineValve.invoke(StandardEngineValve.java:87)
	at org.apache.catalina.connector.CoyoteAdapter.service(CoyoteAdapter.java:342)
	at org.apache.coyote.http11.Http11Processor.service(Http11Processor.java:799)
	at org.apache.coyote.AbstractProcessorLight.process(AbstractProcessorLight.java:66)
	at org.apache.coyote.AbstractProtocol$ConnectionHandler.process(AbstractProtocol.java:868)
	at org.apache.tomcat.util.net.NioEndpoint$SocketProcessor.doRun(NioEndpoint.java:1457)
	at org.apache.tomcat.util.net.SocketProcessorBase.run(SocketProcessorBase.java:49)
	at java.util.concurrent.ThreadPoolExecutor.runWorker(ThreadPoolExecutor.java:1149)
	at java.util.concurrent.ThreadPoolExecutor$Worker.run(ThreadPoolExecutor.java:624)
	at org.apache.tomcat.util.threads.TaskThread$WrappingRunnable.run(TaskThread.java:61)
	at java.lang.Thread.run(Thread.java:748)
Caused by: java.sql.SQLException: sql injection violation, syntax error: syntax error, error in :'     cus.customer_name,o.sp_access_', expect DOT, actual DOT pos 125, line 2, column 109, token DOT : select
      o.gateway_out_config_id,a.agree_name,c.channel_name,o.customer_type,o.enterprise_ip,cus.enter_contact
      cus.customer_name,o.sp_access_code,o.remainder_msg_num,o.is_used,o.isabled
    from tbl_gateway_out_config o
    LEFT JOIN tbl_gateway_access_config c on o.config_id = c.config_id
    LEFT JOIN tbl_sp_access_config s on s.sp_access_config_id = o.sp_access_config_id
    LEFT JOIN tbl_carrier_agree a on s.agree_type = a.agree_type
    LEFT JOIN tbl_customer cus on o.customer_id = cus.customer_id
    where 1=1
     
     
     
     
     
     
     
     
    limit ?,?
	at com.alibaba.druid.wall.WallFilter.checkInternal(WallFilter.java:798)
	at com.alibaba.druid.wall.WallFilter.connection_prepareStatement(WallFilter.java:251)
	at com.alibaba.druid.filter.FilterChainImpl.connection_prepareStatement(FilterChainImpl.java:473)
	at com.alibaba.druid.filter.FilterAdapter.connection_prepareStatement(FilterAdapter.java:929)
	at com.alibaba.druid.filter.FilterEventAdapter.connection_prepareStatement(FilterEventAdapter.java:122)
	at com.alibaba.druid.filter.FilterChainImpl.connection_prepareStatement(FilterChainImpl.java:473)
	at com.alibaba.druid.filter.FilterAdapter.connection_prepareStatement(FilterAdapter.java:929)
	at com.alibaba.druid.filter.FilterChainImpl.connection_prepareStatement(FilterChainImpl.java:473)
	at com.alibaba.druid.proxy.jdbc.ConnectionProxyImpl.prepareStatement(ConnectionProxyImpl.java:342)
	at com.alibaba.druid.pool.DruidPooledConnection.prepareStatement(DruidPooledConnection.java:349)
	at org.apache.ibatis.executor.statement.PreparedStatementHandler.instantiateStatement(PreparedStatementHandler.java:87)
	at org.apache.ibatis.executor.statement.BaseStatementHandler.prepare(BaseStatementHandler.java:88)
	at org.apache.ibatis.executor.statement.RoutingStatementHandler.prepare(RoutingStatementHandler.java:59)
	at org.apache.ibatis.executor.ReuseExecutor.prepareStatement(ReuseExecutor.java:89)
	at org.apache.ibatis.executor.ReuseExecutor.doQuery(ReuseExecutor.java:59)
	at org.apache.ibatis.executor.BaseExecutor.queryFromDatabase(BaseExecutor.java:325)
	at org.apache.ibatis.executor.BaseExecutor.query(BaseExecutor.java:156)
	at org.apache.ibatis.executor.CachingExecutor.query(CachingExecutor.java:109)
	at org.apache.ibatis.executor.CachingExecutor.query(CachingExecutor.java:83)
	at org.apache.ibatis.session.defaults.DefaultSqlSession.selectList(DefaultSqlSession.java:148)
	at org.apache.ibatis.session.defaults.DefaultSqlSession.selectList(DefaultSqlSession.java:141)
	at sun.reflect.NativeMethodAccessorImpl.invoke0(Native Method)
	at sun.reflect.NativeMethodAccessorImpl.invoke(NativeMethodAccessorImpl.java:62)
	at sun.reflect.DelegatingMethodAccessorImpl.invoke(DelegatingMethodAccessorImpl.java:43)
	at java.lang.reflect.Method.invoke(Method.java:498)
	at org.mybatis.spring.SqlSessionTemplate$SqlSessionInterceptor.invoke(SqlSessionTemplate.java:434)
	... 89 more
Caused by: com.alibaba.druid.sql.parser.ParserException: syntax error, error in :'     cus.customer_name,o.sp_access_', expect DOT, actual DOT pos 125, line 2, column 109, token DOT
	at com.alibaba.druid.sql.parser.SQLParser.printError(SQLParser.java:284)
	at com.alibaba.druid.sql.parser.SQLStatementParser.parseStatementList(SQLStatementParser.java:421)
	at com.alibaba.druid.sql.parser.SQLStatementParser.parseStatementList(SQLStatementParser.java:81)
	at com.alibaba.druid.wall.WallProvider.checkInternal(WallProvider.java:624)
	at com.alibaba.druid.wall.WallProvider.check(WallProvider.java:578)
	at com.alibaba.druid.wall.WallFilter.checkInternal(WallFilter.java:785)
	... 114 more

2018-06-15 14:51:45,462 INFO [com.netflix.discovery.shared.resolver.aws.ConfigClusterResolver:43] Resolving eureka endpoints via configuration
2018-06-15 14:56:45,465 INFO [com.netflix.discovery.shared.resolver.aws.ConfigClusterResolver:43] Resolving eureka endpoints via configuration
