2018-06-19 15:30:09,105 INFO [org.springframework.boot.SpringApplication:593] No active profile set, falling back to default profiles: default
2018-06-19 15:30:09,134 INFO [org.springframework.context.support.AbstractApplicationContext:583] Refreshing org.springframework.boot.context.embedded.AnnotationConfigEmbeddedWebApplicationContext@62ea3440: startup date [Tue Jun 19 15:30:09 CST 2018]; parent: org.springframework.context.annotation.AnnotationConfigApplicationContext@1d9b7cce
2018-06-19 15:30:09,943 INFO [org.springframework.beans.factory.support.DefaultListableBeanFactory:828] Overriding bean definition for bean 'counterFactory' with a different definition: replacing [Root bean: class [null]; scope=; abstract=false; lazyInit=false; autowireMode=3; dependencyCheck=0; autowireCandidate=true; primary=false; factoryBeanName=org.springframework.cloud.netflix.zuul.ZuulServerAutoConfiguration$ZuulMetricsConfiguration; factoryMethodName=counterFactory; initMethodName=null; destroyMethodName=(inferred); defined in class path resource [org/springframework/cloud/netflix/zuul/ZuulServerAutoConfiguration$ZuulMetricsConfiguration.class]] with [Root bean: class [null]; scope=; abstract=false; lazyInit=false; autowireMode=3; dependencyCheck=0; autowireCandidate=true; primary=false; factoryBeanName=org.springframework.cloud.netflix.zuul.ZuulServerAutoConfiguration$ZuulCounterFactoryConfiguration; factoryMethodName=counterFactory; initMethodName=null; destroyMethodName=(inferred); defined in class path resource [org/springframework/cloud/netflix/zuul/ZuulServerAutoConfiguration$ZuulCounterFactoryConfiguration.class]]
2018-06-19 15:30:10,171 INFO [org.springframework.cloud.context.scope.GenericScope:263] BeanFactory id=f2a8d885-1634-3b55-8ccb-b689e02857dd
2018-06-19 15:30:10,208 INFO [org.springframework.beans.factory.annotation.AutowiredAnnotationBeanPostProcessor:155] JSR-330 'javax.inject.Inject' annotation found and supported for autowiring
2018-06-19 15:30:10,376 INFO [org.springframework.context.support.PostProcessorRegistrationDelegate$BeanPostProcessorChecker:325] Bean 'org.springframework.cloud.netflix.metrics.MetricsInterceptorConfiguration$MetricsRestTemplateConfiguration' of type [org.springframework.cloud.netflix.metrics.MetricsInterceptorConfiguration$MetricsRestTemplateConfiguration$$EnhancerBySpringCGLIB$$e11564ee] is not eligible for getting processed by all BeanPostProcessors (for example: not eligible for auto-proxying)
2018-06-19 15:30:10,606 INFO [org.springframework.context.support.PostProcessorRegistrationDelegate$BeanPostProcessorChecker:325] Bean 'org.springframework.cloud.autoconfigure.ConfigurationPropertiesRebinderAutoConfiguration' of type [org.springframework.cloud.autoconfigure.ConfigurationPropertiesRebinderAutoConfiguration$$EnhancerBySpringCGLIB$$cb02c1aa] is not eligible for getting processed by all BeanPostProcessors (for example: not eligible for auto-proxying)
2018-06-19 15:30:11,640 INFO [org.springframework.boot.context.embedded.tomcat.TomcatEmbeddedServletContainer:89] Tomcat initialized with port(s): 8002 (http)
2018-06-19 15:30:11,706 INFO [org.apache.juli.logging.DirectJDKLog:179] Starting service [Tomcat]
2018-06-19 15:30:11,711 INFO [org.apache.juli.logging.DirectJDKLog:179] Starting Servlet Engine: Apache Tomcat/8.5.20
2018-06-19 15:30:11,876 INFO [org.apache.juli.logging.DirectJDKLog:179] Initializing Spring embedded WebApplicationContext
2018-06-19 15:30:11,877 INFO [org.springframework.boot.context.embedded.EmbeddedWebApplicationContext:276] Root WebApplicationContext: initialization completed in 2743 ms
2018-06-19 15:30:12,956 INFO [org.springframework.boot.web.servlet.ServletRegistrationBean:190] Mapping servlet: 'dispatcherServlet' to [/]
2018-06-19 15:30:12,957 INFO [org.springframework.boot.web.servlet.ServletRegistrationBean:190] Mapping servlet: 'zuulServlet' to [/zuul/*]
2018-06-19 15:30:12,960 INFO [org.springframework.boot.web.servlet.AbstractFilterRegistrationBean:258] Mapping filter: 'metricsFilter' to: [/*]
2018-06-19 15:30:12,960 INFO [org.springframework.boot.web.servlet.AbstractFilterRegistrationBean:258] Mapping filter: 'characterEncodingFilter' to: [/*]
2018-06-19 15:30:12,961 INFO [org.springframework.boot.web.servlet.AbstractFilterRegistrationBean:258] Mapping filter: 'hiddenHttpMethodFilter' to: [/*]
2018-06-19 15:30:12,961 INFO [org.springframework.boot.web.servlet.AbstractFilterRegistrationBean:258] Mapping filter: 'httpPutFormContentFilter' to: [/*]
2018-06-19 15:30:12,961 INFO [org.springframework.boot.web.servlet.AbstractFilterRegistrationBean:258] Mapping filter: 'requestContextFilter' to: [/*]
2018-06-19 15:30:12,961 INFO [org.springframework.boot.web.servlet.AbstractFilterRegistrationBean:258] Mapping filter: 'webRequestLoggingFilter' to: [/*]
2018-06-19 15:30:12,961 INFO [org.springframework.boot.web.servlet.AbstractFilterRegistrationBean:258] Mapping filter: 'applicationContextIdFilter' to: [/*]
2018-06-19 15:30:13,004 WARN [com.netflix.config.sources.URLConfigurationSource:121] No URLs will be polled as dynamic configuration sources.
2018-06-19 15:30:13,004 INFO [com.netflix.config.sources.URLConfigurationSource:122] To enable URLs as dynamic configuration sources, define System property archaius.configurationSource.additionalUrls or make config.properties available on classpath.
2018-06-19 15:30:13,007 INFO [com.netflix.config.DynamicPropertyFactory:281] DynamicPropertyFactory is initialized with configuration sources: com.netflix.config.ConcurrentCompositeConfiguration@429f7919
2018-06-19 15:30:13,579 WARN [com.netflix.config.sources.URLConfigurationSource:121] No URLs will be polled as dynamic configuration sources.
2018-06-19 15:30:13,580 INFO [com.netflix.config.sources.URLConfigurationSource:122] To enable URLs as dynamic configuration sources, define System property archaius.configurationSource.additionalUrls or make config.properties available on classpath.
2018-06-19 15:30:13,822 INFO [org.apache.juli.logging.DirectJDKLog:179] jolokia: No access restrictor found, access to any MBean is allowed
2018-06-19 15:30:14,166 INFO [org.springframework.web.servlet.mvc.method.annotation.RequestMappingHandlerAdapter:534] Looking for @ControllerAdvice: org.springframework.boot.context.embedded.AnnotationConfigEmbeddedWebApplicationContext@62ea3440: startup date [Tue Jun 19 15:30:09 CST 2018]; parent: org.springframework.context.annotation.AnnotationConfigApplicationContext@1d9b7cce
2018-06-19 15:30:14,270 INFO [org.springframework.web.servlet.handler.AbstractHandlerMethodMapping$MappingRegistry:543] Mapped "{[/error]}" onto public org.springframework.http.ResponseEntity<java.util.Map<java.lang.String, java.lang.Object>> org.springframework.boot.autoconfigure.web.BasicErrorController.error(javax.servlet.http.HttpServletRequest)
2018-06-19 15:30:14,271 INFO [org.springframework.web.servlet.handler.AbstractHandlerMethodMapping$MappingRegistry:543] Mapped "{[/error],produces=[text/html]}" onto public org.springframework.web.servlet.ModelAndView org.springframework.boot.autoconfigure.web.BasicErrorController.errorHtml(javax.servlet.http.HttpServletRequest,javax.servlet.http.HttpServletResponse)
2018-06-19 15:30:14,409 INFO [org.springframework.web.servlet.handler.AbstractUrlHandlerMapping:362] Mapped URL path [/webjars/**] onto handler of type [class org.springframework.web.servlet.resource.ResourceHttpRequestHandler]
2018-06-19 15:30:14,410 INFO [org.springframework.web.servlet.handler.AbstractUrlHandlerMapping:362] Mapped URL path [/**] onto handler of type [class org.springframework.web.servlet.resource.ResourceHttpRequestHandler]
2018-06-19 15:30:14,478 INFO [org.springframework.web.servlet.handler.AbstractUrlHandlerMapping:362] Mapped URL path [/**/favicon.ico] onto handler of type [class org.springframework.web.servlet.resource.ResourceHttpRequestHandler]
2018-06-19 15:30:15,355 INFO [org.springframework.web.servlet.handler.AbstractHandlerMethodMapping$MappingRegistry:543] Mapped "{[/restart || /restart.json],methods=[POST]}" onto public java.lang.Object org.springframework.cloud.context.restart.RestartMvcEndpoint.invoke()
2018-06-19 15:30:15,356 INFO [org.springframework.web.servlet.handler.AbstractHandlerMethodMapping$MappingRegistry:543] Mapped "{[/resume || /resume.json],methods=[POST]}" onto public java.lang.Object org.springframework.cloud.endpoint.GenericPostableMvcEndpoint.invoke()
2018-06-19 15:30:15,357 INFO [org.springframework.web.servlet.handler.AbstractHandlerMethodMapping$MappingRegistry:543] Mapped "{[/mappings || /mappings.json],methods=[GET],produces=[application/vnd.spring-boot.actuator.v1+json || application/json]}" onto public java.lang.Object org.springframework.boot.actuate.endpoint.mvc.EndpointMvcAdapter.invoke()
2018-06-19 15:30:15,357 INFO [org.springframework.web.servlet.handler.AbstractHandlerMethodMapping$MappingRegistry:543] Mapped "{[/refresh || /refresh.json],methods=[POST]}" onto public java.lang.Object org.springframework.cloud.endpoint.GenericPostableMvcEndpoint.invoke()
2018-06-19 15:30:15,358 INFO [org.springframework.web.servlet.handler.AbstractHandlerMethodMapping$MappingRegistry:543] Mapped "{[/health || /health.json],methods=[GET],produces=[application/vnd.spring-boot.actuator.v1+json || application/json]}" onto public java.lang.Object org.springframework.boot.actuate.endpoint.mvc.HealthMvcEndpoint.invoke(javax.servlet.http.HttpServletRequest,java.security.Principal)
2018-06-19 15:30:15,358 INFO [org.springframework.web.servlet.handler.AbstractHandlerMethodMapping$MappingRegistry:543] Mapped "{[/archaius || /archaius.json],methods=[GET],produces=[application/vnd.spring-boot.actuator.v1+json || application/json]}" onto public java.lang.Object org.springframework.boot.actuate.endpoint.mvc.EndpointMvcAdapter.invoke()
2018-06-19 15:30:15,359 INFO [org.springframework.web.servlet.handler.AbstractHandlerMethodMapping$MappingRegistry:543] Mapped "{[/service-registry/instance-status],methods=[GET]}" onto public org.springframework.http.ResponseEntity org.springframework.cloud.client.serviceregistry.endpoint.ServiceRegistryEndpoint.getStatus()
2018-06-19 15:30:15,360 INFO [org.springframework.web.servlet.handler.AbstractHandlerMethodMapping$MappingRegistry:543] Mapped "{[/service-registry/instance-status],methods=[POST]}" onto public org.springframework.http.ResponseEntity<?> org.springframework.cloud.client.serviceregistry.endpoint.ServiceRegistryEndpoint.setStatus(java.lang.String)
2018-06-19 15:30:15,360 INFO [org.springframework.web.servlet.handler.AbstractHandlerMethodMapping$MappingRegistry:543] Mapped "{[/trace || /trace.json],methods=[GET],produces=[application/vnd.spring-boot.actuator.v1+json || application/json]}" onto public java.lang.Object org.springframework.boot.actuate.endpoint.mvc.EndpointMvcAdapter.invoke()
2018-06-19 15:30:15,362 INFO [org.springframework.web.servlet.handler.AbstractHandlerMethodMapping$MappingRegistry:543] Mapped "{[/pause || /pause.json],methods=[POST]}" onto public java.lang.Object org.springframework.cloud.endpoint.GenericPostableMvcEndpoint.invoke()
2018-06-19 15:30:15,363 INFO [org.springframework.web.servlet.handler.AbstractHandlerMethodMapping$MappingRegistry:543] Mapped "{[/beans || /beans.json],methods=[GET],produces=[application/vnd.spring-boot.actuator.v1+json || application/json]}" onto public java.lang.Object org.springframework.boot.actuate.endpoint.mvc.EndpointMvcAdapter.invoke()
2018-06-19 15:30:15,364 INFO [org.springframework.web.servlet.handler.AbstractHandlerMethodMapping$MappingRegistry:543] Mapped "{[/metrics/{name:.*}],methods=[GET],produces=[application/vnd.spring-boot.actuator.v1+json || application/json]}" onto public java.lang.Object org.springframework.boot.actuate.endpoint.mvc.MetricsMvcEndpoint.value(java.lang.String)
2018-06-19 15:30:15,365 INFO [org.springframework.web.servlet.handler.AbstractHandlerMethodMapping$MappingRegistry:543] Mapped "{[/metrics || /metrics.json],methods=[GET],produces=[application/vnd.spring-boot.actuator.v1+json || application/json]}" onto public java.lang.Object org.springframework.boot.actuate.endpoint.mvc.EndpointMvcAdapter.invoke()
2018-06-19 15:30:15,366 INFO [org.springframework.web.servlet.handler.AbstractHandlerMethodMapping$MappingRegistry:543] Mapped "{[/heapdump || /heapdump.json],methods=[GET],produces=[application/octet-stream]}" onto public void org.springframework.boot.actuate.endpoint.mvc.HeapdumpMvcEndpoint.invoke(boolean,javax.servlet.http.HttpServletRequest,javax.servlet.http.HttpServletResponse) throws java.io.IOException,javax.servlet.ServletException
2018-06-19 15:30:15,367 INFO [org.springframework.web.servlet.handler.AbstractHandlerMethodMapping$MappingRegistry:543] Mapped "{[/autoconfig || /autoconfig.json],methods=[GET],produces=[application/vnd.spring-boot.actuator.v1+json || application/json]}" onto public java.lang.Object org.springframework.boot.actuate.endpoint.mvc.EndpointMvcAdapter.invoke()
2018-06-19 15:30:15,368 INFO [org.springframework.web.servlet.handler.AbstractHandlerMethodMapping$MappingRegistry:543] Mapped "{[/logfile || /logfile.json],methods=[GET || HEAD]}" onto public void org.springframework.boot.actuate.endpoint.mvc.LogFileMvcEndpoint.invoke(javax.servlet.http.HttpServletRequest,javax.servlet.http.HttpServletResponse) throws javax.servlet.ServletException,java.io.IOException
2018-06-19 15:30:15,368 INFO [org.springframework.web.servlet.handler.AbstractHandlerMethodMapping$MappingRegistry:543] Mapped "{[/hystrix.stream/**]}" onto public org.springframework.web.servlet.ModelAndView org.springframework.cloud.netflix.endpoint.ServletWrappingEndpoint.handle(javax.servlet.http.HttpServletRequest,javax.servlet.http.HttpServletResponse) throws java.lang.Exception
2018-06-19 15:30:15,369 INFO [org.springframework.web.servlet.handler.AbstractHandlerMethodMapping$MappingRegistry:543] Mapped "{[/auditevents || /auditevents.json],methods=[GET],produces=[application/vnd.spring-boot.actuator.v1+json || application/json]}" onto public org.springframework.http.ResponseEntity<?> org.springframework.boot.actuate.endpoint.mvc.AuditEventsMvcEndpoint.findByPrincipalAndAfterAndType(java.lang.String,java.util.Date,java.lang.String)
2018-06-19 15:30:15,371 INFO [org.springframework.web.servlet.handler.AbstractHandlerMethodMapping$MappingRegistry:543] Mapped "{[/features || /features.json],methods=[GET],produces=[application/vnd.spring-boot.actuator.v1+json || application/json]}" onto public java.lang.Object org.springframework.boot.actuate.endpoint.mvc.EndpointMvcAdapter.invoke()
2018-06-19 15:30:15,373 INFO [org.springframework.web.servlet.handler.AbstractHandlerMethodMapping$MappingRegistry:543] Mapped "{[/routes || /routes.json],methods=[POST]}" onto public java.lang.Object org.springframework.cloud.netflix.zuul.RoutesMvcEndpoint.reset()
2018-06-19 15:30:15,374 INFO [org.springframework.web.servlet.handler.AbstractHandlerMethodMapping$MappingRegistry:543] Mapped "{[/routes || /routes.json],methods=[GET],produces=[application/vnd.spring-boot.actuator.v1+json || application/json]}" onto public java.lang.Object org.springframework.boot.actuate.endpoint.mvc.EndpointMvcAdapter.invoke()
2018-06-19 15:30:15,375 INFO [org.springframework.web.servlet.handler.AbstractHandlerMethodMapping$MappingRegistry:543] Mapped "{[/env],methods=[POST]}" onto public java.lang.Object org.springframework.cloud.context.environment.EnvironmentManagerMvcEndpoint.value(java.util.Map<java.lang.String, java.lang.String>)
2018-06-19 15:30:15,376 INFO [org.springframework.web.servlet.handler.AbstractHandlerMethodMapping$MappingRegistry:543] Mapped "{[/env/reset],methods=[POST]}" onto public java.util.Map<java.lang.String, java.lang.Object> org.springframework.cloud.context.environment.EnvironmentManagerMvcEndpoint.reset()
2018-06-19 15:30:15,376 INFO [org.springframework.web.servlet.handler.AbstractHandlerMethodMapping$MappingRegistry:543] Mapped "{[/info || /info.json],methods=[GET],produces=[application/vnd.spring-boot.actuator.v1+json || application/json]}" onto public java.lang.Object org.springframework.boot.actuate.endpoint.mvc.EndpointMvcAdapter.invoke()
2018-06-19 15:30:15,379 INFO [org.springframework.web.servlet.handler.AbstractHandlerMethodMapping$MappingRegistry:543] Mapped "{[/dump || /dump.json],methods=[GET],produces=[application/vnd.spring-boot.actuator.v1+json || application/json]}" onto public java.lang.Object org.springframework.boot.actuate.endpoint.mvc.EndpointMvcAdapter.invoke()
2018-06-19 15:30:15,380 INFO [org.springframework.web.servlet.handler.AbstractHandlerMethodMapping$MappingRegistry:543] Mapped "{[/env/{name:.*}],methods=[GET],produces=[application/vnd.spring-boot.actuator.v1+json || application/json]}" onto public java.lang.Object org.springframework.boot.actuate.endpoint.mvc.EnvironmentMvcEndpoint.value(java.lang.String)
2018-06-19 15:30:15,381 INFO [org.springframework.web.servlet.handler.AbstractHandlerMethodMapping$MappingRegistry:543] Mapped "{[/env || /env.json],methods=[GET],produces=[application/vnd.spring-boot.actuator.v1+json || application/json]}" onto public java.lang.Object org.springframework.boot.actuate.endpoint.mvc.EndpointMvcAdapter.invoke()
2018-06-19 15:30:15,383 INFO [org.springframework.web.servlet.handler.AbstractHandlerMethodMapping$MappingRegistry:543] Mapped "{[/loggers/{name:.*}],methods=[GET],produces=[application/vnd.spring-boot.actuator.v1+json || application/json]}" onto public java.lang.Object org.springframework.boot.actuate.endpoint.mvc.LoggersMvcEndpoint.get(java.lang.String)
2018-06-19 15:30:15,383 INFO [org.springframework.web.servlet.handler.AbstractHandlerMethodMapping$MappingRegistry:543] Mapped "{[/loggers/{name:.*}],methods=[POST],consumes=[application/vnd.spring-boot.actuator.v1+json || application/json],produces=[application/vnd.spring-boot.actuator.v1+json || application/json]}" onto public java.lang.Object org.springframework.boot.actuate.endpoint.mvc.LoggersMvcEndpoint.set(java.lang.String,java.util.Map<java.lang.String, java.lang.String>)
2018-06-19 15:30:15,384 INFO [org.springframework.web.servlet.handler.AbstractHandlerMethodMapping$MappingRegistry:543] Mapped "{[/loggers || /loggers.json],methods=[GET],produces=[application/vnd.spring-boot.actuator.v1+json || application/json]}" onto public java.lang.Object org.springframework.boot.actuate.endpoint.mvc.EndpointMvcAdapter.invoke()
2018-06-19 15:30:15,385 INFO [org.springframework.web.servlet.handler.AbstractHandlerMethodMapping$MappingRegistry:543] Mapped "{[/jolokia/**]}" onto public org.springframework.web.servlet.ModelAndView org.springframework.boot.actuate.endpoint.mvc.JolokiaMvcEndpoint.handle(javax.servlet.http.HttpServletRequest,javax.servlet.http.HttpServletResponse) throws java.lang.Exception
2018-06-19 15:30:15,386 INFO [org.springframework.web.servlet.handler.AbstractHandlerMethodMapping$MappingRegistry:543] Mapped "{[/configprops || /configprops.json],methods=[GET],produces=[application/vnd.spring-boot.actuator.v1+json || application/json]}" onto public java.lang.Object org.springframework.boot.actuate.endpoint.mvc.EndpointMvcAdapter.invoke()
2018-06-19 15:30:15,924 INFO [org.springframework.cloud.netflix.zuul.ZuulFilterInitializer:64] Starting filter initializer
2018-06-19 15:30:15,988 INFO [org.springframework.jmx.export.MBeanExporter:431] Registering beans for JMX exposure on startup
2018-06-19 15:30:15,994 INFO [org.springframework.jmx.export.MBeanExporter:916] Bean with name 'environmentManager' has been autodetected for JMX exposure
2018-06-19 15:30:15,996 INFO [org.springframework.jmx.export.MBeanExporter:916] Bean with name 'configurationPropertiesRebinder' has been autodetected for JMX exposure
2018-06-19 15:30:15,996 INFO [org.springframework.jmx.export.MBeanExporter:916] Bean with name 'refreshEndpoint' has been autodetected for JMX exposure
2018-06-19 15:30:15,997 INFO [org.springframework.jmx.export.MBeanExporter:916] Bean with name 'restartEndpoint' has been autodetected for JMX exposure
2018-06-19 15:30:15,997 INFO [org.springframework.jmx.export.MBeanExporter:916] Bean with name 'serviceRegistryEndpoint' has been autodetected for JMX exposure
2018-06-19 15:30:15,998 INFO [org.springframework.jmx.export.MBeanExporter:916] Bean with name 'zuulEndpoint' has been autodetected for JMX exposure
2018-06-19 15:30:15,998 INFO [org.springframework.jmx.export.MBeanExporter:916] Bean with name 'zuulMvcEndpoint' has been autodetected for JMX exposure
2018-06-19 15:30:15,999 INFO [org.springframework.jmx.export.MBeanExporter:916] Bean with name 'refreshScope' has been autodetected for JMX exposure
2018-06-19 15:30:16,002 INFO [org.springframework.jmx.export.MBeanExporter:678] Located managed bean 'environmentManager': registering with JMX server as MBean [org.springframework.cloud.context.environment:name=environmentManager,type=EnvironmentManager]
2018-06-19 15:30:16,012 INFO [org.springframework.jmx.export.MBeanExporter:678] Located managed bean 'zuulMvcEndpoint': registering with JMX server as MBean [org.springframework.cloud.netflix.zuul:name=zuulMvcEndpoint,type=RoutesMvcEndpoint]
2018-06-19 15:30:16,016 INFO [org.springframework.jmx.export.MBeanExporter:678] Located managed bean 'restartEndpoint': registering with JMX server as MBean [org.springframework.cloud.context.restart:name=restartEndpoint,type=RestartEndpoint]
2018-06-19 15:30:16,045 INFO [org.springframework.jmx.export.MBeanExporter:678] Located managed bean 'serviceRegistryEndpoint': registering with JMX server as MBean [org.springframework.cloud.client.serviceregistry.endpoint:name=serviceRegistryEndpoint,type=ServiceRegistryEndpoint]
2018-06-19 15:30:16,048 INFO [org.springframework.jmx.export.MBeanExporter:678] Located managed bean 'refreshScope': registering with JMX server as MBean [org.springframework.cloud.context.scope.refresh:name=refreshScope,type=RefreshScope]
2018-06-19 15:30:16,057 INFO [org.springframework.jmx.export.MBeanExporter:678] Located managed bean 'zuulEndpoint': registering with JMX server as MBean [org.springframework.cloud.netflix.zuul:name=zuulEndpoint,type=RoutesEndpoint]
2018-06-19 15:30:16,058 WARN [org.springframework.jmx.export.MBeanExporter:849] Bean with key 'zuulEndpoint' has been registered as an MBean but has no exposed attributes or operations
2018-06-19 15:30:16,059 INFO [org.springframework.jmx.export.MBeanExporter:678] Located managed bean 'configurationPropertiesRebinder': registering with JMX server as MBean [org.springframework.cloud.context.properties:name=configurationPropertiesRebinder,context=62ea3440,type=ConfigurationPropertiesRebinder]
2018-06-19 15:30:16,064 INFO [org.springframework.jmx.export.MBeanExporter:678] Located managed bean 'refreshEndpoint': registering with JMX server as MBean [org.springframework.cloud.endpoint:name=refreshEndpoint,type=RefreshEndpoint]
2018-06-19 15:30:16,523 INFO [org.apache.juli.logging.DirectJDKLog:179] jolokia: No access restrictor found, access to any MBean is allowed
2018-06-19 15:30:16,529 INFO [org.apache.juli.logging.DirectJDKLog:179] jolokia: jolokia:type=Config is already registered. Adding it with jolokia:type=Config,uuid=ff97f747-48a3-4ecd-9163-892688307e70, but you should revise your setup in order to either use a qualifier or ensure, that only a single agent gets registered (otherwise history functionality might not work)
2018-06-19 15:30:16,529 INFO [org.apache.juli.logging.DirectJDKLog:179] jolokia: Cannot register (legacy) MBean handler for config store with name jmx4perl:type=Config since it already exists. This is the case if another agent has been already started within the same JVM. The registration is skipped.
2018-06-19 15:30:16,529 INFO [org.apache.juli.logging.DirectJDKLog:179] jolokia: Jolokia Discovery MBean registration is skipped because there is already one registered.
2018-06-19 15:30:16,604 INFO [org.springframework.context.support.DefaultLifecycleProcessor$LifecycleGroup:343] Starting beans in phase 0
2018-06-19 15:30:16,609 INFO [org.springframework.cloud.netflix.eureka.InstanceInfoFactory:70] Setting initial instance status as: STARTING
2018-06-19 15:30:16,638 INFO [com.netflix.discovery.DiscoveryClient:344] Initializing Eureka in region us-east-1
2018-06-19 15:30:16,736 INFO [com.netflix.discovery.provider.DiscoveryJerseyProvider:70] Using JSON encoding codec LegacyJacksonJson
2018-06-19 15:30:16,736 INFO [com.netflix.discovery.provider.DiscoveryJerseyProvider:71] Using JSON decoding codec LegacyJacksonJson
2018-06-19 15:30:16,831 INFO [com.netflix.discovery.provider.DiscoveryJerseyProvider:80] Using XML encoding codec XStreamXml
2018-06-19 15:30:16,832 INFO [com.netflix.discovery.provider.DiscoveryJerseyProvider:81] Using XML decoding codec XStreamXml
2018-06-19 15:30:17,020 INFO [com.netflix.discovery.shared.resolver.aws.ConfigClusterResolver:43] Resolving eureka endpoints via configuration
2018-06-19 15:30:17,125 INFO [com.netflix.discovery.DiscoveryClient:920] Disable delta property : false
2018-06-19 15:30:17,125 INFO [com.netflix.discovery.DiscoveryClient:921] Single vip registry refresh property : null
2018-06-19 15:30:17,125 INFO [com.netflix.discovery.DiscoveryClient:922] Force full registry fetch : false
2018-06-19 15:30:17,125 INFO [com.netflix.discovery.DiscoveryClient:923] Application is null : false
2018-06-19 15:30:17,126 INFO [com.netflix.discovery.DiscoveryClient:924] Registered Applications size is zero : true
2018-06-19 15:30:17,126 INFO [com.netflix.discovery.DiscoveryClient:926] Application version is -1: true
2018-06-19 15:30:17,126 INFO [com.netflix.discovery.DiscoveryClient:1009] Getting all instance registry info from the eureka server
2018-06-19 15:30:17,454 INFO [com.netflix.discovery.DiscoveryClient:1018] The response status is 200
2018-06-19 15:30:17,455 INFO [com.netflix.discovery.DiscoveryClient:1244] Starting heartbeat executor: renew interval is: 5
2018-06-19 15:30:17,457 INFO [com.netflix.discovery.InstanceInfoReplicator:59] InstanceInfoReplicator onDemand update allowed rate per min is 4
2018-06-19 15:30:17,460 INFO [com.netflix.discovery.DiscoveryClient:425] Discovery Client initialized at timestamp 1529393417460 with initial instances count: 0
2018-06-19 15:30:17,524 INFO [org.springframework.cloud.netflix.eureka.serviceregistry.EurekaServiceRegistry:40] Registering application xunyu-zuul with eureka with status UP
2018-06-19 15:30:17,526 INFO [com.netflix.discovery.DiscoveryClient$3:1279] Saw local status change event StatusChangeEvent [timestamp=1529393417526, current=UP, previous=STARTING]
2018-06-19 15:30:17,528 INFO [com.netflix.discovery.DiscoveryClient:795] DiscoveryClient_XUNYU-ZUUL/192.168.3.10:8002: registering service...
2018-06-19 15:30:17,589 INFO [org.springframework.context.support.DefaultLifecycleProcessor$LifecycleGroup:343] Starting beans in phase 2147483647
2018-06-19 15:30:17,601 INFO [org.springframework.cloud.netflix.hystrix.HystrixCircuitBreakerConfiguration$HystrixMetricsPollerConfiguration:138] Starting poller
2018-06-19 15:30:17,643 INFO [com.netflix.discovery.DiscoveryClient:804] DiscoveryClient_XUNYU-ZUUL/192.168.3.10:8002 - registration status: 204
2018-06-19 15:30:17,655 INFO [org.springframework.boot.context.embedded.tomcat.TomcatEmbeddedServletContainer:201] Tomcat started on port(s): 8002 (http)
2018-06-19 15:30:17,656 INFO [org.springframework.cloud.netflix.eureka.serviceregistry.EurekaAutoServiceRegistration:117] Updating port to 8002
2018-06-19 15:30:17,663 INFO [org.springframework.boot.StartupInfoLogger:57] Started ZuulApiGatewayStarter in 10.245 seconds (JVM running for 11.379)
2018-06-19 15:30:47,456 INFO [com.netflix.discovery.DiscoveryClient:920] Disable delta property : false
2018-06-19 15:30:47,456 INFO [com.netflix.discovery.DiscoveryClient:921] Single vip registry refresh property : null
2018-06-19 15:30:47,456 INFO [com.netflix.discovery.DiscoveryClient:922] Force full registry fetch : false
2018-06-19 15:30:47,456 INFO [com.netflix.discovery.DiscoveryClient:923] Application is null : false
2018-06-19 15:30:47,456 INFO [com.netflix.discovery.DiscoveryClient:924] Registered Applications size is zero : true
2018-06-19 15:30:47,457 INFO [com.netflix.discovery.DiscoveryClient:926] Application version is -1: false
2018-06-19 15:30:47,457 INFO [com.netflix.discovery.DiscoveryClient:1009] Getting all instance registry info from the eureka server
2018-06-19 15:30:47,476 INFO [com.netflix.discovery.DiscoveryClient:1018] The response status is 200
2018-06-19 15:35:17,128 INFO [com.netflix.discovery.shared.resolver.aws.ConfigClusterResolver:43] Resolving eureka endpoints via configuration
2018-06-19 15:36:56,253 INFO [org.apache.juli.logging.DirectJDKLog:179] Initializing Spring FrameworkServlet 'dispatcherServlet'
2018-06-19 15:36:56,254 INFO [org.springframework.web.servlet.FrameworkServlet:489] FrameworkServlet 'dispatcherServlet': initialization started
2018-06-19 15:36:56,279 INFO [org.springframework.web.servlet.FrameworkServlet:508] FrameworkServlet 'dispatcherServlet': initialization completed in 25 ms
2018-06-19 15:36:56,321 INFO [org.springframework.web.servlet.handler.AbstractUrlHandlerMapping:362] Mapped URL path [/shiro/**] onto handler of type [class org.springframework.cloud.netflix.zuul.web.ZuulController]
2018-06-19 15:36:56,322 INFO [org.springframework.web.servlet.handler.AbstractUrlHandlerMapping:362] Mapped URL path [/crm/**] onto handler of type [class org.springframework.cloud.netflix.zuul.web.ZuulController]
2018-06-19 15:36:56,322 INFO [org.springframework.web.servlet.handler.AbstractUrlHandlerMapping:362] Mapped URL path [/sys/**] onto handler of type [class org.springframework.cloud.netflix.zuul.web.ZuulController]
2018-06-19 15:36:56,322 INFO [org.springframework.web.servlet.handler.AbstractUrlHandlerMapping:362] Mapped URL path [/zipkin/**] onto handler of type [class org.springframework.cloud.netflix.zuul.web.ZuulController]
2018-06-19 15:36:56,322 INFO [org.springframework.web.servlet.handler.AbstractUrlHandlerMapping:362] Mapped URL path [/tactics/**] onto handler of type [class org.springframework.cloud.netflix.zuul.web.ZuulController]
2018-06-19 15:36:56,322 INFO [org.springframework.web.servlet.handler.AbstractUrlHandlerMapping:362] Mapped URL path [/log/**] onto handler of type [class org.springframework.cloud.netflix.zuul.web.ZuulController]
2018-06-19 15:36:56,323 INFO [org.springframework.web.servlet.handler.AbstractUrlHandlerMapping:362] Mapped URL path [/oper/**] onto handler of type [class org.springframework.cloud.netflix.zuul.web.ZuulController]
2018-06-19 15:36:56,323 INFO [org.springframework.web.servlet.handler.AbstractUrlHandlerMapping:362] Mapped URL path [/xunyu-operator/**] onto handler of type [class org.springframework.cloud.netflix.zuul.web.ZuulController]
2018-06-19 15:36:56,366 INFO [org.springframework.context.support.AbstractApplicationContext:583] Refreshing org.springframework.context.annotation.AnnotationConfigApplicationContext@2558b279: startup date [Tue Jun 19 15:36:56 CST 2018]; parent: org.springframework.boot.context.embedded.AnnotationConfigEmbeddedWebApplicationContext@62ea3440
2018-06-19 15:36:56,478 INFO [org.springframework.beans.factory.annotation.AutowiredAnnotationBeanPostProcessor:155] JSR-330 'javax.inject.Inject' annotation found and supported for autowiring
2018-06-19 15:36:56,822 INFO [com.netflix.config.ChainedDynamicProperty$ChainLink:115] Flipping property: xunyu-operator.ribbon.ActiveConnectionsLimit to use NEXT property: niws.loadbalancer.availabilityFilteringRule.activeConnectionsLimit = 2147483647
2018-06-19 15:36:56,838 INFO [com.netflix.util.concurrent.ShutdownEnabledTimer:58] Shutdown hook installed for: NFLoadBalancer-PingTimer-xunyu-operator
2018-06-19 15:36:56,854 INFO [com.netflix.loadbalancer.BaseLoadBalancer:192] Client: xunyu-operator instantiated a LoadBalancer: DynamicServerListLoadBalancer:{NFLoadBalancer:name=xunyu-operator,current list of Servers=[],Load balancer stats=Zone stats: {},Server stats: []}ServerList:null
2018-06-19 15:36:56,859 INFO [com.netflix.loadbalancer.DynamicServerListLoadBalancer:214] Using serverListUpdater PollingServerListUpdater
2018-06-19 15:36:56,882 INFO [com.netflix.config.ChainedDynamicProperty$ChainLink:115] Flipping property: xunyu-operator.ribbon.ActiveConnectionsLimit to use NEXT property: niws.loadbalancer.availabilityFilteringRule.activeConnectionsLimit = 2147483647
2018-06-19 15:36:56,883 INFO [com.netflix.loadbalancer.DynamicServerListLoadBalancer:150] DynamicServerListLoadBalancer for client xunyu-operator initialized: DynamicServerListLoadBalancer:{NFLoadBalancer:name=xunyu-operator,current list of Servers=[192.168.3.10:8015],Load balancer stats=Zone stats: {defaultzone=[Zone:defaultzone;	Instance count:1;	Active connections count: 0;	Circuit breaker tripped count: 0;	Active connections per server: 0.0;]
},Server stats: [[Server:192.168.3.10:8015;	Zone:defaultZone;	Total Requests:0;	Successive connection failure:0;	Total blackout seconds:0;	Last connection made:Thu Jan 01 08:00:00 CST 1970;	First connection made: Thu Jan 01 08:00:00 CST 1970;	Active Connections:0;	total failure count in last (1000) msecs:0;	average resp time:0.0;	90 percentile resp time:0.0;	95 percentile resp time:0.0;	min resp time:0.0;	max resp time:0.0;	stddev resp time:0.0]
]}ServerList:org.springframework.cloud.netflix.ribbon.eureka.DomainExtractingServerList@578bd6e7
2018-06-19 15:36:57,864 INFO [com.netflix.config.ChainedDynamicProperty$ChainLink:115] Flipping property: xunyu-operator.ribbon.ActiveConnectionsLimit to use NEXT property: niws.loadbalancer.availabilityFilteringRule.activeConnectionsLimit = 2147483647
2018-06-19 15:40:17,131 INFO [com.netflix.discovery.shared.resolver.aws.ConfigClusterResolver:43] Resolving eureka endpoints via configuration
2018-06-19 15:45:17,133 INFO [com.netflix.discovery.shared.resolver.aws.ConfigClusterResolver:43] Resolving eureka endpoints via configuration
2018-06-19 15:50:17,134 INFO [com.netflix.discovery.shared.resolver.aws.ConfigClusterResolver:43] Resolving eureka endpoints via configuration
2018-06-19 15:55:17,135 INFO [com.netflix.discovery.shared.resolver.aws.ConfigClusterResolver:43] Resolving eureka endpoints via configuration
