2018-06-15 13:04:22,848 INFO [com.netflix.discovery.shared.resolver.aws.ConfigClusterResolver:43] Resolving eureka endpoints via configuration
2018-06-15 13:09:22,854 INFO [com.netflix.discovery.shared.resolver.aws.ConfigClusterResolver:43] Resolving eureka endpoints via configuration
2018-06-15 13:14:22,855 INFO [com.netflix.discovery.shared.resolver.aws.ConfigClusterResolver:43] Resolving eureka endpoints via configuration
2018-06-15 13:19:22,857 INFO [com.netflix.discovery.shared.resolver.aws.ConfigClusterResolver:43] Resolving eureka endpoints via configuration
2018-06-15 13:24:22,858 INFO [com.netflix.discovery.shared.resolver.aws.ConfigClusterResolver:43] Resolving eureka endpoints via configuration
2018-06-15 13:29:22,859 INFO [com.netflix.discovery.shared.resolver.aws.ConfigClusterResolver:43] Resolving eureka endpoints via configuration
2018-06-15 13:34:22,862 INFO [com.netflix.discovery.shared.resolver.aws.ConfigClusterResolver:43] Resolving eureka endpoints via configuration
2018-06-15 13:39:22,863 INFO [com.netflix.discovery.shared.resolver.aws.ConfigClusterResolver:43] Resolving eureka endpoints via configuration
2018-06-15 13:44:22,865 INFO [com.netflix.discovery.shared.resolver.aws.ConfigClusterResolver:43] Resolving eureka endpoints via configuration
2018-06-15 13:49:22,866 INFO [com.netflix.discovery.shared.resolver.aws.ConfigClusterResolver:43] Resolving eureka endpoints via configuration
2018-06-15 13:53:11,704 INFO [org.apache.juli.logging.DirectJDKLog:179] Initializing Spring FrameworkServlet 'dispatcherServlet'
2018-06-15 13:53:11,704 INFO [org.springframework.web.servlet.FrameworkServlet:489] FrameworkServlet 'dispatcherServlet': initialization started
2018-06-15 13:53:11,772 INFO [org.springframework.web.servlet.FrameworkServlet:508] FrameworkServlet 'dispatcherServlet': initialization completed in 67 ms
2018-06-15 13:53:11,805 INFO [org.springframework.web.servlet.handler.AbstractUrlHandlerMapping:362] Mapped URL path [/shiro/**] onto handler of type [class org.springframework.cloud.netflix.zuul.web.ZuulController]
2018-06-15 13:53:11,805 INFO [org.springframework.web.servlet.handler.AbstractUrlHandlerMapping:362] Mapped URL path [/crm/**] onto handler of type [class org.springframework.cloud.netflix.zuul.web.ZuulController]
2018-06-15 13:53:11,806 INFO [org.springframework.web.servlet.handler.AbstractUrlHandlerMapping:362] Mapped URL path [/sys/**] onto handler of type [class org.springframework.cloud.netflix.zuul.web.ZuulController]
2018-06-15 13:53:11,806 INFO [org.springframework.web.servlet.handler.AbstractUrlHandlerMapping:362] Mapped URL path [/zipkin/**] onto handler of type [class org.springframework.cloud.netflix.zuul.web.ZuulController]
2018-06-15 13:53:11,806 INFO [org.springframework.web.servlet.handler.AbstractUrlHandlerMapping:362] Mapped URL path [/tactics/**] onto handler of type [class org.springframework.cloud.netflix.zuul.web.ZuulController]
2018-06-15 13:53:11,807 INFO [org.springframework.web.servlet.handler.AbstractUrlHandlerMapping:362] Mapped URL path [/log/**] onto handler of type [class org.springframework.cloud.netflix.zuul.web.ZuulController]
2018-06-15 13:53:11,807 INFO [org.springframework.web.servlet.handler.AbstractUrlHandlerMapping:362] Mapped URL path [/oper/**] onto handler of type [class org.springframework.cloud.netflix.zuul.web.ZuulController]
2018-06-15 13:53:11,808 INFO [org.springframework.web.servlet.handler.AbstractUrlHandlerMapping:362] Mapped URL path [/xunyu-operator/**] onto handler of type [class org.springframework.cloud.netflix.zuul.web.ZuulController]
2018-06-15 13:53:11,889 INFO [org.springframework.context.support.AbstractApplicationContext:583] Refreshing org.springframework.context.annotation.AnnotationConfigApplicationContext@5b6bdbd3: startup date [Fri Jun 15 13:53:11 CST 2018]; parent: org.springframework.boot.context.embedded.AnnotationConfigEmbeddedWebApplicationContext@3b220bcb
2018-06-15 13:53:11,985 INFO [org.springframework.beans.factory.annotation.AutowiredAnnotationBeanPostProcessor:155] JSR-330 'javax.inject.Inject' annotation found and supported for autowiring
2018-06-15 13:53:12,228 INFO [com.netflix.config.ChainedDynamicProperty$ChainLink:115] Flipping property: xunyu-operator.ribbon.ActiveConnectionsLimit to use NEXT property: niws.loadbalancer.availabilityFilteringRule.activeConnectionsLimit = 2147483647
2018-06-15 13:53:12,247 INFO [com.netflix.util.concurrent.ShutdownEnabledTimer:58] Shutdown hook installed for: NFLoadBalancer-PingTimer-xunyu-operator
2018-06-15 13:53:12,286 INFO [com.netflix.loadbalancer.BaseLoadBalancer:192] Client: xunyu-operator instantiated a LoadBalancer: DynamicServerListLoadBalancer:{NFLoadBalancer:name=xunyu-operator,current list of Servers=[],Load balancer stats=Zone stats: {},Server stats: []}ServerList:null
2018-06-15 13:53:12,292 INFO [com.netflix.loadbalancer.DynamicServerListLoadBalancer:214] Using serverListUpdater PollingServerListUpdater
2018-06-15 13:53:12,320 INFO [com.netflix.config.ChainedDynamicProperty$ChainLink:115] Flipping property: xunyu-operator.ribbon.ActiveConnectionsLimit to use NEXT property: niws.loadbalancer.availabilityFilteringRule.activeConnectionsLimit = 2147483647
2018-06-15 13:53:12,321 INFO [com.netflix.loadbalancer.DynamicServerListLoadBalancer:150] DynamicServerListLoadBalancer for client xunyu-operator initialized: DynamicServerListLoadBalancer:{NFLoadBalancer:name=xunyu-operator,current list of Servers=[192.168.3.10:8015],Load balancer stats=Zone stats: {defaultzone=[Zone:defaultzone;	Instance count:1;	Active connections count: 0;	Circuit breaker tripped count: 0;	Active connections per server: 0.0;]
},Server stats: [[Server:192.168.3.10:8015;	Zone:defaultZone;	Total Requests:0;	Successive connection failure:0;	Total blackout seconds:0;	Last connection made:Thu Jan 01 08:00:00 CST 1970;	First connection made: Thu Jan 01 08:00:00 CST 1970;	Active Connections:0;	total failure count in last (1000) msecs:0;	average resp time:0.0;	90 percentile resp time:0.0;	95 percentile resp time:0.0;	min resp time:0.0;	max resp time:0.0;	stddev resp time:0.0]
]}ServerList:org.springframework.cloud.netflix.ribbon.eureka.DomainExtractingServerList@270b6ff8
2018-06-15 13:53:13,296 INFO [com.netflix.config.ChainedDynamicProperty$ChainLink:115] Flipping property: xunyu-operator.ribbon.ActiveConnectionsLimit to use NEXT property: niws.loadbalancer.availabilityFilteringRule.activeConnectionsLimit = 2147483647
2018-06-15 13:54:22,868 INFO [com.netflix.discovery.shared.resolver.aws.ConfigClusterResolver:43] Resolving eureka endpoints via configuration
2018-06-15 13:59:22,869 INFO [com.netflix.discovery.shared.resolver.aws.ConfigClusterResolver:43] Resolving eureka endpoints via configuration
