2018-06-26 10:31:06,261 INFO [org.springframework.boot.SpringApplication:593] No active profile set, falling back to default profiles: default
2018-06-26 10:31:06,297 INFO [org.springframework.context.support.AbstractApplicationContext:583] Refreshing org.springframework.boot.context.embedded.AnnotationConfigEmbeddedWebApplicationContext@62ea3440: startup date [Tue Jun 26 10:31:06 CST 2018]; parent: org.springframework.context.annotation.AnnotationConfigApplicationContext@1d9b7cce
2018-06-26 10:31:06,930 INFO [org.springframework.beans.factory.support.DefaultListableBeanFactory:828] Overriding bean definition for bean 'counterFactory' with a different definition: replacing [Root bean: class [null]; scope=; abstract=false; lazyInit=false; autowireMode=3; dependencyCheck=0; autowireCandidate=true; primary=false; factoryBeanName=org.springframework.cloud.netflix.zuul.ZuulServerAutoConfiguration$ZuulMetricsConfiguration; factoryMethodName=counterFactory; initMethodName=null; destroyMethodName=(inferred); defined in class path resource [org/springframework/cloud/netflix/zuul/ZuulServerAutoConfiguration$ZuulMetricsConfiguration.class]] with [Root bean: class [null]; scope=; abstract=false; lazyInit=false; autowireMode=3; dependencyCheck=0; autowireCandidate=true; primary=false; factoryBeanName=org.springframework.cloud.netflix.zuul.ZuulServerAutoConfiguration$ZuulCounterFactoryConfiguration; factoryMethodName=counterFactory; initMethodName=null; destroyMethodName=(inferred); defined in class path resource [org/springframework/cloud/netflix/zuul/ZuulServerAutoConfiguration$ZuulCounterFactoryConfiguration.class]]
2018-06-26 10:31:07,067 INFO [org.springframework.cloud.context.scope.GenericScope:263] BeanFactory id=f2a8d885-1634-3b55-8ccb-b689e02857dd
2018-06-26 10:31:07,080 INFO [org.springframework.beans.factory.annotation.AutowiredAnnotationBeanPostProcessor:155] JSR-330 'javax.inject.Inject' annotation found and supported for autowiring
2018-06-26 10:31:07,197 INFO [org.springframework.context.support.PostProcessorRegistrationDelegate$BeanPostProcessorChecker:325] Bean 'org.springframework.cloud.netflix.metrics.MetricsInterceptorConfiguration$MetricsRestTemplateConfiguration' of type [org.springframework.cloud.netflix.metrics.MetricsInterceptorConfiguration$MetricsRestTemplateConfiguration$$EnhancerBySpringCGLIB$$e11564ee] is not eligible for getting processed by all BeanPostProcessors (for example: not eligible for auto-proxying)
2018-06-26 10:31:07,293 INFO [org.springframework.context.support.PostProcessorRegistrationDelegate$BeanPostProcessorChecker:325] Bean 'org.springframework.cloud.autoconfigure.ConfigurationPropertiesRebinderAutoConfiguration' of type [org.springframework.cloud.autoconfigure.ConfigurationPropertiesRebinderAutoConfiguration$$EnhancerBySpringCGLIB$$cb02c1aa] is not eligible for getting processed by all BeanPostProcessors (for example: not eligible for auto-proxying)
2018-06-26 10:31:07,585 INFO [org.springframework.boot.context.embedded.tomcat.TomcatEmbeddedServletContainer:89] Tomcat initialized with port(s): 8002 (http)
2018-06-26 10:31:07,590 INFO [org.apache.juli.logging.DirectJDKLog:179] Starting service [Tomcat]
2018-06-26 10:31:07,591 INFO [org.apache.juli.logging.DirectJDKLog:179] Starting Servlet Engine: Apache Tomcat/8.5.20
2018-06-26 10:31:07,693 INFO [org.apache.juli.logging.DirectJDKLog:179] Initializing Spring embedded WebApplicationContext
2018-06-26 10:31:07,693 INFO [org.springframework.boot.context.embedded.EmbeddedWebApplicationContext:276] Root WebApplicationContext: initialization completed in 1396 ms
2018-06-26 10:31:08,434 INFO [org.springframework.boot.web.servlet.ServletRegistrationBean:190] Mapping servlet: 'dispatcherServlet' to [/]
2018-06-26 10:31:08,435 INFO [org.springframework.boot.web.servlet.ServletRegistrationBean:190] Mapping servlet: 'zuulServlet' to [/zuul/*]
2018-06-26 10:31:08,438 INFO [org.springframework.boot.web.servlet.AbstractFilterRegistrationBean:258] Mapping filter: 'metricsFilter' to: [/*]
2018-06-26 10:31:08,438 INFO [org.springframework.boot.web.servlet.AbstractFilterRegistrationBean:258] Mapping filter: 'characterEncodingFilter' to: [/*]
2018-06-26 10:31:08,439 INFO [org.springframework.boot.web.servlet.AbstractFilterRegistrationBean:258] Mapping filter: 'hiddenHttpMethodFilter' to: [/*]
2018-06-26 10:31:08,439 INFO [org.springframework.boot.web.servlet.AbstractFilterRegistrationBean:258] Mapping filter: 'httpPutFormContentFilter' to: [/*]
2018-06-26 10:31:08,439 INFO [org.springframework.boot.web.servlet.AbstractFilterRegistrationBean:258] Mapping filter: 'requestContextFilter' to: [/*]
2018-06-26 10:31:08,439 INFO [org.springframework.boot.web.servlet.AbstractFilterRegistrationBean:258] Mapping filter: 'webRequestLoggingFilter' to: [/*]
2018-06-26 10:31:08,439 INFO [org.springframework.boot.web.servlet.AbstractFilterRegistrationBean:258] Mapping filter: 'applicationContextIdFilter' to: [/*]
2018-06-26 10:31:08,476 WARN [com.netflix.config.sources.URLConfigurationSource:121] No URLs will be polled as dynamic configuration sources.
2018-06-26 10:31:08,476 INFO [com.netflix.config.sources.URLConfigurationSource:122] To enable URLs as dynamic configuration sources, define System property archaius.configurationSource.additionalUrls or make config.properties available on classpath.
2018-06-26 10:31:08,480 INFO [com.netflix.config.DynamicPropertyFactory:281] DynamicPropertyFactory is initialized with configuration sources: com.netflix.config.ConcurrentCompositeConfiguration@429f7919
2018-06-26 10:31:08,961 WARN [com.netflix.config.sources.URLConfigurationSource:121] No URLs will be polled as dynamic configuration sources.
2018-06-26 10:31:08,962 INFO [com.netflix.config.sources.URLConfigurationSource:122] To enable URLs as dynamic configuration sources, define System property archaius.configurationSource.additionalUrls or make config.properties available on classpath.
2018-06-26 10:31:09,164 INFO [org.apache.juli.logging.DirectJDKLog:179] jolokia: No access restrictor found, access to any MBean is allowed
2018-06-26 10:31:09,543 INFO [org.springframework.web.servlet.mvc.method.annotation.RequestMappingHandlerAdapter:534] Looking for @ControllerAdvice: org.springframework.boot.context.embedded.AnnotationConfigEmbeddedWebApplicationContext@62ea3440: startup date [Tue Jun 26 10:31:06 CST 2018]; parent: org.springframework.context.annotation.AnnotationConfigApplicationContext@1d9b7cce
2018-06-26 10:31:09,687 INFO [org.springframework.web.servlet.handler.AbstractHandlerMethodMapping$MappingRegistry:543] Mapped "{[/error]}" onto public org.springframework.http.ResponseEntity<java.util.Map<java.lang.String, java.lang.Object>> org.springframework.boot.autoconfigure.web.BasicErrorController.error(javax.servlet.http.HttpServletRequest)
2018-06-26 10:31:09,688 INFO [org.springframework.web.servlet.handler.AbstractHandlerMethodMapping$MappingRegistry:543] Mapped "{[/error],produces=[text/html]}" onto public org.springframework.web.servlet.ModelAndView org.springframework.boot.autoconfigure.web.BasicErrorController.errorHtml(javax.servlet.http.HttpServletRequest,javax.servlet.http.HttpServletResponse)
2018-06-26 10:31:09,756 INFO [org.springframework.web.servlet.handler.AbstractUrlHandlerMapping:362] Mapped URL path [/webjars/**] onto handler of type [class org.springframework.web.servlet.resource.ResourceHttpRequestHandler]
2018-06-26 10:31:09,756 INFO [org.springframework.web.servlet.handler.AbstractUrlHandlerMapping:362] Mapped URL path [/**] onto handler of type [class org.springframework.web.servlet.resource.ResourceHttpRequestHandler]
2018-06-26 10:31:09,798 INFO [org.springframework.web.servlet.handler.AbstractUrlHandlerMapping:362] Mapped URL path [/**/favicon.ico] onto handler of type [class org.springframework.web.servlet.resource.ResourceHttpRequestHandler]
2018-06-26 10:31:11,031 INFO [org.springframework.web.servlet.handler.AbstractHandlerMethodMapping$MappingRegistry:543] Mapped "{[/features || /features.json],methods=[GET],produces=[application/vnd.spring-boot.actuator.v1+json || application/json]}" onto public java.lang.Object org.springframework.boot.actuate.endpoint.mvc.EndpointMvcAdapter.invoke()
2018-06-26 10:31:11,033 INFO [org.springframework.web.servlet.handler.AbstractHandlerMethodMapping$MappingRegistry:543] Mapped "{[/pause || /pause.json],methods=[POST]}" onto public java.lang.Object org.springframework.cloud.endpoint.GenericPostableMvcEndpoint.invoke()
2018-06-26 10:31:11,034 INFO [org.springframework.web.servlet.handler.AbstractHandlerMethodMapping$MappingRegistry:543] Mapped "{[/restart || /restart.json],methods=[POST]}" onto public java.lang.Object org.springframework.cloud.context.restart.RestartMvcEndpoint.invoke()
2018-06-26 10:31:11,036 INFO [org.springframework.web.servlet.handler.AbstractHandlerMethodMapping$MappingRegistry:543] Mapped "{[/resume || /resume.json],methods=[POST]}" onto public java.lang.Object org.springframework.cloud.endpoint.GenericPostableMvcEndpoint.invoke()
2018-06-26 10:31:11,037 INFO [org.springframework.web.servlet.handler.AbstractHandlerMethodMapping$MappingRegistry:543] Mapped "{[/routes || /routes.json],methods=[POST]}" onto public java.lang.Object org.springframework.cloud.netflix.zuul.RoutesMvcEndpoint.reset()
2018-06-26 10:31:11,037 INFO [org.springframework.web.servlet.handler.AbstractHandlerMethodMapping$MappingRegistry:543] Mapped "{[/routes || /routes.json],methods=[GET],produces=[application/vnd.spring-boot.actuator.v1+json || application/json]}" onto public java.lang.Object org.springframework.boot.actuate.endpoint.mvc.EndpointMvcAdapter.invoke()
2018-06-26 10:31:11,038 INFO [org.springframework.web.servlet.handler.AbstractHandlerMethodMapping$MappingRegistry:543] Mapped "{[/service-registry/instance-status],methods=[POST]}" onto public org.springframework.http.ResponseEntity<?> org.springframework.cloud.client.serviceregistry.endpoint.ServiceRegistryEndpoint.setStatus(java.lang.String)
2018-06-26 10:31:11,039 INFO [org.springframework.web.servlet.handler.AbstractHandlerMethodMapping$MappingRegistry:543] Mapped "{[/service-registry/instance-status],methods=[GET]}" onto public org.springframework.http.ResponseEntity org.springframework.cloud.client.serviceregistry.endpoint.ServiceRegistryEndpoint.getStatus()
2018-06-26 10:31:11,040 INFO [org.springframework.web.servlet.handler.AbstractHandlerMethodMapping$MappingRegistry:543] Mapped "{[/info || /info.json],methods=[GET],produces=[application/vnd.spring-boot.actuator.v1+json || application/json]}" onto public java.lang.Object org.springframework.boot.actuate.endpoint.mvc.EndpointMvcAdapter.invoke()
2018-06-26 10:31:11,041 INFO [org.springframework.web.servlet.handler.AbstractHandlerMethodMapping$MappingRegistry:543] Mapped "{[/mappings || /mappings.json],methods=[GET],produces=[application/vnd.spring-boot.actuator.v1+json || application/json]}" onto public java.lang.Object org.springframework.boot.actuate.endpoint.mvc.EndpointMvcAdapter.invoke()
2018-06-26 10:31:11,042 INFO [org.springframework.web.servlet.handler.AbstractHandlerMethodMapping$MappingRegistry:543] Mapped "{[/heapdump || /heapdump.json],methods=[GET],produces=[application/octet-stream]}" onto public void org.springframework.boot.actuate.endpoint.mvc.HeapdumpMvcEndpoint.invoke(boolean,javax.servlet.http.HttpServletRequest,javax.servlet.http.HttpServletResponse) throws java.io.IOException,javax.servlet.ServletException
2018-06-26 10:31:11,044 INFO [org.springframework.web.servlet.handler.AbstractHandlerMethodMapping$MappingRegistry:543] Mapped "{[/dump || /dump.json],methods=[GET],produces=[application/vnd.spring-boot.actuator.v1+json || application/json]}" onto public java.lang.Object org.springframework.boot.actuate.endpoint.mvc.EndpointMvcAdapter.invoke()
2018-06-26 10:31:11,047 INFO [org.springframework.web.servlet.handler.AbstractHandlerMethodMapping$MappingRegistry:543] Mapped "{[/configprops || /configprops.json],methods=[GET],produces=[application/vnd.spring-boot.actuator.v1+json || application/json]}" onto public java.lang.Object org.springframework.boot.actuate.endpoint.mvc.EndpointMvcAdapter.invoke()
2018-06-26 10:31:11,053 INFO [org.springframework.web.servlet.handler.AbstractHandlerMethodMapping$MappingRegistry:543] Mapped "{[/refresh || /refresh.json],methods=[POST]}" onto public java.lang.Object org.springframework.cloud.endpoint.GenericPostableMvcEndpoint.invoke()
2018-06-26 10:31:11,055 INFO [org.springframework.web.servlet.handler.AbstractHandlerMethodMapping$MappingRegistry:543] Mapped "{[/logfile || /logfile.json],methods=[GET || HEAD]}" onto public void org.springframework.boot.actuate.endpoint.mvc.LogFileMvcEndpoint.invoke(javax.servlet.http.HttpServletRequest,javax.servlet.http.HttpServletResponse) throws javax.servlet.ServletException,java.io.IOException
2018-06-26 10:31:11,057 INFO [org.springframework.web.servlet.handler.AbstractHandlerMethodMapping$MappingRegistry:543] Mapped "{[/env],methods=[POST]}" onto public java.lang.Object org.springframework.cloud.context.environment.EnvironmentManagerMvcEndpoint.value(java.util.Map<java.lang.String, java.lang.String>)
2018-06-26 10:31:11,057 INFO [org.springframework.web.servlet.handler.AbstractHandlerMethodMapping$MappingRegistry:543] Mapped "{[/env/reset],methods=[POST]}" onto public java.util.Map<java.lang.String, java.lang.Object> org.springframework.cloud.context.environment.EnvironmentManagerMvcEndpoint.reset()
2018-06-26 10:31:11,058 INFO [org.springframework.web.servlet.handler.AbstractHandlerMethodMapping$MappingRegistry:543] Mapped "{[/hystrix.stream/**]}" onto public org.springframework.web.servlet.ModelAndView org.springframework.cloud.netflix.endpoint.ServletWrappingEndpoint.handle(javax.servlet.http.HttpServletRequest,javax.servlet.http.HttpServletResponse) throws java.lang.Exception
2018-06-26 10:31:11,059 INFO [org.springframework.web.servlet.handler.AbstractHandlerMethodMapping$MappingRegistry:543] Mapped "{[/auditevents || /auditevents.json],methods=[GET],produces=[application/vnd.spring-boot.actuator.v1+json || application/json]}" onto public org.springframework.http.ResponseEntity<?> org.springframework.boot.actuate.endpoint.mvc.AuditEventsMvcEndpoint.findByPrincipalAndAfterAndType(java.lang.String,java.util.Date,java.lang.String)
2018-06-26 10:31:11,061 INFO [org.springframework.web.servlet.handler.AbstractHandlerMethodMapping$MappingRegistry:543] Mapped "{[/env/{name:.*}],methods=[GET],produces=[application/vnd.spring-boot.actuator.v1+json || application/json]}" onto public java.lang.Object org.springframework.boot.actuate.endpoint.mvc.EnvironmentMvcEndpoint.value(java.lang.String)
2018-06-26 10:31:11,061 INFO [org.springframework.web.servlet.handler.AbstractHandlerMethodMapping$MappingRegistry:543] Mapped "{[/env || /env.json],methods=[GET],produces=[application/vnd.spring-boot.actuator.v1+json || application/json]}" onto public java.lang.Object org.springframework.boot.actuate.endpoint.mvc.EndpointMvcAdapter.invoke()
2018-06-26 10:31:11,062 INFO [org.springframework.web.servlet.handler.AbstractHandlerMethodMapping$MappingRegistry:543] Mapped "{[/archaius || /archaius.json],methods=[GET],produces=[application/vnd.spring-boot.actuator.v1+json || application/json]}" onto public java.lang.Object org.springframework.boot.actuate.endpoint.mvc.EndpointMvcAdapter.invoke()
2018-06-26 10:31:11,063 INFO [org.springframework.web.servlet.handler.AbstractHandlerMethodMapping$MappingRegistry:543] Mapped "{[/metrics/{name:.*}],methods=[GET],produces=[application/vnd.spring-boot.actuator.v1+json || application/json]}" onto public java.lang.Object org.springframework.boot.actuate.endpoint.mvc.MetricsMvcEndpoint.value(java.lang.String)
2018-06-26 10:31:11,063 INFO [org.springframework.web.servlet.handler.AbstractHandlerMethodMapping$MappingRegistry:543] Mapped "{[/metrics || /metrics.json],methods=[GET],produces=[application/vnd.spring-boot.actuator.v1+json || application/json]}" onto public java.lang.Object org.springframework.boot.actuate.endpoint.mvc.EndpointMvcAdapter.invoke()
2018-06-26 10:31:11,063 INFO [org.springframework.web.servlet.handler.AbstractHandlerMethodMapping$MappingRegistry:543] Mapped "{[/health || /health.json],methods=[GET],produces=[application/vnd.spring-boot.actuator.v1+json || application/json]}" onto public java.lang.Object org.springframework.boot.actuate.endpoint.mvc.HealthMvcEndpoint.invoke(javax.servlet.http.HttpServletRequest,java.security.Principal)
2018-06-26 10:31:11,064 INFO [org.springframework.web.servlet.handler.AbstractHandlerMethodMapping$MappingRegistry:543] Mapped "{[/beans || /beans.json],methods=[GET],produces=[application/vnd.spring-boot.actuator.v1+json || application/json]}" onto public java.lang.Object org.springframework.boot.actuate.endpoint.mvc.EndpointMvcAdapter.invoke()
2018-06-26 10:31:11,065 INFO [org.springframework.web.servlet.handler.AbstractHandlerMethodMapping$MappingRegistry:543] Mapped "{[/trace || /trace.json],methods=[GET],produces=[application/vnd.spring-boot.actuator.v1+json || application/json]}" onto public java.lang.Object org.springframework.boot.actuate.endpoint.mvc.EndpointMvcAdapter.invoke()
2018-06-26 10:31:11,066 INFO [org.springframework.web.servlet.handler.AbstractHandlerMethodMapping$MappingRegistry:543] Mapped "{[/loggers/{name:.*}],methods=[GET],produces=[application/vnd.spring-boot.actuator.v1+json || application/json]}" onto public java.lang.Object org.springframework.boot.actuate.endpoint.mvc.LoggersMvcEndpoint.get(java.lang.String)
2018-06-26 10:31:11,067 INFO [org.springframework.web.servlet.handler.AbstractHandlerMethodMapping$MappingRegistry:543] Mapped "{[/loggers/{name:.*}],methods=[POST],consumes=[application/vnd.spring-boot.actuator.v1+json || application/json],produces=[application/vnd.spring-boot.actuator.v1+json || application/json]}" onto public java.lang.Object org.springframework.boot.actuate.endpoint.mvc.LoggersMvcEndpoint.set(java.lang.String,java.util.Map<java.lang.String, java.lang.String>)
2018-06-26 10:31:11,067 INFO [org.springframework.web.servlet.handler.AbstractHandlerMethodMapping$MappingRegistry:543] Mapped "{[/loggers || /loggers.json],methods=[GET],produces=[application/vnd.spring-boot.actuator.v1+json || application/json]}" onto public java.lang.Object org.springframework.boot.actuate.endpoint.mvc.EndpointMvcAdapter.invoke()
2018-06-26 10:31:11,068 INFO [org.springframework.web.servlet.handler.AbstractHandlerMethodMapping$MappingRegistry:543] Mapped "{[/jolokia/**]}" onto public org.springframework.web.servlet.ModelAndView org.springframework.boot.actuate.endpoint.mvc.JolokiaMvcEndpoint.handle(javax.servlet.http.HttpServletRequest,javax.servlet.http.HttpServletResponse) throws java.lang.Exception
2018-06-26 10:31:11,069 INFO [org.springframework.web.servlet.handler.AbstractHandlerMethodMapping$MappingRegistry:543] Mapped "{[/autoconfig || /autoconfig.json],methods=[GET],produces=[application/vnd.spring-boot.actuator.v1+json || application/json]}" onto public java.lang.Object org.springframework.boot.actuate.endpoint.mvc.EndpointMvcAdapter.invoke()
2018-06-26 10:31:11,755 INFO [org.springframework.cloud.netflix.zuul.ZuulFilterInitializer:64] Starting filter initializer
2018-06-26 10:31:11,901 INFO [org.springframework.jmx.export.MBeanExporter:431] Registering beans for JMX exposure on startup
2018-06-26 10:31:11,909 INFO [org.springframework.jmx.export.MBeanExporter:916] Bean with name 'environmentManager' has been autodetected for JMX exposure
2018-06-26 10:31:11,911 INFO [org.springframework.jmx.export.MBeanExporter:916] Bean with name 'configurationPropertiesRebinder' has been autodetected for JMX exposure
2018-06-26 10:31:11,912 INFO [org.springframework.jmx.export.MBeanExporter:916] Bean with name 'refreshEndpoint' has been autodetected for JMX exposure
2018-06-26 10:31:11,912 INFO [org.springframework.jmx.export.MBeanExporter:916] Bean with name 'restartEndpoint' has been autodetected for JMX exposure
2018-06-26 10:31:11,913 INFO [org.springframework.jmx.export.MBeanExporter:916] Bean with name 'serviceRegistryEndpoint' has been autodetected for JMX exposure
2018-06-26 10:31:11,914 INFO [org.springframework.jmx.export.MBeanExporter:916] Bean with name 'zuulEndpoint' has been autodetected for JMX exposure
2018-06-26 10:31:11,914 INFO [org.springframework.jmx.export.MBeanExporter:916] Bean with name 'zuulMvcEndpoint' has been autodetected for JMX exposure
2018-06-26 10:31:11,915 INFO [org.springframework.jmx.export.MBeanExporter:916] Bean with name 'refreshScope' has been autodetected for JMX exposure
2018-06-26 10:31:11,918 INFO [org.springframework.jmx.export.MBeanExporter:678] Located managed bean 'environmentManager': registering with JMX server as MBean [org.springframework.cloud.context.environment:name=environmentManager,type=EnvironmentManager]
2018-06-26 10:31:11,930 INFO [org.springframework.jmx.export.MBeanExporter:678] Located managed bean 'zuulMvcEndpoint': registering with JMX server as MBean [org.springframework.cloud.netflix.zuul:name=zuulMvcEndpoint,type=RoutesMvcEndpoint]
2018-06-26 10:31:11,936 INFO [org.springframework.jmx.export.MBeanExporter:678] Located managed bean 'restartEndpoint': registering with JMX server as MBean [org.springframework.cloud.context.restart:name=restartEndpoint,type=RestartEndpoint]
2018-06-26 10:31:11,946 INFO [org.springframework.jmx.export.MBeanExporter:678] Located managed bean 'serviceRegistryEndpoint': registering with JMX server as MBean [org.springframework.cloud.client.serviceregistry.endpoint:name=serviceRegistryEndpoint,type=ServiceRegistryEndpoint]
2018-06-26 10:31:11,950 INFO [org.springframework.jmx.export.MBeanExporter:678] Located managed bean 'refreshScope': registering with JMX server as MBean [org.springframework.cloud.context.scope.refresh:name=refreshScope,type=RefreshScope]
2018-06-26 10:31:11,957 INFO [org.springframework.jmx.export.MBeanExporter:678] Located managed bean 'zuulEndpoint': registering with JMX server as MBean [org.springframework.cloud.netflix.zuul:name=zuulEndpoint,type=RoutesEndpoint]
2018-06-26 10:31:11,958 WARN [org.springframework.jmx.export.MBeanExporter:849] Bean with key 'zuulEndpoint' has been registered as an MBean but has no exposed attributes or operations
2018-06-26 10:31:11,959 INFO [org.springframework.jmx.export.MBeanExporter:678] Located managed bean 'configurationPropertiesRebinder': registering with JMX server as MBean [org.springframework.cloud.context.properties:name=configurationPropertiesRebinder,context=62ea3440,type=ConfigurationPropertiesRebinder]
2018-06-26 10:31:11,963 INFO [org.springframework.jmx.export.MBeanExporter:678] Located managed bean 'refreshEndpoint': registering with JMX server as MBean [org.springframework.cloud.endpoint:name=refreshEndpoint,type=RefreshEndpoint]
2018-06-26 10:31:12,268 INFO [org.apache.juli.logging.DirectJDKLog:179] jolokia: No access restrictor found, access to any MBean is allowed
2018-06-26 10:31:12,273 INFO [org.apache.juli.logging.DirectJDKLog:179] jolokia: jolokia:type=Config is already registered. Adding it with jolokia:type=Config,uuid=144e466d-0e14-4ad7-b3fb-9014d355685c, but you should revise your setup in order to either use a qualifier or ensure, that only a single agent gets registered (otherwise history functionality might not work)
2018-06-26 10:31:12,273 INFO [org.apache.juli.logging.DirectJDKLog:179] jolokia: Cannot register (legacy) MBean handler for config store with name jmx4perl:type=Config since it already exists. This is the case if another agent has been already started within the same JVM. The registration is skipped.
2018-06-26 10:31:12,273 INFO [org.apache.juli.logging.DirectJDKLog:179] jolokia: Jolokia Discovery MBean registration is skipped because there is already one registered.
2018-06-26 10:31:12,346 INFO [org.springframework.context.support.DefaultLifecycleProcessor$LifecycleGroup:343] Starting beans in phase 0
2018-06-26 10:31:12,351 INFO [org.springframework.cloud.netflix.eureka.InstanceInfoFactory:70] Setting initial instance status as: STARTING
2018-06-26 10:31:12,380 INFO [com.netflix.discovery.DiscoveryClient:344] Initializing Eureka in region us-east-1
2018-06-26 10:31:12,439 INFO [com.netflix.discovery.provider.DiscoveryJerseyProvider:70] Using JSON encoding codec LegacyJacksonJson
2018-06-26 10:31:12,439 INFO [com.netflix.discovery.provider.DiscoveryJerseyProvider:71] Using JSON decoding codec LegacyJacksonJson
2018-06-26 10:31:12,546 INFO [com.netflix.discovery.provider.DiscoveryJerseyProvider:80] Using XML encoding codec XStreamXml
2018-06-26 10:31:12,547 INFO [com.netflix.discovery.provider.DiscoveryJerseyProvider:81] Using XML decoding codec XStreamXml
2018-06-26 10:31:12,725 INFO [com.netflix.discovery.shared.resolver.aws.ConfigClusterResolver:43] Resolving eureka endpoints via configuration
2018-06-26 10:31:12,830 INFO [com.netflix.discovery.DiscoveryClient:920] Disable delta property : false
2018-06-26 10:31:12,830 INFO [com.netflix.discovery.DiscoveryClient:921] Single vip registry refresh property : null
2018-06-26 10:31:12,830 INFO [com.netflix.discovery.DiscoveryClient:922] Force full registry fetch : false
2018-06-26 10:31:12,830 INFO [com.netflix.discovery.DiscoveryClient:923] Application is null : false
2018-06-26 10:31:12,831 INFO [com.netflix.discovery.DiscoveryClient:924] Registered Applications size is zero : true
2018-06-26 10:31:12,831 INFO [com.netflix.discovery.DiscoveryClient:926] Application version is -1: true
2018-06-26 10:31:12,831 INFO [com.netflix.discovery.DiscoveryClient:1009] Getting all instance registry info from the eureka server
2018-06-26 10:31:13,158 INFO [com.netflix.discovery.DiscoveryClient:1018] The response status is 200
2018-06-26 10:31:13,159 INFO [com.netflix.discovery.DiscoveryClient:1244] Starting heartbeat executor: renew interval is: 5
2018-06-26 10:31:13,161 INFO [com.netflix.discovery.InstanceInfoReplicator:59] InstanceInfoReplicator onDemand update allowed rate per min is 4
2018-06-26 10:31:13,164 INFO [com.netflix.discovery.DiscoveryClient:425] Discovery Client initialized at timestamp 1529980273164 with initial instances count: 0
2018-06-26 10:31:13,245 INFO [org.springframework.cloud.netflix.eureka.serviceregistry.EurekaServiceRegistry:40] Registering application xunyu-zuul with eureka with status UP
2018-06-26 10:31:13,246 INFO [com.netflix.discovery.DiscoveryClient$3:1279] Saw local status change event StatusChangeEvent [timestamp=1529980273246, current=UP, previous=STARTING]
2018-06-26 10:31:13,248 INFO [com.netflix.discovery.DiscoveryClient:795] DiscoveryClient_XUNYU-ZUUL/192.168.3.10:8002: registering service...
2018-06-26 10:31:13,305 INFO [org.springframework.context.support.DefaultLifecycleProcessor$LifecycleGroup:343] Starting beans in phase 2147483647
2018-06-26 10:31:13,317 INFO [org.springframework.cloud.netflix.hystrix.HystrixCircuitBreakerConfiguration$HystrixMetricsPollerConfiguration:138] Starting poller
2018-06-26 10:31:13,367 INFO [com.netflix.discovery.DiscoveryClient:804] DiscoveryClient_XUNYU-ZUUL/192.168.3.10:8002 - registration status: 204
2018-06-26 10:31:13,374 INFO [org.springframework.boot.context.embedded.tomcat.TomcatEmbeddedServletContainer:201] Tomcat started on port(s): 8002 (http)
2018-06-26 10:31:13,375 INFO [org.springframework.cloud.netflix.eureka.serviceregistry.EurekaAutoServiceRegistration:117] Updating port to 8002
2018-06-26 10:31:13,380 INFO [org.springframework.boot.StartupInfoLogger:57] Started ZuulApiGatewayStarter in 8.454 seconds (JVM running for 9.637)
2018-06-26 10:31:43,160 INFO [com.netflix.discovery.DiscoveryClient:920] Disable delta property : false
2018-06-26 10:31:43,161 INFO [com.netflix.discovery.DiscoveryClient:921] Single vip registry refresh property : null
2018-06-26 10:31:43,161 INFO [com.netflix.discovery.DiscoveryClient:922] Force full registry fetch : false
2018-06-26 10:31:43,161 INFO [com.netflix.discovery.DiscoveryClient:923] Application is null : false
2018-06-26 10:31:43,161 INFO [com.netflix.discovery.DiscoveryClient:924] Registered Applications size is zero : true
2018-06-26 10:31:43,161 INFO [com.netflix.discovery.DiscoveryClient:926] Application version is -1: false
2018-06-26 10:31:43,161 INFO [com.netflix.discovery.DiscoveryClient:1009] Getting all instance registry info from the eureka server
2018-06-26 10:31:43,179 INFO [com.netflix.discovery.DiscoveryClient:1018] The response status is 200
2018-06-26 10:36:12,835 INFO [com.netflix.discovery.shared.resolver.aws.ConfigClusterResolver:43] Resolving eureka endpoints via configuration
2018-06-26 10:41:12,837 INFO [com.netflix.discovery.shared.resolver.aws.ConfigClusterResolver:43] Resolving eureka endpoints via configuration
2018-06-26 10:46:12,840 INFO [com.netflix.discovery.shared.resolver.aws.ConfigClusterResolver:43] Resolving eureka endpoints via configuration
2018-06-26 10:51:12,846 INFO [com.netflix.discovery.shared.resolver.aws.ConfigClusterResolver:43] Resolving eureka endpoints via configuration
2018-06-26 10:56:12,849 INFO [com.netflix.discovery.shared.resolver.aws.ConfigClusterResolver:43] Resolving eureka endpoints via configuration
