2018-06-27 11:16:36,337 INFO [org.springframework.boot.SpringApplication:593] No active profile set, falling back to default profiles: default
2018-06-27 11:16:36,364 INFO [org.springframework.context.support.AbstractApplicationContext:583] Refreshing org.springframework.boot.context.embedded.AnnotationConfigEmbeddedWebApplicationContext@62ea3440: startup date [Wed Jun 27 11:16:36 CST 2018]; parent: org.springframework.context.annotation.AnnotationConfigApplicationContext@1d9b7cce
2018-06-27 11:16:37,062 INFO [org.springframework.beans.factory.support.DefaultListableBeanFactory:828] Overriding bean definition for bean 'counterFactory' with a different definition: replacing [Root bean: class [null]; scope=; abstract=false; lazyInit=false; autowireMode=3; dependencyCheck=0; autowireCandidate=true; primary=false; factoryBeanName=org.springframework.cloud.netflix.zuul.ZuulServerAutoConfiguration$ZuulMetricsConfiguration; factoryMethodName=counterFactory; initMethodName=null; destroyMethodName=(inferred); defined in class path resource [org/springframework/cloud/netflix/zuul/ZuulServerAutoConfiguration$ZuulMetricsConfiguration.class]] with [Root bean: class [null]; scope=; abstract=false; lazyInit=false; autowireMode=3; dependencyCheck=0; autowireCandidate=true; primary=false; factoryBeanName=org.springframework.cloud.netflix.zuul.ZuulServerAutoConfiguration$ZuulCounterFactoryConfiguration; factoryMethodName=counterFactory; initMethodName=null; destroyMethodName=(inferred); defined in class path resource [org/springframework/cloud/netflix/zuul/ZuulServerAutoConfiguration$ZuulCounterFactoryConfiguration.class]]
2018-06-27 11:16:37,203 INFO [org.springframework.cloud.context.scope.GenericScope:263] BeanFactory id=f2a8d885-1634-3b55-8ccb-b689e02857dd
2018-06-27 11:16:37,217 INFO [org.springframework.beans.factory.annotation.AutowiredAnnotationBeanPostProcessor:155] JSR-330 'javax.inject.Inject' annotation found and supported for autowiring
2018-06-27 11:16:37,338 INFO [org.springframework.context.support.PostProcessorRegistrationDelegate$BeanPostProcessorChecker:325] Bean 'org.springframework.cloud.netflix.metrics.MetricsInterceptorConfiguration$MetricsRestTemplateConfiguration' of type [org.springframework.cloud.netflix.metrics.MetricsInterceptorConfiguration$MetricsRestTemplateConfiguration$$EnhancerBySpringCGLIB$$e11564ee] is not eligible for getting processed by all BeanPostProcessors (for example: not eligible for auto-proxying)
2018-06-27 11:16:37,442 INFO [org.springframework.context.support.PostProcessorRegistrationDelegate$BeanPostProcessorChecker:325] Bean 'org.springframework.cloud.autoconfigure.ConfigurationPropertiesRebinderAutoConfiguration' of type [org.springframework.cloud.autoconfigure.ConfigurationPropertiesRebinderAutoConfiguration$$EnhancerBySpringCGLIB$$cb02c1aa] is not eligible for getting processed by all BeanPostProcessors (for example: not eligible for auto-proxying)
2018-06-27 11:16:37,753 INFO [org.springframework.boot.context.embedded.tomcat.TomcatEmbeddedServletContainer:89] Tomcat initialized with port(s): 8002 (http)
2018-06-27 11:16:37,759 INFO [org.apache.juli.logging.DirectJDKLog:179] Starting service [Tomcat]
2018-06-27 11:16:37,760 INFO [org.apache.juli.logging.DirectJDKLog:179] Starting Servlet Engine: Apache Tomcat/8.5.20
2018-06-27 11:16:37,869 INFO [org.apache.juli.logging.DirectJDKLog:179] Initializing Spring embedded WebApplicationContext
2018-06-27 11:16:37,870 INFO [org.springframework.boot.context.embedded.EmbeddedWebApplicationContext:276] Root WebApplicationContext: initialization completed in 1506 ms
2018-06-27 11:16:38,631 INFO [org.springframework.boot.web.servlet.ServletRegistrationBean:190] Mapping servlet: 'dispatcherServlet' to [/]
2018-06-27 11:16:38,632 INFO [org.springframework.boot.web.servlet.ServletRegistrationBean:190] Mapping servlet: 'zuulServlet' to [/zuul/*]
2018-06-27 11:16:38,635 INFO [org.springframework.boot.web.servlet.AbstractFilterRegistrationBean:258] Mapping filter: 'metricsFilter' to: [/*]
2018-06-27 11:16:38,635 INFO [org.springframework.boot.web.servlet.AbstractFilterRegistrationBean:258] Mapping filter: 'characterEncodingFilter' to: [/*]
2018-06-27 11:16:38,635 INFO [org.springframework.boot.web.servlet.AbstractFilterRegistrationBean:258] Mapping filter: 'hiddenHttpMethodFilter' to: [/*]
2018-06-27 11:16:38,635 INFO [org.springframework.boot.web.servlet.AbstractFilterRegistrationBean:258] Mapping filter: 'httpPutFormContentFilter' to: [/*]
2018-06-27 11:16:38,635 INFO [org.springframework.boot.web.servlet.AbstractFilterRegistrationBean:258] Mapping filter: 'requestContextFilter' to: [/*]
2018-06-27 11:16:38,636 INFO [org.springframework.boot.web.servlet.AbstractFilterRegistrationBean:258] Mapping filter: 'webRequestLoggingFilter' to: [/*]
2018-06-27 11:16:38,636 INFO [org.springframework.boot.web.servlet.AbstractFilterRegistrationBean:258] Mapping filter: 'applicationContextIdFilter' to: [/*]
2018-06-27 11:16:38,672 WARN [com.netflix.config.sources.URLConfigurationSource:121] No URLs will be polled as dynamic configuration sources.
2018-06-27 11:16:38,673 INFO [com.netflix.config.sources.URLConfigurationSource:122] To enable URLs as dynamic configuration sources, define System property archaius.configurationSource.additionalUrls or make config.properties available on classpath.
2018-06-27 11:16:38,675 INFO [com.netflix.config.DynamicPropertyFactory:281] DynamicPropertyFactory is initialized with configuration sources: com.netflix.config.ConcurrentCompositeConfiguration@429f7919
2018-06-27 11:16:39,170 WARN [com.netflix.config.sources.URLConfigurationSource:121] No URLs will be polled as dynamic configuration sources.
2018-06-27 11:16:39,171 INFO [com.netflix.config.sources.URLConfigurationSource:122] To enable URLs as dynamic configuration sources, define System property archaius.configurationSource.additionalUrls or make config.properties available on classpath.
2018-06-27 11:16:39,445 INFO [org.apache.juli.logging.DirectJDKLog:179] jolokia: No access restrictor found, access to any MBean is allowed
2018-06-27 11:16:39,710 INFO [org.springframework.web.servlet.mvc.method.annotation.RequestMappingHandlerAdapter:534] Looking for @ControllerAdvice: org.springframework.boot.context.embedded.AnnotationConfigEmbeddedWebApplicationContext@62ea3440: startup date [Wed Jun 27 11:16:36 CST 2018]; parent: org.springframework.context.annotation.AnnotationConfigApplicationContext@1d9b7cce
2018-06-27 11:16:39,807 INFO [org.springframework.web.servlet.handler.AbstractHandlerMethodMapping$MappingRegistry:543] Mapped "{[/error]}" onto public org.springframework.http.ResponseEntity<java.util.Map<java.lang.String, java.lang.Object>> org.springframework.boot.autoconfigure.web.BasicErrorController.error(javax.servlet.http.HttpServletRequest)
2018-06-27 11:16:39,808 INFO [org.springframework.web.servlet.handler.AbstractHandlerMethodMapping$MappingRegistry:543] Mapped "{[/error],produces=[text/html]}" onto public org.springframework.web.servlet.ModelAndView org.springframework.boot.autoconfigure.web.BasicErrorController.errorHtml(javax.servlet.http.HttpServletRequest,javax.servlet.http.HttpServletResponse)
2018-06-27 11:16:39,873 INFO [org.springframework.web.servlet.handler.AbstractUrlHandlerMapping:362] Mapped URL path [/webjars/**] onto handler of type [class org.springframework.web.servlet.resource.ResourceHttpRequestHandler]
2018-06-27 11:16:39,873 INFO [org.springframework.web.servlet.handler.AbstractUrlHandlerMapping:362] Mapped URL path [/**] onto handler of type [class org.springframework.web.servlet.resource.ResourceHttpRequestHandler]
2018-06-27 11:16:39,918 INFO [org.springframework.web.servlet.handler.AbstractUrlHandlerMapping:362] Mapped URL path [/**/favicon.ico] onto handler of type [class org.springframework.web.servlet.resource.ResourceHttpRequestHandler]
2018-06-27 11:16:40,726 INFO [org.springframework.web.servlet.handler.AbstractHandlerMethodMapping$MappingRegistry:543] Mapped "{[/restart || /restart.json],methods=[POST]}" onto public java.lang.Object org.springframework.cloud.context.restart.RestartMvcEndpoint.invoke()
2018-06-27 11:16:40,727 INFO [org.springframework.web.servlet.handler.AbstractHandlerMethodMapping$MappingRegistry:543] Mapped "{[/resume || /resume.json],methods=[POST]}" onto public java.lang.Object org.springframework.cloud.endpoint.GenericPostableMvcEndpoint.invoke()
2018-06-27 11:16:40,727 INFO [org.springframework.web.servlet.handler.AbstractHandlerMethodMapping$MappingRegistry:543] Mapped "{[/mappings || /mappings.json],methods=[GET],produces=[application/vnd.spring-boot.actuator.v1+json || application/json]}" onto public java.lang.Object org.springframework.boot.actuate.endpoint.mvc.EndpointMvcAdapter.invoke()
2018-06-27 11:16:40,728 INFO [org.springframework.web.servlet.handler.AbstractHandlerMethodMapping$MappingRegistry:543] Mapped "{[/refresh || /refresh.json],methods=[POST]}" onto public java.lang.Object org.springframework.cloud.endpoint.GenericPostableMvcEndpoint.invoke()
2018-06-27 11:16:40,729 INFO [org.springframework.web.servlet.handler.AbstractHandlerMethodMapping$MappingRegistry:543] Mapped "{[/health || /health.json],methods=[GET],produces=[application/vnd.spring-boot.actuator.v1+json || application/json]}" onto public java.lang.Object org.springframework.boot.actuate.endpoint.mvc.HealthMvcEndpoint.invoke(javax.servlet.http.HttpServletRequest,java.security.Principal)
2018-06-27 11:16:40,729 INFO [org.springframework.web.servlet.handler.AbstractHandlerMethodMapping$MappingRegistry:543] Mapped "{[/archaius || /archaius.json],methods=[GET],produces=[application/vnd.spring-boot.actuator.v1+json || application/json]}" onto public java.lang.Object org.springframework.boot.actuate.endpoint.mvc.EndpointMvcAdapter.invoke()
2018-06-27 11:16:40,730 INFO [org.springframework.web.servlet.handler.AbstractHandlerMethodMapping$MappingRegistry:543] Mapped "{[/service-registry/instance-status],methods=[GET]}" onto public org.springframework.http.ResponseEntity org.springframework.cloud.client.serviceregistry.endpoint.ServiceRegistryEndpoint.getStatus()
2018-06-27 11:16:40,730 INFO [org.springframework.web.servlet.handler.AbstractHandlerMethodMapping$MappingRegistry:543] Mapped "{[/service-registry/instance-status],methods=[POST]}" onto public org.springframework.http.ResponseEntity<?> org.springframework.cloud.client.serviceregistry.endpoint.ServiceRegistryEndpoint.setStatus(java.lang.String)
2018-06-27 11:16:40,731 INFO [org.springframework.web.servlet.handler.AbstractHandlerMethodMapping$MappingRegistry:543] Mapped "{[/trace || /trace.json],methods=[GET],produces=[application/vnd.spring-boot.actuator.v1+json || application/json]}" onto public java.lang.Object org.springframework.boot.actuate.endpoint.mvc.EndpointMvcAdapter.invoke()
2018-06-27 11:16:40,732 INFO [org.springframework.web.servlet.handler.AbstractHandlerMethodMapping$MappingRegistry:543] Mapped "{[/pause || /pause.json],methods=[POST]}" onto public java.lang.Object org.springframework.cloud.endpoint.GenericPostableMvcEndpoint.invoke()
2018-06-27 11:16:40,733 INFO [org.springframework.web.servlet.handler.AbstractHandlerMethodMapping$MappingRegistry:543] Mapped "{[/beans || /beans.json],methods=[GET],produces=[application/vnd.spring-boot.actuator.v1+json || application/json]}" onto public java.lang.Object org.springframework.boot.actuate.endpoint.mvc.EndpointMvcAdapter.invoke()
2018-06-27 11:16:40,734 INFO [org.springframework.web.servlet.handler.AbstractHandlerMethodMapping$MappingRegistry:543] Mapped "{[/metrics/{name:.*}],methods=[GET],produces=[application/vnd.spring-boot.actuator.v1+json || application/json]}" onto public java.lang.Object org.springframework.boot.actuate.endpoint.mvc.MetricsMvcEndpoint.value(java.lang.String)
2018-06-27 11:16:40,734 INFO [org.springframework.web.servlet.handler.AbstractHandlerMethodMapping$MappingRegistry:543] Mapped "{[/metrics || /metrics.json],methods=[GET],produces=[application/vnd.spring-boot.actuator.v1+json || application/json]}" onto public java.lang.Object org.springframework.boot.actuate.endpoint.mvc.EndpointMvcAdapter.invoke()
2018-06-27 11:16:40,735 INFO [org.springframework.web.servlet.handler.AbstractHandlerMethodMapping$MappingRegistry:543] Mapped "{[/heapdump || /heapdump.json],methods=[GET],produces=[application/octet-stream]}" onto public void org.springframework.boot.actuate.endpoint.mvc.HeapdumpMvcEndpoint.invoke(boolean,javax.servlet.http.HttpServletRequest,javax.servlet.http.HttpServletResponse) throws java.io.IOException,javax.servlet.ServletException
2018-06-27 11:16:40,736 INFO [org.springframework.web.servlet.handler.AbstractHandlerMethodMapping$MappingRegistry:543] Mapped "{[/autoconfig || /autoconfig.json],methods=[GET],produces=[application/vnd.spring-boot.actuator.v1+json || application/json]}" onto public java.lang.Object org.springframework.boot.actuate.endpoint.mvc.EndpointMvcAdapter.invoke()
2018-06-27 11:16:40,737 INFO [org.springframework.web.servlet.handler.AbstractHandlerMethodMapping$MappingRegistry:543] Mapped "{[/logfile || /logfile.json],methods=[GET || HEAD]}" onto public void org.springframework.boot.actuate.endpoint.mvc.LogFileMvcEndpoint.invoke(javax.servlet.http.HttpServletRequest,javax.servlet.http.HttpServletResponse) throws javax.servlet.ServletException,java.io.IOException
2018-06-27 11:16:40,738 INFO [org.springframework.web.servlet.handler.AbstractHandlerMethodMapping$MappingRegistry:543] Mapped "{[/hystrix.stream/**]}" onto public org.springframework.web.servlet.ModelAndView org.springframework.cloud.netflix.endpoint.ServletWrappingEndpoint.handle(javax.servlet.http.HttpServletRequest,javax.servlet.http.HttpServletResponse) throws java.lang.Exception
2018-06-27 11:16:40,739 INFO [org.springframework.web.servlet.handler.AbstractHandlerMethodMapping$MappingRegistry:543] Mapped "{[/auditevents || /auditevents.json],methods=[GET],produces=[application/vnd.spring-boot.actuator.v1+json || application/json]}" onto public org.springframework.http.ResponseEntity<?> org.springframework.boot.actuate.endpoint.mvc.AuditEventsMvcEndpoint.findByPrincipalAndAfterAndType(java.lang.String,java.util.Date,java.lang.String)
2018-06-27 11:16:40,740 INFO [org.springframework.web.servlet.handler.AbstractHandlerMethodMapping$MappingRegistry:543] Mapped "{[/features || /features.json],methods=[GET],produces=[application/vnd.spring-boot.actuator.v1+json || application/json]}" onto public java.lang.Object org.springframework.boot.actuate.endpoint.mvc.EndpointMvcAdapter.invoke()
2018-06-27 11:16:40,741 INFO [org.springframework.web.servlet.handler.AbstractHandlerMethodMapping$MappingRegistry:543] Mapped "{[/routes || /routes.json],methods=[POST]}" onto public java.lang.Object org.springframework.cloud.netflix.zuul.RoutesMvcEndpoint.reset()
2018-06-27 11:16:40,741 INFO [org.springframework.web.servlet.handler.AbstractHandlerMethodMapping$MappingRegistry:543] Mapped "{[/routes || /routes.json],methods=[GET],produces=[application/vnd.spring-boot.actuator.v1+json || application/json]}" onto public java.lang.Object org.springframework.boot.actuate.endpoint.mvc.EndpointMvcAdapter.invoke()
2018-06-27 11:16:40,741 INFO [org.springframework.web.servlet.handler.AbstractHandlerMethodMapping$MappingRegistry:543] Mapped "{[/env],methods=[POST]}" onto public java.lang.Object org.springframework.cloud.context.environment.EnvironmentManagerMvcEndpoint.value(java.util.Map<java.lang.String, java.lang.String>)
2018-06-27 11:16:40,741 INFO [org.springframework.web.servlet.handler.AbstractHandlerMethodMapping$MappingRegistry:543] Mapped "{[/env/reset],methods=[POST]}" onto public java.util.Map<java.lang.String, java.lang.Object> org.springframework.cloud.context.environment.EnvironmentManagerMvcEndpoint.reset()
2018-06-27 11:16:40,742 INFO [org.springframework.web.servlet.handler.AbstractHandlerMethodMapping$MappingRegistry:543] Mapped "{[/info || /info.json],methods=[GET],produces=[application/vnd.spring-boot.actuator.v1+json || application/json]}" onto public java.lang.Object org.springframework.boot.actuate.endpoint.mvc.EndpointMvcAdapter.invoke()
2018-06-27 11:16:40,742 INFO [org.springframework.web.servlet.handler.AbstractHandlerMethodMapping$MappingRegistry:543] Mapped "{[/dump || /dump.json],methods=[GET],produces=[application/vnd.spring-boot.actuator.v1+json || application/json]}" onto public java.lang.Object org.springframework.boot.actuate.endpoint.mvc.EndpointMvcAdapter.invoke()
2018-06-27 11:16:40,743 INFO [org.springframework.web.servlet.handler.AbstractHandlerMethodMapping$MappingRegistry:543] Mapped "{[/env/{name:.*}],methods=[GET],produces=[application/vnd.spring-boot.actuator.v1+json || application/json]}" onto public java.lang.Object org.springframework.boot.actuate.endpoint.mvc.EnvironmentMvcEndpoint.value(java.lang.String)
2018-06-27 11:16:40,743 INFO [org.springframework.web.servlet.handler.AbstractHandlerMethodMapping$MappingRegistry:543] Mapped "{[/env || /env.json],methods=[GET],produces=[application/vnd.spring-boot.actuator.v1+json || application/json]}" onto public java.lang.Object org.springframework.boot.actuate.endpoint.mvc.EndpointMvcAdapter.invoke()
2018-06-27 11:16:40,744 INFO [org.springframework.web.servlet.handler.AbstractHandlerMethodMapping$MappingRegistry:543] Mapped "{[/loggers/{name:.*}],methods=[GET],produces=[application/vnd.spring-boot.actuator.v1+json || application/json]}" onto public java.lang.Object org.springframework.boot.actuate.endpoint.mvc.LoggersMvcEndpoint.get(java.lang.String)
2018-06-27 11:16:40,745 INFO [org.springframework.web.servlet.handler.AbstractHandlerMethodMapping$MappingRegistry:543] Mapped "{[/loggers/{name:.*}],methods=[POST],consumes=[application/vnd.spring-boot.actuator.v1+json || application/json],produces=[application/vnd.spring-boot.actuator.v1+json || application/json]}" onto public java.lang.Object org.springframework.boot.actuate.endpoint.mvc.LoggersMvcEndpoint.set(java.lang.String,java.util.Map<java.lang.String, java.lang.String>)
2018-06-27 11:16:40,745 INFO [org.springframework.web.servlet.handler.AbstractHandlerMethodMapping$MappingRegistry:543] Mapped "{[/loggers || /loggers.json],methods=[GET],produces=[application/vnd.spring-boot.actuator.v1+json || application/json]}" onto public java.lang.Object org.springframework.boot.actuate.endpoint.mvc.EndpointMvcAdapter.invoke()
2018-06-27 11:16:40,746 INFO [org.springframework.web.servlet.handler.AbstractHandlerMethodMapping$MappingRegistry:543] Mapped "{[/jolokia/**]}" onto public org.springframework.web.servlet.ModelAndView org.springframework.boot.actuate.endpoint.mvc.JolokiaMvcEndpoint.handle(javax.servlet.http.HttpServletRequest,javax.servlet.http.HttpServletResponse) throws java.lang.Exception
2018-06-27 11:16:40,747 INFO [org.springframework.web.servlet.handler.AbstractHandlerMethodMapping$MappingRegistry:543] Mapped "{[/configprops || /configprops.json],methods=[GET],produces=[application/vnd.spring-boot.actuator.v1+json || application/json]}" onto public java.lang.Object org.springframework.boot.actuate.endpoint.mvc.EndpointMvcAdapter.invoke()
2018-06-27 11:16:41,290 INFO [org.springframework.cloud.netflix.zuul.ZuulFilterInitializer:64] Starting filter initializer
2018-06-27 11:16:41,352 INFO [org.springframework.jmx.export.MBeanExporter:431] Registering beans for JMX exposure on startup
2018-06-27 11:16:41,358 INFO [org.springframework.jmx.export.MBeanExporter:916] Bean with name 'environmentManager' has been autodetected for JMX exposure
2018-06-27 11:16:41,360 INFO [org.springframework.jmx.export.MBeanExporter:916] Bean with name 'configurationPropertiesRebinder' has been autodetected for JMX exposure
2018-06-27 11:16:41,360 INFO [org.springframework.jmx.export.MBeanExporter:916] Bean with name 'refreshEndpoint' has been autodetected for JMX exposure
2018-06-27 11:16:41,361 INFO [org.springframework.jmx.export.MBeanExporter:916] Bean with name 'restartEndpoint' has been autodetected for JMX exposure
2018-06-27 11:16:41,362 INFO [org.springframework.jmx.export.MBeanExporter:916] Bean with name 'serviceRegistryEndpoint' has been autodetected for JMX exposure
2018-06-27 11:16:41,363 INFO [org.springframework.jmx.export.MBeanExporter:916] Bean with name 'zuulEndpoint' has been autodetected for JMX exposure
2018-06-27 11:16:41,363 INFO [org.springframework.jmx.export.MBeanExporter:916] Bean with name 'zuulMvcEndpoint' has been autodetected for JMX exposure
2018-06-27 11:16:41,363 INFO [org.springframework.jmx.export.MBeanExporter:916] Bean with name 'refreshScope' has been autodetected for JMX exposure
2018-06-27 11:16:41,365 INFO [org.springframework.jmx.export.MBeanExporter:678] Located managed bean 'environmentManager': registering with JMX server as MBean [org.springframework.cloud.context.environment:name=environmentManager,type=EnvironmentManager]
2018-06-27 11:16:41,375 INFO [org.springframework.jmx.export.MBeanExporter:678] Located managed bean 'zuulMvcEndpoint': registering with JMX server as MBean [org.springframework.cloud.netflix.zuul:name=zuulMvcEndpoint,type=RoutesMvcEndpoint]
2018-06-27 11:16:41,380 INFO [org.springframework.jmx.export.MBeanExporter:678] Located managed bean 'restartEndpoint': registering with JMX server as MBean [org.springframework.cloud.context.restart:name=restartEndpoint,type=RestartEndpoint]
2018-06-27 11:16:41,388 INFO [org.springframework.jmx.export.MBeanExporter:678] Located managed bean 'serviceRegistryEndpoint': registering with JMX server as MBean [org.springframework.cloud.client.serviceregistry.endpoint:name=serviceRegistryEndpoint,type=ServiceRegistryEndpoint]
2018-06-27 11:16:41,391 INFO [org.springframework.jmx.export.MBeanExporter:678] Located managed bean 'refreshScope': registering with JMX server as MBean [org.springframework.cloud.context.scope.refresh:name=refreshScope,type=RefreshScope]
2018-06-27 11:16:41,397 INFO [org.springframework.jmx.export.MBeanExporter:678] Located managed bean 'zuulEndpoint': registering with JMX server as MBean [org.springframework.cloud.netflix.zuul:name=zuulEndpoint,type=RoutesEndpoint]
2018-06-27 11:16:41,397 WARN [org.springframework.jmx.export.MBeanExporter:849] Bean with key 'zuulEndpoint' has been registered as an MBean but has no exposed attributes or operations
2018-06-27 11:16:41,398 INFO [org.springframework.jmx.export.MBeanExporter:678] Located managed bean 'configurationPropertiesRebinder': registering with JMX server as MBean [org.springframework.cloud.context.properties:name=configurationPropertiesRebinder,context=62ea3440,type=ConfigurationPropertiesRebinder]
2018-06-27 11:16:41,401 INFO [org.springframework.jmx.export.MBeanExporter:678] Located managed bean 'refreshEndpoint': registering with JMX server as MBean [org.springframework.cloud.endpoint:name=refreshEndpoint,type=RefreshEndpoint]
2018-06-27 11:16:41,700 INFO [org.apache.juli.logging.DirectJDKLog:179] jolokia: No access restrictor found, access to any MBean is allowed
2018-06-27 11:16:41,705 INFO [org.apache.juli.logging.DirectJDKLog:179] jolokia: jolokia:type=Config is already registered. Adding it with jolokia:type=Config,uuid=aa1e1e67-0b6b-4656-b978-ce548a95f3a7, but you should revise your setup in order to either use a qualifier or ensure, that only a single agent gets registered (otherwise history functionality might not work)
2018-06-27 11:16:41,705 INFO [org.apache.juli.logging.DirectJDKLog:179] jolokia: Cannot register (legacy) MBean handler for config store with name jmx4perl:type=Config since it already exists. This is the case if another agent has been already started within the same JVM. The registration is skipped.
2018-06-27 11:16:41,705 INFO [org.apache.juli.logging.DirectJDKLog:179] jolokia: Jolokia Discovery MBean registration is skipped because there is already one registered.
2018-06-27 11:16:41,781 INFO [org.springframework.context.support.DefaultLifecycleProcessor$LifecycleGroup:343] Starting beans in phase 0
2018-06-27 11:16:41,787 INFO [org.springframework.cloud.netflix.eureka.InstanceInfoFactory:70] Setting initial instance status as: STARTING
2018-06-27 11:16:41,815 INFO [com.netflix.discovery.DiscoveryClient:344] Initializing Eureka in region us-east-1
2018-06-27 11:16:41,868 INFO [com.netflix.discovery.provider.DiscoveryJerseyProvider:70] Using JSON encoding codec LegacyJacksonJson
2018-06-27 11:16:41,869 INFO [com.netflix.discovery.provider.DiscoveryJerseyProvider:71] Using JSON decoding codec LegacyJacksonJson
2018-06-27 11:16:41,941 INFO [com.netflix.discovery.provider.DiscoveryJerseyProvider:80] Using XML encoding codec XStreamXml
2018-06-27 11:16:41,942 INFO [com.netflix.discovery.provider.DiscoveryJerseyProvider:81] Using XML decoding codec XStreamXml
2018-06-27 11:16:42,112 INFO [com.netflix.discovery.shared.resolver.aws.ConfigClusterResolver:43] Resolving eureka endpoints via configuration
2018-06-27 11:16:42,226 INFO [com.netflix.discovery.DiscoveryClient:920] Disable delta property : false
2018-06-27 11:16:42,227 INFO [com.netflix.discovery.DiscoveryClient:921] Single vip registry refresh property : null
2018-06-27 11:16:42,227 INFO [com.netflix.discovery.DiscoveryClient:922] Force full registry fetch : false
2018-06-27 11:16:42,227 INFO [com.netflix.discovery.DiscoveryClient:923] Application is null : false
2018-06-27 11:16:42,227 INFO [com.netflix.discovery.DiscoveryClient:924] Registered Applications size is zero : true
2018-06-27 11:16:42,227 INFO [com.netflix.discovery.DiscoveryClient:926] Application version is -1: true
2018-06-27 11:16:42,227 INFO [com.netflix.discovery.DiscoveryClient:1009] Getting all instance registry info from the eureka server
2018-06-27 11:16:42,538 INFO [com.netflix.discovery.DiscoveryClient:1018] The response status is 200
2018-06-27 11:16:42,539 INFO [com.netflix.discovery.DiscoveryClient:1244] Starting heartbeat executor: renew interval is: 5
2018-06-27 11:16:42,541 INFO [com.netflix.discovery.InstanceInfoReplicator:59] InstanceInfoReplicator onDemand update allowed rate per min is 4
2018-06-27 11:16:42,543 INFO [com.netflix.discovery.DiscoveryClient:425] Discovery Client initialized at timestamp 1530069402543 with initial instances count: 0
2018-06-27 11:16:42,607 INFO [org.springframework.cloud.netflix.eureka.serviceregistry.EurekaServiceRegistry:40] Registering application xunyu-zuul with eureka with status UP
2018-06-27 11:16:42,608 INFO [com.netflix.discovery.DiscoveryClient$3:1279] Saw local status change event StatusChangeEvent [timestamp=1530069402608, current=UP, previous=STARTING]
2018-06-27 11:16:42,610 INFO [com.netflix.discovery.DiscoveryClient:795] DiscoveryClient_XUNYU-ZUUL/192.168.3.10:8002: registering service...
2018-06-27 11:16:42,653 INFO [org.springframework.context.support.DefaultLifecycleProcessor$LifecycleGroup:343] Starting beans in phase 2147483647
2018-06-27 11:16:42,663 INFO [org.springframework.cloud.netflix.hystrix.HystrixCircuitBreakerConfiguration$HystrixMetricsPollerConfiguration:138] Starting poller
2018-06-27 11:16:42,705 INFO [com.netflix.discovery.DiscoveryClient:804] DiscoveryClient_XUNYU-ZUUL/192.168.3.10:8002 - registration status: 204
2018-06-27 11:16:42,711 INFO [org.springframework.boot.context.embedded.tomcat.TomcatEmbeddedServletContainer:201] Tomcat started on port(s): 8002 (http)
2018-06-27 11:16:42,711 INFO [org.springframework.cloud.netflix.eureka.serviceregistry.EurekaAutoServiceRegistration:117] Updating port to 8002
2018-06-27 11:16:42,715 INFO [org.springframework.boot.StartupInfoLogger:57] Started ZuulApiGatewayStarter in 7.916 seconds (JVM running for 8.873)
2018-06-27 11:17:12,540 INFO [com.netflix.discovery.DiscoveryClient:920] Disable delta property : false
2018-06-27 11:17:12,540 INFO [com.netflix.discovery.DiscoveryClient:921] Single vip registry refresh property : null
2018-06-27 11:17:12,540 INFO [com.netflix.discovery.DiscoveryClient:922] Force full registry fetch : false
2018-06-27 11:17:12,540 INFO [com.netflix.discovery.DiscoveryClient:923] Application is null : false
2018-06-27 11:17:12,541 INFO [com.netflix.discovery.DiscoveryClient:924] Registered Applications size is zero : true
2018-06-27 11:17:12,541 INFO [com.netflix.discovery.DiscoveryClient:926] Application version is -1: false
2018-06-27 11:17:12,541 INFO [com.netflix.discovery.DiscoveryClient:1009] Getting all instance registry info from the eureka server
2018-06-27 11:17:12,561 INFO [com.netflix.discovery.DiscoveryClient:1018] The response status is 200
2018-06-27 11:21:42,231 INFO [com.netflix.discovery.shared.resolver.aws.ConfigClusterResolver:43] Resolving eureka endpoints via configuration
2018-06-27 11:26:42,235 INFO [com.netflix.discovery.shared.resolver.aws.ConfigClusterResolver:43] Resolving eureka endpoints via configuration
2018-06-27 11:27:58,307 INFO [org.apache.juli.logging.DirectJDKLog:179] Initializing Spring FrameworkServlet 'dispatcherServlet'
2018-06-27 11:27:58,308 INFO [org.springframework.web.servlet.FrameworkServlet:489] FrameworkServlet 'dispatcherServlet': initialization started
2018-06-27 11:27:58,351 INFO [org.springframework.web.servlet.FrameworkServlet:508] FrameworkServlet 'dispatcherServlet': initialization completed in 42 ms
2018-06-27 11:27:58,377 INFO [org.springframework.web.servlet.handler.AbstractUrlHandlerMapping:362] Mapped URL path [/shiro/**] onto handler of type [class org.springframework.cloud.netflix.zuul.web.ZuulController]
2018-06-27 11:27:58,379 INFO [org.springframework.web.servlet.handler.AbstractUrlHandlerMapping:362] Mapped URL path [/crm/**] onto handler of type [class org.springframework.cloud.netflix.zuul.web.ZuulController]
2018-06-27 11:27:58,380 INFO [org.springframework.web.servlet.handler.AbstractUrlHandlerMapping:362] Mapped URL path [/sys/**] onto handler of type [class org.springframework.cloud.netflix.zuul.web.ZuulController]
2018-06-27 11:27:58,381 INFO [org.springframework.web.servlet.handler.AbstractUrlHandlerMapping:362] Mapped URL path [/zipkin/**] onto handler of type [class org.springframework.cloud.netflix.zuul.web.ZuulController]
2018-06-27 11:27:58,381 INFO [org.springframework.web.servlet.handler.AbstractUrlHandlerMapping:362] Mapped URL path [/tactics/**] onto handler of type [class org.springframework.cloud.netflix.zuul.web.ZuulController]
2018-06-27 11:27:58,382 INFO [org.springframework.web.servlet.handler.AbstractUrlHandlerMapping:362] Mapped URL path [/log/**] onto handler of type [class org.springframework.cloud.netflix.zuul.web.ZuulController]
2018-06-27 11:27:58,384 INFO [org.springframework.web.servlet.handler.AbstractUrlHandlerMapping:362] Mapped URL path [/oper/**] onto handler of type [class org.springframework.cloud.netflix.zuul.web.ZuulController]
2018-06-27 11:27:58,385 INFO [org.springframework.web.servlet.handler.AbstractUrlHandlerMapping:362] Mapped URL path [/xunyu-tactics/**] onto handler of type [class org.springframework.cloud.netflix.zuul.web.ZuulController]
2018-06-27 11:27:58,449 INFO [org.springframework.context.support.AbstractApplicationContext:583] Refreshing org.springframework.context.annotation.AnnotationConfigApplicationContext@54821b5b: startup date [Wed Jun 27 11:27:58 CST 2018]; parent: org.springframework.boot.context.embedded.AnnotationConfigEmbeddedWebApplicationContext@62ea3440
2018-06-27 11:27:58,548 INFO [org.springframework.beans.factory.annotation.AutowiredAnnotationBeanPostProcessor:155] JSR-330 'javax.inject.Inject' annotation found and supported for autowiring
2018-06-27 11:27:58,758 INFO [com.netflix.config.ChainedDynamicProperty$ChainLink:115] Flipping property: xunyu-tactics.ribbon.ActiveConnectionsLimit to use NEXT property: niws.loadbalancer.availabilityFilteringRule.activeConnectionsLimit = 2147483647
2018-06-27 11:27:58,776 INFO [com.netflix.util.concurrent.ShutdownEnabledTimer:58] Shutdown hook installed for: NFLoadBalancer-PingTimer-xunyu-tactics
2018-06-27 11:27:58,837 INFO [com.netflix.loadbalancer.BaseLoadBalancer:192] Client: xunyu-tactics instantiated a LoadBalancer: DynamicServerListLoadBalancer:{NFLoadBalancer:name=xunyu-tactics,current list of Servers=[],Load balancer stats=Zone stats: {},Server stats: []}ServerList:null
2018-06-27 11:27:58,846 INFO [com.netflix.loadbalancer.DynamicServerListLoadBalancer:214] Using serverListUpdater PollingServerListUpdater
2018-06-27 11:27:58,871 INFO [com.netflix.config.ChainedDynamicProperty$ChainLink:115] Flipping property: xunyu-tactics.ribbon.ActiveConnectionsLimit to use NEXT property: niws.loadbalancer.availabilityFilteringRule.activeConnectionsLimit = 2147483647
2018-06-27 11:27:58,873 INFO [com.netflix.loadbalancer.DynamicServerListLoadBalancer:150] DynamicServerListLoadBalancer for client xunyu-tactics initialized: DynamicServerListLoadBalancer:{NFLoadBalancer:name=xunyu-tactics,current list of Servers=[192.168.3.10:8009],Load balancer stats=Zone stats: {defaultzone=[Zone:defaultzone;	Instance count:1;	Active connections count: 0;	Circuit breaker tripped count: 0;	Active connections per server: 0.0;]
},Server stats: [[Server:192.168.3.10:8009;	Zone:defaultZone;	Total Requests:0;	Successive connection failure:0;	Total blackout seconds:0;	Last connection made:Thu Jan 01 08:00:00 CST 1970;	First connection made: Thu Jan 01 08:00:00 CST 1970;	Active Connections:0;	total failure count in last (1000) msecs:0;	average resp time:0.0;	90 percentile resp time:0.0;	95 percentile resp time:0.0;	min resp time:0.0;	max resp time:0.0;	stddev resp time:0.0]
]}ServerList:org.springframework.cloud.netflix.ribbon.eureka.DomainExtractingServerList@5e6ea249
2018-06-27 11:27:59,848 INFO [com.netflix.config.ChainedDynamicProperty$ChainLink:115] Flipping property: xunyu-tactics.ribbon.ActiveConnectionsLimit to use NEXT property: niws.loadbalancer.availabilityFilteringRule.activeConnectionsLimit = 2147483647
2018-06-27 11:31:42,236 INFO [com.netflix.discovery.shared.resolver.aws.ConfigClusterResolver:43] Resolving eureka endpoints via configuration
2018-06-27 11:36:42,237 INFO [com.netflix.discovery.shared.resolver.aws.ConfigClusterResolver:43] Resolving eureka endpoints via configuration
2018-06-27 11:41:42,239 INFO [com.netflix.discovery.shared.resolver.aws.ConfigClusterResolver:43] Resolving eureka endpoints via configuration
2018-06-27 11:46:42,240 INFO [com.netflix.discovery.shared.resolver.aws.ConfigClusterResolver:43] Resolving eureka endpoints via configuration
2018-06-27 11:51:42,241 INFO [com.netflix.discovery.shared.resolver.aws.ConfigClusterResolver:43] Resolving eureka endpoints via configuration
2018-06-27 11:56:42,243 INFO [com.netflix.discovery.shared.resolver.aws.ConfigClusterResolver:43] Resolving eureka endpoints via configuration
